<?xml version='1.0' encoding='utf-8'?>
<?xml-stylesheet href="https://www.blogger.com/styles/atom.css" type="text/css"?>
<feed xmlns:openSearch='http://a9.com/-/spec/opensearchrss/1.0/' xmlns:gd='http://schemas.google.com/g/2005' xmlns:thr='http://purl.org/syndication/thread/1.0'
xmlns:georss='http://www.georss.org/georss'>
  <id>tag:blogger.com,1999:blog-2993010.archive</id>
  <updated>2023-02-12T17:33:58.555+01:00</updated>
  <title type='text'>supertitle:books</title>
  <link rel='http://schemas.google.com/g/2005#feed' type='application/atom+xml'
    href='https://www.blogger.com/feeds/2993010/archive' />
  <link rel='self' type='application/atom+xml' href='https://www.blogger.com/feeds/2993010/archive' />
  <link rel='http://schemas.google.com/g/2005#post' type='application/atom+xml'
    href='https://www.blogger.com/feeds/2993010/archive' />
  <link rel='alternate' type='text/html' href='http://www.supertitle.org/' />
  <author>
    <name>martin</name>
    <uri>https://www.blogger.com/profile/09053983859177005529</uri>
    <email>noreply@blogger.com</email>
    <gd:image rel='http://schemas.google.com/g/2005#thumbnail' width='35' height='35'
      src='//www.blogger.com/img/blogger_logo_round_35.png' />
  </author>
  <generator version='7.00' uri='https://www.blogger.com'>Blogger</generator>
  <entry>
    <id>uuid</id>
    <published>YYYY-MM-DDThh:mm:ss.mmm+01:00</published>
    <updated>YYYY-MM-DDThh:mm:ss.mmm+01:00</updated>
    <category scheme='http://schemas.google.com/g/2005#kind'
      term='http://schemas.google.com/blogger/2008/kind#post' />
    <title type='text'>xxxxxxxxxxxxxxxxxxxxxxxxxxxxxxxxxxxxxxxxxxxxxxxxxxxxxxxxxxxxxxxx</title>
    <content type='html'>
      <div dir="ltr" style="text-align: left;" trbidi="on">
        <img class="bookCover" border="0"
          src="https://aaaaaaaaaaaaaaaaaaaaaaaaaaaaaaaaaaaaaaaaaaaaaaaaaaaaaaaaaaaaaaaa"></img>
        <p>xxxxxxxxxxxxxxxxxxxxxxxxxxxxxxxxxxxxxxxxxxxxxxxxxxxxxxxxxxxxxxxx,
          bbbbbbbbbbbbbbbbbbbbbbbbbbbbbbbbbbbbbbbbbbbbbbbbbbbbbbbbbbbbbbbb</p>
        <p>cccccccccccccccccccccccccccccccccccccccccccccccccccccccccccccccc</p>
      </div>
    </content>
    <author>
      <name>martin</name>
    </author>
  </entry>
  <entry>
    <id>49D6199C-F330-45FC-B754-6E37B3123B20</id>
    <published>2024-10-31T20:30:14.024+01:00</published>
    <updated>2024-10-31T20:30:14.024+01:00</updated>
    <category scheme='http://schemas.google.com/g/2005#kind'
      term='http://schemas.google.com/blogger/2008/kind#post' />
    <title type='text'>The Bells of Old Tokyo</title>
    <content type='html'>
      <div dir="ltr" style="text-align: left;" trbidi="on">
        <img class="bookCover" border="0"
          src="https://images-na.ssl-images-amazon.com/images/S/compressed.photo.goodreads.com/books/1545943228i/41711305.jpg"></img>
        <p>The Bells of Old Tokyo, Anna Sherman</p>
        <p>Good wander through Tokyo, with peeks at its hard history.</p>
      </div>
    </content>
    <author>
      <name>martin</name>
    </author>
  </entry>
  <entry>
    <id>09FF7517-F291-4494-833A-BBD0A7A2340F</id>
    <published>2024-09-30T12:01:01.001+02:00</published>
    <updated>2024-09-30T12:01:01.001+02:00</updated>
    <category scheme='http://schemas.google.com/g/2005#kind'
      term='http://schemas.google.com/blogger/2008/kind#post' />
    <title type='text'>The Heart of Tantric Sex</title>
    <content type='html'>
      <div dir="ltr" style="text-align: left;" trbidi="on">
        <img class="bookCover" border="0"
          src="https://images-na.ssl-images-amazon.com/images/S/compressed.photo.goodreads.com/books/1394261408i/11779519.jpg"></img>
        <p>The Heart of Tantric Sex: A Unique Guide to Love and Sexual Fulfillment, Diana Richardson</p>
        <p>Unusual for me to get into non-fictive, and besides that I get the feeling that the author is completely making up everything she says with very effort to connect it to real science, other than interviews with (hopefully) many couples.</p>
        <p>Nevertheless, there is some really useful stuff to try here! (Yeah, yeah, tantra so it's obviously new sex positions, right? No, it's not about positions, more about how to slow sex down and take the pressure off. Really nice.)</p>
      </div>
    </content>
    <author>
      <name>martin</name>
    </author>
  </entry>
  <entry>
    <id>FB24C388-74DD-4155-9DDB-5BF2FF551C3B</id>
    <published>2024-05-15T14:20:59.302+02:00</published>
    <updated>2024-05-15T14:20:59.302+02:00</updated>
    <category scheme='http://schemas.google.com/g/2005#kind'
      term='http://schemas.google.com/blogger/2008/kind#post' />
    <title type='text'>The Final Curtain</title>
    <content type='html'>
      <div dir="ltr" style="text-align: left;" trbidi="on">
        <img class="bookCover" border="0"
          src="https://images-na.ssl-images-amazon.com/images/S/compressed.photo.goodreads.com/books/1700645890i/65213104.jpg"></img>
        <p>The Final Curtain, Keigo Higashino tr. Giles Murray</p>
        <p>An even more contoured narrative landscape, with a backstory that is getting richer... but apparently will now stop here. That said, something is missing for me in the "frontstory."</p>
      </div>
    </content>
    <author>
      <name>martin</name>
    </author>
  </entry>
  <entry>
    <id>tag:blogger.com,1999:blog-8002380.post-7396617310225078932</id>
    <published>2023-02-12T11:05:00.000+01:00</published>
    <updated>2023-02-12T11:05:27.156+01:00</updated>
    <category scheme='http://schemas.google.com/g/2005#kind'
      term='http://schemas.google.com/blogger/2008/kind#post' />
    <title type='text'>Harrow the Ninth</title>
    <content type='html'>
      <div dir="ltr" style="text-align: left;" trbidi="on">
        <img class="bookCover" border="0"
          src="https://upload.wikimedia.org/wikipedia/en/0/02/Harrow_the_Ninth.jpg"></img>
        <br />
        <p>Harrow the Ninth, Tamsyn Muir (x2)</p>
        <p>
          <link targetId="tag:blogger.com,1999:blog-8002380.post-917344853958217730">second time</link>
        </p>
        <p>As I was saying, reading this once does not constitute having read it.</p>
        <p>It was different the second time. When I say "different things happened," what I mean is
          that the things that happened in the second book got confused in my mind with the things
          that happened in the first book. When I re-read the first book for the second time, I was
          waiting for things that had only happened in the second book, and I was confused as to how
          I could have been remembering things that hadn't happened.</p>
        <p>It turns out that's all intentional, because it mirrors the memory of the second book's
          hero, that memory being fucked.</p>
        <p>And there's a lot more that's intentional - the voice in which the story is retold, the
          waiting, the reader's unacknowledged pain of loss - the READER's pain, yes. It is
          stunningly, throat-slittingly intentional.</p>
        <p>You need to be able to flip back to previous pages, even the previous book, often. It's
          books that rove and re-rove over the same sequence while unrolling the new one. And I
          fully expect that when I read the third book, I will have to probably lol go back and read
          the first one over again. It's just so weirdly and geniously wrapped and re-warped into
          this warped, wrapped spiral trap.</p>
      </div>
    </content>
    <link rel='edit' type='application/atom+xml'
      href='https://www.blogger.com/feeds/8002380/posts/default/7396617310225078932' />
    <link rel='self' type='application/atom+xml'
      href='https://www.blogger.com/feeds/8002380/posts/default/7396617310225078932' />
    <link rel='alternate' type='text/html'
      href='https://books.supertitle.org/2023/02/harrow-ninth.html' title='Harrow the Ninth' />
    <author>
      <name>martin</name>
      <uri>https://www.blogger.com/profile/09053983859177005529</uri>
      <email>noreply@blogger.com</email>
      <gd:image rel='http://schemas.google.com/g/2005#thumbnail' width='35' height='35'
        src='//www.blogger.com/img/blogger_logo_round_35.png' />
    </author>
  </entry>
  <entry>
    <id>tag:blogger.com,1999:blog-8002380.post-917344853958217730</id>
    <published>2021-12-27T13:29:00.006+01:00</published>
    <updated>2021-12-27T13:29:48.184+01:00</updated>
    <category scheme='http://schemas.google.com/g/2005#kind'
      term='http://schemas.google.com/blogger/2008/kind#post' />
    <title type='text'>Harrow the Ninth</title>
    <content type='html'>
      <div dir="ltr" style="text-align: left;" trbidi="on">
        <img class="bookCover" border="0"
          src="https://upload.wikimedia.org/wikipedia/en/0/02/Harrow_the_Ninth.jpg"></img>
        <br />
        <p>Harrow the Ninth, Tamsyn Muir</p>
        <p>I am coming to the realization that reading once through this series sequentially does
          not constitute having "read" it.</p>
        <p>It's like. Each word is vast. It is meticulous although it is channelling some gigantic
          superhuman force that clearly thwarts meticulosity. And its narrative is clearly pushing
          towards some monumental revelation.</p>
        <p>But it resists being read cover-to-cover; I believe it must be un-covered. Ie., there is
          too much to remember to understand what has happened by the time it's over. I read it on
          Kindle, but I am mulling paper copies so I can navigate quicker.</p>
        <p>In short, I'm very glad to have found these books, but having finished I'm not sure if I
          have actually read them.</p>
      </div>
    </content>
    <link rel='edit' type='application/atom+xml'
      href='https://www.blogger.com/feeds/8002380/posts/default/917344853958217730' />
    <link rel='self' type='application/atom+xml'
      href='https://www.blogger.com/feeds/8002380/posts/default/917344853958217730' />
    <link rel='alternate' type='text/html'
      href='https://books.supertitle.org/2021/12/harrow-ninth.html' title='Harrow the Ninth' />
    <author>
      <name>martin</name>
      <uri>https://www.blogger.com/profile/09053983859177005529</uri>
      <email>noreply@blogger.com</email>
      <gd:image rel='http://schemas.google.com/g/2005#thumbnail' width='35' height='35'
        src='//www.blogger.com/img/blogger_logo_round_35.png' />
    </author>
  </entry>
  <entry>
    <id>tag:blogger.com,1999:blog-8002380.post-1994010147825666646</id>
    <published>2004-03-08T00:00:00.000+01:00</published>
    <updated>2016-11-28T10:46:58.126+01:00</updated>
    <category scheme='http://schemas.google.com/g/2005#kind'
      term='http://schemas.google.com/blogger/2008/kind#post' />
    <title type='text'>The Curse of the Blue Figurine</title>
    <content type='html'>
      <div dir="ltr" style="text-align: left;" trbidi="on">
        <img class="bookCover" border="0"
          src="http://t3.gstatic.com/images?q=tbn:ANd9GcRCwOgTtN7Ku39Gqg62G3_dwvltRdFBTc1XiGn6uYbeVPZTXYZD"></img>
        <br />
        <p>The Curse of the Blue Figurine, John Bellairs</p>
        <p>Johnny Dixon series</p>
      </div>
    </content>
    <link rel='edit' type='application/atom+xml'
      href='https://www.blogger.com/feeds/8002380/posts/default/1994010147825666646' />
    <link rel='self' type='application/atom+xml'
      href='https://www.blogger.com/feeds/8002380/posts/default/1994010147825666646' />
    <link rel='alternate' type='text/html'
      href='https://books.supertitle.org/2004/03/the-curse-of-blue-figurine.html'
      title='The Curse of the Blue Figurine' />
    <author>
      <name>martin</name>
      <uri>https://www.blogger.com/profile/09053983859177005529</uri>
      <email>noreply@blogger.com</email>
      <gd:image rel='http://schemas.google.com/g/2005#thumbnail' width='35' height='35'
        src='//www.blogger.com/img/blogger_logo_round_35.png' />
    </author>
  </entry>
  <entry>
    <id>tag:blogger.com,1999:blog-8002380.post-113665929215370316</id>
    <published>2004-01-01T19:40:00.000+01:00</published>
    <updated>2006-01-07T19:41:32.153+01:00</updated>
    <category scheme='http://schemas.google.com/g/2005#kind'
      term='http://schemas.google.com/blogger/2008/kind#post' />
    <title type='text'>Winnie the Pooh</title>
    <content type='html'>
      <p>Winnie the Pooh, A. A. Milne</p>
      <p>Who doesn't love this?</p>
    </content>
    <link rel='edit' type='application/atom+xml'
      href='https://www.blogger.com/feeds/8002380/posts/default/113665929215370316' />
    <link rel='self' type='application/atom+xml'
      href='https://www.blogger.com/feeds/8002380/posts/default/113665929215370316' />
    <link rel='alternate' type='text/html'
      href='https://books.supertitle.org/2004/01/winnie-pooh.html' title='Winnie the Pooh' />
    <author>
      <name>martin</name>
      <uri>https://www.blogger.com/profile/09053983859177005529</uri>
      <email>noreply@blogger.com</email>
      <gd:image rel='http://schemas.google.com/g/2005#thumbnail' width='35' height='35'
        src='//www.blogger.com/img/blogger_logo_round_35.png' />
    </author>
  </entry>
  <entry>
    <id>tag:blogger.com,1999:blog-8002380.post-1532961423189294339</id>
    <published>2020-09-28T11:36:53.544+02:00</published>
    <updated>2020-09-28T11:36:53.544+02:00</updated>
    <category scheme='http://schemas.google.com/g/2005#kind'
      term='http://schemas.google.com/blogger/2008/kind#comment' />
    <title type='text'>Hi there to everyone, the contents present at this...</title>
    <content type='html'>Hi there to everyone, the contents present at this web page are actually
      amazing for people knowledge, well, you can also visit <a
        href="https://www.veteraninvestigation.com/private-detective-agency-delhi/" rel="nofollow">
        <b>Detective Agency In Delhi</b>
      </a> for more Veteran Investigation Services (VIS)
      related information and knowledge. Keep up the good work.<br /></content>
    <link rel='edit' type='application/atom+xml'
      href='https://www.blogger.com/feeds/8002380/114675475177858249/comments/default/1532961423189294339' />
    <link rel='self' type='application/atom+xml'
      href='https://www.blogger.com/feeds/8002380/114675475177858249/comments/default/1532961423189294339' />
    <link rel='alternate' type='text/html'
      href='http://books.supertitle.org/2004/06/dirk-gentlys-holistic-detective-agency.html?showComment=1601285813544#c1532961423189294339'
      title='' />
    <author>
      <name>Detective Services In Mumbai</name>
      <uri>https://www.blogger.com/profile/01905818357528169491</uri>
      <email>noreply@blogger.com</email>
      <gd:image rel='http://schemas.google.com/g/2005#thumbnail' width='35' height='35'
        src='//www.blogger.com/img/blogger_logo_round_35.png' />
    </author>
    <thr:in-reply-to
      href='https://books.supertitle.org/2004/06/dirk-gentlys-holistic-detective-agency.html'
      ref='tag:blogger.com,1999:blog-8002380.post-114675475177858249'
      source='https://www.blogger.com/feeds/8002380/posts/default/114675475177858249'
      type='text/html' />
    <gd:extendedProperty name='blogger.itemClass' value='pid-540042595' />
    <gd:extendedProperty name='blogger.displayTime' value='11:36 am' />
  </entry>
  <entry>
    <id>tag:blogger.com,1999:blog-8002380.post-954274387145553192</id>
    <published>2021-11-06T19:44:01.580+01:00</published>
    <updated>2021-11-06T19:44:01.580+01:00</updated>
    <category scheme='http://schemas.google.com/g/2005#kind'
      term='http://schemas.google.com/blogger/2008/kind#comment' />
    <title type='text'>🎃🎃</title>
    <content type='html'>🎃🎃</content>
    <link rel='edit' type='application/atom+xml'
      href='https://www.blogger.com/feeds/8002380/7485299117705672745/comments/default/954274387145553192' />
    <link rel='self' type='application/atom+xml'
      href='https://www.blogger.com/feeds/8002380/7485299117705672745/comments/default/954274387145553192' />
    <link rel='alternate' type='text/html'
      href='http://books.supertitle.org/2018/04/the-terror.html?showComment=1636224241580#c954274387145553192'
      title='' />
    <author>
      <name>Broonage</name>
      <uri>https://www.blogger.com/profile/07333609043519736819</uri>
      <email>noreply@blogger.com</email>
      <gd:image rel='http://schemas.google.com/g/2005#thumbnail' width='35' height='35'
        src='//www.blogger.com/img/blogger_logo_round_35.png' />
    </author>
    <thr:in-reply-to href='https://books.supertitle.org/2018/04/the-terror.html'
      ref='tag:blogger.com,1999:blog-8002380.post-7485299117705672745'
      source='https://www.blogger.com/feeds/8002380/posts/default/7485299117705672745'
      type='text/html' />
    <gd:extendedProperty name='blogger.itemClass' value='pid-328137028' />
    <gd:extendedProperty name='blogger.displayTime' value='7:44 pm' />
  </entry>
</feed>