<?xml version='1.0' encoding='utf-8'?>
<?xml-stylesheet href="https://www.blogger.com/styles/atom.css" type="text/css"?>
<feed xmlns:gd='http://schemas.google.com/g/2005' xmlns:thr='http://purl.org/syndication/thread/1.0'
xmlns:georss='http://www.georss.org/georss'>
  <id>tag:blogger.com,1999:blog-2993010.archive</id>
  <updated>2023-02-12T17:33:58.555+01:00</updated>
  <title type='text'>supertitle</title>
  <entry>
    <id>tag:blogger.com,1999:blog-2993010.post-5908233977801586034</id>
    <published>2018-05-20T22:41:00.000+02:00</published>
    <updated>2018-05-22T07:50:38.777+02:00</updated>
    <category scheme='http://schemas.google.com/g/2005#kind'
      term='http://schemas.google.com/blogger/2008/kind#post' />
    <title type='text'>On rap lyrics</title>
    <content type='html'>
      &lt;div class="separator"&gt;
        &lt;p&gt;Rap has this thing.&lt;/p&gt;
        That grappling hook has four claws.&lt;/p&gt;
        &lt;p&gt;The four things are: The rhyme, the theme, the synecdoche and the topical.&lt;/p&gt;
      &lt;/div&gt;
    </content>
  </entry>
</feed>