<?xml version='1.0' encoding='utf-8'?>
<?xml-stylesheet href="https://www.blogger.com/styles/atom.css" type="text/css"?>
<feed xmlns:gd='http://schemas.google.com/g/2005' xmlns:thr='http://purl.org/syndication/thread/1.0'
xmlns:georss='http://www.georss.org/georss'>
  <id>tag:blogger.com,1999:blog-2993010.archive</id>
  <updated>2023-02-12T17:33:58.555+01:00</updated>
  <title type='text'>supertitle</title>
  <link rel='http://schemas.google.com/g/2005#feed' type='application/atom+xml'
    href='https://www.blogger.com/feeds/2993010/archive' />
  <link rel='self' type='application/atom+xml' href='https://www.blogger.com/feeds/2993010/archive' />
  <link rel='http://schemas.google.com/g/2005#post' type='application/atom+xml'
    href='https://www.blogger.com/feeds/2993010/archive' />
  <link rel='alternate' type='text/html' href='http://www.supertitle.org/' />
  <author>
    <name>martin</name>
    <uri>https://www.blogger.com/profile/09053983859177005529</uri>
    <email>noreply@blogger.com</email>
  </author>
  <generator version='7.00' uri='https://www.blogger.com'>Blogger</generator>
  <entry>
    <id>tag:blogger.com,1999:blog-2993010.post-108489130739621082</id>
    <published>2004-05-18T16:41:00.000+02:00</published>
    <updated>2004-07-13T10:43:30.723+02:00</updated>
    <category scheme='http://schemas.google.com/g/2005#kind'
      term='http://schemas.google.com/blogger/2008/kind#post' />
    <title type='text'></title>
    <content type='html'>&lt;img src="http://www.supertitle.org/images/compostdotmom.gif" /&gt;</content>
    <link rel='replies' type='application/atom+xml'
      href='https://www.supertitle.org/feeds/108489130739621082/comments/default'
      title='Post Comments' />
    <link rel='replies' type='text/html'
      href='https://www.blogger.com/comment.g?blogID=2993010&amp;postID=108489130739621082&amp;isPopup=true'
      title='1 Comments' />
    <link rel='edit' type='application/atom+xml'
      href='https://www.blogger.com/feeds/2993010/posts/default/108489130739621082' />
    <link rel='self' type='application/atom+xml'
      href='https://www.blogger.com/feeds/2993010/posts/default/108489130739621082' />
    <link rel='alternate' type='text/html' href='https://www.supertitle.org/2004/05/blog-post.html'
      title='' />
    <author>
      <name>martin</name>
      <uri>https://www.blogger.com/profile/09053983859177005529</uri>
      <email>noreply@blogger.com</email>
      <gd:image rel='http://schemas.google.com/g/2005#thumbnail' width='35' height='35'
        src='//www.blogger.com/img/blogger_logo_round_35.png' />
    </author>
    <thr:total>1</thr:total>
  </entry>
  <entry>
    <id>tag:blogger.com,1999:blog-2993010.post-1046035546302718100</id>
    <published>2018-11-04T20:07:00.001+01:00</published>
    <updated>2021-03-23T17:08:33.859+01:00</updated>
    <category scheme='http://schemas.google.com/g/2005#kind'
      term='http://schemas.google.com/blogger/2008/kind#post' />
    <title type='text'>Making Pickles</title>
    <content type='html'>&lt;div class="separator" style="clear: both; text-align: center;"&gt;&lt;a
      href="https://4.bp.blogspot.com/-2tgq30NCbz8/W99C9TL0G1I/AAAAAAAA_0o/rbCOzKxGRqQukmddbxwXXGw1wI_dv-VYwCLcBGAs/s1600/making-pickles.png"
      imageanchor="1" &gt;&lt;img border="0"
      src="https://4.bp.blogspot.com/-2tgq30NCbz8/W99C9TL0G1I/AAAAAAAA_0o/rbCOzKxGRqQukmddbxwXXGw1wI_dv-VYwCLcBGAs/s320/making-pickles.png"
      width="320" height="176" data-original-width="1536" data-original-height="844"
      /&gt;&lt;/a&gt;&lt;br /&gt;
      &lt;br /&gt;
      &lt;div dir="ltr" style="line-height: 1.38; text-align: justify; font-family: &amp;quot;Times
      New Roman&amp;quot;; font-size: large;"&gt;&lt;br /&gt;
      &lt;p&gt;As promised on my popular &lt;a
      href="https://www.youtube.com/channel/UCxtWwNgsXIM37Yv7fV4f14Q"&gt;YouTube channel&lt;/a&gt;,
      here is a recipe for "Polskie Ogorki" or Polish Pickles.&lt;/p&gt;&lt;p&gt;Here is
      &lt;em&gt;exactly&lt;/em&gt; what you need:&lt;/p&gt;&lt;ul&gt;&lt;li&gt;&lt;p&gt;1L
      water&lt;/p&gt;&lt;/li&gt;
      &lt;li&gt;&lt;p&gt;2 tablespoons of gross grain salt&lt;/p&gt;&lt;/li&gt;
      &lt;li&gt;&lt;p&gt;6 mini cucumbers&lt;/p&gt;&lt;/li&gt;
      &lt;li&gt;&lt;p&gt;6 cloves of garlic&lt;/p&gt;&lt;/li&gt;
      &lt;li&gt;&lt;p&gt;6 branches of dill&lt;/p&gt;&lt;/li&gt;
      &lt;li&gt;&lt;p&gt;2 tablespoons of mustard seeds&lt;/p&gt;&lt;/li&gt;
      &lt;li&gt;&lt;p&gt;pickle jar&lt;/p&gt;&lt;/li&gt;&lt;/ul&gt;&lt;br /&gt;
      &lt;p&gt;And here is how you make them:&lt;/p&gt;&lt;br /&gt;
      &lt;ol&gt;&lt;li&gt;&lt;p&gt;Boil the water with the salt mixed in.&lt;/p&gt;&lt;/li&gt;
      &lt;li&gt;&lt;p&gt;When boiled, let the water cool down to fridge
      temperature.&lt;/p&gt;&lt;/li&gt;
      &lt;li&gt;&lt;p&gt;Rub the inside of the jar with a clove of garlic.&lt;/p&gt;&lt;/li&gt;
      &lt;li&gt;&lt;p&gt;Peel and drop all the garlic into the jar.&lt;/p&gt;&lt;/li&gt;
      &lt;li&gt;&lt;p&gt;Put the pickles in so that they are snug.&lt;/p&gt;&lt;/li&gt;
      &lt;li&gt;&lt;p&gt;Put the dill in between the pickles.&lt;/p&gt;&lt;/li&gt;
      &lt;li&gt;&lt;p&gt;Pour in the water.&lt;/p&gt;&lt;p&gt;If there is too much water, spoon some
      out of the jar until you can get the last bit from the bottom of the pot.&lt;/p&gt;&lt;/li&gt;
      &lt;li&gt;&lt;p&gt;Close the jar. Set aside at room temperature for three
      days.&lt;/p&gt;&lt;/li&gt;
      &lt;li&gt;&lt;p&gt;Enjoy!&lt;/p&gt;&lt;/li&gt;
      &lt;/ol&gt;&lt;br /&gt;
      &lt;/div&gt;&lt;/div&gt;&lt;br /&gt;
      &lt;br /&gt;
</content>
    <link rel='replies' type='application/atom+xml'
      href='https://www.supertitle.org/feeds/1046035546302718100/comments/default'
      title='Post Comments' />
    <link rel='replies' type='text/html'
      href='https://www.blogger.com/comment.g?blogID=2993010&amp;postID=1046035546302718100&amp;isPopup=true'
      title='0 Comments' />
    <link rel='edit' type='application/atom+xml'
      href='https://www.blogger.com/feeds/2993010/posts/default/1046035546302718100' />
    <link rel='self' type='application/atom+xml'
      href='https://www.blogger.com/feeds/2993010/posts/default/1046035546302718100' />
    <link rel='alternate' type='text/html'
      href='https://www.supertitle.org/2018/11/making-pickles.html' title='Making Pickles' />
    <author>
      <name>martin</name>
      <uri>https://www.blogger.com/profile/09053983859177005529</uri>
      <email>noreply@blogger.com</email>
    </author>
    <media:thumbnail xmlns:media='http://search.yahoo.com/mrss/'
      url='https://4.bp.blogspot.com/-2tgq30NCbz8/W99C9TL0G1I/AAAAAAAA_0o/rbCOzKxGRqQukmddbxwXXGw1wI_dv-VYwCLcBGAs/s72-c/making-pickles.png'
      height='72' width='72' />
  </entry>
  <entry>
    <id>tag:blogger.com,1999:blog-2993010.settings.BLOG_PUBLISHING_MODE</id>
    <published>2006-12-15T22:02:21.538+01:00</published>
    <updated>2023-02-12T17:33:58.555+01:00</updated>
    <category scheme='http://schemas.google.com/g/2005#kind'
      term='http://schemas.google.com/blogger/2008/kind#settings' />
    <title type='text'>The type of publishing done for this blog.</title>
    <content type='text'>PUBLISH_MODE_HOSTED</content>
    <link rel='edit' type='application/atom+xml'
      href='https://www.blogger.com/feeds/2993010/settings/BLOG_PUBLISHING_MODE' />
    <link rel='self' type='application/atom+xml'
      href='https://www.blogger.com/feeds/2993010/settings/BLOG_PUBLISHING_MODE' />
    <author>
      <name>martin</name>
      <uri>https://www.blogger.com/profile/09053983859177005529</uri>
      <email>noreply@blogger.com</email>
    </author>
  </entry>
  <entry>
    <id>tag:blogger.com,1999:blog-2993010.post-108490439680141554</id>
    <published>2004-05-18T20:19:00.000+02:00</published>
    <updated>2004-05-18T20:19:56.800+02:00</updated>
    <category scheme='http://schemas.google.com/g/2005#kind'
      term='http://schemas.google.com/blogger/2008/kind#comment' />
    <title type='text'>Nice! I mean the city, though.</title>
    <content type='html'>Nice! I mean the city, though.</content>
    <link rel='edit' type='application/atom+xml'
      href='https://www.blogger.com/feeds/2993010/108489130739621082/comments/default/108490439680141554' />
    <link rel='self' type='application/atom+xml'
      href='https://www.blogger.com/feeds/2993010/108489130739621082/comments/default/108490439680141554' />
    <link rel='alternate' type='text/html'
      href='http://www.supertitle.org/2004/05/blog-post.html?showComment=1084904340000#c108490439680141554'
      title='' />
    <author>
      <name>o arouser do pintainho</name>
      <uri>https://www.blogger.com/profile/02819740888995759847</uri>
      <email>noreply@blogger.com</email>
      <gd:image rel='http://schemas.google.com/g/2005#thumbnail' width='35' height='35'
        src='//www.blogger.com/img/blogger_logo_round_35.png' />
    </author>
    <thr:in-reply-to href='https://www.supertitle.org/2004/05/blog-post.html'
      ref='tag:blogger.com,1999:blog-2993010.post-108489130739621082'
      source='https://www.blogger.com/feeds/2993010/posts/default/108489130739621082'
      type='text/html' />
    <gd:extendedProperty name='blogger.itemClass' value='pid-1417191665' />
    <gd:extendedProperty name='blogger.displayTime' value='May 18, 2004 8:19 pm' />
  </entry>
</feed>