<?xml version='1.0' encoding='utf-8'?><?xml-stylesheet href="https://www.blogger.com/styles/atom.css" type="text/css"?>
<feed xmlns='http://www.w3.org/2005/Atom' xmlns:openSearch='http://a9.com/-/spec/opensearchrss/1.0/'
  xmlns:gd='http://schemas.google.com/g/2005' xmlns:thr='http://purl.org/syndication/thread/1.0'
  xmlns:georss='http://www.georss.org/georss'>
  <id>tag:blogger.com,1999:blog-8002380.archive</id>
  <updated>2023-02-14T19:33:01.982+01:00</updated>
  <title type='text'>supertitle:books</title>
  <link rel='http://schemas.google.com/g/2005#feed' type='application/atom+xml'
    href='https://www.blogger.com/feeds/8002380/archive' />
  <link rel='self' type='application/atom+xml' href='https://www.blogger.com/feeds/8002380/archive' />
  <link rel='http://schemas.google.com/g/2005#post' type='application/atom+xml'
    href='https://www.blogger.com/feeds/8002380/archive' />
  <link rel='alternate' type='text/html' href='http://books.supertitle.org/' />
  <author>
    <name>martin</name>
    <uri>https://www.blogger.com/profile/09053983859177005529</uri>
    <email>noreply@blogger.com</email>
    <gd:image rel='http://schemas.google.com/g/2005#thumbnail' width='35' height='35'
      src='//www.blogger.com/img/blogger_logo_round_35.png' />
  </author>

  <entry>
    <id>uuid</id>
    <published>YYYY-MM-DDThh:mm:ss.mmm+01:00</published>
    <updated>YYYY-MM-DDThh:mm:ss.mmm+01:00</updated>
    <category scheme='http://schemas.google.com/g/2005#kind'
      term='http://schemas.google.com/blogger/2008/kind#post' />
    <title type='text'>xxxxxxxxxxxxxxxxxxxxxxxxxxxxxxxxxxxxxxxxxxxxxxxxxxxxxxxxxxxxxxxx</title>
    <content type='html'>
      <div dir="ltr" style="text-align: left;" trbidi="on">
        <img class="bookCover" border="0"
          src="https://aaaaaaaaaaaaaaaaaaaaaaaaaaaaaaaaaaaaaaaaaaaaaaaaaaaaaaaaaaaaaaaa"></img>
        <p>xxxxxxxxxxxxxxxxxxxxxxxxxxxxxxxxxxxxxxxxxxxxxxxxxxxxxxxxxxxxxxxx,
          bbbbbbbbbbbbbbbbbbbbbbbbbbbbbbbbbbbbbbbbbbbbbbbbbbbbbbbbbbbbbbbb</p>
        <p>cccccccccccccccccccccccccccccccccccccccccccccccccccccccccccccccc</p>
      </div>
    </content>
    <author>
      <name>martin</name>
    </author>
  </entry>
  <entry>
    <id>49D6199C-F330-45FC-B754-6E37B3123B20</id>
    <published>2024-10-31T20:30:14.024+01:00</published>
    <updated>2024-10-31T20:30:14.024+01:00</updated>
    <category scheme='http://schemas.google.com/g/2005#kind'
      term='http://schemas.google.com/blogger/2008/kind#post' />
    <title type='text'>The Bells of Old Tokyo</title>
    <content type='html'>
      <div dir="ltr" style="text-align: left;" trbidi="on">
        <img class="bookCover" border="0"
          src="https://images-na.ssl-images-amazon.com/images/S/compressed.photo.goodreads.com/books/1545943228i/41711305.jpg"></img>
        <p>The Bells of Old Tokyo, Anna Sherman</p>
        <p>Good wander through Tokyo, with peeks at its hard history.</p>
      </div>
    </content>
    <author>
      <name>martin</name>
    </author>
  </entry>
  <entry>
    <id>09FF7517-F291-4494-833A-BBD0A7A2340F</id>
    <published>2024-09-30T12:01:01.001+02:00</published>
    <updated>2024-09-30T12:01:01.001+02:00</updated>
    <category scheme='http://schemas.google.com/g/2005#kind'
      term='http://schemas.google.com/blogger/2008/kind#post' />
    <title type='text'>The Heart of Tantric Sex</title>
    <content type='html'>
      <div dir="ltr" style="text-align: left;" trbidi="on">
        <img class="bookCover" border="0"
          src="https://images-na.ssl-images-amazon.com/images/S/compressed.photo.goodreads.com/books/1394261408i/11779519.jpg"></img>
        <p>The Heart of Tantric Sex: A Unique Guide to Love and Sexual Fulfillment, Diana Richardson</p>
        <p>Unusual for me to get into non-fictive, and besides that I get the feeling that the author is completely making up everything she says with very effort to connect it to real science, other than interviews with (hopefully) many couples.</p>
        <p>Nevertheless, there is some really useful stuff to try here! (Yeah, yeah, tantra so it's obviously new sex positions, right? No, it's not about positions, more about how to slow sex down and take the pressure off. Really nice.)</p>
      </div>
    </content>
    <author>
      <name>martin</name>
    </author>
  </entry>
  <entry>
    <id>FB24C388-74DD-4155-9DDB-5BF2FF551C3B</id>
    <published>2024-05-15T14:20:59.302+02:00</published>
    <updated>2024-05-15T14:20:59.302+02:00</updated>
    <category scheme='http://schemas.google.com/g/2005#kind'
      term='http://schemas.google.com/blogger/2008/kind#post' />
    <title type='text'>The Final Curtain</title>
    <content type='html'>
      <div dir="ltr" style="text-align: left;" trbidi="on">
        <img class="bookCover" border="0"
          src="https://images-na.ssl-images-amazon.com/images/S/compressed.photo.goodreads.com/books/1700645890i/65213104.jpg"></img>
        <p>The Final Curtain, Keigo Higashino tr. Giles Murray</p>
        <p>An even more contoured narrative landscape, with a backstory that is getting richer... but apparently will now stop here. That said, something is missing for me in the "frontstory."</p>
      </div>
    </content>
    <author>
      <name>martin</name>
    </author>
  </entry>
  <entry>
    <id>EB92E5A2-0032-439F-89EB-E541AB6637D2</id>
    <published>2024-04-30T20:00:44.778+02:00</published>
    <updated>2024-04-30T20:00:44.778+02:00</updated>
    <category scheme='http://schemas.google.com/g/2005#kind'
      term='http://schemas.google.com/blogger/2008/kind#post' />
    <title type='text'>A Death in Tokyo</title>
    <content type='html'>
      <div dir="ltr" style="text-align: left;" trbidi="on">
        <img class="bookCover" border="0"
          src="https://images-na.ssl-images-amazon.com/images/S/compressed.photo.goodreads.com/books/1647624662i/59808174.jpg"></img>
        <p>A Death in Tokyo (The Detective Kaga Series Book 3),
          Keigo Higashino tr. Giles Murray</p>
        <p>Lots of stuff gets introduced in the plot, and it's pretty rich and mysterious, and yeah, pretty satisfying when it comes together. Give it a go.</p>
      </div>
    </content>
    <author>
      <name>martin</name>
    </author>
  </entry>
  <entry>
    <id>C483CEB6-02A6-4039-B910-245405351F09</id>
    <published>2024-04-15T12:00:01.003+02:00</published>
    <updated>2024-04-15T12:00:01.003+02:00</updated>
    <category scheme='http://schemas.google.com/g/2005#kind'
      term='http://schemas.google.com/blogger/2008/kind#post' />
    <title type='text'>The Newcomer</title>
    <content type='html'>
      <div dir="ltr" style="text-align: left;" trbidi="on">
        <img class="bookCover" border="0"
          src="https://images-na.ssl-images-amazon.com/images/S/compressed.photo.goodreads.com/books/1530346547i/33602102.jpg"></img>
        <p>The Newcomer (The Detective Kaga Series Book 2), Keigo Higashino tr. Giles Murray</p>
        <p>A little normal.</p>
      </div>
    </content>
    <author>
      <name>martin</name>
    </author>
  </entry>
  <entry>
    <id>D84DB040-09B0-45A7-B4AF-E7556907EC00</id>
    <published>2024-03-31:11:00:14.001+02:00</published>
    <updated>2024-03-31:11:00:14.001+02:00</updated>
    <category scheme='http://schemas.google.com/g/2005#kind'
      term='http://schemas.google.com/blogger/2008/kind#post' />
    <title type='text'>Malice</title>
    <content type='html'>
      <div dir="ltr" style="text-align: left;" trbidi="on">
        <img class="bookCover" border="0"
          src="https://images-na.ssl-images-amazon.com/images/S/compressed.photo.goodreads.com/books/1497270264i/20613611.jpg"></img>
        <p>Malice, Keigo Higashino tr. Alexander O. Smith</p>
        <p>Fun start, ends a little calmly.</p>
      </div>
    </content>
    <author>
      <name>martin</name>
    </author>
  </entry>
  <entry>
    <id>DF2F13A5-2B71-47BD-B637-F343960E56B6</id>
    <published>2024-02-03T22:49:13.001+01:00</published>
    <updated>2024-02-03T22:49:13.001+01:00</updated>
    <category scheme='http://schemas.google.com/g/2005#kind'
      term='http://schemas.google.com/blogger/2008/kind#post' />
    <title type='text'>One Good Turn: A Natural History of the Screwdriver and the Screw</title>
    <content type='html'>
      <div dir="ltr" style="text-align: left;" trbidi="on">
        <img class="bookCover" border="0"
          src="https://images-na.ssl-images-amazon.com/images/S/compressed.photo.goodreads.com/books/1422067068i/64916.jpg"></img>
        <p>One Good Turn: A Natural History of the Screwdriver and the Screw, Witold Rybczynski</p>
        <p>Well seriously, don't pretend you knew where screws came from.</p>
      </div>
    </content>
    <author>
      <name>martin</name>
    </author>
  </entry>
  <entry>
    <id>EA94034A-2533-4910-B038-F6A05727A06A</id>
    <published>2024-01-22T22:32:38.001+01:00</published>
    <updated>2024-01-22T22:32:38.001+01:00</updated>
    <category scheme='http://schemas.google.com/g/2005#kind'
      term='http://schemas.google.com/blogger/2008/kind#post' />
    <title type='text'>1Q84</title>
    <content type='html'>
      <div dir="ltr" style="text-align: left;" trbidi="on">
        <img class="bookCover" border="0"
          src="https://upload.wikimedia.org/wikipedia/en/8/8e/1Q84bookcover.png"></img>
        <p>1Q84, Haruki Murakami tr. Hélène Morita</p>
        <p>Came upon this through my colleague's suggested approach of browsing what has won the readers' annual choice on Goodreads.com. Really, really nice!</p>
        <p>Is it new? Is it old? Like a writer who had no idea what any literary traditions were, like not at all, but who just naturally rediscovered all of them.</p>
      </div>
    </content>
    <author>
      <name>martin</name>
    </author>
  </entry>
  <entry>
    <id>176CB4F0-3E9E-4EA6-916E-7D8D8E306819</id>
    <published>2024-01-01T23:17:00:001+01:00</published>
    <updated>2024-01-01T23:17:00:001+01:00</updated>
    <category scheme='http://schemas.google.com/g/2005#kind'
      term='http://schemas.google.com/blogger/2008/kind#post' />
    <title type='text'>The Teacher</title>
    <content type='html'>
      <div dir="ltr" style="text-align: left;" trbidi="on">
        <img class="bookCover" border="0"
          src="https://images-na.ssl-images-amazon.com/images/S/compressed.photo.goodreads.com/books/1687102629i/94167408.jpg"></img>
        <p>The Teacher, Tim Sullivan</p>
        <p>More good stuff. Pre-ordered the next one.</p>
      </div>
    </content>
    <author>
      <name>martin</name>
    </author>
  </entry>
  <entry>
    <id>6032B9A1-7994-44C4-A131-431E91669117</id>
    <published>2023-12-09T13:24:00.001+01:00</published>
    <updated>2023-12-09T13:24:01.001+01:00</updated>
    <category scheme='http://schemas.google.com/g/2005#kind'
    term='http://schemas.google.com/blogger/2008/kind#post' />
    <title type='text'>Reamde</title>
    <content type='html'>
      <div dir="ltr" style="text-align: left;" trbidi="on">
        <img class="bookCover" border="0"
        src="https://upload.wikimedia.org/wikipedia/en/2/26/Reamde_stephenson_williammorrow_2011.jpg"></img>
        <p>Reamde, Neal Stephenson</p>
        <p>Yes.</p>
        <p>One can see, in the sequence from Snow Crash to Seveneves, Stephenson's maturation as he goes from a teenage-like ejaculator of intense ninja action plots to a professor-like expounder of profound  planet-wide epic catastrophe action plots.</p>
        <p>Hearty and gripping action story with an almost over-healthy dose of technical detail on subjects as diverse as digital tectonics, terrorist living standards and chinese internet cafes.</p>
      </div>
    </content>
    <author>
      <name>martin</name>
    </author>
  </entry>
  <entry>
    <id>DFBF467E-BC52-41F1-906C-783638180B0B</id>
    <published>2023-10-31T14:46:54.001+01:00</published>
    <updated>2023-10-31T14:46:54.001+01:00</updated>
    <category scheme='http://schemas.google.com/g/2005#kind'
      term='http://schemas.google.com/blogger/2008/kind#post' />
    <title type='text'>Sea of Tranquility</title>
    <content type='html'>
      <div dir="ltr" style="text-align: left;" trbidi="on">
        <img class="bookCover" border="0"
          src="https://upload.wikimedia.org/wikipedia/en/a/a0/Sea_of_Tranquility_%28Emily_St._John_Mandel%29.png"></img>
        <p>Sea of Tranquility, Emily St. John Mandel</p>
        <p>I think she makes fun of her main character's super hyphenated last name in the very first sentence, and one must see how it reflects on that of the author.</p>
        <p>I mention this because.</p>
        <p>Her last name' cool nose-thumbing delayed termination sort of reflects the unorthodox way her faceted story unfolds. This is a fun book, probably a little too short for the tightly-packed ideas it comes up with.</p>
      </div>
    </content>
    <author>
      <name>martin</name>
    </author>
  </entry>
  <entry>
    <id>5E142FEC-6EBE-407C-85F9-BD835337CE5C</id>
    <published>2023-11-12T14:29:10.001+01:00</published>
    <updated>2023-11-12T14:29:10.001+01:00</updated>
    <category scheme='http://schemas.google.com/g/2005#kind'
    term='http://schemas.google.com/blogger/2008/kind#post' />
    <title type='text'>Snow Crash</title>
    <content type='html'>
      <div dir="ltr" style="text-align: left;" trbidi="on">
        <img class="bookCover" border="0"
        src="https://upload.wikimedia.org/wikipedia/en/d/d5/Snowcrash.jpg"></img>
        <p>Snow Crash, Neal Stephenson</p>
        <p>What's the physics term for rate of change of acceleration? Like when something isn't just accelerating, but it's accelerating faster and faster? Because that's pretty much this book, and when it starts, it's already going really fast.</p>
        <p>I'm going to caveat this, because the above sounds pretty positive. I'm going to caveat this by saying that although this book is fast, readable, imaginative, intriguing, it is also very loosely relevant to any themes that a normal person can carry and keep thinking about outside the book. As such, while it is extremely fun, it is somewhat difficult to really justify why we are reading it. Maybe I sound like a pedant, but although I enjoyed the craft here, it feels like it would be nicer to anchor it a little more strongly that is external to the book's own context.</p>
        <p>Wait, I'll give an example. There is one link from the book to something outside of the book, and that is its theme of the power of an ancient language that is so fundamental that can be used to reprogram people's brains. This is a theme that the reader feels they can carry out of the book and use it to question other aspects of the world. But it feels like, I don't know, this theme is introduced, but then sort of quickly resolved and thrown away, even though it's pretty huge. I find as one goes into Stephenson's later books, he starts treating these deeper themes with more respect.</p>
      </div>
    </content>
    <author>
      <name>martin</name>
    </author>
  </entry>
  <entry>
    <id>1A304EAA-4B5B-46FD-AC64-BDF6BE083295</id>
    <published>2023-10-15T22:00:01.001+01:00</published>
    <updated>2023-10-15T22:00:01.001+01:00</updated>
    <category scheme='http://schemas.google.com/g/2005#kind'
      term='http://schemas.google.com/blogger/2008/kind#post' />
    <title type='text'>Nona the Ninth</title>
    <content type='html'>
      <div dir="ltr" style="text-align: left;" trbidi="on">
        <img class="bookCover" border="0"
          src="https://upload.wikimedia.org/wikipedia/en/8/81/Nona_the_Ninth.jpg"></img>
        <p>Nona the Ninth, Tamsyn Muir</p>
        <p>It feels like an exponential sandwich.</p>
        <p>Every new book makes me want to start re-reading the whole series from the beginning.</p>
        <p>I think it's because it is so deliciously back-self-referential and spiralously structural, that I know that every time I read all the books I will see large new things, not just small things, but large, wide new things, that I could not have seen the first time. I have never eaten anything so intensely well-constructed. Trophy emoji full of sandwich.</p>
      </div>
    </content>
    <author>
      <name>martin</name>
    </author>
  </entry>
  <entry>
    <id>68697C3E-EAE2-4A39-9A31-9D2D81CC5D50</id>
    <published>2023-06-20T22:00:00.000+02:00</published>
    <updated>2023-06-20T22:00:00.000+02:00</updated>
    <category scheme='http://schemas.google.com/g/2005#kind'
      term='http://schemas.google.com/blogger/2008/kind#post' />
    <title type='text'>L'anomalie</title>
    <content type='html'>
      <div dir="ltr" style="text-align: left;" trbidi="on">
        <img class="bookCover" border="0"
          src="https://images-na.ssl-images-amazon.com/images/S/compressed.photo.goodreads.com/books/1591947943i/53970536.jpg"></img>
        <p>L'anomalie, Hervé Le Tellier</p>
        <p>This is a high-quality book with fun premise, disturbing sub-plots, amusing characters, great action, admirable literary skill, and pretty much no story really.</p>
      </div>
    </content>
    <author>
      <name>martin</name>
    </author>
  </entry>
  <entry>
    <id>66614F06-94D7-4481-A850-E6252C780FD3</id>
    <published>2023-06-15T08:54:13.000+02:00</published>
    <updated>2023-06-15T08:54:13.001+02:00</updated>
    <category scheme='http://schemas.google.com/g/2005#kind'
      term='http://schemas.google.com/blogger/2008/kind#post' />
    <title type='text'>The Monk</title>
    <content type='html'>
      <div dir="ltr" style="text-align: left;" trbidi="on">
        <img class="bookCover" border="0"
          src="https://images-na.ssl-images-amazon.com/images/S/compressed.photo.goodreads.com/books/1657349496i/61413075.jpg"></img>
        <p>The Monk, Tim Sullivan</p>
        <p>I take it back, this series suddenly got better.</p>
        <p>Everything ties together, including the larger series arc, into the plot, there's this super part near the end where you feel like it's a big downer, then it isn't. And - man, you really start to get the emotional tie to the character.</p>
        <p>The author, an experienced writer for television, must have been nervous to start out in novel writing. Sure, he has the proven skill, the confidence, the network, but he converted to something new and that must have been rattling. In the first four books, there was a sense of that nervousness, maybe haste, even though I maintain they were very good. In this one, he comes into his own.</p>
      </div>
    </content>
    <author>
      <name>martin</name>
    </author>
  </entry>
  <entry>
    <id>B3D964AA-22F4-48B7-A89C-2414C88AA61A</id>
    <published>2023-05-31T12:00:00.000+02:00</published>
    <updated>2023-05-31T12:00:00.001+02:00</updated>
    <category scheme='http://schemas.google.com/g/2005#kind'
      term='http://schemas.google.com/blogger/2008/kind#post' />
    <title type='text'>Zero History</title>
    <content type='html'>
      <div dir="ltr" style="text-align: left;" trbidi="on">
        <img class="bookCover" border="0"
          src="https://upload.wikimedia.org/wikipedia/en/2/24/Spook_Country.jpg"></img>
        <p>Zero History, William Gibson</p>
        <p>Please Mr. Gibson never stop writing.</p>
      </div>
    </content>
    <author>
      <name>martin</name>
    </author>
  </entry>
  <entry>
    <id>A9173AAE-FD7B-4809-9448-33E90809A638</id>
    <published>2023-05-15T12:00:00.001+01:00</published>
    <updated>2023-05-15T12:00:00.002+01:00</updated>
    <category scheme='http://schemas.google.com/g/2005#kind'
      term='http://schemas.google.com/blogger/2008/kind#post' />
    <title type='text'>The Confessions of Frannie Langton</title>
    <content type='html'>
      <div dir="ltr" style="text-align: left;" trbidi="on">
        <img class="bookCover" border="0"
          src="https://images-na.ssl-images-amazon.com/images/S/compressed.photo.goodreads.com/books/1543474524i/39937621.jpg"></img>
        <p>The Confessions of Frannie Langton, Sara Collins</p>
        <p>I can tell this is really good, would go so far as to say I appreciate the very high quality of the writing, but I just didn't like it.</p>
      </div>
    </content>
    <author>
      <name>martin</name>
    </author>
  </entry>
  <entry>
    <id>5D06D1F6-A59C-4890-A249-A79F33AD48AC</id>
    <published>2023-04-30T12:00:00.001+01:00</published>
    <updated>2023-04-30T12:00:00.002+01:00</updated>
    <category scheme='http://schemas.google.com/g/2005#kind'
      term='http://schemas.google.com/blogger/2008/kind#post' />
    <title type='text'>The Politician</title>
    <content type='html'>
      <div dir="ltr" style="text-align: left;" trbidi="on">
        <img class="bookCover" border="0"
          src="https://images-na.ssl-images-amazon.com/images/S/compressed.photo.goodreads.com/books/1646727037i/60573312.jpg"></img>
        <p>The Politician, Tim Sullivan</p>
        <p>Does not keep getting better, but stays very dependably good.</p>
      </div>
    </content>
    <author>
      <name>martin</name>
    </author>
  </entry>
  <entry>
    <id>DE52B1A1-54DB-441D-8119-7614B6E2A2A6</id>
    <published>2023-04-15T12:00:00.001+01:00</published>
    <updated>2023-04-15T12:00:00.002+01:00</updated>
    <category scheme='http://schemas.google.com/g/2005#kind'
      term='http://schemas.google.com/blogger/2008/kind#post' />
    <title type='text'>The Dentist</title>
    <content type='html'>
      <div dir="ltr" style="text-align: left;" trbidi="on">
        <img class="bookCover" border="0"
          src="https://images-na.ssl-images-amazon.com/images/S/compressed.photo.goodreads.com/books/1592175662i/54030721.jpg"></img>
        <p>The Dentist, Tim Sullivan</p>
        <p>Keep it up, Tim Sullivan.</p>
      </div>
    </content>
    <author>
      <name>martin</name>
    </author>
  </entry>
  <entry>
    <id>3F26B43A-CF38-4905-AD61-5257129D84DB</id>
    <published>2023-03-30T12:00:00.001+01:00</published>
    <updated>2023-03-30T12:00:00.002+01:00</updated>
    <category scheme='http://schemas.google.com/g/2005#kind'
      term='http://schemas.google.com/blogger/2008/kind#post' />
    <title type='text'>The Cyclist</title>
    <content type='html'>
      <div dir="ltr" style="text-align: left;" trbidi="on">
        <img class="bookCover" border="0"
          src="https://images-na.ssl-images-amazon.com/images/S/compressed.photo.goodreads.com/books/1595382631i/54631560.jpg"></img>
        <p>The Cyclist, Tim Sullivan</p>
        <p>Very light, very nice, good resolution.</p>
      </div>
    </content>
    <author>
      <name>martin</name>
    </author>
  </entry>
  <entry>
    <id>A9E0A7FD-0599-4534-9E54-90E4A4AE9C1C</id>
    <published>2023-03-23T22:11:33.301+01:00</published>
    <updated>2023-03-23T22:11:33.301+01:00</updated>
    <category scheme='http://schemas.google.com/g/2005#kind'
      term='http://schemas.google.com/blogger/2008/kind#post' />
    <title type='text'>Dune</title>
    <content type='html'>
      <div dir="ltr" style="text-align: left;" trbidi="on">
        <img class="bookCover" border="0"
          src="https://upload.wikimedia.org/wikipedia/en/d/de/Dune-Frank_Herbert_%281965%29_First_edition.jpg"></img>
        <p>Dune, Frank Herbert (x2)</p>
        <p>Read this once when I was a teenager. Enjoyed it similarly this time. I like the language
          and cultural stuff. The basic good/evil story arc could be a bit more satisfying - ie. the
          villain should die through some fault of his own that has been visible throughout the
          story, not by the hand of quick-thinking enemy.</p>
        <p>But very good.</p>
      </div>
    </content>
    <author>
      <name>martin</name>
    </author>
  </entry>
  <entry>
    <id>5905EC98-377F-4BB9-90AB-F23689229166</id>
    <published>2023-03-12T10:26:01.001+01:00</published>
    <updated>2023-03-12T10:26:01.001+01:00</updated>
    <category scheme='http://schemas.google.com/g/2005#kind'
      term='http://schemas.google.com/blogger/2008/kind#post' />
    <title type='text'>La Vie, mode d'emploi</title>
    <content type='html'>
      <div dir="ltr" style="text-align: left;" trbidi="on">
        <img class="bookCover" border="0"
          src="https://upload.wikimedia.org/wikipedia/commons/f/fc/La_Vie_mode_d%27emploi.jpg"></img>
        <br />
        <p>La Vie, mode d'emploi, Georges Perec</p>
        <p>One of those books where once you pick it up, you can't wait to put it down.</p>
        <p>And nevertheless, as you know, I like slogs. I like books that are difficult to pick up
          and which do not motivate me to finish them. I like them. So I like this. I like slog
          books, and this is a slog book, and so I like it.</p>
        <p>I had heard that getting through the hundreds and hundreds of pages and staying patient
          through the list after list after detail after detail is worth it for the ending, but the
          ending is... I feel like there's a club of this book's readers where after having read it
          you have to say the ending is good.</p>
        <p>Like I can't say the ending is bad, because now I belong to that club, see? And I think
          that's the masterwork of this book - that it's written in such a masterful way that you
          can't say the ending is bad.</p>
        <p>I am glad to have read it. I admire the author, really, after having read <a
            href="https://books.supertitle.org/2005/02/la-disparition.html">two works</a>. I am not
          sure I'm ready for a third.</p>
      </div>
    </content>
    <author>
      <name>martin</name>
    </author>
  </entry>
  <entry>
    <id>94C8A2DE-3F87-4A16-839F-AE57D35ADBB0</id>
    <published>2023-03-05T20:24:01.001+01:00</published>
    <updated>2023-03-05T20:24:01.001+01:00</updated>
    <category scheme='http://schemas.google.com/g/2005#kind'
      term='http://schemas.google.com/blogger/2008/kind#post' />
    <title type='text'>The Patient</title>
    <content type='html'>
      <div dir="ltr" style="text-align: left;" trbidi="on">
        <img class="bookCover" border="0"
          src="https://images-na.ssl-images-amazon.com/images/S/compressed.photo.goodreads.com/books/1640256464i/56409477.jpg"></img>
        <br />
        <p>The Patient, Tim Sullivan</p>
        <p>Cheap murder mystery, slightly poorly edited, but fun! Good story, funny characters, and
          enough originality that I want to read another one.</p>
      </div>
    </content>
    <author>
      <name>martin</name>
    </author>
  </entry>
  <entry>
    <id>tag:blogger.com,1999:blog-8002380.post-7396617310225078932</id>
    <published>2023-02-12T11:05:00.000+01:00</published>
    <updated>2023-02-12T11:05:27.156+01:00</updated>
    <category scheme='http://schemas.google.com/g/2005#kind'
      term='http://schemas.google.com/blogger/2008/kind#post' />
    <title type='text'>Harrow the Ninth</title>
    <content type='html'>
      <div dir="ltr" style="text-align: left;" trbidi="on">
        <img class="bookCover" border="0"
          src="https://upload.wikimedia.org/wikipedia/en/0/02/Harrow_the_Ninth.jpg"></img>
        <br />
        <p>Harrow the Ninth, Tamsyn Muir (x2)</p>
        <p>
          <link targetId="tag:blogger.com,1999:blog-8002380.post-917344853958217730">second time</link>
        </p>
        <p>As I was saying, reading this once does not constitute having read it.</p>
        <p>It was different the second time. When I say "different things happened," what I mean is
          that the things that happened in the second book got confused in my mind with the things
          that happened in the first book. When I re-read the first book for the second time, I was
          waiting for things that had only happened in the second book, and I was confused as to how
          I could have been remembering things that hadn't happened.</p>
        <p>It turns out that's all intentional, because it mirrors the memory of the second book's
          hero, that memory being fucked.</p>
        <p>And there's a lot more that's intentional - the voice in which the story is retold, the
          waiting, the reader's unacknowledged pain of loss - the READER's pain, yes. It is
          stunningly, throat-slittingly intentional.</p>
        <p>You need to be able to flip back to previous pages, even the previous book, often. It's
          books that rove and re-rove over the same sequence while unrolling the new one. And I
          fully expect that when I read the third book, I will have to probably lol go back and read
          the first one over again. It's just so weirdly and geniously wrapped and re-warped into
          this warped, wrapped spiral trap.</p>
      </div>
    </content>
    <link rel='edit' type='application/atom+xml'
      href='https://www.blogger.com/feeds/8002380/posts/default/7396617310225078932' />
    <link rel='self' type='application/atom+xml'
      href='https://www.blogger.com/feeds/8002380/posts/default/7396617310225078932' />
    <link rel='alternate' type='text/html'
      href='https://books.supertitle.org/2023/02/harrow-ninth.html' title='Harrow the Ninth' />
    <author>
      <name>martin</name>
      <uri>https://www.blogger.com/profile/09053983859177005529</uri>
      <email>noreply@blogger.com</email>
      <gd:image rel='http://schemas.google.com/g/2005#thumbnail' width='35' height='35'
        src='//www.blogger.com/img/blogger_logo_round_35.png' />
    </author>
  </entry>
  <entry>
    <id>tag:blogger.com,1999:blog-8002380.post-1641028919395043531</id>
    <published>2023-02-12T10:50:00.007+01:00</published>
    <updated>2023-02-12T11:06:35.746+01:00</updated>
    <category scheme='http://schemas.google.com/g/2005#kind'
      term='http://schemas.google.com/blogger/2008/kind#post' />
    <title type='text'>Gideon the Ninth</title>
    <content type='html'>
      <div dir="ltr" style="text-align: left;" trbidi="on">
        <img class="bookCover" border="0"
          src="https://upload.wikimedia.org/wikipedia/en/6/66/Gideon_the_Ninth_-_US_hardback_print_cover.jpg"></img>
        <p>Gideon the Ninth (x2), Tamsyn Muir</p>
        <p>
          <a href="https://books.supertitle.org/2021/08/gideon-ninth.html">second time</a>
        </p>
        <p>Ok, don't know if it counts as a second reading because I literally (ok, not literally)
          re-read it twice in a row.</p>
        <p>And - DIFFERENT THINGS HAPPENED. I'll explain <a
            href="https://books.supertitle.org/2023/02/harrow-ninth.html">in a second</a>.</p>
      </div>
    </content>
    <link rel='edit' type='application/atom+xml'
      href='https://www.blogger.com/feeds/8002380/posts/default/1641028919395043531' />
    <link rel='self' type='application/atom+xml'
      href='https://www.blogger.com/feeds/8002380/posts/default/1641028919395043531' />
    <link rel='alternate' type='text/html'
      href='https://books.supertitle.org/2023/02/gideon-ninth.html' title='Gideon the Ninth' />
    <author>
      <name>martin</name>
      <uri>https://www.blogger.com/profile/09053983859177005529</uri>
      <email>noreply@blogger.com</email>
      <gd:image rel='http://schemas.google.com/g/2005#thumbnail' width='35' height='35'
        src='//www.blogger.com/img/blogger_logo_round_35.png' />
    </author>
  </entry>
  <entry>
    <id>tag:blogger.com,1999:blog-8002380.post-9205554994187221241</id>
    <published>2022-06-19T12:19:00.001+02:00</published>
    <updated>2022-06-19T12:19:07.818+02:00</updated>
    <category scheme='http://schemas.google.com/g/2005#kind'
      term='http://schemas.google.com/blogger/2008/kind#post' />
    <title type='text'>The Peripheral</title>
    <content type='html'>
      <div dir="ltr" style="text-align: left;" trbidi="on">
        <img class="bookCover" border="0"
          src="https://upload.wikimedia.org/wikipedia/en/6/69/The_Peripheral_%281st_ed_cover%29_-_William_Gibson.jpg"></img>
        <br />
        <p>The Peripheral, William Gibson (x2)</p>
        <p><a href="http://books.supertitle.org/2016/01/the-peripheral.html">Second time</a>.</p>
        <p>After reading Agency (twice in a row), I had to remind myself where this universe
          started.</p>
        <p>Something I'm learning about the dimensionality of reading books twice, like as if each
          reading takes you along a different axis.</p>
        <p>Is Gibson just the most genius writer of our time? How does the man evoke such subtle,
          and such intense relationships, while ostensibly dwelling in geek-tech fiction? And also -
          I would like to focus on this for a second - such thrilling action?</p>
        <blockquote> "Take that apart," Daedra said, apparently to the two robot girls; pointing at
          Conner. And one of them, instantly, too quick to follow, was squatting upside down on the
          ceiling, white mantis-arms lengthening.<br /><br /> Flynne saw Conner smile, but then he
          was gone, a blank curved wall surrounding Flynne, Wilf, Daedra. It was just there.<br /><br />
          ... [A man enters] ...<br /><br /> He crossed to the side she thought Conner would be
          behind, stuck his face into it, instantly withdrew it.<br /><br /> "Get them some help,"
          he said to Daedra. </blockquote>
        <p>There is a great deal of missing information in that quote. First, the scene involves
          several unexplained, unintroduced and unfamiliar physical singularities seemingly invented
          on the spot just for that scene, such as robots that can squat upside down on the ceiling
          (no explanation given; phenomenon not repeated elsewhere in the text), or people walking
          through a solid wall (explanation given later). Then, the presence of the wall entirely
          obscures our view of the fight that may or may not be taking place. We are not even told
          there is a fight. But - "Get them some help" - is a hint that the ordered disassembly
          might not be going as non-violently as imagined. In the next chapter, we are given much
          stronger evidence that the inexplicably fast-moving mantis-armed robot girls were not fast
          enough.</p>
        <p>When reading the calm and brief way this incredibly violent and quick fight is narrated,
          you cannot help but re-read sentences over, a few times, just to confirm if you caught
          what was happening. It's not only action, it's a crucial moment in the story, but Gibson
          shows it to us in the masked, partially-obscured way a person taking part in a slightly
          different part of the action would see it.</p>
        <p>And this exemplifies much of Gibson's demonstration of subjects that are treated much
          more technically and explicitly in the science fiction genre. It is a Hemingwayan
          exploration of themes: those of technology, those of martial art, those of plastic and
          performance art, those of culture, and often as in Neuromancer and Agency, those of love.</p>
        <p>We are not handed what is going on, but allowed to observe it through the thinking but
          often-bewildered and fragile human mind.</p>
      </div>

    </content>
    <link rel='edit' type='application/atom+xml'
      href='https://www.blogger.com/feeds/8002380/posts/default/9205554994187221241' />
    <link rel='self' type='application/atom+xml'
      href='https://www.blogger.com/feeds/8002380/posts/default/9205554994187221241' />
    <link rel='alternate' type='text/html'
      href='https://books.supertitle.org/2022/06/the-peripheral.html' title='The Peripheral' />
    <author>
      <name>martin</name>
      <uri>https://www.blogger.com/profile/09053983859177005529</uri>
      <email>noreply@blogger.com</email>
      <gd:image rel='http://schemas.google.com/g/2005#thumbnail' width='35' height='35'
        src='//www.blogger.com/img/blogger_logo_round_35.png' />
    </author>
  </entry>
  <entry>
    <id>tag:blogger.com,1999:blog-8002380.post-8853599961709960609</id>
    <published>2022-04-30T10:52:00.001+02:00</published>
    <updated>2022-04-30T10:53:25.054+02:00</updated>
    <category scheme='http://schemas.google.com/g/2005#kind'
      term='http://schemas.google.com/blogger/2008/kind#post' />
    <title type='text'>Agency</title>
    <content type='html'>
      <div dir="ltr" style="text-align: left;" trbidi="on">
        <img class="bookCover" border="0"
          src="https://upload.wikimedia.org/wikipedia/en/8/89/Cover_Art%2C_Agency_by_William_Gibson.jpg"></img>
        <p>Agency, William Gibson</p>
        <p>Given his utter hold on how people interact with technology and thus how technology
          seizes our imagination, I am awed by Gibson's consistent mastery of narrating love.</p>
        <p>As on the third time through <a
            href="https://books.supertitle.org/2005/12/neuromancer.html">Neuromancer</a> I
          understood the book was about the pain of losing Molly, so with Agency I was hit by speed
          and power with which the relationship between Verity and Eunice takes grip, and how
          suddenly absence hurts.</p>
        <p>Plus cool robots.</p>
      </div>
    </content>
    <link rel='edit' type='application/atom+xml'
      href='https://www.blogger.com/feeds/8002380/posts/default/8853599961709960609' />
    <link rel='self' type='application/atom+xml'
      href='https://www.blogger.com/feeds/8002380/posts/default/8853599961709960609' />
    <link rel='alternate' type='text/html' href='https://books.supertitle.org/2022/04/agency.html'
      title='Agency' />
    <author>
      <name>martin</name>
      <uri>https://www.blogger.com/profile/09053983859177005529</uri>
      <email>noreply@blogger.com</email>
      <gd:image rel='http://schemas.google.com/g/2005#thumbnail' width='35' height='35'
        src='//www.blogger.com/img/blogger_logo_round_35.png' />
    </author>
  </entry>
  <entry>
    <id>tag:blogger.com,1999:blog-8002380.post-5066884278887531448</id>
    <published>2022-03-15T18:29:00.070+01:00</published>
    <updated>2022-05-02T09:32:38.878+02:00</updated>
    <category scheme='http://schemas.google.com/g/2005#kind'
      term='http://schemas.google.com/blogger/2008/kind#post' />
    <title type='text'>Spook Country</title>
    <content type='html'>
      <div dir="ltr" style="text-align: left;" trbidi="on">
        <img class="bookCover" border="0"
          src="https://upload.wikimedia.org/wikipedia/en/2/24/Spook_Country.jpg"></img>
        <p>Spook Country, William Gibson</p>
        <p>This man does not need to write about the future to be visionary (though we already knew
          that from <a href="https://books.supertitle.org/2004/08/difference-engine.html">The
          Difference Engine</a>).</p>
        <p>Gibson is not an SF writer; he is a <i>writer</i>. And what we love about his writing is:
          its precise brevity, its heart-racing mechanics and its literary breadth.</p>
        <p>Funny thing is I usually forget most of them. Love the martial-art style action here that
          he pulls off as if you were watching a movie.</p>
        <p>Love the language, both narrative and dialogue, purified to its essence.</p>
        <p>And one thing that struck me that I've observed before but not thought about: if you are
          reading any piece of any other fiction or non-fiction in parallel to reading Gibson where
          you come across some obsure fact, it's likely that you will find at least some of those
          facts in Gibson. Case in point: volapuk. Why did the first time I've heard of this thing
          immediately become the second time I've heard of this thing? Because I was also reading
          Gibson, and he's heard of everything.</p>
      </div>
    </content>
    <link rel='edit' type='application/atom+xml'
      href='https://www.blogger.com/feeds/8002380/posts/default/5066884278887531448' />
    <link rel='self' type='application/atom+xml'
      href='https://www.blogger.com/feeds/8002380/posts/default/5066884278887531448' />
    <link rel='alternate' type='text/html'
      href='https://books.supertitle.org/2022/03/spook-country.html' title='Spook Country' />
    <author>
      <name>martin</name>
      <uri>https://www.blogger.com/profile/09053983859177005529</uri>
      <email>noreply@blogger.com</email>
      <gd:image rel='http://schemas.google.com/g/2005#thumbnail' width='35' height='35'
        src='//www.blogger.com/img/blogger_logo_round_35.png' />
    </author>
  </entry>
  <entry>
    <id>tag:blogger.com,1999:blog-8002380.post-4839284838996955234</id>
    <published>2022-03-01T16:46:00.003+01:00</published>
    <updated>2022-03-01T16:46:50.969+01:00</updated>
    <category scheme='http://schemas.google.com/g/2005#kind'
      term='http://schemas.google.com/blogger/2008/kind#post' />
    <title type='text'>The Lincoln Lawyer</title>
    <content type='html'>
      <div dir="ltr" style="text-align: left;" trbidi="on">
      <img class="bookCover" border="0"
        src="https://upload.wikimedia.org/wikipedia/en/2/23/Lincolnlawyer.jpg"></img>
      <br />
      <p>The Lincoln Lawyer, Michael Connelly</p>
      <p>Catching up on a book I picked up at uncle's place and did not finish.</p>
      <p>Fast.</p>
    </content>
    <link rel='edit' type='application/atom+xml'
      href='https://www.blogger.com/feeds/8002380/posts/default/4839284838996955234' />
    <link rel='self' type='application/atom+xml'
      href='https://www.blogger.com/feeds/8002380/posts/default/4839284838996955234' />
    <link rel='alternate' type='text/html'
      href='https://books.supertitle.org/2022/03/the-lincoln-lawyer.html' title='The Lincoln Lawyer' />
    <author>
      <name>martin</name>
      <uri>https://www.blogger.com/profile/09053983859177005529</uri>
      <email>noreply@blogger.com</email>
      <gd:image rel='http://schemas.google.com/g/2005#thumbnail' width='35' height='35'
        src='//www.blogger.com/img/blogger_logo_round_35.png' />
    </author>
  </entry>
  <entry>
    <id>tag:blogger.com,1999:blog-8002380.post-8372441660749106428</id>
    <published>2022-03-01T16:42:00.003+01:00</published>
    <updated>2022-03-01T16:42:56.722+01:00</updated>
    <category scheme='http://schemas.google.com/g/2005#kind'
      term='http://schemas.google.com/blogger/2008/kind#post' />
    <title type='text'>The Curious Incident of the Dog in the Night-Time</title>
    <content type='html'>
      <div dir="ltr" style="text-align: left;" trbidi="on">
        <img class="bookCover" border="0"
          src="https://upload.wikimedia.org/wikipedia/en/0/03/Curiousincidentofdoginnighttime.jpg"></img>
        <br />
        <p>The Curious Incident of the Dog in the Night-Time, Mark Haddon</p>
        <p>Glad to have read it. Sad and a bit heart-wrenching yet easy.</p>
      </div>
    </content>
    <link rel='edit' type='application/atom+xml'
      href='https://www.blogger.com/feeds/8002380/posts/default/8372441660749106428' />
    <link rel='self' type='application/atom+xml'
      href='https://www.blogger.com/feeds/8002380/posts/default/8372441660749106428' />
    <link rel='alternate' type='text/html'
      href='https://books.supertitle.org/2022/03/the-curious-incident-of-dog-in-night.html'
      title='The Curious Incident of the Dog in the Night-Time' />
    <author>
      <name>martin</name>
      <uri>https://www.blogger.com/profile/09053983859177005529</uri>
      <email>noreply@blogger.com</email>
      <gd:image rel='http://schemas.google.com/g/2005#thumbnail' width='35' height='35'
        src='//www.blogger.com/img/blogger_logo_round_35.png' />
    </author>
  </entry>
  <entry>
    <id>tag:blogger.com,1999:blog-8002380.post-3840288369188393359</id>
    <published>2022-01-04T17:30:00.000+01:00</published>
    <updated>2022-01-04T17:30:03.940+01:00</updated>
    <category scheme='http://schemas.google.com/g/2005#kind'
      term='http://schemas.google.com/blogger/2008/kind#post' />
    <title type='text'>Project Hail Mary</title>
    <content type='html'>
      <div dir="ltr" style="text-align: left;" trbidi="on">
        <img class="bookCover" border="0"
          src="https://upload.wikimedia.org/wikipedia/en/a/ad/Project_Hail_Mary%2C_First_Edition_Cover_%282021%29.jpg"></img>
        <br />
        <p>Project Hail Mary, Andy Weir</p>
        <p>Excellent.</p>
      </div>
      <br />
    </content>
    <link rel='edit' type='application/atom+xml'
      href='https://www.blogger.com/feeds/8002380/posts/default/3840288369188393359' />
    <link rel='self' type='application/atom+xml'
      href='https://www.blogger.com/feeds/8002380/posts/default/3840288369188393359' />
    <link rel='alternate' type='text/html'
      href='https://books.supertitle.org/2022/01/project-hail-mary.html' title='Project Hail Mary' />
    <author>
      <name>martin</name>
      <uri>https://www.blogger.com/profile/09053983859177005529</uri>
      <email>noreply@blogger.com</email>
      <gd:image rel='http://schemas.google.com/g/2005#thumbnail' width='35' height='35'
        src='//www.blogger.com/img/blogger_logo_round_35.png' />
    </author>
  </entry>
  <entry>
    <id>tag:blogger.com,1999:blog-8002380.post-917344853958217730</id>
    <published>2021-12-27T13:29:00.006+01:00</published>
    <updated>2021-12-27T13:29:48.184+01:00</updated>
    <category scheme='http://schemas.google.com/g/2005#kind'
      term='http://schemas.google.com/blogger/2008/kind#post' />
    <title type='text'>Harrow the Ninth</title>
    <content type='html'>
      <div dir="ltr" style="text-align: left;" trbidi="on">
        <img class="bookCover" border="0"
          src="https://upload.wikimedia.org/wikipedia/en/0/02/Harrow_the_Ninth.jpg"></img>
        <br />
        <p>Harrow the Ninth, Tamsyn Muir</p>
        <p>I am coming to the realization that reading once through this series sequentially does
          not constitute having "read" it.</p>
        <p>It's like. Each word is vast. It is meticulous although it is channelling some gigantic
          superhuman force that clearly thwarts meticulosity. And its narrative is clearly pushing
          towards some monumental revelation.</p>
        <p>But it resists being read cover-to-cover; I believe it must be un-covered. Ie., there is
          too much to remember to understand what has happened by the time it's over. I read it on
          Kindle, but I am mulling paper copies so I can navigate quicker.</p>
        <p>In short, I'm very glad to have found these books, but having finished I'm not sure if I
          have actually read them.</p>
      </div>
    </content>
    <link rel='edit' type='application/atom+xml'
      href='https://www.blogger.com/feeds/8002380/posts/default/917344853958217730' />
    <link rel='self' type='application/atom+xml'
      href='https://www.blogger.com/feeds/8002380/posts/default/917344853958217730' />
    <link rel='alternate' type='text/html'
      href='https://books.supertitle.org/2021/12/harrow-ninth.html' title='Harrow the Ninth' />
    <author>
      <name>martin</name>
      <uri>https://www.blogger.com/profile/09053983859177005529</uri>
      <email>noreply@blogger.com</email>
      <gd:image rel='http://schemas.google.com/g/2005#thumbnail' width='35' height='35'
        src='//www.blogger.com/img/blogger_logo_round_35.png' />
    </author>
  </entry>
  <entry>
    <id>tag:blogger.com,1999:blog-8002380.post-8054906505126994964</id>
    <published>2021-12-04T12:00:00.004+01:00</published>
    <updated>2021-12-04T12:06:35.205+01:00</updated>
    <category scheme='http://schemas.google.com/g/2005#kind'
      term='http://schemas.google.com/blogger/2008/kind#post' />
    <title type='text'>Le restaurant de l'amour retrouvé</title>
    <content type='html'>
      <div dir="ltr" style="text-align: left;" trbidi="on">
        <img class="bookCover" border="0"
          src="https://i.gr-assets.com/images/S/compressed.photo.goodreads.com/books/1382428087l/18666337.jpg"></img>
        <p>Le restaurant de l'amour retrouvé, Ito Ogawa tr. Myriam Dartois-Ako</p>
        <p>Excellent, short book with a depth unexpected from its easy tone. Reminds me of <a
            href="https://books.supertitle.org/2008/09/linsoutenable-lgret-de-ltre.html">Milan
          Kundera</a>.</p>
      </div>
    </content>
    <link rel='edit' type='application/atom+xml'
      href='https://www.blogger.com/feeds/8002380/posts/default/8054906505126994964' />
    <link rel='self' type='application/atom+xml'
      href='https://www.blogger.com/feeds/8002380/posts/default/8054906505126994964' />
    <link rel='alternate' type='text/html'
      href='https://books.supertitle.org/2021/12/le-restaurant-de-lamour-retrouve.html'
      title='Le restaurant de l&apos;amour retrouvé' />
    <author>
      <name>martin</name>
      <uri>https://www.blogger.com/profile/09053983859177005529</uri>
      <email>noreply@blogger.com</email>
      <gd:image rel='http://schemas.google.com/g/2005#thumbnail' width='35' height='35'
        src='//www.blogger.com/img/blogger_logo_round_35.png' />
    </author>
  </entry>
  <entry>
    <id>tag:blogger.com,1999:blog-8002380.post-4506114347959795595</id>
    <published>2021-11-07T20:43:00.004+01:00</published>
    <updated>2022-02-13T16:22:48.450+01:00</updated>
    <category scheme='http://schemas.google.com/g/2005#kind'
      term='http://schemas.google.com/blogger/2008/kind#post' />
    <title type='text'>Humble Pi</title>
    <content type='html'>
      <div dir="ltr" style="text-align: left;" trbidi="on">
        <img class="bookCover" border="0"
          src="https://i.gr-assets.com/images/S/compressed.photo.goodreads.com/books/1552885037l/39074550._SY475_.jpg"></img>
        <br />
        <p>Humble Pi, Matt Parker</p>
        <p>Very nice.</p>
      </div>
      <br />
    </content>
    <link rel='edit' type='application/atom+xml'
      href='https://www.blogger.com/feeds/8002380/posts/default/4506114347959795595' />
    <link rel='self' type='application/atom+xml'
      href='https://www.blogger.com/feeds/8002380/posts/default/4506114347959795595' />
    <link rel='alternate' type='text/html'
      href='https://books.supertitle.org/2021/11/humble-pi.html' title='Humble Pi' />
    <author>
      <name>martin</name>
      <uri>https://www.blogger.com/profile/09053983859177005529</uri>
      <email>noreply@blogger.com</email>
      <gd:image rel='http://schemas.google.com/g/2005#thumbnail' width='35' height='35'
        src='//www.blogger.com/img/blogger_logo_round_35.png' />
    </author>
  </entry>
  <entry>
    <id>tag:blogger.com,1999:blog-8002380.post-2007847697795583528</id>
    <published>2021-10-20T18:55:00.001+02:00</published>
    <updated>2021-11-06T19:06:41.873+01:00</updated>
    <category scheme='http://schemas.google.com/g/2005#kind'
      term='http://schemas.google.com/blogger/2008/kind#post' />
    <title type='text'>Kalpa Imperial</title>
    <content type='html'>
      <div dir="ltr" style="text-align: left;" trbidi="on">
        <img class="bookCover" border="0"
          src="https://i.gr-assets.com/images/S/compressed.photo.goodreads.com/books/1348612091l/16047460.jpg"></img>
        <br />
        <p>Kalpa Imperial, Angelica Gorodischer tr. Ursula Le Guin</p>
        <p>Should have been better. Very imaginative. Very epic. But just kind of overall bored.</p>
        <p>It's strange because I have previously noticed that I like when Ursula Le Guin—when she
          is an author and not translating as here—is actually great when she's <a
            href="http://books.supertitle.org/2016/05/the-dispossessed.html">boring</a>. By that I
          mean that there is something both powerful and peaceful in her the slowness and calm with
          which she treats her alien characters, themes and landscapes. In <i>Kalpa</i> however,
          while I see a very close match in Gorodischer and Le Guin's styles, I feel a remoteness
          that fails to let me be captivated by the story. It kind of feels like Gorodischer expects
          me to know her planet without telling me enough about it.</p>
        <p>It's too bad, because it is a book of scale more staggering than I have seen elsewhere.</p>
      </div>
    </content>
    <link rel='edit' type='application/atom+xml'
      href='https://www.blogger.com/feeds/8002380/posts/default/2007847697795583528' />
    <link rel='self' type='application/atom+xml'
      href='https://www.blogger.com/feeds/8002380/posts/default/2007847697795583528' />
    <link rel='alternate' type='text/html'
      href='https://books.supertitle.org/2021/10/kalpa-imperial.html' title='Kalpa Imperial' />
    <author>
      <name>martin</name>
      <uri>https://www.blogger.com/profile/09053983859177005529</uri>
      <email>noreply@blogger.com</email>
      <gd:image rel='http://schemas.google.com/g/2005#thumbnail' width='35' height='35'
        src='//www.blogger.com/img/blogger_logo_round_35.png' />
    </author>
  </entry>
  <entry>
    <id>tag:blogger.com,1999:blog-8002380.post-2156519383896711135</id>
    <published>2021-08-30T18:38:00.002+02:00</published>
    <updated>2021-12-05T13:26:21.352+01:00</updated>
    <category scheme='http://schemas.google.com/g/2005#kind'
      term='http://schemas.google.com/blogger/2008/kind#post' />
    <title type='text'>Gideon the Ninth</title>
    <content type='html'>
      <div dir="ltr" style="text-align: left;" trbidi="on">
        <img class="bookCover" border="0"
          src="https://upload.wikimedia.org/wikipedia/en/6/66/Gideon_the_Ninth_-_US_hardback_print_cover.jpg"></img>
        <br />
        <p>Gideon the Ninth, Tamsyn Muir</p>
        <p>Worth reading for the language itself. Check out that first sentence.</p>
        <p>What follows is an incredibly promising story, warped imagination, drama, dialogue,
          tension, wit and jokes until the last page. It's just that that last page is a bit
          disappointing, the resolution feeling a bit cheap.</p>
        <p>It's good enough that I'm reading the sequel and enjoying it. This is like <i>Neuromancer</i>
          meets ummm... <i>The Addams Family</i>? Never seen anything like it, and the flaw I feel a
          less challenging book might have avoided is more than made up for by <i>Gideon</i>'s
          irreverent literacy.</p>
      </div>
    </content>
    <link rel='edit' type='application/atom+xml'
      href='https://www.blogger.com/feeds/8002380/posts/default/2156519383896711135' />
    <link rel='self' type='application/atom+xml'
      href='https://www.blogger.com/feeds/8002380/posts/default/2156519383896711135' />
    <link rel='alternate' type='text/html'
      href='https://books.supertitle.org/2021/08/gideon-ninth.html' title='Gideon the Ninth' />
    <author>
      <name>martin</name>
      <uri>https://www.blogger.com/profile/09053983859177005529</uri>
      <email>noreply@blogger.com</email>
      <gd:image rel='http://schemas.google.com/g/2005#thumbnail' width='35' height='35'
        src='//www.blogger.com/img/blogger_logo_round_35.png' />
    </author>
  </entry>
  <entry>
    <id>tag:blogger.com,1999:blog-8002380.post-6162854980741312807</id>
    <published>2021-08-09T21:23:00.002+02:00</published>
    <updated>2021-08-10T14:00:04.439+02:00</updated>
    <category scheme='http://schemas.google.com/g/2005#kind'
      term='http://schemas.google.com/blogger/2008/kind#post' />
    <title type='text'>Shibumi</title>
    <content type='html'>
      <div dir="ltr" style="text-align: left;" trbidi="on">
        <img class="bookCover" border="0"
          src="https://upload.wikimedia.org/wikipedia/en/2/26/Shibumi.jpg"></img>
        <br />
        <p>Shibumi, Trevanian tr. Anne Damour</p>
        <p>Super good story. A little compressed though. There's a fairly uneventful section on
          spelunking in the middle whose purpose I understand but of whose length I am a little
          unsure.</p>
        <p>Nevertheless, the book shows an extraoridnary balance, making me think that maybe the
          middle is long for a mystic reason at which my shallow mind can only grasp.</p>
        <p>On a personal note, Shibumi argues very strongly against American–and American-influenced
          Western–culture. I am looking at North Americans in a new light after this.</p>
      </div>
      <br />
    </content>
    <link rel='edit' type='application/atom+xml'
      href='https://www.blogger.com/feeds/8002380/posts/default/6162854980741312807' />
    <link rel='self' type='application/atom+xml'
      href='https://www.blogger.com/feeds/8002380/posts/default/6162854980741312807' />
    <link rel='alternate' type='text/html' href='https://books.supertitle.org/2021/08/shibumi.html'
      title='Shibumi' />
    <author>
      <name>martin</name>
      <uri>https://www.blogger.com/profile/09053983859177005529</uri>
      <email>noreply@blogger.com</email>
      <gd:image rel='http://schemas.google.com/g/2005#thumbnail' width='35' height='35'
        src='//www.blogger.com/img/blogger_logo_round_35.png' />
    </author>
  </entry>
  <entry>
    <id>tag:blogger.com,1999:blog-8002380.post-646597207329367811</id>
    <published>2021-08-09T21:20:00.003+02:00</published>
    <updated>2021-08-09T21:20:35.560+02:00</updated>
    <category scheme='http://schemas.google.com/g/2005#kind'
      term='http://schemas.google.com/blogger/2008/kind#post' />
    <title type='text'>Lavinia</title>
    <content type='html'>
      <div dir="ltr" style="text-align: left;" trbidi="on">
        <img class="bookCover" border="0"
          src="https://upload.wikimedia.org/wikipedia/en/7/7a/Lavinia_Novel.JPG"></img>
        <br />
        <p>Lavinia, Ursula Le Guin</p>
        <p>Well-told story in Le Guin's characteristically calm depth.</p>
      </div>
      <br />
    </content>
    <link rel='edit' type='application/atom+xml'
      href='https://www.blogger.com/feeds/8002380/posts/default/646597207329367811' />
    <link rel='self' type='application/atom+xml'
      href='https://www.blogger.com/feeds/8002380/posts/default/646597207329367811' />
    <link rel='alternate' type='text/html' href='https://books.supertitle.org/2021/08/lavinia.html'
      title='Lavinia' />
    <author>
      <name>martin</name>
      <uri>https://www.blogger.com/profile/09053983859177005529</uri>
      <email>noreply@blogger.com</email>
      <gd:image rel='http://schemas.google.com/g/2005#thumbnail' width='35' height='35'
        src='//www.blogger.com/img/blogger_logo_round_35.png' />
    </author>
  </entry>
  <entry>
    <id>tag:blogger.com,1999:blog-8002380.post-6259789757432954694</id>
    <published>2021-08-01T06:56:00.047+02:00</published>
    <updated>2021-08-25T07:09:54.332+02:00</updated>
    <category scheme='http://schemas.google.com/g/2005#kind'
      term='http://schemas.google.com/blogger/2008/kind#post' />
    <title type='text'>Nineteen Eighty-Four</title>
    <content type='html'>
      <div dir="ltr" style="text-align: left;" trbidi="on">
        <img class="bookCover" border="0"
          src="https://upload.wikimedia.org/wikipedia/commons/c/c3/1984first.jpg"></img>
        <br />
        <p>Nineteen Eighty-Four, George Orwell</p>
        <p>Bad, then good, then really bad.</p>
        <p>I've always felt that one should read all books that draw one's curiosity, but this book
          is one I would prefer to read <i>about</i> rather than read.</p>
      </div>
      <br />
    </content>
    <link rel='edit' type='application/atom+xml'
      href='https://www.blogger.com/feeds/8002380/posts/default/6259789757432954694' />
    <link rel='self' type='application/atom+xml'
      href='https://www.blogger.com/feeds/8002380/posts/default/6259789757432954694' />
    <link rel='alternate' type='text/html'
      href='https://books.supertitle.org/2021/08/nineteen-eighty-four.html'
      title='Nineteen Eighty-Four' />
    <author>
      <name>martin</name>
      <uri>https://www.blogger.com/profile/09053983859177005529</uri>
      <email>noreply@blogger.com</email>
      <gd:image rel='http://schemas.google.com/g/2005#thumbnail' width='35' height='35'
        src='//www.blogger.com/img/blogger_logo_round_35.png' />
    </author>
  </entry>
  <entry>
    <id>tag:blogger.com,1999:blog-8002380.post-7385048772055231666</id>
    <published>2021-05-24T20:01:00.001+02:00</published>
    <updated>2021-05-24T20:01:58.155+02:00</updated>
    <category scheme='http://schemas.google.com/g/2005#kind'
      term='http://schemas.google.com/blogger/2008/kind#post' />
    <title type='text'>The Seeress of Kell</title>
    <content type='html'>
      <div dir="ltr" style="text-align: left;" trbidi="on">
        <img class="bookCover" border="0"
          src="https://i.gr-assets.com/images/S/compressed.photo.goodreads.com/books/1569076652l/110694._SY475_.jpg"></img>
        <br />
        <p>The Seeress of Kell, David Eddings</p>
        <p>Much too short.</p>
      </div>
      <br />
    </content>
    <link rel='edit' type='application/atom+xml'
      href='https://www.blogger.com/feeds/8002380/posts/default/7385048772055231666' />
    <link rel='self' type='application/atom+xml'
      href='https://www.blogger.com/feeds/8002380/posts/default/7385048772055231666' />
    <link rel='alternate' type='text/html'
      href='https://books.supertitle.org/2021/05/the-seeress-of-kell.html'
      title='The Seeress of Kell' />
    <author>
      <name>martin</name>
      <uri>https://www.blogger.com/profile/09053983859177005529</uri>
      <email>noreply@blogger.com</email>
      <gd:image rel='http://schemas.google.com/g/2005#thumbnail' width='35' height='35'
        src='//www.blogger.com/img/blogger_logo_round_35.png' />
    </author>
  </entry>
  <entry>
    <id>tag:blogger.com,1999:blog-8002380.post-7688397241115880089</id>
    <published>2021-04-30T19:55:00.007+02:00</published>
    <updated>2021-05-24T19:59:45.211+02:00</updated>
    <category scheme='http://schemas.google.com/g/2005#kind'
      term='http://schemas.google.com/blogger/2008/kind#post' />
    <title type='text'>Sorceress of Darshiva</title>
    <content type='html'>
      <div dir="ltr" style="text-align: left;" trbidi="on">
        <img class="bookCover" border="0"
          src="https://i.gr-assets.com/images/S/compressed.photo.goodreads.com/books/1342438281l/371787.jpg"></img>
        <br />
        <p>Sorceress of Darshiva, David Eddings</p>
        <p>Too short.</p>
      </div>
      <br />
    </content>
    <link rel='edit' type='application/atom+xml'
      href='https://www.blogger.com/feeds/8002380/posts/default/7688397241115880089' />
    <link rel='self' type='application/atom+xml'
      href='https://www.blogger.com/feeds/8002380/posts/default/7688397241115880089' />
    <link rel='alternate' type='text/html'
      href='https://books.supertitle.org/2021/04/sorceress-of-darshiva.html'
      title='Sorceress of Darshiva' />
    <author>
      <name>martin</name>
      <uri>https://www.blogger.com/profile/09053983859177005529</uri>
      <email>noreply@blogger.com</email>
      <gd:image rel='http://schemas.google.com/g/2005#thumbnail' width='35' height='35'
        src='//www.blogger.com/img/blogger_logo_round_35.png' />
    </author>
  </entry>
  <entry>
    <id>tag:blogger.com,1999:blog-8002380.post-798430162067890931</id>
    <published>2021-04-18T09:37:00.006+02:00</published>
    <updated>2021-04-18T09:48:52.058+02:00</updated>
    <category scheme='http://schemas.google.com/g/2005#kind'
      term='http://schemas.google.com/blogger/2008/kind#post' />
    <title type='text'>Demon Lord of Karanda</title>
    <content type='html'>
      <div dir="ltr" style="text-align: left;" trbidi="on">
        <img border="0" class="bookCover"
          src="https://i.gr-assets.com/images/S/compressed.photo.goodreads.com/books/1342528740l/286507.jpg" />
        <br />
        <p>Demon Lord of Karanda, David Eddings</p>
        <p>Book Three of The Malloreon.</p>
        <p>Very good stuff, as usual. Excellent move onto a new continent, once again an unexpected
          volume of playful imagination.</p>
      </div>
    </content>
    <link rel='edit' type='application/atom+xml'
      href='https://www.blogger.com/feeds/8002380/posts/default/798430162067890931' />
    <link rel='self' type='application/atom+xml'
      href='https://www.blogger.com/feeds/8002380/posts/default/798430162067890931' />
    <link rel='alternate' type='text/html'
      href='https://books.supertitle.org/2021/04/demon-lord-of-karanda.html'
      title='Demon Lord of Karanda' />
    <author>
      <name>martin</name>
      <uri>https://www.blogger.com/profile/09053983859177005529</uri>
      <email>noreply@blogger.com</email>
      <gd:image rel='http://schemas.google.com/g/2005#thumbnail' width='35' height='35'
        src='//www.blogger.com/img/blogger_logo_round_35.png' />
    </author>
  </entry>
  <entry>
    <id>tag:blogger.com,1999:blog-8002380.post-329339277750532471</id>
    <published>2021-04-02T09:15:00.003+02:00</published>
    <updated>2021-04-18T09:47:48.921+02:00</updated>
    <category scheme='http://schemas.google.com/g/2005#kind'
      term='http://schemas.google.com/blogger/2008/kind#post' />
    <title type='text'>King of the Murgos</title>
    <content type='html'>
      <div dir="ltr" style="text-align: left;" trbidi="on">
        <img class="bookCover" border="0"
          src="https://i.gr-assets.com/images/S/compressed.photo.goodreads.com/books/1172550298l/189811.jpg"></img>
        <p>King of the Murgos, David Eddings</p>
        <p>Book Two of The Malloreon.</p>
        <p>This is where The Malloreon starts to feel like a "Better Belgariad."</p>
        <p>Let's be clear: this is an escapist fantasy series. We are looking for obvious heros with
          obvious powers that overcome mighty enemies. But we want that to take some time. We
          therefore have a quest, literally laid out in advance (and I mean the word "literally"
          literally), which we know will take five books, and which we know will follow the same
          path as the previous series.</p>
        <p>If we can accept that we will not be surprised by the outcome, then we can immerse
          ourselves in the details: the language of writers who are clearly amusing themselves, the
          interplay of caricature and developed characters, and the modernization, the moral
          improvement on some of the themes that left the first series with some questionable taste.
          Finally, it is satisfying to puzzle out the little conundra that the group of heros
          continually get themselves into.</p>
        <p>If the first series was racist (towards imaginary races, but still pricipally racist),
          then this particular book starts to show ways to move away from that racism. Given - we
          are still talking about racism between imaginary races, but the message throughout both
          these series that racism is Ok is somewhat foul. In this this book, we get hints that the
          authors are re-thinking that message, even if they do not do so fully.</p>
        <p>Likewise with sexism, directed at women. In this book we start to get hints that women
          are equal to men, even if those roles are not fully realized equally. It is more about
          potential. The trend is going in the right direction.</p>
        <p>That re-thinking: that reconsideration of individual character over caricature is what is
          exciting about The Malloreon and particularly about King of the Murgos. If Leigh and David
          Eddings had been alive to write a third series today, one feels that there may have been
          potential for something truly modern.</p>
      </div>
    </content>
    <link rel='edit' type='application/atom+xml'
      href='https://www.blogger.com/feeds/8002380/posts/default/329339277750532471' />
    <link rel='self' type='application/atom+xml'
      href='https://www.blogger.com/feeds/8002380/posts/default/329339277750532471' />
    <link rel='alternate' type='text/html'
      href='https://books.supertitle.org/2021/04/king-of-murgos.html' title='King of the Murgos' />
    <author>
      <name>martin</name>
      <uri>https://www.blogger.com/profile/09053983859177005529</uri>
      <email>noreply@blogger.com</email>
      <gd:image rel='http://schemas.google.com/g/2005#thumbnail' width='35' height='35'
        src='//www.blogger.com/img/blogger_logo_round_35.png' />
    </author>
  </entry>
  <entry>
    <id>tag:blogger.com,1999:blog-8002380.post-5599317519127947085</id>
    <published>2021-03-23T13:19:00.000+01:00</published>
    <updated>2021-03-23T13:19:25.457+01:00</updated>
    <category scheme='http://schemas.google.com/g/2005#kind'
      term='http://schemas.google.com/blogger/2008/kind#post' />
    <title type='text'>The Unicorn Quest: Fire in the Star</title>
    <content type='html'>
      <div dir="ltr" style="text-align: left;" trbidi="on">
        <img class="bookCover" border="0"
          src="https://i.gr-assets.com/images/S/compressed.photo.goodreads.com/books/1561560263l/44177091._SY475_.jpg"></img>
        <br />
        <p>The Unicorn Quest: Fire in the Star, Kamilla Benko</p>
        <p>Kid book.</p>
        <p>Pretty good. Some of the resolutions are contrived: like quite often a last-minute
          character or plot element comes in to undo all the tension.</p>
        <p>And yet, I like how we see this writing "process" this way. I don't think all books
          should be made like this. It feels like Benko could have spent a little bit more time
          tying up some of the narrative knots and would then have had a series to rival real
          classics. But it also shows us that making a story is more than writing it.</p>
        <p>So the storytelling may be slightly unpolished, but the series is imaginative, it is
          original, and it creatively inspiring, because the world Benko has built has potential
          well outside the story.</p>
      </div>
    </content>
    <link rel='edit' type='application/atom+xml'
      href='https://www.blogger.com/feeds/8002380/posts/default/5599317519127947085' />
    <link rel='self' type='application/atom+xml'
      href='https://www.blogger.com/feeds/8002380/posts/default/5599317519127947085' />
    <link rel='alternate' type='text/html'
      href='https://books.supertitle.org/2021/03/the-unicorn-quest-fire-in-star.html'
      title='The Unicorn Quest: Fire in the Star' />
    <author>
      <name>martin</name>
      <uri>https://www.blogger.com/profile/09053983859177005529</uri>
      <email>noreply@blogger.com</email>
      <gd:image rel='http://schemas.google.com/g/2005#thumbnail' width='35' height='35'
        src='//www.blogger.com/img/blogger_logo_round_35.png' />
    </author>
  </entry>
  <entry>
    <id>tag:blogger.com,1999:blog-8002380.post-8230115235151750533</id>
    <published>2021-03-12T09:02:00.023+01:00</published>
    <updated>2021-04-18T09:44:06.244+02:00</updated>
    <category scheme='http://schemas.google.com/g/2005#kind'
      term='http://schemas.google.com/blogger/2008/kind#post' />
    <title type='text'>Guardians of the West</title>
    <content type='html'>
      <div dir="ltr" style="text-align: left;" trbidi="on">
        <img border="0" class="bookCover"
          src="https://i.gr-assets.com/images/S/compressed.photo.goodreads.com/books/1342528416l/673657.jpg" />
        <p>Guardians of the West, David Eddings (x2)</p>
        <p>Book One of The Malloreon.</p>
        <p>It starts slow, but one must put this in context: one has just finished reading the
          epic-fun Belgariad, and one wants more.</p>
        <p>At that, a slow start is welcome, like a spring coiling, winding.</p>
        <p>By the end of this book, we know we're in for a great series.</p>
      </div>
    </content>
    <link rel='edit' type='application/atom+xml'
      href='https://www.blogger.com/feeds/8002380/posts/default/8230115235151750533' />
    <link rel='self' type='application/atom+xml'
      href='https://www.blogger.com/feeds/8002380/posts/default/8230115235151750533' />
    <link rel='alternate' type='text/html'
      href='https://books.supertitle.org/2021/03/guardians-of-west.html'
      title='Guardians of the West' />
    <author>
      <name>martin</name>
      <uri>https://www.blogger.com/profile/09053983859177005529</uri>
      <email>noreply@blogger.com</email>
      <gd:image rel='http://schemas.google.com/g/2005#thumbnail' width='35' height='35'
        src='//www.blogger.com/img/blogger_logo_round_35.png' />
    </author>
  </entry>
  <entry>
    <id>tag:blogger.com,1999:blog-8002380.post-549818205858982108</id>
    <published>2021-01-14T11:15:00.004+01:00</published>
    <updated>2021-01-14T11:15:29.353+01:00</updated>
    <category scheme='http://schemas.google.com/g/2005#kind'
      term='http://schemas.google.com/blogger/2008/kind#post' />
    <title type='text'>The Lady in the Lake</title>
    <content type='html'>
      <div dir="ltr" style="text-align: left;" trbidi="on">
        <img class="bookCover" border="0"
          src="https://upload.wikimedia.org/wikipedia/commons/3/3b/The_Lady_in_the_Lake_-_Raymond_Chandler_%281st_ed_cover%29.jpg"></img>
        <br />
        <p>Tha Lady in the Lake, Raymond Chandler</p>
        <p>Good detective story. Not sure I really followed the unravelling: a little complicated.
          But overall tasty like pizza.</p>
      </div>
    </content>
    <link rel='edit' type='application/atom+xml'
      href='https://www.blogger.com/feeds/8002380/posts/default/549818205858982108' />
    <link rel='self' type='application/atom+xml'
      href='https://www.blogger.com/feeds/8002380/posts/default/549818205858982108' />
    <link rel='alternate' type='text/html'
      href='https://books.supertitle.org/2021/01/the-lady-in-lake.html' title='The Lady in the Lake' />
    <author>
      <name>martin</name>
      <uri>https://www.blogger.com/profile/09053983859177005529</uri>
      <email>noreply@blogger.com</email>
      <gd:image rel='http://schemas.google.com/g/2005#thumbnail' width='35' height='35'
        src='//www.blogger.com/img/blogger_logo_round_35.png' />
    </author>
  </entry>
  <entry>
    <id>tag:blogger.com,1999:blog-8002380.post-3218171202771733877</id>
    <published>2020-12-31T10:57:00.001+01:00</published>
    <updated>2021-01-14T11:02:36.912+01:00</updated>
    <category scheme='http://schemas.google.com/g/2005#kind'
      term='http://schemas.google.com/blogger/2008/kind#post' />
    <title type='text'>Enchanters' End Game</title>
    <content type='html'>
      <div dir="ltr" style="text-align: left;" trbidi="on">
        <img class="bookCover" border="0"
          src="https://i.gr-assets.com/images/S/compressed.photo.goodreads.com/books/1217735909l/44687.jpg"></img>
        <p>Enchanters' End Game, David Eddings (x2)</p>
        <p>A good and satisfying end to the series, with a well-developed variant on the basic quest
          that has been driving the first four books. Just a well-served five-course meal,
          everything in its place but everything surprising enough to keep you enjoying new thing
          after new thing.</p>
        <p>It is not the deepest book I've ever read, but I'm glad to have read it twice.</p>
      </div>
    </content>
    <link rel='edit' type='application/atom+xml'
      href='https://www.blogger.com/feeds/8002380/posts/default/3218171202771733877' />
    <link rel='self' type='application/atom+xml'
      href='https://www.blogger.com/feeds/8002380/posts/default/3218171202771733877' />
    <link rel='alternate' type='text/html'
      href='https://books.supertitle.org/2020/12/enchanters-end-game.html'
      title='Enchanters&apos; End Game' />
    <author>
      <name>martin</name>
      <uri>https://www.blogger.com/profile/09053983859177005529</uri>
      <email>noreply@blogger.com</email>
      <gd:image rel='http://schemas.google.com/g/2005#thumbnail' width='35' height='35'
        src='//www.blogger.com/img/blogger_logo_round_35.png' />
    </author>
  </entry>
  <entry>
    <id>tag:blogger.com,1999:blog-8002380.post-8520704461553941548</id>
    <published>2020-12-01T10:19:00.004+01:00</published>
    <updated>2021-01-14T11:16:37.749+01:00</updated>
    <category scheme='http://schemas.google.com/g/2005#kind'
      term='http://schemas.google.com/blogger/2008/kind#post' />
    <title type='text'>Castle of Wizardry</title>
    <content type='html'>
      <div dir="ltr" style="text-align: left;" trbidi="on">
        <img class="bookCover" border="0"
          src="https://i.gr-assets.com/images/S/compressed.photo.goodreads.com/books/1421711682l/645023.jpg"></img>
        <br />
        <p>Castle of Wizardry, David Eddings (x2)</p>
        <p>Awesome story continues and awesome stuff happens. Besides the standard fantasy elements
          like magical creatures and fights, Eddings is also quite good at architecture: the
          movement through specific spaces like mountains, tunnels and towers. Nice atmosphere,
          gripping, yes.</p>
      </div>
    </content>
    <link rel='edit' type='application/atom+xml'
      href='https://www.blogger.com/feeds/8002380/posts/default/8520704461553941548' />
    <link rel='self' type='application/atom+xml'
      href='https://www.blogger.com/feeds/8002380/posts/default/8520704461553941548' />
    <link rel='alternate' type='text/html'
      href='https://books.supertitle.org/2020/12/castle-of-wizardry.html' title='Castle of Wizardry' />
    <author>
      <name>martin</name>
      <uri>https://www.blogger.com/profile/09053983859177005529</uri>
      <email>noreply@blogger.com</email>
      <gd:image rel='http://schemas.google.com/g/2005#thumbnail' width='35' height='35'
        src='//www.blogger.com/img/blogger_logo_round_35.png' />
    </author>
  </entry>
  <entry>
    <id>tag:blogger.com,1999:blog-8002380.post-3751074290908878725</id>
    <published>2020-11-15T10:05:00.001+01:00</published>
    <updated>2021-01-14T11:06:34.861+01:00</updated>
    <category scheme='http://schemas.google.com/g/2005#kind'
      term='http://schemas.google.com/blogger/2008/kind#post' />
    <title type='text'>Magician's Gambit</title>
    <content type='html'>
      <div dir="ltr" style="text-align: left;" trbidi="on">
        <img class="bookCover" border="0"
          src="https://i.gr-assets.com/images/S/compressed.photo.goodreads.com/books/1315276590l/44688.jpg"></img>
        <br />
        <p>Magician's Gambit, David Eddings (x2)</p>
        <p>Third installement, the story tightens again, you feel like the imaginative elements
          "fit" into something larger. Lots of nice reveals, development, supense. Basically just
          sit back an enjoy.</p>
      </div>
    </content>
    <link rel='edit' type='application/atom+xml'
      href='https://www.blogger.com/feeds/8002380/posts/default/3751074290908878725' />
    <link rel='self' type='application/atom+xml'
      href='https://www.blogger.com/feeds/8002380/posts/default/3751074290908878725' />
    <link rel='alternate' type='text/html'
      href='https://books.supertitle.org/2021/01/magicians-gambit.html'
      title='Magician&apos;s Gambit' />
    <author>
      <name>martin</name>
      <uri>https://www.blogger.com/profile/09053983859177005529</uri>
      <email>noreply@blogger.com</email>
      <gd:image rel='http://schemas.google.com/g/2005#thumbnail' width='35' height='35'
        src='//www.blogger.com/img/blogger_logo_round_35.png' />
    </author>
  </entry>
  <entry>
    <id>tag:blogger.com,1999:blog-8002380.post-2032000992398532908</id>
    <published>2020-11-01T15:45:00.001+01:00</published>
    <updated>2021-01-14T11:06:24.652+01:00</updated>
    <category scheme='http://schemas.google.com/g/2005#kind'
      term='http://schemas.google.com/blogger/2008/kind#post' />
    <title type='text'>Queen of Sorcery</title>
    <content type='html'>
      <div dir="ltr" style="text-align: left;" trbidi="on">
        <img class="bookCover" border="0"
          src="https://i.gr-assets.com/images/S/compressed.photo.goodreads.com/books/1428943169l/587582.jpg"></img>
        <br />
        <p>Queen of Sorcery, David Eddings (x2)</p>
        <p>Standing alone, felt like a bit of a filler compared to the other books, even though
          individual scenes are really good. So is the action. It just feels like those good parts
          are a little disconnected from the principle story arc.</p>
        <p>I also actually felt put off by the deliberate racism, which is weird, because the races
          are fictional. Obviously the Murgo race is the "bad one", but it still feels extreme that
          those Murgos are killed without any particular judicial recourse. I mean it's not just a
          group of bad people like Deatheaters or something; it's a whole race with men, women and
          children. Indeed, we only see the men being killed, but there's something to think about
          there. Not sure I can think of another literary example where an entire race is considered
          evil. (Books written in the 1980's folks.)</p>
        <p>All that said, this five-book series is really just one long book, so having one chapter
          more dedicated to set-up is not such a bad thing. Let's move on!</p>
      </div>
    </content>
    <link rel='edit' type='application/atom+xml'
      href='https://www.blogger.com/feeds/8002380/posts/default/2032000992398532908' />
    <link rel='self' type='application/atom+xml'
      href='https://www.blogger.com/feeds/8002380/posts/default/2032000992398532908' />
    <link rel='alternate' type='text/html'
      href='https://books.supertitle.org/2021/01/queen-of-sorcery.html' title='Queen of Sorcery' />
    <author>
      <name>martin</name>
      <uri>https://www.blogger.com/profile/09053983859177005529</uri>
      <email>noreply@blogger.com</email>
      <gd:image rel='http://schemas.google.com/g/2005#thumbnail' width='35' height='35'
        src='//www.blogger.com/img/blogger_logo_round_35.png' />
    </author>
  </entry>
  <entry>
    <id>tag:blogger.com,1999:blog-8002380.post-759709459486802845</id>
    <published>2020-10-24T11:56:00.004+02:00</published>
    <updated>2021-01-14T11:06:11.013+01:00</updated>
    <category scheme='http://schemas.google.com/g/2005#kind'
      term='http://schemas.google.com/blogger/2008/kind#post' />
    <title type='text'>Pawn of Prophecy</title>
    <content type='html'>
      <div dir="ltr" style="text-align: left;" trbidi="on">
        <img class="bookCover" border="0"
          src="https://images.gr-assets.com/books/1391346857l/44659.jpg"></img>
        <p>Pawn of Prophecy, David Eddings (x2)</p>
        <p>Second time.</p>
        <p>Good, quick, engaging fantasy story. I like the kid; he's not an innocent kid.</p>
      </div>
    </content>
    <link rel='edit' type='application/atom+xml'
      href='https://www.blogger.com/feeds/8002380/posts/default/759709459486802845' />
    <link rel='self' type='application/atom+xml'
      href='https://www.blogger.com/feeds/8002380/posts/default/759709459486802845' />
    <link rel='alternate' type='text/html'
      href='https://books.supertitle.org/2020/10/pawn-of-prophecy.html' title='Pawn of Prophecy' />
    <author>
      <name>martin</name>
      <uri>https://www.blogger.com/profile/09053983859177005529</uri>
      <email>noreply@blogger.com</email>
      <gd:image rel='http://schemas.google.com/g/2005#thumbnail' width='35' height='35'
        src='//www.blogger.com/img/blogger_logo_round_35.png' />
    </author>
  </entry>
  <entry>
    <id>tag:blogger.com,1999:blog-8002380.post-5149301802407609093</id>
    <published>2020-10-14T15:56:00.023+02:00</published>
    <updated>2021-01-14T11:22:45.010+01:00</updated>
    <category scheme='http://schemas.google.com/g/2005#kind'
      term='http://schemas.google.com/blogger/2008/kind#post' />
    <title type='text'>The Giver</title>
    <content type='html'>
      <div dir="ltr" style="text-align: left;" trbidi="on">
        <img class="bookCover" border="0"
          src="https://upload.wikimedia.org/wikipedia/en/7/7b/The_Giver_first_edition_1993.jpg"></img>
        <p>The Giver, Lois Lowry</p>
        <p>Kid book. It's good, but a bit lacking in imagination. When you throw yourself this far
          into the future, you suddenly have a lot of space to fill. Like similar dystopias, Brave
          New World comes to mind, The Giver seems to fill that space by copying and pasting the
          present.</p>
        <p>That said, it reads well, and there's one or two intriguing ideas.</p>
      </div>
    </content>
    <link rel='edit' type='application/atom+xml'
      href='https://www.blogger.com/feeds/8002380/posts/default/5149301802407609093' />
    <link rel='self' type='application/atom+xml'
      href='https://www.blogger.com/feeds/8002380/posts/default/5149301802407609093' />
    <link rel='alternate' type='text/html'
      href='https://books.supertitle.org/2020/10/lois-lowry.html' title='The Giver' />
    <author>
      <name>martin</name>
      <uri>https://www.blogger.com/profile/09053983859177005529</uri>
      <email>noreply@blogger.com</email>
      <gd:image rel='http://schemas.google.com/g/2005#thumbnail' width='35' height='35'
        src='//www.blogger.com/img/blogger_logo_round_35.png' />
    </author>
  </entry>
  <entry>
    <id>tag:blogger.com,1999:blog-8002380.post-2014916874227791690</id>
    <published>2020-10-10T12:08:00.010+02:00</published>
    <updated>2020-10-24T12:14:22.973+02:00</updated>
    <category scheme='http://schemas.google.com/g/2005#kind'
      term='http://schemas.google.com/blogger/2008/kind#post' />
    <title type='text'>Interference</title>
    <content type='html'>
      <div dir="ltr" style="text-align: left;" trbidi="on">
        <img class="bookCover" border="0"
          src="https://i.gr-assets.com/images/S/compressed.photo.goodreads.com/books/1554342505l/43263202.jpg"></img>
        <br />
        <p>Interference, Sue Burke</p>
        <p>Once again this slow tension, and growing danger. And I'm gonna say Yes, though a lot has
          been left undone.</p>
        <p>It could have resolved more, but I hesitate to say that, because non-resolution is one of
          its strengths.</p>
      </div>
    </content>
    <link rel='edit' type='application/atom+xml'
      href='https://www.blogger.com/feeds/8002380/posts/default/2014916874227791690' />
    <link rel='self' type='application/atom+xml'
      href='https://www.blogger.com/feeds/8002380/posts/default/2014916874227791690' />
    <link rel='alternate' type='text/html'
      href='https://books.supertitle.org/2020/10/interference.html' title='Interference' />
    <author>
      <name>martin</name>
      <uri>https://www.blogger.com/profile/09053983859177005529</uri>
      <email>noreply@blogger.com</email>
      <gd:image rel='http://schemas.google.com/g/2005#thumbnail' width='35' height='35'
        src='//www.blogger.com/img/blogger_logo_round_35.png' />
    </author>
  </entry>
  <entry>
    <id>tag:blogger.com,1999:blog-8002380.post-2812842392794379035</id>
    <published>2020-10-01T11:57:00.001+02:00</published>
    <updated>2020-10-24T12:04:19.824+02:00</updated>
    <category scheme='http://schemas.google.com/g/2005#kind'
      term='http://schemas.google.com/blogger/2008/kind#post' />
    <title type='text'>The Merry Men</title>
    <content type='html'>
      <div dir="ltr" style="text-align: left;" trbidi="on">
        <img class="bookCover" border="0"
          src="https://i.gr-assets.com/images/S/compressed.photo.goodreads.com/books/1348303045l/8436710.jpg"></img>
        <br />
        <p>The Merry Men, Robert Louis Stevenson</p>
        <p>Rich, but abrupt at the end. Would have been much better as a full-length novel.</p>
      </div>
    </content>
    <link rel='edit' type='application/atom+xml'
      href='https://www.blogger.com/feeds/8002380/posts/default/2812842392794379035' />
    <link rel='self' type='application/atom+xml'
      href='https://www.blogger.com/feeds/8002380/posts/default/2812842392794379035' />
    <link rel='alternate' type='text/html'
      href='https://books.supertitle.org/2020/10/the-merry-men.html' title='The Merry Men' />
    <author>
      <name>martin</name>
      <uri>https://www.blogger.com/profile/09053983859177005529</uri>
      <email>noreply@blogger.com</email>
      <gd:image rel='http://schemas.google.com/g/2005#thumbnail' width='35' height='35'
        src='//www.blogger.com/img/blogger_logo_round_35.png' />
    </author>
  </entry>
  <entry>
    <id>tag:blogger.com,1999:blog-8002380.post-7896150351622890329</id>
    <published>2020-08-27T15:35:00.003+02:00</published>
    <updated>2020-08-27T15:35:13.626+02:00</updated>
    <category scheme='http://schemas.google.com/g/2005#kind'
      term='http://schemas.google.com/blogger/2008/kind#post' />
    <title type='text'>A Wizard of Earthsea</title>
    <content type='html'>
      <div dir="ltr" style="text-align: left;" trbidi="on">
        <img class="bookCover" border="0"
          src="https://upload.wikimedia.org/wikipedia/en/5/59/AWizardOfEarthsea%281stEd%29.jpg"></img>
        <p>A Wizard of Earthsea, Ursula Le Guin</p>
        <p>I got this since I <a href="http://books.supertitle.org/2016/05/the-dispossessed.html">
          like</a> the <a href="http://books.supertitle.org/2015/03/the-left-hand-of-darkness.html">
          author</a>; didn't realize it was a kids' book.</p>
        <p>Here's the thing though: despite the slightly restrained language and themes, there is a
          sort of utter modern power here. Le Guin goes for probably the most traditional of all
          wizarding and fantasy tropes (dragons, staffs, long white beards) and just ever so
          slightly subverts almost every word through her mental prism. Here you see the boyhood of
          the ordinarily always-old wise man. You see skin colour that is not white by default. And
          you see the gradiant, non-linear spread of cultures who trade and intermarry instead of
          the traditional delineated grid of races in fantasy novels.</p>
        <p>In short, it's a study of what a fantasy world could be if it was real. I am pleased, and
          I will come back to Earthsea.</p>
      </div>
    </content>
    <link rel='edit' type='application/atom+xml'
      href='https://www.blogger.com/feeds/8002380/posts/default/7896150351622890329' />
    <link rel='self' type='application/atom+xml'
      href='https://www.blogger.com/feeds/8002380/posts/default/7896150351622890329' />
    <link rel='alternate' type='text/html'
      href='https://books.supertitle.org/2020/08/a-wizard-of-earthsea.html'
      title='A Wizard of Earthsea' />
    <author>
      <name>martin</name>
      <uri>https://www.blogger.com/profile/09053983859177005529</uri>
      <email>noreply@blogger.com</email>
      <gd:image rel='http://schemas.google.com/g/2005#thumbnail' width='35' height='35'
        src='//www.blogger.com/img/blogger_logo_round_35.png' />
    </author>
  </entry>
  <entry>
    <id>tag:blogger.com,1999:blog-8002380.post-8167640182500453552</id>
    <published>2020-08-21T13:33:00.005+02:00</published>
    <updated>2020-08-21T13:33:50.202+02:00</updated>
    <category scheme='http://schemas.google.com/g/2005#kind'
      term='http://schemas.google.com/blogger/2008/kind#post' />
    <title type='text'>The Secret River</title>
    <content type='html'>
      <div dir="ltr" style="text-align: left;" trbidi="on">
        <img class="bookCover" border="0"
          src="https://upload.wikimedia.org/wikipedia/en/a/a0/TheSecretRiver.jpg"></img>
        <br />
        <p>The Secret River, Kate Grenville</p>
        <p>Tense, brutal, calm. And also raw, violent. A different setting: the penal colonies of
          Australia. Liked it.</p>
      </div>
    </content>
    <link rel='edit' type='application/atom+xml'
      href='https://www.blogger.com/feeds/8002380/posts/default/8167640182500453552' />
    <link rel='self' type='application/atom+xml'
      href='https://www.blogger.com/feeds/8002380/posts/default/8167640182500453552' />
    <link rel='alternate' type='text/html'
      href='https://books.supertitle.org/2020/08/the-secret-river.html' title='The Secret River' />
    <author>
      <name>martin</name>
      <uri>https://www.blogger.com/profile/09053983859177005529</uri>
      <email>noreply@blogger.com</email>
      <gd:image rel='http://schemas.google.com/g/2005#thumbnail' width='35' height='35'
        src='//www.blogger.com/img/blogger_logo_round_35.png' />
    </author>
  </entry>
  <entry>
    <id>tag:blogger.com,1999:blog-8002380.post-3275605650246009266</id>
    <published>2020-08-09T12:34:00.000+02:00</published>
    <updated>2020-08-09T12:34:00.891+02:00</updated>
    <category scheme='http://schemas.google.com/g/2005#kind'
      term='http://schemas.google.com/blogger/2008/kind#post' />
    <title type='text'>Strange Case of Dr Jekyll and Mr Hyde</title>
    <content type='html'>
      <div dir="ltr" style="text-align: left;" trbidi="on">
        <img class="bookCover" border="0"
          src="https://upload.wikimedia.org/wikipedia/commons/f/f8/Jekyll_and_Hyde_Title.jpg"></img>
        <br />
        <p>Strange Case of Dr Jekyll and Mr Hyde, Robert Louis Stevenson</p>
        <p>Quaint and impossibly romantic, in the technical sense of romantic, like where a man but
          fiddles with some chemicals to discover a physical power the possibility of which he has
          dreamed up just months prior.</p>
        <p>Obviously a captivating idea, but the short story format doesn't do it justice.</p>
      </div>
    </content>
    <link rel='edit' type='application/atom+xml'
      href='https://www.blogger.com/feeds/8002380/posts/default/3275605650246009266' />
    <link rel='self' type='application/atom+xml'
      href='https://www.blogger.com/feeds/8002380/posts/default/3275605650246009266' />
    <link rel='alternate' type='text/html'
      href='https://books.supertitle.org/2020/08/strange-case-of-dr-jekyll-and-mr-hyde.html'
      title='Strange Case of Dr Jekyll and Mr Hyde' />
    <author>
      <name>martin</name>
      <uri>https://www.blogger.com/profile/09053983859177005529</uri>
      <email>noreply@blogger.com</email>
      <gd:image rel='http://schemas.google.com/g/2005#thumbnail' width='35' height='35'
        src='//www.blogger.com/img/blogger_logo_round_35.png' />
    </author>
  </entry>
  <entry>
    <id>tag:blogger.com,1999:blog-8002380.post-593787742107443336</id>
    <published>2020-08-04T19:03:00.001+02:00</published>
    <updated>2020-08-04T19:03:37.168+02:00</updated>
    <category scheme='http://schemas.google.com/g/2005#kind'
      term='http://schemas.google.com/blogger/2008/kind#post' />
    <title type='text'>The Talented Mr. Ripley</title>
    <content type='html'>
      <div dir="ltr" style="text-align: left;" trbidi="on">
        <img class="bookCover" border="0"
          src="https://upload.wikimedia.org/wikipedia/en/1/13/The_Talented_Mr._Ripley_Cover.jpg"></img>
        <br />
        <p>The Talented Mr. Ripley, Patricia Highsmith</p>
        <p>This is awfully depresssing. Just not worth it.</p>
        <p>Big talent here. Excellent work. Just... no. I can't believe there's a series of these.
          Why couldn't she have written something happy?</p>
      </div>
    </content>
    <link rel='edit' type='application/atom+xml'
      href='https://www.blogger.com/feeds/8002380/posts/default/593787742107443336' />
    <link rel='self' type='application/atom+xml'
      href='https://www.blogger.com/feeds/8002380/posts/default/593787742107443336' />
    <link rel='alternate' type='text/html'
      href='https://books.supertitle.org/2020/08/the-talented-mr-ripley.html'
      title='The Talented Mr. Ripley' />
    <author>
      <name>martin</name>
      <uri>https://www.blogger.com/profile/09053983859177005529</uri>
      <email>noreply@blogger.com</email>
      <gd:image rel='http://schemas.google.com/g/2005#thumbnail' width='35' height='35'
        src='//www.blogger.com/img/blogger_logo_round_35.png' />
    </author>
  </entry>
  <entry>
    <id>tag:blogger.com,1999:blog-8002380.post-3060169526533163926</id>
    <published>2020-08-03T08:29:00.000+02:00</published>
    <updated>2020-08-03T08:29:24.631+02:00</updated>
    <category scheme='http://schemas.google.com/g/2005#kind'
      term='http://schemas.google.com/blogger/2008/kind#post' />
    <title type='text'>Chaos</title>
    <content type='html'>
      <div dir="ltr" style="text-align: left;" trbidi="on">
        <img class="bookCover" border="0"
          src="https://upload.wikimedia.org/wikipedia/en/f/f2/Chaos_Gleick_OReB.jpg"></img>
        <p>Chaos, James Gleick</p>
        <p>Thirty years on my bookshelf and I finally "read" it as an audiobook, and boy do I not
          regret it.</p>
        <p>Of course it's a science book, but it's more a story of discovery and the explorers
          behind it than the science itself. Quite inspiring actually; it makes you feel like you
          can do stuff. I started programming the famous (and I guess overdone) Mandelbrot Set
          visualization because of this book. But it touches on so many other fields and
          applications, like the weather, epidemic patterns (hey!), animal population trends or
          heart defibrillator design.</p>
        <p>For one thing, where I could see myself doing amateur research is in phase space
          reconstruction. As far as I understand, although there is a ton of technical jargon that
          makes it all sound hard to get into, chaos is all about finding a simple formula that
          visually resembles a complex phenomenon. And phase space reconstruction is a way to reduce
          complex behaviour to an essential dimension that then makes it easy to find patterns in
          and match to a formula you might invent.</p>
        <p>I'm impressed by this book's journey. Written in the 80's just after chaos threw off its
          messy and obstructive reputation, it quickly earned a place in public vocabulary through
          the butterfly effect, its striking graphics and its namesake subject. Yet forty years
          later, no attempt seems to have been made to re-popularize the subject in a way that would
          send more research its way. Perhaps it's not necessary? Perhaps we all intrinsically
          understand chaos? But I doubt that's the case, as many of the ideas here are wrenchingly
          unintuitive.</p>
        <p>It's all about contradiction. Scientists initially thought chaos was either untrue, or
          useless. How can you use a theory that says "everything is a mess?" But it turns out it's
          a new kind of mess. Other people wondered what exactly the study of chaos was: neither
          math, nor science. Observable only as a function of other observations, not really
          existing on its own. Or as a final example, the book itself. It's about scientists, but
          much more about their frustrations and dreams than about laws and formulae. Such an
          enormous subject, one we mention so often, but we talk so little about.</p>
      </div>
    </content>
    <link rel='edit' type='application/atom+xml'
      href='https://www.blogger.com/feeds/8002380/posts/default/3060169526533163926' />
    <link rel='self' type='application/atom+xml'
      href='https://www.blogger.com/feeds/8002380/posts/default/3060169526533163926' />
    <link rel='alternate' type='text/html' href='https://books.supertitle.org/2020/08/chaos.html'
      title='Chaos' />
    <author>
      <name>martin</name>
      <uri>https://www.blogger.com/profile/09053983859177005529</uri>
      <email>noreply@blogger.com</email>
      <gd:image rel='http://schemas.google.com/g/2005#thumbnail' width='35' height='35'
        src='//www.blogger.com/img/blogger_logo_round_35.png' />
    </author>
  </entry>
  <entry>
    <id>tag:blogger.com,1999:blog-8002380.post-3858361983188351674</id>
    <published>2020-07-21T18:44:00.001+02:00</published>
    <updated>2020-07-21T18:44:03.846+02:00</updated>
    <category scheme='http://schemas.google.com/g/2005#kind'
      term='http://schemas.google.com/blogger/2008/kind#post' />
    <title type='text'>Semiosis</title>
    <content type='html'>
      <div dir="ltr" style="text-align: left;" trbidi="on">
        <img class="bookCover" border="0"
          src="https://upload.wikimedia.org/wikipedia/en/a/ac/SueBurke_Semiosis.jpg"></img>
        <br />
        <p>Semiosis, Sue Burke</p>
        <p>It's an eery wave.</p>
        <p>You know how books can be emotionally exhausting, so that you need a good quantity of
          energy to read them, and how sometimes you don't want to?</p>
        <p>The first sentence, a hard one, tensed me up for some draining. I wanted light reading
          and I almost abandoned it, but then gave it a shot.</p>
        <p>For two hundred pages, it was easy. A slow paddle across a calm lake. I kept looking for
          the storm; none came.</p>
        <p>But wait, that lake was tilting. The same distance paddled caused more uneasiness. The
          wave was rising. The narrative sombered gradually. Ominous clouds, desperate acts. Easy,
          uneasy? paddling. And yet no crisis.</p>
        <p>No crisis, until the end. One good, regretful, wasteful scar to destroy the tense hope
          before it. The crest of a wave thundering as it broke. What's on the other side?</p>
        <p>Quite perfectly done, actually. I highly recommend.</p>
        <p>Pause.</p>
        <p>I'd like to say a word about the imagination. There is a great, great subtlety to much of
          the world-building here. Things that are different about the technology, about the
          society, about the planet, about each generation, are not explicit but simply there:
          reflected in a turn of speech or an average of a number of observations. This is very
          confident imagining, very rich, it feels like it is boundless and we have been shown only
          the tip of it.</p>
        <p>I would very, very much like to see more of this world.</p>
      </div>
    </content>
    <link rel='edit' type='application/atom+xml'
      href='https://www.blogger.com/feeds/8002380/posts/default/3858361983188351674' />
    <link rel='self' type='application/atom+xml'
      href='https://www.blogger.com/feeds/8002380/posts/default/3858361983188351674' />
    <link rel='alternate' type='text/html' href='https://books.supertitle.org/2020/07/semiosis.html'
      title='Semiosis' />
    <author>
      <name>martin</name>
      <uri>https://www.blogger.com/profile/09053983859177005529</uri>
      <email>noreply@blogger.com</email>
      <gd:image rel='http://schemas.google.com/g/2005#thumbnail' width='35' height='35'
        src='//www.blogger.com/img/blogger_logo_round_35.png' />
    </author>
  </entry>
  <entry>
    <id>tag:blogger.com,1999:blog-8002380.post-1349855878738257208</id>
    <published>2020-07-05T09:27:00.000+02:00</published>
    <updated>2020-07-05T09:27:42.195+02:00</updated>
    <category scheme='http://schemas.google.com/g/2005#kind'
      term='http://schemas.google.com/blogger/2008/kind#post' />
    <title type='text'>Heureux les heureux</title>
    <content type='html'>
      <div dir="ltr" style="text-align: left;" trbidi="on">
        <img class="bookCover" border="0"
          src="https://i.gr-assets.com/images/S/compressed.photo.goodreads.com/books/1357307513l/17207847.jpg"></img>
        <p>Heureux les heureux, Yasmina Reza</p>
        <p>LP+</p>
      </div>
    </content>
    <link rel='edit' type='application/atom+xml'
      href='https://www.blogger.com/feeds/8002380/posts/default/1349855878738257208' />
    <link rel='self' type='application/atom+xml'
      href='https://www.blogger.com/feeds/8002380/posts/default/1349855878738257208' />
    <link rel='alternate' type='text/html'
      href='https://books.supertitle.org/2020/07/heureux-les-heureux.html'
      title='Heureux les heureux' />
    <author>
      <name>martin</name>
      <uri>https://www.blogger.com/profile/09053983859177005529</uri>
      <email>noreply@blogger.com</email>
      <gd:image rel='http://schemas.google.com/g/2005#thumbnail' width='35' height='35'
        src='//www.blogger.com/img/blogger_logo_round_35.png' />
    </author>
  </entry>
  <entry>
    <id>tag:blogger.com,1999:blog-8002380.post-2186311155346404056</id>
    <published>2020-05-08T10:23:00.001+02:00</published>
    <updated>2020-05-08T10:23:36.524+02:00</updated>
    <category scheme='http://schemas.google.com/g/2005#kind'
      term='http://schemas.google.com/blogger/2008/kind#post' />
    <title type='text'>Rhinocéros</title>
    <content type='html'>
      <div dir="ltr" style="text-align: left;" trbidi="on">
        <img class="bookCover" border="0"
          src="https://images-na.ssl-images-amazon.com/images/I/71PjY1ViNfL.jpg"></img>
        <br />
        <p>Rhinoc&amp;eacute;ros, Eug&amp;egrave;ne Ionesco</p>
        <p>+1</p>
      </div>
      <br />
    </content>
    <link rel='edit' type='application/atom+xml'
      href='https://www.blogger.com/feeds/8002380/posts/default/2186311155346404056' />
    <link rel='self' type='application/atom+xml'
      href='https://www.blogger.com/feeds/8002380/posts/default/2186311155346404056' />
    <link rel='alternate' type='text/html'
      href='https://books.supertitle.org/2020/05/rhinoceros.html' title='Rhinocéros' />
    <author>
      <name>martin</name>
      <uri>https://www.blogger.com/profile/09053983859177005529</uri>
      <email>noreply@blogger.com</email>
      <gd:image rel='http://schemas.google.com/g/2005#thumbnail' width='35' height='35'
        src='//www.blogger.com/img/blogger_logo_round_35.png' />
    </author>
  </entry>
  <entry>
    <id>tag:blogger.com,1999:blog-8002380.post-5775154208921249782</id>
    <published>2020-05-08T10:17:00.000+02:00</published>
    <updated>2020-05-08T10:17:30.937+02:00</updated>
    <category scheme='http://schemas.google.com/g/2005#kind'
      term='http://schemas.google.com/blogger/2008/kind#post' />
    <title type='text'>Don't Panic: Douglas Adams &amp; The Hitchhiker's Guide to the Galaxy</title>
    <content type='html'>
      <div dir="ltr" style="text-align: left;" trbidi="on">
        <img class="bookCover" border="0"
          src="https://upload.wikimedia.org/wikipedia/en/5/59/DontPanic.gif"></img>
        <br />
        <p>Don't Panic: Douglas Adams &amp; The Hitchhiker's Guide to the Galaxy, Neil Gaiman</p>
        <p>Mostly harmless.</p>
      </div>
      <br />
    </content>
    <link rel='edit' type='application/atom+xml'
      href='https://www.blogger.com/feeds/8002380/posts/default/5775154208921249782' />
    <link rel='self' type='application/atom+xml'
      href='https://www.blogger.com/feeds/8002380/posts/default/5775154208921249782' />
    <link rel='alternate' type='text/html'
      href='https://books.supertitle.org/2020/05/dont-panic-douglas-adams-hitchhikers.html'
      title='Don&apos;t Panic: Douglas Adams &amp; The Hitchhiker&apos;s Guide to the Galaxy' />
    <author>
      <name>martin</name>
      <uri>https://www.blogger.com/profile/09053983859177005529</uri>
      <email>noreply@blogger.com</email>
      <gd:image rel='http://schemas.google.com/g/2005#thumbnail' width='35' height='35'
        src='//www.blogger.com/img/blogger_logo_round_35.png' />
    </author>
  </entry>
  <entry>
    <id>tag:blogger.com,1999:blog-8002380.post-5085964234242339904</id>
    <published>2020-04-15T09:42:00.004+02:00</published>
    <updated>2020-04-15T09:42:46.131+02:00</updated>
    <category scheme='http://schemas.google.com/g/2005#kind'
      term='http://schemas.google.com/blogger/2008/kind#post' />
    <title type='text'></title>
    <content type='html'>
      <div dir="ltr" style="text-align: left;" trbidi="on">
        <img class="bookCover" border="0"
          src="https://upload.wikimedia.org/wikipedia/en/6/6c/Everything%2C_Everything.jpg"></img>
        <br />
        <p>Everything Everything, Nicola Yoon</p>
        <p>Really cool story. Sounds like it's going to be devastating at first. But such a good
          ending.</p>
      </div>
      <br />
    </content>
    <link rel='edit' type='application/atom+xml'
      href='https://www.blogger.com/feeds/8002380/posts/default/5085964234242339904' />
    <link rel='self' type='application/atom+xml'
      href='https://www.blogger.com/feeds/8002380/posts/default/5085964234242339904' />
    <link rel='alternate' type='text/html'
      href='https://books.supertitle.org/2020/04/everything-everything-nicola-yoon.html' title='' />
    <author>
      <name>martin</name>
      <uri>https://www.blogger.com/profile/09053983859177005529</uri>
      <email>noreply@blogger.com</email>
      <gd:image rel='http://schemas.google.com/g/2005#thumbnail' width='35' height='35'
        src='//www.blogger.com/img/blogger_logo_round_35.png' />
    </author>
  </entry>
  <entry>
    <id>tag:blogger.com,1999:blog-8002380.post-6734702529253262904</id>
    <published>2020-04-15T09:40:00.000+02:00</published>
    <updated>2020-04-15T09:40:41.429+02:00</updated>
    <category scheme='http://schemas.google.com/g/2005#kind'
      term='http://schemas.google.com/blogger/2008/kind#post' />
    <title type='text'>Winnetou and Old Shatterhand</title>
    <content type='html'>
      <div dir="ltr" style="text-align: left;" trbidi="on">
        <img class="bookCover" border="0"
          src="https://upload.wikimedia.org/wikipedia/commons/c/c9/Karl_May_Winnetou_I_bis_III_001.jpg"></img>
        <br />
        <p>Winnetou and Old Shatterhand, Karl May tr. Marion Ames Taggart</p>
        <p>Was described to me as a book on the Wild West written by a man who had never been near
          the Wild West.</p>
        <p>I was intrigued. Sounded like it would be delightfully bad, right?</p>
        <p>I urge, if up for some light reading, you be the judge.</p>
      </div>
      <br />
    </content>
    <link rel='edit' type='application/atom+xml'
      href='https://www.blogger.com/feeds/8002380/posts/default/6734702529253262904' />
    <link rel='self' type='application/atom+xml'
      href='https://www.blogger.com/feeds/8002380/posts/default/6734702529253262904' />
    <link rel='alternate' type='text/html'
      href='https://books.supertitle.org/2020/04/winnetou-and-old-shatterhand.html'
      title='Winnetou and Old Shatterhand' />
    <author>
      <name>martin</name>
      <uri>https://www.blogger.com/profile/09053983859177005529</uri>
      <email>noreply@blogger.com</email>
      <gd:image rel='http://schemas.google.com/g/2005#thumbnail' width='35' height='35'
        src='//www.blogger.com/img/blogger_logo_round_35.png' />
    </author>
  </entry>
  <entry>
    <id>tag:blogger.com,1999:blog-8002380.post-2735616833239798641</id>
    <published>2020-04-15T09:30:00.002+02:00</published>
    <updated>2020-04-15T09:30:37.914+02:00</updated>
    <category scheme='http://schemas.google.com/g/2005#kind'
      term='http://schemas.google.com/blogger/2008/kind#post' />
    <title type='text'>Genius: The Life and Science of Richard Feynman</title>
    <content type='html'>
      <div dir="ltr" style="text-align: left;" trbidi="on">
        <img class="bookCover" border="0" src="https://d.gr-assets.com/books/1320409497l/98685.jpg"></img>
        <br />
        <p>Genius: The Life and Science of Richard Feynman, James Gleick</p>
        <p>Strangely, this well-written book felt poorly-published. It's a collection of
          disconnected anecdotes, roughly in chronological order; attractive, but tangled.</p>
        <p>There is certainly a dark entertainment in reading of Feynman's work on the atomic bomb,
          oddly devoid of moral reflection, and some of his other escapades as a teenager. It just
          doesn't feel like it leads to an end.</p>
      </div>
      <br />
    </content>
    <link rel='edit' type='application/atom+xml'
      href='https://www.blogger.com/feeds/8002380/posts/default/2735616833239798641' />
    <link rel='self' type='application/atom+xml'
      href='https://www.blogger.com/feeds/8002380/posts/default/2735616833239798641' />
    <link rel='alternate' type='text/html'
      href='https://books.supertitle.org/2020/04/genius-life-and-science-of-richard.html'
      title='Genius: The Life and Science of Richard Feynman' />
    <author>
      <name>martin</name>
      <uri>https://www.blogger.com/profile/09053983859177005529</uri>
      <email>noreply@blogger.com</email>
      <gd:image rel='http://schemas.google.com/g/2005#thumbnail' width='35' height='35'
        src='//www.blogger.com/img/blogger_logo_round_35.png' />
    </author>
  </entry>
  <entry>
    <id>tag:blogger.com,1999:blog-8002380.post-4355942537157028656</id>
    <published>2019-11-24T22:16:00.004+01:00</published>
    <updated>2019-11-24T22:16:56.411+01:00</updated>
    <category scheme='http://schemas.google.com/g/2005#kind'
      term='http://schemas.google.com/blogger/2008/kind#post' />
    <title type='text'>The Sun Is Also a Star</title>
    <content type='html'>
      <div dir="ltr" style="text-align: left;" trbidi="on">
        <img class="bookCover" border="0"
          src="https://i.gr-assets.com/images/S/compressed.photo.goodreads.com/books/1459793538l/28763485.jpg"></img>
        <br />
        <p>The Sun Is Also a Star, Nicola Yoon</p>
        <p>So beautiful and surprising. Made me cry.</p>
      </div>
      <br />
    </content>
    <link rel='edit' type='application/atom+xml'
      href='https://www.blogger.com/feeds/8002380/posts/default/4355942537157028656' />
    <link rel='self' type='application/atom+xml'
      href='https://www.blogger.com/feeds/8002380/posts/default/4355942537157028656' />
    <link rel='alternate' type='text/html'
      href='https://books.supertitle.org/2019/11/the-sun-is-also-star.html'
      title='The Sun Is Also a Star' />
    <author>
      <name>martin</name>
      <uri>https://www.blogger.com/profile/09053983859177005529</uri>
      <email>noreply@blogger.com</email>
      <gd:image rel='http://schemas.google.com/g/2005#thumbnail' width='35' height='35'
        src='//www.blogger.com/img/blogger_logo_round_35.png' />
    </author>
  </entry>
  <entry>
    <id>tag:blogger.com,1999:blog-8002380.post-8915830331592861433</id>
    <published>2019-11-24T22:16:00.003+01:00</published>
    <updated>2019-11-24T22:16:47.820+01:00</updated>
    <category scheme='http://schemas.google.com/g/2005#kind'
      term='http://schemas.google.com/blogger/2008/kind#post' />
    <title type='text'>The Spy Who Came in from the Cold</title>
    <content type='html'>
      <div dir="ltr" style="text-align: left;" trbidi="on">
        <img class="bookCover" border="0"
          src="https://upload.wikimedia.org/wikipedia/en/d/d0/JohnLeCarre_TheSpyWhoCameIn.jpg"></img>
        <br />
        <p>The Spy Who Came in from the Cold, John Le Carré</p>
        <p>Very good story, good twist. Just awfully disappointing ending.</p>
      </div>
      <br />
    </content>
    <link rel='edit' type='application/atom+xml'
      href='https://www.blogger.com/feeds/8002380/posts/default/8915830331592861433' />
    <link rel='self' type='application/atom+xml'
      href='https://www.blogger.com/feeds/8002380/posts/default/8915830331592861433' />
    <link rel='alternate' type='text/html'
      href='https://books.supertitle.org/2019/11/the-spy-who-came-in-from-cold.html'
      title='The Spy Who Came in from the Cold' />
    <author>
      <name>martin</name>
      <uri>https://www.blogger.com/profile/09053983859177005529</uri>
      <email>noreply@blogger.com</email>
      <gd:image rel='http://schemas.google.com/g/2005#thumbnail' width='35' height='35'
        src='//www.blogger.com/img/blogger_logo_round_35.png' />
    </author>
  </entry>
  <entry>
    <id>tag:blogger.com,1999:blog-8002380.post-5595289867914421144</id>
    <published>2019-10-27T21:39:00.001+01:00</published>
    <updated>2019-10-27T21:39:41.433+01:00</updated>
    <category scheme='http://schemas.google.com/g/2005#kind'
      term='http://schemas.google.com/blogger/2008/kind#post' />
    <title type='text'>The Unicorn Quest: Secret in the Stone</title>
    <content type='html'>
      <div dir="ltr" style="text-align: left;" trbidi="on">
        <img class="bookCover" border="0"
          src="https://i.gr-assets.com/images/S/compressed.photo.goodreads.com/books/1528731917l/40001237.jpg"></img>
        <br />
        <p>The Unicorn Quest: Secret in the Stone, Kamilla Benko</p>
        <p>Kids' book. Nice and light. Will definitely keep reading the next one.</p>
      </div>
      <br />
    </content>
    <link rel='edit' type='application/atom+xml'
      href='https://www.blogger.com/feeds/8002380/posts/default/5595289867914421144' />
    <link rel='self' type='application/atom+xml'
      href='https://www.blogger.com/feeds/8002380/posts/default/5595289867914421144' />
    <link rel='alternate' type='text/html'
      href='https://books.supertitle.org/2019/10/the-unicorn-quest-secret-in-stone.html'
      title='The Unicorn Quest: Secret in the Stone' />
    <author>
      <name>martin</name>
      <uri>https://www.blogger.com/profile/09053983859177005529</uri>
      <email>noreply@blogger.com</email>
      <gd:image rel='http://schemas.google.com/g/2005#thumbnail' width='35' height='35'
        src='//www.blogger.com/img/blogger_logo_round_35.png' />
    </author>
  </entry>
  <entry>
    <id>tag:blogger.com,1999:blog-8002380.post-1606984738851661050</id>
    <published>2019-10-27T21:33:00.000+01:00</published>
    <updated>2019-10-27T21:33:03.254+01:00</updated>
    <category scheme='http://schemas.google.com/g/2005#kind'
      term='http://schemas.google.com/blogger/2008/kind#post' />
    <title type='text'>Harry Potter and the Cursed Child</title>
    <content type='html'>
      <div dir="ltr" style="text-align: left;" trbidi="on">
        <img class="bookCover" border="0"
          src="https://upload.wikimedia.org/wikipedia/en/8/87/Cursed_Child_new_poster.jpg"></img>
        <br />
        <p>Harry Potter and the Cursed Child, Jack Thorne, J. K. Rowling, John Tiffany</p>
        <p>Great idea! I wish it was longer.</p>
      </div>
      <br />
    </content>
    <link rel='edit' type='application/atom+xml'
      href='https://www.blogger.com/feeds/8002380/posts/default/1606984738851661050' />
    <link rel='self' type='application/atom+xml'
      href='https://www.blogger.com/feeds/8002380/posts/default/1606984738851661050' />
    <link rel='alternate' type='text/html'
      href='https://books.supertitle.org/2019/10/harry-potter-and-cursed-child.html'
      title='Harry Potter and the Cursed Child' />
    <author>
      <name>martin</name>
      <uri>https://www.blogger.com/profile/09053983859177005529</uri>
      <email>noreply@blogger.com</email>
      <gd:image rel='http://schemas.google.com/g/2005#thumbnail' width='35' height='35'
        src='//www.blogger.com/img/blogger_logo_round_35.png' />
    </author>
  </entry>
  <entry>
    <id>tag:blogger.com,1999:blog-8002380.post-1586857799387746408</id>
    <published>2019-10-27T21:28:00.004+01:00</published>
    <updated>2019-10-27T21:28:45.819+01:00</updated>
    <category scheme='http://schemas.google.com/g/2005#kind'
      term='http://schemas.google.com/blogger/2008/kind#post' />
    <title type='text'>Quicksilver</title>
    <content type='html'>
      <div dir="ltr" style="text-align: left;" trbidi="on">
        <img class="bookCover" border="0"
          src="https://upload.wikimedia.org/wikipedia/en/7/73/NealStephenson_Quicksilver.jpg"></img>
        <br />
        <p>Quicksilver, Neal Stephenson</p>
        <p>Oh boy, these are getting long.</p>
        <p>There's three books in this volume. Books one and three are dense and slow. Book two is
          awesome. And the thing is, the awesomeness of book two kinda rubs off on books one and
          three.</p>
        <p>But this is just volume one, and I don't think I can keep slogging through.</p>
      </div>
      <br />
    </content>
    <link rel='edit' type='application/atom+xml'
      href='https://www.blogger.com/feeds/8002380/posts/default/1586857799387746408' />
    <link rel='self' type='application/atom+xml'
      href='https://www.blogger.com/feeds/8002380/posts/default/1586857799387746408' />
    <link rel='alternate' type='text/html'
      href='https://books.supertitle.org/2019/10/quicksilver.html' title='Quicksilver' />
    <author>
      <name>martin</name>
      <uri>https://www.blogger.com/profile/09053983859177005529</uri>
      <email>noreply@blogger.com</email>
      <gd:image rel='http://schemas.google.com/g/2005#thumbnail' width='35' height='35'
        src='//www.blogger.com/img/blogger_logo_round_35.png' />
    </author>
  </entry>
  <entry>
    <id>tag:blogger.com,1999:blog-8002380.post-9028618405250179443</id>
    <published>2019-10-27T18:25:00.002+01:00</published>
    <updated>2019-10-27T18:26:28.813+01:00</updated>
    <category scheme='http://schemas.google.com/g/2005#kind'
      term='http://schemas.google.com/blogger/2008/kind#post' />
    <title type='text'>The Woman in Black</title>
    <content type='html'>
      <div dir="ltr" style="text-align: left;" trbidi="on">
        <img class="bookCover" border="0"
          src="https://upload.wikimedia.org/wikipedia/en/6/62/WomanInBlack.jpg"></img>
        <br />
        <p>The Woman in Black, Susan Hill</p>
        <p>Good, classic-style, English-style horror-style.</p>
        <p>Tense, scary and well-bred. But maybe just a tad... too well-bred.</p>
      </div>
      <br />
    </content>
    <link rel='edit' type='application/atom+xml'
      href='https://www.blogger.com/feeds/8002380/posts/default/9028618405250179443' />
    <link rel='self' type='application/atom+xml'
      href='https://www.blogger.com/feeds/8002380/posts/default/9028618405250179443' />
    <link rel='alternate' type='text/html'
      href='https://books.supertitle.org/2019/10/the-woman-in-black.html' title='The Woman in Black' />
    <author>
      <name>martin</name>
      <uri>https://www.blogger.com/profile/09053983859177005529</uri>
      <email>noreply@blogger.com</email>
      <gd:image rel='http://schemas.google.com/g/2005#thumbnail' width='35' height='35'
        src='//www.blogger.com/img/blogger_logo_round_35.png' />
    </author>
  </entry>
  <entry>
    <id>tag:blogger.com,1999:blog-8002380.post-4324369386784354639</id>
    <published>2019-04-08T22:47:00.001+02:00</published>
    <updated>2019-04-08T22:51:30.579+02:00</updated>
    <category scheme='http://schemas.google.com/g/2005#kind'
      term='http://schemas.google.com/blogger/2008/kind#post' />
    <title type='text'>La Horde du Contrevent</title>
    <content type='html'>
      <div dir="ltr" style="text-align: left;" trbidi="on">
        <img class="bookCover" border="0"
          src="https://static.fnac-static.com/multimedia/Images/FR/NR/08/55/1d/1922312/1507-1/tsp20150929154129/La-horde-du-contrevent.jpg"></img>
        <br />
        <p>La Horde du Contrevent, Alain Damasio</p>
        <p>Poetic sci-fi, took me by surprise.</p>
        <p>Good.</p>
      </div>
      <br />
    </content>
    <link rel='edit' type='application/atom+xml'
      href='https://www.blogger.com/feeds/8002380/posts/default/4324369386784354639' />
    <link rel='self' type='application/atom+xml'
      href='https://www.blogger.com/feeds/8002380/posts/default/4324369386784354639' />
    <link rel='alternate' type='text/html'
      href='https://books.supertitle.org/2019/04/la-horde-du-contrevent.html'
      title='La Horde du Contrevent' />
    <author>
      <name>martin</name>
      <uri>https://www.blogger.com/profile/09053983859177005529</uri>
      <email>noreply@blogger.com</email>
      <gd:image rel='http://schemas.google.com/g/2005#thumbnail' width='35' height='35'
        src='//www.blogger.com/img/blogger_logo_round_35.png' />
    </author>
  </entry>
  <entry>
    <id>tag:blogger.com,1999:blog-8002380.post-6879829454268186670</id>
    <published>2018-10-03T21:27:00.000+02:00</published>
    <updated>2019-05-05T21:27:49.746+02:00</updated>
    <category scheme='http://schemas.google.com/g/2005#kind'
      term='http://schemas.google.com/blogger/2008/kind#post' />
    <title type='text'>Blindness</title>
    <content type='html'>
      <div dir="ltr" style="text-align: left;" trbidi="on">
        <img class="bookCover" border="0"
          src="https://upload.wikimedia.org/wikipedia/commons/c/c1/Book_cover_of_Ensaio_sobre_a_Cegueira.jpg"></img>
        <br />
        <p>Blindness, José Saramago tr. Giovanni Pontiero</p>
        <p>Bland but emotionally charged. Featureless but unforgettable. Brutal.</p>
        <p>Strangely, but believably, more about shit than eyes.</p>
      </div>
    </content>
    <link rel='edit' type='application/atom+xml'
      href='https://www.blogger.com/feeds/8002380/posts/default/6879829454268186670' />
    <link rel='self' type='application/atom+xml'
      href='https://www.blogger.com/feeds/8002380/posts/default/6879829454268186670' />
    <link rel='alternate' type='text/html'
      href='https://books.supertitle.org/2018/10/blindness.html' title='Blindness' />
    <author>
      <name>martin</name>
      <uri>https://www.blogger.com/profile/09053983859177005529</uri>
      <email>noreply@blogger.com</email>
      <gd:image rel='http://schemas.google.com/g/2005#thumbnail' width='35' height='35'
        src='//www.blogger.com/img/blogger_logo_round_35.png' />
    </author>
  </entry>
  <entry>
    <id>tag:blogger.com,1999:blog-8002380.post-6591367443308039386</id>
    <published>2018-09-06T19:28:00.001+02:00</published>
    <updated>2018-09-06T19:28:44.260+02:00</updated>
    <category scheme='http://schemas.google.com/g/2005#kind'
      term='http://schemas.google.com/blogger/2008/kind#post' />
    <title type='text'>Berlin Poplars</title>
    <content type='html'>
      <div dir="ltr" style="text-align: left;" trbidi="on">
        <img class="bookCover" border="0"
          src="https://images.gr-assets.com/books/1320460774l/1718300.jpg"></img>
        <br />
        <p>Berlin Poplars, Anne B. Ragde tr. James Anderson</p>
        <p>I wonder if it is intentional that it starts out looking like a murder mystery.</p>
        <p>It's not a murder mystery.</p>
        <p>Try it.</p>
      </div>
    </content>
    <link rel='edit' type='application/atom+xml'
      href='https://www.blogger.com/feeds/8002380/posts/default/6591367443308039386' />
    <link rel='self' type='application/atom+xml'
      href='https://www.blogger.com/feeds/8002380/posts/default/6591367443308039386' />
    <link rel='alternate' type='text/html'
      href='https://books.supertitle.org/2018/09/berlin-poplars.html' title='Berlin Poplars' />
    <author>
      <name>martin</name>
      <uri>https://www.blogger.com/profile/09053983859177005529</uri>
      <email>noreply@blogger.com</email>
      <gd:image rel='http://schemas.google.com/g/2005#thumbnail' width='35' height='35'
        src='//www.blogger.com/img/blogger_logo_round_35.png' />
    </author>
  </entry>
  <entry>
    <id>tag:blogger.com,1999:blog-8002380.post-8753115260050005979</id>
    <published>2018-09-06T19:28:00.000+02:00</published>
    <updated>2018-09-06T19:28:20.779+02:00</updated>
    <category scheme='http://schemas.google.com/g/2005#kind'
      term='http://schemas.google.com/blogger/2008/kind#post' />
    <title type='text'>The Good Earth</title>
    <content type='html'>
      <div dir="ltr" style="text-align: left;" trbidi="on">
        <img class="bookCover" border="0"
          src="https://upload.wikimedia.org/wikipedia/en/5/5b/GoodEarthNovel.JPG"></img>
        <br />
        <p>The Good Earth, Pearl S. Buck</p>
        <p>Alright, so first of all, it's really, really long. cf. Proust</p>
        <p>Second of all, there's the language. Here's a quote.</p>
        <p>Now it was a curious thing that she who had been so composed always and had lived content
          so far as Wang the Tiger knew or cared, now when she saw this new courtesy in the man
          seemed moved in some strange way.</p>
        <p>This is a typical sentence. Do you see the weirdness? The weirdnesses? Is it not now a
          curious means that this language employs to move us as it does to some such place as it
          wishes to move us?</p>
        <p>So first of all, it's really long.</p>
        <p>Second of all, it's really, really poetic cf. <a
            href="https://books.supertitle.org/2005/11/fine-balance.html">Rohinton Mistry</a>.</p>
        <p>I mean so poetic I'm impressed because when I think of this author with such obvious
          command of one language writing for so long under the influence of another language and
          keeping this influence consistent and composed, I'm rather overwhelmed with how much
          concentration it must have taken.</p>
        <p>So: do we read books because we want to be overwhelmed with the concentration they must
          have taken?</p>
        <p>These are three stories of three men, a grandfather, a father and a son. Within the three
          stories are multiple smaller stories, many of other people.</p>
        <p>I read this book because I liked the big stories and many of the little stories. And I
          liked feeling overwhelmed by the effortless command of the influence of one language over
          another language that when I stopped to think about it, must have taken an immense effort,
          but which when reading the stories, was effortless.</p>
      </div>
    </content>
    <link rel='edit' type='application/atom+xml'
      href='https://www.blogger.com/feeds/8002380/posts/default/8753115260050005979' />
    <link rel='self' type='application/atom+xml'
      href='https://www.blogger.com/feeds/8002380/posts/default/8753115260050005979' />
    <link rel='alternate' type='text/html'
      href='https://books.supertitle.org/2018/09/the-good-earth.html' title='The Good Earth' />
    <author>
      <name>martin</name>
      <uri>https://www.blogger.com/profile/09053983859177005529</uri>
      <email>noreply@blogger.com</email>
      <gd:image rel='http://schemas.google.com/g/2005#thumbnail' width='35' height='35'
        src='//www.blogger.com/img/blogger_logo_round_35.png' />
    </author>
  </entry>
  <entry>
    <id>tag:blogger.com,1999:blog-8002380.post-7485299117705672745</id>
    <published>2018-04-15T21:21:00.001+02:00</published>
    <updated>2018-04-15T21:21:19.290+02:00</updated>
    <category scheme='http://schemas.google.com/g/2005#kind'
      term='http://schemas.google.com/blogger/2008/kind#post' />
    <title type='text'>The Terror</title>
    <content type='html'>
      <div dir="ltr" style="text-align: left;" trbidi="on">
        <img class="bookCover" border="0"
          src="https://upload.wikimedia.org/wikipedia/en/4/42/Terror_simmons.jpg"></img>
        <br />
        <p>The Terror, Dan Simmons</p>
        <p>Having trouble saying this: it's not very satisfying, but it's rilly, rilly good.</p>
        <p>It's like there's a bunch of loose ends that don't get... Andy told me, just before he
          lent it to me, that he wished he could read it faster because he was just at the part
          where all the loose ends were being tied up and he couldn't wait to find out why
          everything happened.</p>
        <p>I didn't find out why anything happened.</p>
        <p>Here are my gripes: Who sailed The Terror to its final resting place? Why did C. never
          learn of H.’s fate? Did Lt. CdV and team make it? Why did the thing attack in the order it
          did? Under what conditions did the "two poisons" in the Goldner cans kill? Why were we
          told of the two American girls with double joints? And the quack doctor? Why was there
          emphasis on the food in Lt. JI.’s stomach and in the esquimaux’ stomachs, as well as
          insistence on the secrecy of these facts, when these facts were never used?</p>
        <p>For every one of these questions, I was just dying with curiosity for up to 700 pages,
          and none of them have even the remotest hint of an answer on a silver platter.</p>
        <p>And yet, there is nothing like this book and I am, like Stephen King, in awe of Dan
          Simmons. I do recommend.</p>
      </div>
    </content>
    <link rel='edit' type='application/atom+xml'
      href='https://www.blogger.com/feeds/8002380/posts/default/7485299117705672745' />
    <link rel='self' type='application/atom+xml'
      href='https://www.blogger.com/feeds/8002380/posts/default/7485299117705672745' />
    <link rel='alternate' type='text/html'
      href='https://books.supertitle.org/2018/04/the-terror.html' title='The Terror' />
    <author>
      <name>martin</name>
      <uri>https://www.blogger.com/profile/09053983859177005529</uri>
      <email>noreply@blogger.com</email>
      <gd:image rel='http://schemas.google.com/g/2005#thumbnail' width='35' height='35'
        src='//www.blogger.com/img/blogger_logo_round_35.png' />
    </author>
  </entry>
  <entry>
    <id>tag:blogger.com,1999:blog-8002380.post-7497672471018217879</id>
    <published>2018-03-04T11:32:00.001+01:00</published>
    <updated>2018-04-15T21:09:12.659+02:00</updated>
    <category scheme='http://schemas.google.com/g/2005#kind'
      term='http://schemas.google.com/blogger/2008/kind#post' />
    <title type='text'>The Wind in the Willows</title>
    <content type='html'>
      <div dir="ltr" style="text-align: left;" trbidi="on">
        <img class="bookCover" border="0"
          src="https://upload.wikimedia.org/wikipedia/en/a/a4/Wind_in_the_willows.jpg"></img>
        <br />
        <p>The Wind in the Willows, Kenneth Graham</p>
        <p>I thought this would be like <a
            href="http://books.supertitle.org/2004/10/watership-down.html">Watership Down</a>.</p>
        <p>But in Watership Down... weren't the rabbits just rabbits? Like speaking rabbits, but
          anatomically rabbits?</p>
        <p>Here... what are these things? They can row boats and drive motor cars. And if he puts on
          some rags, a male toad can be mistaken for a human woman.</p>
        <p>And yet, they live in burrows. Although some in great houses. What size are they? How
          many fingers do they have? These things bothered me, because I would find my image of
          Toad, or Mole and things would go fine until suddenly they turned too human, and then too
          toady, and I'd have to stop and work on my mental image a bit. Irritating.</p>
        <p>I didn't like it.</p>
      </div>
    </content>
    <link rel='edit' type='application/atom+xml'
      href='https://www.blogger.com/feeds/8002380/posts/default/7497672471018217879' />
    <link rel='self' type='application/atom+xml'
      href='https://www.blogger.com/feeds/8002380/posts/default/7497672471018217879' />
    <link rel='alternate' type='text/html'
      href='https://books.supertitle.org/2018/03/the-wind-in-willows.html'
      title='The Wind in the Willows' />
    <author>
      <name>martin</name>
      <uri>https://www.blogger.com/profile/09053983859177005529</uri>
      <email>noreply@blogger.com</email>
      <gd:image rel='http://schemas.google.com/g/2005#thumbnail' width='35' height='35'
        src='//www.blogger.com/img/blogger_logo_round_35.png' />
    </author>
  </entry>
  <entry>
    <id>tag:blogger.com,1999:blog-8002380.post-5368561018786721350</id>
    <published>2018-01-04T19:20:00.000+01:00</published>
    <updated>2018-01-04T19:20:57.425+01:00</updated>
    <category scheme='http://schemas.google.com/g/2005#kind'
      term='http://schemas.google.com/blogger/2008/kind#post' />
    <title type='text'>The Handmaid's Tale</title>
    <content type='html'>
      <div dir="ltr" style="text-align: left;" trbidi="on">
        <img class="bookCover" border="0"
          src="https://upload.wikimedia.org/wikipedia/en/1/18/TheHandmaidsTale%281stEd%29.jpg"></img>
        <br />
        <p>The Handmaid's Tale, Margaret Atwood (x2)</p>
        <p>Better than the first time, but not as good as <a
            href="http://books.supertitle.org/2005/11/oryx-and-crake.html">Oryx and Crake</a>.</p>
        <p>Maddening. It doesn't "end." Nothing really happens.</p>
        <p>But the writing is good. Kunderesque, I'd say, which is unfair to contemporaries.
          Kunderesque, just not tense.</p>
      </div>
    </content>
    <link rel='edit' type='application/atom+xml'
      href='https://www.blogger.com/feeds/8002380/posts/default/5368561018786721350' />
    <link rel='self' type='application/atom+xml'
      href='https://www.blogger.com/feeds/8002380/posts/default/5368561018786721350' />
    <link rel='alternate' type='text/html'
      href='https://books.supertitle.org/2018/01/the-handmaids-tale.html'
      title='The Handmaid&apos;s Tale' />
    <author>
      <name>martin</name>
      <uri>https://www.blogger.com/profile/09053983859177005529</uri>
      <email>noreply@blogger.com</email>
      <gd:image rel='http://schemas.google.com/g/2005#thumbnail' width='35' height='35'
        src='//www.blogger.com/img/blogger_logo_round_35.png' />
    </author>
  </entry>
  <entry>
    <id>tag:blogger.com,1999:blog-8002380.post-8456899678383219919</id>
    <published>2017-12-20T22:44:00.003+01:00</published>
    <updated>2017-12-20T22:44:39.783+01:00</updated>
    <category scheme='http://schemas.google.com/g/2005#kind'
      term='http://schemas.google.com/blogger/2008/kind#post' />
    <title type='text'>A Study in Charlotte</title>
    <content type='html'>
      <div dir="ltr" style="text-align: left;" trbidi="on">
        <img class="bookCover" border="0"
          src="https://images.gr-assets.com/books/1435248277l/23272028.jpg"></img>
        <br />
        <p>A Study in Charlotte, Brittany Cavallaro</p>
        <p>Crude, rough edges. Kids on crack, teen rape. Story? Meh.</p>
        <p>BUT--such good characters. Such weird tension/non-tension. Colour and angles.</p>
        <p>Best line: Holmes looked like a weapon. Definitely reading the next one.</p>
      </div>
    </content>
    <link rel='edit' type='application/atom+xml'
      href='https://www.blogger.com/feeds/8002380/posts/default/8456899678383219919' />
    <link rel='self' type='application/atom+xml'
      href='https://www.blogger.com/feeds/8002380/posts/default/8456899678383219919' />
    <link rel='alternate' type='text/html'
      href='https://books.supertitle.org/2017/12/a-study-in-charlotte.html'
      title='A Study in Charlotte' />
    <author>
      <name>martin</name>
      <uri>https://www.blogger.com/profile/09053983859177005529</uri>
      <email>noreply@blogger.com</email>
      <gd:image rel='http://schemas.google.com/g/2005#thumbnail' width='35' height='35'
        src='//www.blogger.com/img/blogger_logo_round_35.png' />
    </author>
  </entry>
  <entry>
    <id>tag:blogger.com,1999:blog-8002380.post-3326165336458611616</id>
    <published>2017-12-20T22:39:00.000+01:00</published>
    <updated>2017-12-20T22:39:00.421+01:00</updated>
    <category scheme='http://schemas.google.com/g/2005#kind'
      term='http://schemas.google.com/blogger/2008/kind#post' />
    <title type='text'>The Caves of Steel</title>
    <content type='html'>
      <div dir="ltr" style="text-align: left;" trbidi="on">
        <img class="bookCover" border="0"
          src="https://upload.wikimedia.org/wikipedia/en/0/03/The-caves-of-steel-doubleday-cover.jpg"></img>
        <br />
        <p>The Caves of Steel, Isaac Asimov (x2)</p>
        <p>I was surprised at how quaint it was, with women—this is 3000 years in the future
          remember—relegated to cooking and cleaning for their working husbands. You could think up
          domed cities and accelerating sidewalks but couldn't imagine women cops?</p>
        <p>Ok, but it's well-imagined and a good detective story. Thumbs up.</p>
      </div>
    </content>
    <link rel='edit' type='application/atom+xml'
      href='https://www.blogger.com/feeds/8002380/posts/default/3326165336458611616' />
    <link rel='self' type='application/atom+xml'
      href='https://www.blogger.com/feeds/8002380/posts/default/3326165336458611616' />
    <link rel='alternate' type='text/html'
      href='https://books.supertitle.org/2017/12/the-caves-of-steel.html' title='The Caves of Steel' />
    <author>
      <name>martin</name>
      <uri>https://www.blogger.com/profile/09053983859177005529</uri>
      <email>noreply@blogger.com</email>
      <gd:image rel='http://schemas.google.com/g/2005#thumbnail' width='35' height='35'
        src='//www.blogger.com/img/blogger_logo_round_35.png' />
    </author>
  </entry>
  <entry>
    <id>tag:blogger.com,1999:blog-8002380.post-3197415233107746764</id>
    <published>2017-12-20T22:36:00.002+01:00</published>
    <updated>2017-12-20T22:36:28.158+01:00</updated>
    <category scheme='http://schemas.google.com/g/2005#kind'
      term='http://schemas.google.com/blogger/2008/kind#post' />
    <title type='text'>The Voyage of the Dawn Treader</title>
    <content type='html'>
      <div dir="ltr" style="text-align: left;" trbidi="on">
        <img class="bookCover" border="0"
          src="https://upload.wikimedia.org/wikipedia/en/6/68/TheVoyageOfTheDawnTreader%281stEd%29.jpg"></img>
        <br />
        <p>The Voyage of the Dawn Treader, C. S. Lewis</p>
        <p>Good fun, with dragons and bad kids. Bad kids that learn their lesson!</p>
        <p>Only, I'm upset about the obvious Jesus stuff. Didn't really need to hear that. Hope it
          doesn't show through so much in the next books.</p>
      </div>
    </content>
    <link rel='edit' type='application/atom+xml'
      href='https://www.blogger.com/feeds/8002380/posts/default/3197415233107746764' />
    <link rel='self' type='application/atom+xml'
      href='https://www.blogger.com/feeds/8002380/posts/default/3197415233107746764' />
    <link rel='alternate' type='text/html'
      href='https://books.supertitle.org/2017/12/the-voyage-of-dawn-treader.html'
      title='The Voyage of the Dawn Treader' />
    <author>
      <name>martin</name>
      <uri>https://www.blogger.com/profile/09053983859177005529</uri>
      <email>noreply@blogger.com</email>
      <gd:image rel='http://schemas.google.com/g/2005#thumbnail' width='35' height='35'
        src='//www.blogger.com/img/blogger_logo_round_35.png' />
    </author>
  </entry>
  <entry>
    <id>tag:blogger.com,1999:blog-8002380.post-6106718659041478455</id>
    <published>2017-11-17T18:48:00.002+01:00</published>
    <updated>2021-12-04T12:08:39.158+01:00</updated>
    <category scheme='http://schemas.google.com/g/2005#kind'
      term='http://schemas.google.com/blogger/2008/kind#post' />
    <title type='text'>Une rencontre</title>
    <content type='html'>
      <div dir="ltr" style="text-align: left;" trbidi="on">
        <img class="bookCover" border="0"
          src="https://i.gr-assets.com/images/S/compressed.photo.goodreads.com/books/1348190885l/7472264.jpg"></img>
        <br />
        <p>Une rencontre, Milan Kundera</p>
        <p>I always get tricked on third airport books.</p>
        <p>I got tricked on Marguerite Yourcenar's third airport book.</p>
        <p>I got tricked on Jean-Paul Sartre's third airport book.</p>
        <p>And now I got tricked on Milan Kundera's third airport book.</p>
        <p>An airport book is a book I buy at the airport, to read on the plane. I read two awesome
          books by Marguerite Yourcenar before I bought <i>Souvenirs Pieux</i> at the airport,
          drooling, and then it turned out it was her autobiography.</p>
        <p>I never realized I hated autobiography.</p>
        <p>Then I read two awesome books by Sartre (really one), before I bought <i>Les mots</i> at
          the airport,<br /> drooling, before I realized it was his autobiography.</p>
        <p>This time, I realized I hated autobiography.</p>
        <p>Finally, I read two awesome books by Milan Kundera before I bought <i>Une rencontre</i>
          at the airport.<br /> It's not an autobiography, but it's kind of an autobiography.</p>
        <p>There's something funny about these autobiographies from great writers. They turn out to
          be—well it should be obvious—narcissistic, like they're welling in their words after a
          bit. But they start awesome.</p>
        <p><i>Une rencontre</i>'s saving grace is that it has lots of munchy book recommendations in
          it. Only reason I forced myself through it.</p>
      </div>
    </content>
    <link rel='edit' type='application/atom+xml'
      href='https://www.blogger.com/feeds/8002380/posts/default/6106718659041478455' />
    <link rel='self' type='application/atom+xml'
      href='https://www.blogger.com/feeds/8002380/posts/default/6106718659041478455' />
    <link rel='alternate' type='text/html'
      href='https://books.supertitle.org/2017/11/une-rencontre.html' title='Une rencontre' />
    <author>
      <name>martin</name>
      <uri>https://www.blogger.com/profile/09053983859177005529</uri>
      <email>noreply@blogger.com</email>
      <gd:image rel='http://schemas.google.com/g/2005#thumbnail' width='35' height='35'
        src='//www.blogger.com/img/blogger_logo_round_35.png' />
    </author>
  </entry>
  <entry>
    <id>tag:blogger.com,1999:blog-8002380.post-3619302767351699038</id>
    <published>2017-10-08T10:01:00.002+02:00</published>
    <updated>2017-10-08T10:01:40.028+02:00</updated>
    <category scheme='http://schemas.google.com/g/2005#kind'
      term='http://schemas.google.com/blogger/2008/kind#post' />
    <title type='text'>Blue Murder</title>
    <content type='html'>
      <div dir="ltr" style="text-align: left;" trbidi="on">
        <img class="bookCover" border="0"
          src="http://t0.gstatic.com/images?q=tbn:ANd9GcTwaLWqaPbz3kXY7Tt5_rRxri4cZlu6ktzhk4OUtqvz0aWQxHo9"></img>
        <br />
        <p>Blue Murder, Emma Jameson</p>
        <p>The second in Emma Jameson's intriguing Lord and Lady Hetheridge murder mystery series.
          In an improbable setup—an English baron works as chief inspector for New Scotland Yard,
          and falls in love with a brilliant subordinate half his age—murder mysteries get resolved.</p>
        <p>Yes. Mysteries get resolved. That's the good thing about murder mysteries: without any
          effort on your part, other than turning pages, you are presented with a mystery that gnaws
          at you for a while and then is given a perfect solution. Ending the gnawing.</p>
        <p>I am a bit confused about the change books seem to be going through: where these works of
          very light reading appear in the same positions as books that require thought. When I say
          "positions," I mean the Kindle Bookstore.</p>
        <p>The two types have two different uses. A review of one should not use the same criteria
          as a review of the other. I have to admit though that until recently I did not believe
          that books should be categorized into "light" vs. "heavy" reading.</p>
        <p>I do now.</p>
        <p>This is a light story, similar to Emma's previous instalment, but not as good. There are
          distracting elements such as the ponderous presence of the "nemesis" character who does
          not actually do anything: he is clearly introduced to benefit the series, not the story,
          but takes space nevertheless. And the relationship between the series-titular Lord and
          Lady continues to be—while attractive—arhythmic. Both too slow and too fast.</p>
        <p>Setting up a murder mystery series with cops as the central characters is the perfect
          feeder for infinite content. But I feel it's a bit sloppily told and I keep getting bumped
          out of the book and into reality.</p>
      </div>
    </content>
    <link rel='edit' type='application/atom+xml'
      href='https://www.blogger.com/feeds/8002380/posts/default/3619302767351699038' />
    <link rel='self' type='application/atom+xml'
      href='https://www.blogger.com/feeds/8002380/posts/default/3619302767351699038' />
    <link rel='alternate' type='text/html'
      href='https://books.supertitle.org/2017/10/blue-murder.html' title='Blue Murder' />
    <author>
      <name>martin</name>
      <uri>https://www.blogger.com/profile/09053983859177005529</uri>
      <email>noreply@blogger.com</email>
      <gd:image rel='http://schemas.google.com/g/2005#thumbnail' width='35' height='35'
        src='//www.blogger.com/img/blogger_logo_round_35.png' />
    </author>
  </entry>
  <entry>
    <id>tag:blogger.com,1999:blog-8002380.post-3104120892122014949</id>
    <published>2017-10-08T09:36:00.002+02:00</published>
    <updated>2017-10-08T09:36:26.150+02:00</updated>
    <category scheme='http://schemas.google.com/g/2005#kind'
      term='http://schemas.google.com/blogger/2008/kind#post' />
    <title type='text'>Ice Blue</title>
    <content type='html'>
      <div dir="ltr" style="text-align: left;" trbidi="on">
        <img class="bookCover" border="0"
          src="https://images.gr-assets.com/books/1328325379l/10994296.jpg"></img>
        <br />
        <p>Ice Blue, Emma Jameson</p>
        <p>Pretty good, light murder-mystery, cops-in-love read. Better than most cheap books, if
          slightly awkward.</p>
        <p>Don't pay more than two euros.</p>
      </div>
    </content>
    <link rel='edit' type='application/atom+xml'
      href='https://www.blogger.com/feeds/8002380/posts/default/3104120892122014949' />
    <link rel='self' type='application/atom+xml'
      href='https://www.blogger.com/feeds/8002380/posts/default/3104120892122014949' />
    <link rel='alternate' type='text/html' href='https://books.supertitle.org/2017/10/ice-blue.html'
      title='Ice Blue' />
    <author>
      <name>martin</name>
      <uri>https://www.blogger.com/profile/09053983859177005529</uri>
      <email>noreply@blogger.com</email>
      <gd:image rel='http://schemas.google.com/g/2005#thumbnail' width='35' height='35'
        src='//www.blogger.com/img/blogger_logo_round_35.png' />
    </author>
  </entry>
  <entry>
    <id>tag:blogger.com,1999:blog-8002380.post-5573167046026752885</id>
    <published>2017-08-19T14:09:00.002+02:00</published>
    <updated>2017-08-19T14:09:34.171+02:00</updated>
    <category scheme='http://schemas.google.com/g/2005#kind'
      term='http://schemas.google.com/blogger/2008/kind#post' />
    <title type='text'>The Man in the High Castle</title>
    <content type='html'>
      <div dir="ltr" style="text-align: left;" trbidi="on">
        <img class="bookCover" border="0"
          src="https://upload.wikimedia.org/wikipedia/en/8/87/Man_in_the_High_Castle_%281st_Edition%29.png"></img>
        <br />
        <p>The Man in the High Castle, Philip K. Dick</p>
        <p>The idea is inspired, but not the execution.</p>
        <p>You can tell it's written by a pro, a good writer. The imagination is subtle: you feel it
          is boundless, due to the little bits of fantasy you get in all domains, from jewelery to
          politics to language to food.<br /> And yet it is moderate—what's the word for "correct
          dosage?:" that's how the imagination is used.</p>
        <p>Unfortunately, the characters are dull, and the story is dull. Like Dick had this great
          idea but sat on it too long and forgot how he wanted to go about it, but did it anyway.</p>
      </div>
    </content>
    <link rel='edit' type='application/atom+xml'
      href='https://www.blogger.com/feeds/8002380/posts/default/5573167046026752885' />
    <link rel='self' type='application/atom+xml'
      href='https://www.blogger.com/feeds/8002380/posts/default/5573167046026752885' />
    <link rel='alternate' type='text/html'
      href='https://books.supertitle.org/2017/08/the-man-in-high-castle.html'
      title='The Man in the High Castle' />
    <author>
      <name>martin</name>
      <uri>https://www.blogger.com/profile/09053983859177005529</uri>
      <email>noreply@blogger.com</email>
      <gd:image rel='http://schemas.google.com/g/2005#thumbnail' width='35' height='35'
        src='//www.blogger.com/img/blogger_logo_round_35.png' />
    </author>
  </entry>
  <entry>
    <id>tag:blogger.com,1999:blog-8002380.post-1213057465978516736</id>
    <published>2017-08-19T13:56:00.001+02:00</published>
    <updated>2017-08-19T13:56:16.352+02:00</updated>
    <category scheme='http://schemas.google.com/g/2005#kind'
      term='http://schemas.google.com/blogger/2008/kind#post' />
    <title type='text'>Prince Caspian</title>
    <content type='html'>
      <div dir="ltr" style="text-align: left;" trbidi="on">
        <img class="bookCover" border="0"
          src="https://upload.wikimedia.org/wikipedia/en/7/7b/PrinceCaspian%281stEd%29.jpg"></img>
        <br />
        <p>Prince Caspian, C. S. Lewis</p>
        <p>I am disappointed that the children left Narnia.</p>
        <p>The possibility has been opened that it's all in their imagination. This weakens the
          story, I find.</p>
        <p>Apart from that, it's lovely.</p>
      </div>
    </content>
    <link rel='edit' type='application/atom+xml'
      href='https://www.blogger.com/feeds/8002380/posts/default/1213057465978516736' />
    <link rel='self' type='application/atom+xml'
      href='https://www.blogger.com/feeds/8002380/posts/default/1213057465978516736' />
    <link rel='alternate' type='text/html'
      href='https://books.supertitle.org/2017/08/prince-caspian.html' title='Prince Caspian' />
    <author>
      <name>martin</name>
      <uri>https://www.blogger.com/profile/09053983859177005529</uri>
      <email>noreply@blogger.com</email>
      <gd:image rel='http://schemas.google.com/g/2005#thumbnail' width='35' height='35'
        src='//www.blogger.com/img/blogger_logo_round_35.png' />
    </author>
  </entry>
  <entry>
    <id>tag:blogger.com,1999:blog-8002380.post-2848071488910563911</id>
    <published>2017-07-11T22:40:00.001+02:00</published>
    <updated>2017-07-11T22:40:26.711+02:00</updated>
    <category scheme='http://schemas.google.com/g/2005#kind'
      term='http://schemas.google.com/blogger/2008/kind#post' />
    <title type='text'>Lost Horizon</title>
    <content type='html'>
      <div dir="ltr" style="text-align: left;" trbidi="on">
        <img class="bookCover" border="0"
          src="https://upload.wikimedia.org/wikipedia/en/9/93/Lost_Horizon_%28James_Hilton_novel%29_coverart.jpg"></img>
        <br />
        <p>Lost Horizon, James Hilton</p>
        <p>I'll be.</p>
        <p>There is tight skill in these 1930's wedge-wads.</p>
        <p>Like Henry James: a story that neither begins nor ends, but whittles to its core.</p>
      </div>
    </content>
    <link rel='edit' type='application/atom+xml'
      href='https://www.blogger.com/feeds/8002380/posts/default/2848071488910563911' />
    <link rel='self' type='application/atom+xml'
      href='https://www.blogger.com/feeds/8002380/posts/default/2848071488910563911' />
    <link rel='alternate' type='text/html'
      href='https://books.supertitle.org/2017/07/lost-horizon.html' title='Lost Horizon' />
    <author>
      <name>martin</name>
      <uri>https://www.blogger.com/profile/09053983859177005529</uri>
      <email>noreply@blogger.com</email>
      <gd:image rel='http://schemas.google.com/g/2005#thumbnail' width='35' height='35'
        src='//www.blogger.com/img/blogger_logo_round_35.png' />
    </author>
  </entry>
  <entry>
    <id>tag:blogger.com,1999:blog-8002380.post-2883531047540989949</id>
    <published>2017-07-06T07:57:00.000+02:00</published>
    <updated>2017-07-06T07:57:17.376+02:00</updated>
    <category scheme='http://schemas.google.com/g/2005#kind'
      term='http://schemas.google.com/blogger/2008/kind#post' />
    <title type='text'>La possibilité d'une île</title>
    <content type='html'>
      <div dir="ltr" style="text-align: left;" trbidi="on">
        <img class="bookCover" border="0"
          src="http://www.images-chapitre.com/ima1/original/438/52316438_10849260.jpg"></img>
        <br />
        <p>La possibilité d'une île, Michel Houlebec</p>
        <p>Playful, decrepit, irresponsible whimsy disguised as careful optimism.</p>
        <p>LP++</p>
      </div>
    </content>
    <link rel='edit' type='application/atom+xml'
      href='https://www.blogger.com/feeds/8002380/posts/default/2883531047540989949' />
    <link rel='self' type='application/atom+xml'
      href='https://www.blogger.com/feeds/8002380/posts/default/2883531047540989949' />
    <link rel='alternate' type='text/html'
      href='https://books.supertitle.org/2017/07/la-possibilite-dune-ile.html'
      title='La possibilité d&apos;une île' />
    <author>
      <name>martin</name>
      <uri>https://www.blogger.com/profile/09053983859177005529</uri>
      <email>noreply@blogger.com</email>
      <gd:image rel='http://schemas.google.com/g/2005#thumbnail' width='35' height='35'
        src='//www.blogger.com/img/blogger_logo_round_35.png' />
    </author>
  </entry>
  <entry>
    <id>tag:blogger.com,1999:blog-8002380.post-4790747340720741384</id>
    <published>2017-06-03T12:11:00.001+02:00</published>
    <updated>2017-06-03T12:11:58.609+02:00</updated>
    <category scheme='http://schemas.google.com/g/2005#kind'
      term='http://schemas.google.com/blogger/2008/kind#post' />
    <title type='text'>The Horse and His Boy</title>
    <content type='html'>
      <div dir="ltr" style="text-align: left;" trbidi="on">
        <img class="bookCover" border="0"
          src="https://upload.wikimedia.org/wikipedia/en/f/f9/TheHorseAndHisBoy%281stEd%29.jpg"></img>
        <br />
        <p>The Horse and His Boy, C. S. Lewis</p>
        <p>Good one: emotion, adventure, suspense. And that twist.</p>
      </div>
    </content>
    <link rel='edit' type='application/atom+xml'
      href='https://www.blogger.com/feeds/8002380/posts/default/4790747340720741384' />
    <link rel='self' type='application/atom+xml'
      href='https://www.blogger.com/feeds/8002380/posts/default/4790747340720741384' />
    <link rel='alternate' type='text/html'
      href='https://books.supertitle.org/2017/06/the-horse-and-his-boy.html'
      title='The Horse and His Boy' />
    <author>
      <name>martin</name>
      <uri>https://www.blogger.com/profile/09053983859177005529</uri>
      <email>noreply@blogger.com</email>
      <gd:image rel='http://schemas.google.com/g/2005#thumbnail' width='35' height='35'
        src='//www.blogger.com/img/blogger_logo_round_35.png' />
    </author>
  </entry>
  <entry>
    <id>tag:blogger.com,1999:blog-8002380.post-6677805894790671414</id>
    <published>2017-03-05T21:31:00.001+01:00</published>
    <updated>2017-08-19T22:57:51.901+02:00</updated>
    <category scheme='http://schemas.google.com/g/2005#kind'
      term='http://schemas.google.com/blogger/2008/kind#post' />
    <title type='text'>The Lion, The Witch and The Wardrobe</title>
    <content type='html'>
      <div dir="ltr" style="text-align: left;" trbidi="on">
        <img class="bookCover" border="0"
          src="https://upload.wikimedia.org/wikipedia/en/8/86/TheLionWitchWardrobe%281stEd%29.jpg"></img>
        <br />
        <p>The Lion, The Witch and The Wardrobe, C. S. Lewis</p>
        <p>Not as good as the first one. Less architectural, although walking through coats until
          they become a forest is cool.</p>
        <p>Ending is kind of disappointing. The victory of the heroes is assured by the sudden
          machination of "deeper magic." I wish this deeper magic had been mentioned in the
          beginning.</p>
        <p>That's the thing about stories: they work when the element of resolution is something
          that has made its appearance early, then has been forgotten. When the resolution just
          comes out of nowhere, like when suddenly the hero can fly or stop time or something, it
          doesn't feel like a story.</p>
        <p>Still like reading it, though.</p>
      </div>
    </content>
    <link rel='edit' type='application/atom+xml'
      href='https://www.blogger.com/feeds/8002380/posts/default/6677805894790671414' />
    <link rel='self' type='application/atom+xml'
      href='https://www.blogger.com/feeds/8002380/posts/default/6677805894790671414' />
    <link rel='alternate' type='text/html'
      href='https://books.supertitle.org/2017/03/the-lion-witch-and-wardrobe.html'
      title='The Lion, The Witch and The Wardrobe' />
    <author>
      <name>martin</name>
      <uri>https://www.blogger.com/profile/09053983859177005529</uri>
      <email>noreply@blogger.com</email>
      <gd:image rel='http://schemas.google.com/g/2005#thumbnail' width='35' height='35'
        src='//www.blogger.com/img/blogger_logo_round_35.png' />
    </author>
  </entry>
  <entry>
    <id>tag:blogger.com,1999:blog-8002380.post-1538018133794526821</id>
    <published>2017-02-11T23:11:00.001+01:00</published>
    <updated>2017-02-13T11:38:00.704+01:00</updated>
    <category scheme='http://schemas.google.com/g/2005#kind'
      term='http://schemas.google.com/blogger/2008/kind#post' />
    <title type='text'>Seveneves</title>
    <content type='html'>
      <div dir="ltr" style="text-align: left;" trbidi="on">
        <img class="bookCover" border="0"
          src="https://upload.wikimedia.org/wikipedia/en/f/f9/Seveneves_Book_Cover.jpg"></img>
        <br />
        <p>Seveneves, Neal Stephenson</p>
        <p>Such an epic idea and series of ideas, with such realized potential that the structural
          flaws mostly around its ending only make me admire its epicness.</p>
        <p>Let's do away with the flaws: the price, first of all. Twelve euros is steep for an
          e-book, but hell. And the narrative is too fast at the end. A hundred important things
          happen but all with very little tension, as if the plan was complete but the publisher
          rushed the book out the door.</p>
        <p>To create tension, you miss twice then bullseye the third time. Let me be clear: the last
          sixth of Seveneves, after flawless execution of the first five sixths, is a string of
          bullseyes. All that's missing is the "misses," those teasing narrative events that tell
          you you're getting close to the big reveal but which make you think everything's gone to
          hell. It feels like Stephenson had the entire plan written out, but for the very last part
          the publisher rushed the book out the door. Nevertheless, since the GOOD parts got
          written, it's still a good read.<br />
        </p>
        <p>We're left with: A catastrophe novel of immense, epic ideas, relentlessly coming one
          after the other; A funny novel, with funny characters and an unthinkable optimism in the
          face of the most unthinkably biggest disasters that could ever occur; and bunch of good
          little stories within a good big story. Don't spend twelve euros, but read it.</p>
        <p>
          <i>Update: for some reason Google Plus is re-publishing this post every time I make a
            small change, while Google Blogger is reverting my text to old versions and deleting key
            paragraphs. Hopefully, this will be the last correction.</i>
        </p>
      </div>
    </content>
    <link rel='edit' type='application/atom+xml'
      href='https://www.blogger.com/feeds/8002380/posts/default/1538018133794526821' />
    <link rel='self' type='application/atom+xml'
      href='https://www.blogger.com/feeds/8002380/posts/default/1538018133794526821' />
    <link rel='alternate' type='text/html'
      href='https://books.supertitle.org/2017/02/seveneves.html' title='Seveneves' />
    <author>
      <name>martin</name>
      <uri>https://www.blogger.com/profile/09053983859177005529</uri>
      <email>noreply@blogger.com</email>
      <gd:image rel='http://schemas.google.com/g/2005#thumbnail' width='35' height='35'
        src='//www.blogger.com/img/blogger_logo_round_35.png' />
    </author>
  </entry>
  <entry>
    <id>tag:blogger.com,1999:blog-8002380.post-1029344963306112640</id>
    <published>2016-12-13T15:58:00.001+01:00</published>
    <updated>2016-12-13T17:22:33.576+01:00</updated>
    <category scheme='http://schemas.google.com/g/2005#kind'
      term='http://schemas.google.com/blogger/2008/kind#post' />
    <title type='text'>Cryptonomicon</title>
    <content type='html'>
      <div dir="ltr" style="text-align: left;" trbidi="on">
        <img class="bookCover" border="0"
          src="https://upload.wikimedia.org/wikipedia/en/9/93/Cryptonomicon%281stEd%29.jpg"></img>
        <br />
        <p>Cryptonomicon, Neal Stephenson</p>
        <p>It has come to my attention that there is such a thing—and I will retroactively apply
          this to several persons I have come across—as an English geek.</p>
        <p>Unlike my experience at university where I encountered math geeks and computer geeks and
          also engineers (geekness included by definition), nobody in the entire Arts faculty lacked
          social skills or failed to wear make up, or got really... I don't know... excited about
          books.</p>
        <p>But I wasn't paying attention. It is through authors like Pynchon that I realize that
          there were undergraduates sitting in those English lectures ... geeking out. Checking
          dictionnaires. Writing dictionaries. Intertextualizing. Geeking out on <em>how stories
          work.</em> How... I don't know... the alazon turns out to be the hero in <em>Pride and
          Prejudice</em> (I'm just making that up). How language changes. How Spenser sounds
          medieval and funny because he was making fun of funny-sounding medieval writers. Learning
          to speak Middle-English.</p>
        <p>I'm stupid. Now that I think of it, I met them. I guess the English-geekness was just so
          overshadowed by the profundity of math-geekness that it was difficult for those poor
          English geeks to sprout. There were obviously linguistics geeks. And secular exegetical
          geeks. But there were really literary-structure geeks. It's through reading Pynchon that I
          realized there must be a whole world of people out there looking for this kind of writing
          that just thrashes around all these theories and models of English literature. And that's
          why I like reading Pynchon.</p>
        <p>But... the awesome thing that I've just realized with Stephenson is that you can be an
          English geek and a math geek at the same time.</p>
        <p>Wow.</p>
      </div>
    </content>
    <link rel='edit' type='application/atom+xml'
      href='https://www.blogger.com/feeds/8002380/posts/default/1029344963306112640' />
    <link rel='self' type='application/atom+xml'
      href='https://www.blogger.com/feeds/8002380/posts/default/1029344963306112640' />
    <link rel='alternate' type='text/html'
      href='https://books.supertitle.org/2016/12/cryptonomicon.html' title='Cryptonomicon' />
    <author>
      <name>martin</name>
      <uri>https://www.blogger.com/profile/09053983859177005529</uri>
      <email>noreply@blogger.com</email>
      <gd:image rel='http://schemas.google.com/g/2005#thumbnail' width='35' height='35'
        src='//www.blogger.com/img/blogger_logo_round_35.png' />
    </author>
  </entry>
  <entry>
    <id>tag:blogger.com,1999:blog-8002380.post-3180273450327682569</id>
    <published>2016-11-12T23:18:00.000+01:00</published>
    <updated>2017-02-11T23:22:58.667+01:00</updated>
    <category scheme='http://schemas.google.com/g/2005#kind'
      term='http://schemas.google.com/blogger/2008/kind#post' />
    <title type='text'>The Magician's Nephew</title>
    <content type='html'>
      <div dir="ltr" style="text-align: left;" trbidi="on">
        <img class="bookCover" border="0"
          src="https://upload.wikimedia.org/wikipedia/en/d/df/TheMagiciansNephew%281stEd%29.jpg"></img>
        <br />
        <p>The Magician's Nephew, C. S. Lewis</p>
        <p>I'm finally reading Narnia.</p>
        <p>I wish it was longer.</p>
      </div>
    </content>
    <link rel='edit' type='application/atom+xml'
      href='https://www.blogger.com/feeds/8002380/posts/default/3180273450327682569' />
    <link rel='self' type='application/atom+xml'
      href='https://www.blogger.com/feeds/8002380/posts/default/3180273450327682569' />
    <link rel='alternate' type='text/html'
      href='https://books.supertitle.org/2016/11/the-magicians-nephew.html'
      title='The Magician&apos;s Nephew' />
    <author>
      <name>martin</name>
      <uri>https://www.blogger.com/profile/09053983859177005529</uri>
      <email>noreply@blogger.com</email>
      <gd:image rel='http://schemas.google.com/g/2005#thumbnail' width='35' height='35'
        src='//www.blogger.com/img/blogger_logo_round_35.png' />
    </author>
  </entry>
  <entry>
    <id>tag:blogger.com,1999:blog-8002380.post-8718032849619797317</id>
    <published>2016-07-26T20:18:00.002+02:00</published>
    <updated>2016-07-26T20:18:44.117+02:00</updated>
    <category scheme='http://schemas.google.com/g/2005#kind'
      term='http://schemas.google.com/blogger/2008/kind#post' />
    <title type='text'>Wonder</title>
    <content type='html'>
      <div dir="ltr" style="text-align: left;" trbidi="on">
        <img class="bookCover" border="0"
          src="https://upload.wikimedia.org/wikipedia/en/0/03/Wonder_Cover_Art.png"></img>
        <br />
        <p>Wonder, R. J. Palacio</p>
        <p>The feeling of not wanting to read this book is like the feeling of not wanting to talk
          to August, its hero.</p>
        <p>Overcome that.</p>
      </div>
    </content>
    <link rel='edit' type='application/atom+xml'
      href='https://www.blogger.com/feeds/8002380/posts/default/8718032849619797317' />
    <link rel='self' type='application/atom+xml'
      href='https://www.blogger.com/feeds/8002380/posts/default/8718032849619797317' />
    <link rel='alternate' type='text/html' href='https://books.supertitle.org/2016/07/wonder.html'
      title='Wonder' />
    <author>
      <name>martin</name>
      <uri>https://www.blogger.com/profile/09053983859177005529</uri>
      <email>noreply@blogger.com</email>
      <gd:image rel='http://schemas.google.com/g/2005#thumbnail' width='35' height='35'
        src='//www.blogger.com/img/blogger_logo_round_35.png' />
    </author>
  </entry>
  <entry>
    <id>tag:blogger.com,1999:blog-8002380.post-7666615843803498096</id>
    <published>2016-07-26T20:16:00.000+02:00</published>
    <updated>2016-07-26T20:16:34.657+02:00</updated>
    <category scheme='http://schemas.google.com/g/2005#kind'
      term='http://schemas.google.com/blogger/2008/kind#post' />
    <title type='text'>The Black Count</title>
    <content type='html'>
      <div dir="ltr" style="text-align: left;" trbidi="on">
        <img class="bookCover" border="0"
          src="https://upload.wikimedia.org/wikipedia/en/6/6d/The_Black_Count_book_cover.jpg"></img>
        <br />
        <p>The Black Count, Tom Reiss</p>
        <p>Well, who woulda thunk it.</p>
      </div>
    </content>
    <link rel='edit' type='application/atom+xml'
      href='https://www.blogger.com/feeds/8002380/posts/default/7666615843803498096' />
    <link rel='self' type='application/atom+xml'
      href='https://www.blogger.com/feeds/8002380/posts/default/7666615843803498096' />
    <link rel='alternate' type='text/html'
      href='https://books.supertitle.org/2016/07/the-black-count.html' title='The Black Count' />
    <author>
      <name>martin</name>
      <uri>https://www.blogger.com/profile/09053983859177005529</uri>
      <email>noreply@blogger.com</email>
      <gd:image rel='http://schemas.google.com/g/2005#thumbnail' width='35' height='35'
        src='//www.blogger.com/img/blogger_logo_round_35.png' />
    </author>
  </entry>
  <entry>
    <id>tag:blogger.com,1999:blog-8002380.post-2760839810238978459</id>
    <published>2016-05-16T08:45:00.002+02:00</published>
    <updated>2016-05-16T08:45:38.280+02:00</updated>
    <category scheme='http://schemas.google.com/g/2005#kind'
      term='http://schemas.google.com/blogger/2008/kind#post' />
    <title type='text'>The Dispossessed</title>
    <content type='html'>
      <div dir="ltr" style="text-align: left;" trbidi="on">
        <img class="bookCover" border="0"
          src="https://upload.wikimedia.org/wikipedia/en/f/fc/TheDispossed%281stEdHardcover%29.jpg"></img>
        <br />
        <p>The Dispossessed, Ursula K. Le Guin</p>
        <p>Le Guin is best when she's boring.</p>
      </div>
    </content>
    <link rel='edit' type='application/atom+xml'
      href='https://www.blogger.com/feeds/8002380/posts/default/2760839810238978459' />
    <link rel='self' type='application/atom+xml'
      href='https://www.blogger.com/feeds/8002380/posts/default/2760839810238978459' />
    <link rel='alternate' type='text/html'
      href='https://books.supertitle.org/2016/05/the-dispossessed.html' title='The Dispossessed' />
    <author>
      <name>martin</name>
      <uri>https://www.blogger.com/profile/09053983859177005529</uri>
      <email>noreply@blogger.com</email>
      <gd:image rel='http://schemas.google.com/g/2005#thumbnail' width='35' height='35'
        src='//www.blogger.com/img/blogger_logo_round_35.png' />
    </author>
  </entry>
  <entry>
    <id>tag:blogger.com,1999:blog-8002380.post-6321384827480828522</id>
    <published>2016-04-30T17:25:00.001+02:00</published>
    <updated>2016-04-30T17:27:42.518+02:00</updated>
    <category scheme='http://schemas.google.com/g/2005#kind'
      term='http://schemas.google.com/blogger/2008/kind#post' />
    <title type='text'>An Innocent Client</title>
    <content type='html'>
      <div dir="ltr" style="text-align: left;" trbidi="on">
        <img class="bookCover" border="0"
          src="http://ecx.images-amazon.com/images/I/51oIQPXT1qL._SY344_BO1,204,203,200_.jpg"></img>
        <br />
        <p>An Innocent Client, Scott Pratt</p>
        <p>Overuse of the words "belligerent" and "pantsuit." But well-told and readable.</p>
      </div>
    </content>
    <link rel='edit' type='application/atom+xml'
      href='https://www.blogger.com/feeds/8002380/posts/default/6321384827480828522' />
    <link rel='self' type='application/atom+xml'
      href='https://www.blogger.com/feeds/8002380/posts/default/6321384827480828522' />
    <link rel='alternate' type='text/html'
      href='https://books.supertitle.org/2016/04/an-innocent-client.html' title='An Innocent Client' />
    <author>
      <name>martin</name>
      <uri>https://www.blogger.com/profile/09053983859177005529</uri>
      <email>noreply@blogger.com</email>
      <gd:image rel='http://schemas.google.com/g/2005#thumbnail' width='35' height='35'
        src='//www.blogger.com/img/blogger_logo_round_35.png' />
    </author>
  </entry>
  <entry>
    <id>tag:blogger.com,1999:blog-8002380.post-953625579512691055</id>
    <published>2016-04-30T17:20:00.000+02:00</published>
    <updated>2016-04-30T17:20:02.404+02:00</updated>
    <category scheme='http://schemas.google.com/g/2005#kind'
      term='http://schemas.google.com/blogger/2008/kind#post' />
    <title type='text'>Purity</title>
    <content type='html'>
      <div dir="ltr" style="text-align: left;" trbidi="on">
        <img class="bookCover" border="0"
          src="https://upload.wikimedia.org/wikipedia/en/9/96/Jonathan_Franzen%2C_Purity%2C_cover.jpg"></img>
        <br />
        <p>Purity, Jonathan Franzen</p>
        <p>Purity belongs to that class of story based entirely on its protagonist learning who his
          or her parents are. It tells us many awful stories in skilled mind-twisting order, with a
          high-impact revelation of parenthood. It is rich and fat, and bold.</p>
        <p>There is something else though. There is more than dash of insanity in several
          characters, and their motivations are hard to follow. But the text is so tight that I'm
          convinced that difficulty is just me not putting in enough effort. It's so tight that I'm
          willing to forgive it anything.</p>
      </div>
    </content>
    <link rel='edit' type='application/atom+xml'
      href='https://www.blogger.com/feeds/8002380/posts/default/953625579512691055' />
    <link rel='self' type='application/atom+xml'
      href='https://www.blogger.com/feeds/8002380/posts/default/953625579512691055' />
    <link rel='alternate' type='text/html' href='https://books.supertitle.org/2016/04/purity.html'
      title='Purity' />
    <author>
      <name>martin</name>
      <uri>https://www.blogger.com/profile/09053983859177005529</uri>
      <email>noreply@blogger.com</email>
      <gd:image rel='http://schemas.google.com/g/2005#thumbnail' width='35' height='35'
        src='//www.blogger.com/img/blogger_logo_round_35.png' />
    </author>
  </entry>
  <entry>
    <id>tag:blogger.com,1999:blog-8002380.post-7640916712171740860</id>
    <published>2016-03-31T13:11:00.003+02:00</published>
    <updated>2016-04-07T08:52:42.031+02:00</updated>
    <category scheme='http://schemas.google.com/g/2005#kind'
      term='http://schemas.google.com/blogger/2008/kind#post' />
    <title type='text'>La rivière à l'envers</title>
    <content type='html'>
      <div dir="ltr" style="text-align: left;" trbidi="on">
        <img class="bookCover" border="0"
          src="http://ecx.images-amazon.com/images/I/919YlvwXwzL.jpg"></img>
        <br />
        <img class="bookCover" border="0"
          src="http://ecx.images-amazon.com/images/I/51puW9k5gQL._SX303_BO1,204,203,200_.jpg"></img>
        <br />
        <p>La rivière à l'envers (two volumes), Jean-Claude Mourlevat</p>
        <p>Cute and imaginative. Poetic and perfect. I wish it was longer.</p>
      </div>
    </content>
    <link rel='edit' type='application/atom+xml'
      href='https://www.blogger.com/feeds/8002380/posts/default/7640916712171740860' />
    <link rel='self' type='application/atom+xml'
      href='https://www.blogger.com/feeds/8002380/posts/default/7640916712171740860' />
    <link rel='alternate' type='text/html'
      href='https://books.supertitle.org/2016/03/la-riviere-lenvers.html'
      title='La rivière à l&apos;envers' />
    <author>
      <name>martin</name>
      <uri>https://www.blogger.com/profile/09053983859177005529</uri>
      <email>noreply@blogger.com</email>
      <gd:image rel='http://schemas.google.com/g/2005#thumbnail' width='35' height='35'
        src='//www.blogger.com/img/blogger_logo_round_35.png' />
    </author>
  </entry>
  <entry>
    <id>tag:blogger.com,1999:blog-8002380.post-5515754323634453491</id>
    <published>2016-03-31T13:03:00.003+02:00</published>
    <updated>2021-04-18T19:52:18.659+02:00</updated>
    <category scheme='http://schemas.google.com/g/2005#kind'
      term='http://schemas.google.com/blogger/2008/kind#post' />
    <title type='text'>Lady Chatterley's Lover</title>
    <content type='html'>
      <div dir="ltr" style="text-align: left;" trbidi="on">
        <img border="0" class="bookCover"
          src="https://upload.wikimedia.org/wikipedia/en/a/aa/Lady_chatterley%27s_lover_1932_UK_%28Secker%29.png" />
        <br />
        <p>Lady Chatterley's Lover, D. H. Lawrence</p>
        <p>Oh yeah, porn! Phalluses and... women's parts. Fucking. Coming off together. And
          philosophy and class struggle.</p>
        <p>If MarxPorn is your fantasy, then this book is for you.</p>
      </div>
    </content>
    <link rel='edit' type='application/atom+xml'
      href='https://www.blogger.com/feeds/8002380/posts/default/5515754323634453491' />
    <link rel='self' type='application/atom+xml'
      href='https://www.blogger.com/feeds/8002380/posts/default/5515754323634453491' />
    <link rel='alternate' type='text/html'
      href='https://books.supertitle.org/2016/03/lady-chatterleys-lover.html'
      title='Lady Chatterley&apos;s Lover' />
    <author>
      <name>martin</name>
      <uri>https://www.blogger.com/profile/09053983859177005529</uri>
      <email>noreply@blogger.com</email>
      <gd:image rel='http://schemas.google.com/g/2005#thumbnail' width='35' height='35'
        src='//www.blogger.com/img/blogger_logo_round_35.png' />
    </author>
  </entry>
  <entry>
    <id>tag:blogger.com,1999:blog-8002380.post-4986358212420287844</id>
    <published>2016-01-25T19:05:00.005+01:00</published>
    <updated>2016-03-31T13:19:05.570+02:00</updated>
    <category scheme='http://schemas.google.com/g/2005#kind'
      term='http://schemas.google.com/blogger/2008/kind#post' />
    <title type='text'>Pattern Recognition</title>
    <content type='html'>
      <div dir="ltr" style="text-align: left;" trbidi="on">
        <img class="bookCover" border="0"
          src="https://upload.wikimedia.org/wikipedia/en/7/7d/Pattern_recognition_%28book_cover%29.jpg"></img>
        <br />
        <p>Pattern Recognition, William Gibson</p>
        <p>Glad I read it, would again. I just feel it could have had a more meaningful resolution.
          It wasn't very tense.</p>
      </div>
    </content>
    <link rel='edit' type='application/atom+xml'
      href='https://www.blogger.com/feeds/8002380/posts/default/4986358212420287844' />
    <link rel='self' type='application/atom+xml'
      href='https://www.blogger.com/feeds/8002380/posts/default/4986358212420287844' />
    <link rel='alternate' type='text/html'
      href='https://books.supertitle.org/2016/01/pattern-recognition.html'
      title='Pattern Recognition' />
    <author>
      <name>martin</name>
      <uri>https://www.blogger.com/profile/09053983859177005529</uri>
      <email>noreply@blogger.com</email>
      <gd:image rel='http://schemas.google.com/g/2005#thumbnail' width='35' height='35'
        src='//www.blogger.com/img/blogger_logo_round_35.png' />
    </author>
  </entry>
  <entry>
    <id>tag:blogger.com,1999:blog-8002380.post-6355163092803688800</id>
    <published>2016-01-10T22:35:00.000+01:00</published>
    <updated>2016-03-31T13:20:13.612+02:00</updated>
    <category scheme='http://schemas.google.com/g/2005#kind'
      term='http://schemas.google.com/blogger/2008/kind#post' />
    <title type='text'>The Peripheral</title>
    <content type='html'>
      <div dir="ltr" style="text-align: left;" trbidi="on">
        <img class="bookCover" border="0"
          src="http://ecx.images-amazon.com/images/I/71NJqEgdwZL.jpg"></img>
        <br />
        <p>The Peripheral, William Gibson</p>
        <p>Good Gibson. And Gibson's good.</p>
      </div>
    </content>
    <link rel='edit' type='application/atom+xml'
      href='https://www.blogger.com/feeds/8002380/posts/default/6355163092803688800' />
    <link rel='self' type='application/atom+xml'
      href='https://www.blogger.com/feeds/8002380/posts/default/6355163092803688800' />
    <link rel='alternate' type='text/html'
      href='https://books.supertitle.org/2016/01/the-peripheral.html' title='The Peripheral' />
    <author>
      <name>martin</name>
      <uri>https://www.blogger.com/profile/09053983859177005529</uri>
      <email>noreply@blogger.com</email>
      <gd:image rel='http://schemas.google.com/g/2005#thumbnail' width='35' height='35'
        src='//www.blogger.com/img/blogger_logo_round_35.png' />
    </author>
  </entry>
  <entry>
    <id>tag:blogger.com,1999:blog-8002380.post-8649748976909740725</id>
    <published>2015-11-15T14:56:00.002+01:00</published>
    <updated>2016-03-31T13:20:30.862+02:00</updated>
    <category scheme='http://schemas.google.com/g/2005#kind'
      term='http://schemas.google.com/blogger/2008/kind#post' />
    <title type='text'>Tripwire</title>
    <content type='html'>
      <div dir="ltr" style="text-align: left;" trbidi="on">
        <img class="bookCover" border="0"
          src="https://upload.wikimedia.org/wikipedia/en/2/29/Tripwire_book.jpg"></img>
        <br />
        <p>Tripwire, Lee Child</p>
        <p>Good work, Lee, but I need to find some just slightly better books.</p>
      </div>
    </content>
    <link rel='edit' type='application/atom+xml'
      href='https://www.blogger.com/feeds/8002380/posts/default/8649748976909740725' />
    <link rel='self' type='application/atom+xml'
      href='https://www.blogger.com/feeds/8002380/posts/default/8649748976909740725' />
    <link rel='alternate' type='text/html' href='https://books.supertitle.org/2015/11/tripwire.html'
      title='Tripwire' />
    <author>
      <name>martin</name>
      <uri>https://www.blogger.com/profile/09053983859177005529</uri>
      <email>noreply@blogger.com</email>
      <gd:image rel='http://schemas.google.com/g/2005#thumbnail' width='35' height='35'
        src='//www.blogger.com/img/blogger_logo_round_35.png' />
    </author>
  </entry>
  <entry>
    <id>tag:blogger.com,1999:blog-8002380.post-3910434806427297854</id>
    <published>2015-11-14T22:57:00.000+01:00</published>
    <updated>2016-03-31T13:22:13.806+02:00</updated>
    <category scheme='http://schemas.google.com/g/2005#kind'
      term='http://schemas.google.com/blogger/2008/kind#post' />
    <title type='text'>Lolita</title>
    <content type='html'>
      <div dir="ltr" style="text-align: left;" trbidi="on">
        <img class="bookCover" border="0"
          src="http://ecx.images-amazon.com/images/I/51H3zSX4lOL._SX329_BO1,204,203,200_.jpg"></img>
        <br />
        <p>Lolita, Vladimir Nabokov</p>
        <p>Dolorous, but a more scientifically comic command of English I have not seen.</p>
      </div>
    </content>
    <link rel='edit' type='application/atom+xml'
      href='https://www.blogger.com/feeds/8002380/posts/default/3910434806427297854' />
    <link rel='self' type='application/atom+xml'
      href='https://www.blogger.com/feeds/8002380/posts/default/3910434806427297854' />
    <link rel='alternate' type='text/html' href='https://books.supertitle.org/2015/11/lolita.html'
      title='Lolita' />
    <author>
      <name>martin</name>
      <uri>https://www.blogger.com/profile/09053983859177005529</uri>
      <email>noreply@blogger.com</email>
      <gd:image rel='http://schemas.google.com/g/2005#thumbnail' width='35' height='35'
        src='//www.blogger.com/img/blogger_logo_round_35.png' />
    </author>
  </entry>
  <entry>
    <id>tag:blogger.com,1999:blog-8002380.post-7028677353624435482</id>
    <published>2015-09-10T08:59:00.002+02:00</published>
    <updated>2016-03-31T13:22:36.324+02:00</updated>
    <category scheme='http://schemas.google.com/g/2005#kind'
      term='http://schemas.google.com/blogger/2008/kind#post' />
    <title type='text'>Wolves Eat Dogs</title>
    <content type='html'>
      <div dir="ltr" style="text-align: left;" trbidi="on">
        <img class="bookCover" border="0"
          src="https://upload.wikimedia.org/wikipedia/en/1/16/MCS_WolvesEatDogs.jpg"></img>
        <br />
        <p>Wolves Eat Dogs, Martin Cruz Smith</p>
        <p>Grimy, black, wet and hot. But not the hot you think: excellent book.</p>
      </div>
    </content>
    <link rel='edit' type='application/atom+xml'
      href='https://www.blogger.com/feeds/8002380/posts/default/7028677353624435482' />
    <link rel='self' type='application/atom+xml'
      href='https://www.blogger.com/feeds/8002380/posts/default/7028677353624435482' />
    <link rel='alternate' type='text/html'
      href='https://books.supertitle.org/2015/09/wolves-eat-dogs.html' title='Wolves Eat Dogs' />
    <author>
      <name>martin</name>
      <uri>https://www.blogger.com/profile/09053983859177005529</uri>
      <email>noreply@blogger.com</email>
      <gd:image rel='http://schemas.google.com/g/2005#thumbnail' width='35' height='35'
        src='//www.blogger.com/img/blogger_logo_round_35.png' />
    </author>
  </entry>
  <entry>
    <id>tag:blogger.com,1999:blog-8002380.post-1375481994784469620</id>
    <published>2015-09-06T16:52:00.000+02:00</published>
    <updated>2016-03-31T13:22:49.040+02:00</updated>
    <category scheme='http://schemas.google.com/g/2005#kind'
      term='http://schemas.google.com/blogger/2008/kind#post' />
    <title type='text'>Small World</title>
    <content type='html'>
      <br />
      <br />
      <div dir="ltr" style="text-align: left;" trbidi="on">
        <p>Small World, David Lodge</p>
        <img class="bookCover" border="0"
          src="https://upload.wikimedia.org/wikipedia/en/9/98/SmallWorldNovel.jpg"></img>
        <br />
        <p>Fun. Just a tiny whiff of a hint didactic. Otherwise fun.<br />
        </p>
        <br />
      </div>
    </content>
    <link rel='edit' type='application/atom+xml'
      href='https://www.blogger.com/feeds/8002380/posts/default/1375481994784469620' />
    <link rel='self' type='application/atom+xml'
      href='https://www.blogger.com/feeds/8002380/posts/default/1375481994784469620' />
    <link rel='alternate' type='text/html'
      href='https://books.supertitle.org/2015/09/small-world.html' title='Small World' />
    <author>
      <name>martin</name>
      <uri>https://www.blogger.com/profile/09053983859177005529</uri>
      <email>noreply@blogger.com</email>
      <gd:image rel='http://schemas.google.com/g/2005#thumbnail' width='35' height='35'
        src='//www.blogger.com/img/blogger_logo_round_35.png' />
    </author>
  </entry>
  <entry>
    <id>tag:blogger.com,1999:blog-8002380.post-489120997887580919</id>
    <published>2015-08-17T13:05:00.000+02:00</published>
    <updated>2016-03-31T13:23:43.939+02:00</updated>
    <category scheme='http://schemas.google.com/g/2005#kind'
      term='http://schemas.google.com/blogger/2008/kind#post' />
    <title type='text'>Comment parler des livres que l'on n'a pas lus ?</title>
    <content type='html'>
      <div dir="ltr" style="text-align: left;" trbidi="on">
        <br />
        <img class="bookCover" border="0"
          src="http://ecx.images-amazon.com/images/I/41u-ytkjrKL._SX306_BO1,204,203,200_.jpg"></img>
        <br />
        <p>Comment parler des livres que l'on n'a pas lus ?, Pierre Bayard</p>
        <p>LP++</p>
        <br />
      </div>
    </content>
    <link rel='edit' type='application/atom+xml'
      href='https://www.blogger.com/feeds/8002380/posts/default/489120997887580919' />
    <link rel='self' type='application/atom+xml'
      href='https://www.blogger.com/feeds/8002380/posts/default/489120997887580919' />
    <link rel='alternate' type='text/html'
      href='https://books.supertitle.org/2015/08/comment-parler-des-livres-que-lon-na.html'
      title='Comment parler des livres que l&apos;on n&apos;a pas lus ?' />
    <author>
      <name>martin</name>
      <uri>https://www.blogger.com/profile/09053983859177005529</uri>
      <email>noreply@blogger.com</email>
      <gd:image rel='http://schemas.google.com/g/2005#thumbnail' width='35' height='35'
        src='//www.blogger.com/img/blogger_logo_round_35.png' />
    </author>
  </entry>
  <entry>
    <id>tag:blogger.com,1999:blog-8002380.post-1518861212671241114</id>
    <published>2015-08-17T13:00:00.000+02:00</published>
    <updated>2016-05-16T08:53:58.233+02:00</updated>
    <category scheme='http://schemas.google.com/g/2005#kind'
      term='http://schemas.google.com/blogger/2008/kind#post' />
    <title type='text'>The Satanic Verses</title>
    <content type='html'>
      <div dir="ltr" style="text-align: left;" trbidi="on">
        <img class="bookCover" border="0"
          src="https://upload.wikimedia.org/wikipedia/en/c/c8/1988_Salman_Rushdie_The_Satanic_Verses.jpg"></img>
        <br />
        <p>The Satanic Verses, Salman Rushdie</p>
        <p>I wish I could say I liked its comedy, its impertinence and its sexy girls, but it's hard
          to "like" a book that rent international diplomatic relations; and besides, it's just a
          little biological bit too gross.</p>
      </div>
    </content>
    <link rel='edit' type='application/atom+xml'
      href='https://www.blogger.com/feeds/8002380/posts/default/1518861212671241114' />
    <link rel='self' type='application/atom+xml'
      href='https://www.blogger.com/feeds/8002380/posts/default/1518861212671241114' />
    <link rel='alternate' type='text/html'
      href='https://books.supertitle.org/2015/08/the-satanic-verses.html' title='The Satanic Verses' />
    <author>
      <name>martin</name>
      <uri>https://www.blogger.com/profile/09053983859177005529</uri>
      <email>noreply@blogger.com</email>
      <gd:image rel='http://schemas.google.com/g/2005#thumbnail' width='35' height='35'
        src='//www.blogger.com/img/blogger_logo_round_35.png' />
    </author>
  </entry>
  <entry>
    <id>tag:blogger.com,1999:blog-8002380.post-4896154761794278233</id>
    <published>2015-07-11T21:41:00.002+02:00</published>
    <updated>2016-05-16T08:50:24.629+02:00</updated>
    <category scheme='http://schemas.google.com/g/2005#kind'
      term='http://schemas.google.com/blogger/2008/kind#post' />
    <title type='text'>Die Trying</title>
    <content type='html'>
      <div dir="ltr" style="text-align: left;" trbidi="on">
        <img class="bookCover" border="0"
          src="https://upload.wikimedia.org/wikipedia/en/6/60/Die_trying_book.jpg" />
        <br />
        <p>Die Trying, Lee Child</p>
        <p>Okay, we are clearly dealing with exciting, well-told stories, but in every one the bad
          guy gets shot in the head without knowing who killed him.</p>
        <p>These are good revenge stories, but they are missing the watch-the-big-guy-fall pieces
          that make books like <i>A Man in Full</i> or <i>Le Comte de Monte Cristo</i> so
          satisfying.</p>
      </div>
    </content>
    <link rel='edit' type='application/atom+xml'
      href='https://www.blogger.com/feeds/8002380/posts/default/4896154761794278233' />
    <link rel='self' type='application/atom+xml'
      href='https://www.blogger.com/feeds/8002380/posts/default/4896154761794278233' />
    <link rel='alternate' type='text/html'
      href='https://books.supertitle.org/2015/07/die-trying.html' title='Die Trying' />
    <author>
      <name>martin</name>
      <uri>https://www.blogger.com/profile/09053983859177005529</uri>
      <email>noreply@blogger.com</email>
      <gd:image rel='http://schemas.google.com/g/2005#thumbnail' width='35' height='35'
        src='//www.blogger.com/img/blogger_logo_round_35.png' />
    </author>
  </entry>
  <entry>
    <id>tag:blogger.com,1999:blog-8002380.post-3537030676478674426</id>
    <published>2015-07-04T15:01:00.001+02:00</published>
    <updated>2016-05-16T08:55:41.133+02:00</updated>
    <category scheme='http://schemas.google.com/g/2005#kind'
      term='http://schemas.google.com/blogger/2008/kind#post' />
    <title type='text'>Killing Floor</title>
    <content type='html'>
      <div dir="ltr" style="text-align: left;" trbidi="on">
        <br />
        <img class="bookCover"
          src="https://upload.wikimedia.org/wikipedia/en/c/c9/Killing_Floor_Cover.jpg" />
        <br />
        <br />
      </div>
      <br />
      <p>The Killing Floor, Lee Child</p>
      <br />
      <p>The heart pumping action and Reacher's not possible cleverness make up for the quick, weak
        ending.</p>
    </content>
    <link rel='edit' type='application/atom+xml'
      href='https://www.blogger.com/feeds/8002380/posts/default/3537030676478674426' />
    <link rel='self' type='application/atom+xml'
      href='https://www.blogger.com/feeds/8002380/posts/default/3537030676478674426' />
    <link rel='alternate' type='text/html'
      href='https://books.supertitle.org/2015/07/killing-floor.html' title='Killing Floor' />
    <author>
      <name>martin</name>
      <uri>https://www.blogger.com/profile/09053983859177005529</uri>
      <email>noreply@blogger.com</email>
      <gd:image rel='http://schemas.google.com/g/2005#thumbnail' width='35' height='35'
        src='//www.blogger.com/img/blogger_logo_round_35.png' />
    </author>
  </entry>
  <entry>
    <id>tag:blogger.com,1999:blog-8002380.post-6599799298831305001</id>
    <published>2015-07-04T14:59:00.002+02:00</published>
    <updated>2016-05-16T08:55:20.143+02:00</updated>
    <category scheme='http://schemas.google.com/g/2005#kind'
      term='http://schemas.google.com/blogger/2008/kind#post' />
    <title type='text'>The Survivor</title>
    <content type='html'>
      <div dir="ltr" style="text-align: left;" trbidi="on">
        <br />
        <img class="bookCover"
          src="http://3.bp.blogspot.com/-ywt9ess_8ao/VZfYa7ivwjI/AAAAAAAAGy8/w9XmIK0Qv8Q/s320/thsurvivorjamesherbert.png"
          width="193" />
        <br />
        <br />
        <p>The Survivor, Frank Herbert</p>
        <p>I survived.</p>
        <br />
      </div>
    </content>
    <link rel='edit' type='application/atom+xml'
      href='https://www.blogger.com/feeds/8002380/posts/default/6599799298831305001' />
    <link rel='self' type='application/atom+xml'
      href='https://www.blogger.com/feeds/8002380/posts/default/6599799298831305001' />
    <link rel='alternate' type='text/html'
      href='https://books.supertitle.org/2015/07/the-survivor.html' title='The Survivor' />
    <author>
      <name>martin</name>
      <uri>https://www.blogger.com/profile/09053983859177005529</uri>
      <email>noreply@blogger.com</email>
      <gd:image rel='http://schemas.google.com/g/2005#thumbnail' width='35' height='35'
        src='//www.blogger.com/img/blogger_logo_round_35.png' />
    </author>
    <media:thumbnail xmlns:media='http://search.yahoo.com/mrss/'
      url='http://3.bp.blogspot.com/-ywt9ess_8ao/VZfYa7ivwjI/AAAAAAAAGy8/w9XmIK0Qv8Q/s72-c/thsurvivorjamesherbert.png'
      height='72' width='72' />
  </entry>
  <entry>
    <id>tag:blogger.com,1999:blog-8002380.post-7171010298411072726</id>
    <published>2015-05-16T10:52:00.001+02:00</published>
    <updated>2016-05-16T08:51:03.674+02:00</updated>
    <category scheme='http://schemas.google.com/g/2005#kind'
      term='http://schemas.google.com/blogger/2008/kind#post' />
    <title type='text'>A Wanted Man</title>
    <content type='html'>
      <div dir="ltr" style="text-align: left;" trbidi="on">
        <img class="bookCover" border="0"
          src="http://upload.wikimedia.org/wikipedia/en/8/8f/A_Wanted_Man_(Child_novel).jpg" />
        <br />
        <p>A Wanted Man, Lee child</p>
        <p>Odd narrative engineering: the story ends in the middle of the book, then a new one
          starts. It's pretty good, but feels like cut-and-paste.</p>
        <p>And who's the actual wanted man?</p>
      </div>
    </content>
    <link rel='edit' type='application/atom+xml'
      href='https://www.blogger.com/feeds/8002380/posts/default/7171010298411072726' />
    <link rel='self' type='application/atom+xml'
      href='https://www.blogger.com/feeds/8002380/posts/default/7171010298411072726' />
    <link rel='alternate' type='text/html'
      href='https://books.supertitle.org/2015/05/a-wanted-man.html' title='A Wanted Man' />
    <author>
      <name>martin</name>
      <uri>https://www.blogger.com/profile/09053983859177005529</uri>
      <email>noreply@blogger.com</email>
      <gd:image rel='http://schemas.google.com/g/2005#thumbnail' width='35' height='35'
        src='//www.blogger.com/img/blogger_logo_round_35.png' />
    </author>
  </entry>
  <entry>
    <id>tag:blogger.com,1999:blog-8002380.post-7557149751386615535</id>
    <published>2015-05-16T10:47:00.000+02:00</published>
    <updated>2016-05-16T08:51:32.004+02:00</updated>
    <category scheme='http://schemas.google.com/g/2005#kind'
      term='http://schemas.google.com/blogger/2008/kind#post' />
    <title type='text'>The Hard Way</title>
    <content type='html'>
      <div dir="ltr" style="text-align: left;" trbidi="on">
        <img class="bookCover" border="0"
          src="http://upload.wikimedia.org/wikipedia/en/thumb/c/ce/TheHardWayCover.png/220px-TheHardWayCover.png" />
        <br />
        <p>The Hard Way, Lee Child</p>
        <p>Good story, well told. Abrupt ending.</p>
      </div>
    </content>
    <link rel='edit' type='application/atom+xml'
      href='https://www.blogger.com/feeds/8002380/posts/default/7557149751386615535' />
    <link rel='self' type='application/atom+xml'
      href='https://www.blogger.com/feeds/8002380/posts/default/7557149751386615535' />
    <link rel='alternate' type='text/html'
      href='https://books.supertitle.org/2015/05/the-hard-way.html' title='The Hard Way' />
    <author>
      <name>martin</name>
      <uri>https://www.blogger.com/profile/09053983859177005529</uri>
      <email>noreply@blogger.com</email>
      <gd:image rel='http://schemas.google.com/g/2005#thumbnail' width='35' height='35'
        src='//www.blogger.com/img/blogger_logo_round_35.png' />
    </author>
  </entry>
  <entry>
    <id>tag:blogger.com,1999:blog-8002380.post-6475243755116323992</id>
    <published>2015-05-03T10:23:00.001+02:00</published>
    <updated>2016-05-16T08:51:43.336+02:00</updated>
    <category scheme='http://schemas.google.com/g/2005#kind'
      term='http://schemas.google.com/blogger/2008/kind#post' />
    <title type='text'>Slaughterhouse-Five</title>
    <content type='html'>
      <div dir="ltr" style="text-align: left;" trbidi="on">
        <img class="bookCover" border="0"
          src="http://upload.wikimedia.org/wikipedia/en/6/6e/Slaughterhousefive.jpg" />
        <br />
        <p>Slaughterhouse-Five, Kurt Vonnegut</p>
        <p>Is it illiterate of me to say that this was very funny?</p>
      </div>
    </content>
    <link rel='edit' type='application/atom+xml'
      href='https://www.blogger.com/feeds/8002380/posts/default/6475243755116323992' />
    <link rel='self' type='application/atom+xml'
      href='https://www.blogger.com/feeds/8002380/posts/default/6475243755116323992' />
    <link rel='alternate' type='text/html'
      href='https://books.supertitle.org/2015/05/slaughterhouse-five.html'
      title='Slaughterhouse-Five' />
    <author>
      <name>martin</name>
      <uri>https://www.blogger.com/profile/09053983859177005529</uri>
      <email>noreply@blogger.com</email>
      <gd:image rel='http://schemas.google.com/g/2005#thumbnail' width='35' height='35'
        src='//www.blogger.com/img/blogger_logo_round_35.png' />
    </author>
  </entry>
  <entry>
    <id>tag:blogger.com,1999:blog-8002380.post-8435452865523910462</id>
    <published>2015-03-23T22:41:00.001+01:00</published>
    <updated>2018-09-24T17:24:33.856+02:00</updated>
    <category scheme='http://schemas.google.com/g/2005#kind'
      term='http://schemas.google.com/blogger/2008/kind#post' />
    <title type='text'>The Left Hand of Darkness</title>
    <content type='html'>
      <div dir="ltr" style="text-align: left;" trbidi="on">
        <img class="bookCover" border="0"
          src="https://upload.wikimedia.org/wikipedia/en/8/88/TheLeftHandOfDarkness1stEd.jpg" />
        <br />
        <p>The Left Hand of Darkness, Ursula K. Le Guin</p>
        <p>It's cold. But I happen to like the cold.</p>
      </div>
    </content>
    <link rel='edit' type='application/atom+xml'
      href='https://www.blogger.com/feeds/8002380/posts/default/8435452865523910462' />
    <link rel='self' type='application/atom+xml'
      href='https://www.blogger.com/feeds/8002380/posts/default/8435452865523910462' />
    <link rel='alternate' type='text/html'
      href='https://books.supertitle.org/2015/03/the-left-hand-of-darkness.html'
      title='The Left Hand of Darkness' />
    <author>
      <name>martin</name>
      <uri>https://www.blogger.com/profile/09053983859177005529</uri>
      <email>noreply@blogger.com</email>
      <gd:image rel='http://schemas.google.com/g/2005#thumbnail' width='35' height='35'
        src='//www.blogger.com/img/blogger_logo_round_35.png' />
    </author>
  </entry>
  <entry>
    <id>tag:blogger.com,1999:blog-8002380.post-7922128108944102307</id>
    <published>2015-03-16T22:33:00.000+01:00</published>
    <updated>2016-05-16T08:52:14.518+02:00</updated>
    <category scheme='http://schemas.google.com/g/2005#kind'
      term='http://schemas.google.com/blogger/2008/kind#post' />
    <title type='text'>The Murder of Roger Ackroyd</title>
    <content type='html'>
      <div dir="ltr" style="text-align: left;" trbidi="on">
        <img class="bookCover" border="0"
          src="http://upload.wikimedia.org/wikipedia/en/5/57/The_Murder_of_Roger_Ackroyd_First_Edition_Cover_1926.jpg" />
        <br />
        <p>The Murder of Roger Ackroyd, Agatha Christie</p>
        <p>The sheer yet gentlemanly audacity of the ending should tie tighter to a murder motive.
          And then it would be genius.</p>
      </div>
    </content>
    <link rel='edit' type='application/atom+xml'
      href='https://www.blogger.com/feeds/8002380/posts/default/7922128108944102307' />
    <link rel='self' type='application/atom+xml'
      href='https://www.blogger.com/feeds/8002380/posts/default/7922128108944102307' />
    <link rel='alternate' type='text/html'
      href='https://books.supertitle.org/2015/03/the-murder-of-roger-ackroyd.html'
      title='The Murder of Roger Ackroyd' />
    <author>
      <name>martin</name>
      <uri>https://www.blogger.com/profile/09053983859177005529</uri>
      <email>noreply@blogger.com</email>
      <gd:image rel='http://schemas.google.com/g/2005#thumbnail' width='35' height='35'
        src='//www.blogger.com/img/blogger_logo_round_35.png' />
    </author>
  </entry>
  <entry>
    <id>tag:blogger.com,1999:blog-8002380.post-8931384844979638320</id>
    <published>2015-02-10T21:37:00.001+01:00</published>
    <updated>2016-05-16T08:52:26.962+02:00</updated>
    <category scheme='http://schemas.google.com/g/2005#kind'
      term='http://schemas.google.com/blogger/2008/kind#post' />
    <title type='text'>V.</title>
    <content type='html'>
      <div dir="ltr" style="text-align: left;" trbidi="on">
        <img class="bookCover" border="0"
          src="http://www.google.fr/url?source=imglanding&amp;ct=img&amp;q=http://d.gr-assets.com/books/1328110787l/5809.jpg&amp;sa=X&amp;ei=uqtgVdG5DcSxUZr4gIAO&amp;ved=0CAkQ8wc&amp;usg=AFQjCNHL7dS5nRv6x9jp_SmcHhrM0rdsrQ" />
        <br />
        <p>V., Thomas Pynchon</p>
        <p>I think I'm gonna have to make a map.</p>
      </div>
    </content>
    <link rel='edit' type='application/atom+xml'
      href='https://www.blogger.com/feeds/8002380/posts/default/8931384844979638320' />
    <link rel='self' type='application/atom+xml'
      href='https://www.blogger.com/feeds/8002380/posts/default/8931384844979638320' />
    <link rel='alternate' type='text/html' href='https://books.supertitle.org/2015/02/v.html'
      title='V.' />
    <author>
      <name>martin</name>
      <uri>https://www.blogger.com/profile/09053983859177005529</uri>
      <email>noreply@blogger.com</email>
      <gd:image rel='http://schemas.google.com/g/2005#thumbnail' width='35' height='35'
        src='//www.blogger.com/img/blogger_logo_round_35.png' />
    </author>
  </entry>
  <entry>
    <id>tag:blogger.com,1999:blog-8002380.post-4141956746767330445</id>
    <published>2014-10-09T22:06:00.001+02:00</published>
    <updated>2016-05-16T08:52:42.137+02:00</updated>
    <category scheme='http://schemas.google.com/g/2005#kind'
      term='http://schemas.google.com/blogger/2008/kind#post' />
    <title type='text'>Pilgrim</title>
    <content type='html'>
      <div dir="ltr" style="text-align: left;" trbidi="on">
        <img class="bookCover" border="0"
          src="http://upload.wikimedia.org/wikipedia/en/2/24/PilgrimFindley.jpg" />
        <br />
        <p>Pilgrim, Timothy Findley</p>
        <p>Feels like I have mountains of reading to do before I can get half of it.</p>
      </div>
    </content>
    <link rel='edit' type='application/atom+xml'
      href='https://www.blogger.com/feeds/8002380/posts/default/4141956746767330445' />
    <link rel='self' type='application/atom+xml'
      href='https://www.blogger.com/feeds/8002380/posts/default/4141956746767330445' />
    <link rel='alternate' type='text/html' href='https://books.supertitle.org/2014/10/pilgrim.html'
      title='Pilgrim' />
    <author>
      <name>martin</name>
      <uri>https://www.blogger.com/profile/09053983859177005529</uri>
      <email>noreply@blogger.com</email>
      <gd:image rel='http://schemas.google.com/g/2005#thumbnail' width='35' height='35'
        src='//www.blogger.com/img/blogger_logo_round_35.png' />
    </author>
  </entry>
  <entry>
    <id>tag:blogger.com,1999:blog-8002380.post-9185594635422822271</id>
    <published>2014-09-13T09:15:00.002+02:00</published>
    <updated>2016-05-16T08:52:55.642+02:00</updated>
    <category scheme='http://schemas.google.com/g/2005#kind'
      term='http://schemas.google.com/blogger/2008/kind#post' />
    <title type='text'>The Last Ringbearer</title>
    <content type='html'>
      <div dir="ltr" style="text-align: left;" trbidi="on">
        <img class="bookCover" border="0"
          src="http://www.google.fr/url?source=imglanding&amp;ct=img&amp;q=http://d.gr-assets.com/books/1321976475l/10588425.jpg&amp;sa=X&amp;ei=iK5gVf2XFYH2UvCwgpAB&amp;ved=0CAkQ8wc&amp;usg=AFQjCNFjWTw-NzOlqk3wv8qSBwk2WFzYdw" />
        <br />
        <p>The Last Ringbearer, Kirill Eskov tr. Yisroel Markov</p>
        <p>Very good storytelling. I wish I could have read it in the original Russian.</p>
      </div>
    </content>
    <link rel='edit' type='application/atom+xml'
      href='https://www.blogger.com/feeds/8002380/posts/default/9185594635422822271' />
    <link rel='self' type='application/atom+xml'
      href='https://www.blogger.com/feeds/8002380/posts/default/9185594635422822271' />
    <link rel='alternate' type='text/html'
      href='https://books.supertitle.org/2014/09/the-last-ringbearer.html'
      title='The Last Ringbearer' />
    <author>
      <name>martin</name>
      <uri>https://www.blogger.com/profile/09053983859177005529</uri>
      <email>noreply@blogger.com</email>
      <gd:image rel='http://schemas.google.com/g/2005#thumbnail' width='35' height='35'
        src='//www.blogger.com/img/blogger_logo_round_35.png' />
    </author>
  </entry>
  <entry>
    <id>tag:blogger.com,1999:blog-8002380.post-6632414876516415616</id>
    <published>2014-09-06T09:48:00.001+02:00</published>
    <updated>2016-05-16T08:53:11.523+02:00</updated>
    <category scheme='http://schemas.google.com/g/2005#kind'
      term='http://schemas.google.com/blogger/2008/kind#post' />
    <title type='text'>La Formule de Dieu</title>
    <content type='html'>
      <div dir="ltr" style="text-align: left;" trbidi="on">
        <img class="bookCover" border="0"
          src="http://static.fnac-static.com/multimedia/Images/FR/NR/82/21/49/4792706/1507-1.jpg" />
        <br />
        <p>La Formula de Dieu, José Rodrigues dos Santos tr. Carlos Batista</p>
        <p>Unpardonable.</p>
      </div>
    </content>
    <link rel='edit' type='application/atom+xml'
      href='https://www.blogger.com/feeds/8002380/posts/default/6632414876516415616' />
    <link rel='self' type='application/atom+xml'
      href='https://www.blogger.com/feeds/8002380/posts/default/6632414876516415616' />
    <link rel='alternate' type='text/html'
      href='https://books.supertitle.org/2014/09/la-formule-de-dieu.html' title='La Formule de Dieu' />
    <author>
      <name>martin</name>
      <uri>https://www.blogger.com/profile/09053983859177005529</uri>
      <email>noreply@blogger.com</email>
      <gd:image rel='http://schemas.google.com/g/2005#thumbnail' width='35' height='35'
        src='//www.blogger.com/img/blogger_logo_round_35.png' />
    </author>
  </entry>
  <entry>
    <id>tag:blogger.com,1999:blog-8002380.post-7633776448973070191</id>
    <published>2014-02-01T22:03:00.000+01:00</published>
    <updated>2016-05-16T08:53:23.680+02:00</updated>
    <category scheme='http://schemas.google.com/g/2005#kind'
      term='http://schemas.google.com/blogger/2008/kind#post' />
    <title type='text'>The Brothers Karamazov</title>
    <content type='html'>
      <div dir="ltr" style="text-align: left;" trbidi="on">
        <img class="bookCover" border="0"
          src="http://1.bp.blogspot.com/-5tuEi03FsPI/VaF2c9TA02I/AAAAAAAAGzo/Mt4ZlinnUZs/s320/the-brothers-karamazov.png" />
        <br />
        <p>The Brothers Karamazov, Fyodor Dostoyevsky, tr. Constance Garnett</p>
        <p>Dostoyevsky is best when he's boring.</p>
      </div>
    </content>
    <link rel='edit' type='application/atom+xml'
      href='https://www.blogger.com/feeds/8002380/posts/default/7633776448973070191' />
    <link rel='self' type='application/atom+xml'
      href='https://www.blogger.com/feeds/8002380/posts/default/7633776448973070191' />
    <link rel='alternate' type='text/html'
      href='https://books.supertitle.org/2014/01/the-brothers-karamazov.html'
      title='The Brothers Karamazov' />
    <author>
      <name>martin</name>
      <uri>https://www.blogger.com/profile/09053983859177005529</uri>
      <email>noreply@blogger.com</email>
      <gd:image rel='http://schemas.google.com/g/2005#thumbnail' width='35' height='35'
        src='//www.blogger.com/img/blogger_logo_round_35.png' />
    </author>
    <media:thumbnail xmlns:media='http://search.yahoo.com/mrss/'
      url='http://1.bp.blogspot.com/-5tuEi03FsPI/VaF2c9TA02I/AAAAAAAAGzo/Mt4ZlinnUZs/s72-c/the-brothers-karamazov.png'
      height='72' width='72' />
  </entry>
  <entry>
    <id>tag:blogger.com,1999:blog-8002380.post-7948576332339440322</id>
    <published>2014-01-09T09:24:00.001+01:00</published>
    <updated>2015-07-11T22:05:21.977+02:00</updated>
    <category scheme='http://schemas.google.com/g/2005#kind'
      term='http://schemas.google.com/blogger/2008/kind#post' />
    <title type='text'>A Heartbreaking Work of Staggering Genius</title>
    <content type='html'>
      <div dir="ltr" style="text-align: left;" trbidi="on">
        <img border="0"
          src="http://upload.wikimedia.org/wikipedia/en/6/66/Heartbreaking_Work_Dave_Eggers.jpg" />
        <br />
        <p>A Heartbreaking Work of Staggering Genius, Dave Eggers</p>
        <p>I really like it, although I can see how it is an odd read.</p>
        <br />
        <p>Even a sometimes unrewarding read. But the guy's neurotic, manic-depressive personality
          and imagination... It's magnetic. It's just awesome of&amp;nbsp;<span
            class="Apple-style-span"
            style="-webkit-composition-fill-color: rgba(175, 192, 227, 0.230469); -webkit-composition-frame-color: rgba(77, 128, 180, 0.230469); -webkit-tap-highlight-color: rgba(26, 26, 26, 0.292969);">him
          to unleash such a quantity of himself, and such an entertaining quantity. Besides, it's a
          masterpiece. How does he manage to write such an amusing and lighthearted book on such a
          horrible subject? And then, there's the whole curiosity of a twenty-something suddenly
          becoming a parent of a 7-year-old. What would&amp;nbsp;</span><span
            class="Apple-style-span"
            style="-webkit-composition-fill-color: rgba(175, 192, 227, 0.230469); -webkit-composition-frame-color: rgba(77, 128, 180, 0.230469); -webkit-tap-highlight-color: rgba(26, 26, 26, 0.292969);">you
          have done? That's fascinating.</span></p>
        <br />
        <p>He has also invented something. There's this massive
          introduction/preface/acknowledgements section &amp;nbsp;which he untraditionally uses to
          analyze and apologize for his book. In this section, all his insecurities come out and
          then he analyzes them and then tells you he's aware that he's analyzing his awareness of
          his inability to come to terms with his use of his insecurities to get your attention...
          it's a vision with so many layers that, like the title, you just never have a point of
          reference to tell you if this guy deserves pity or is truly a total genius. It's pity, but
          that's the genius, so he doesn't deserve&amp;nbsp;pity and therefore it's&amp;nbsp;not
          genius, but he knows that, so we must pity him, and therefore... by induction, it's ...
          what? which one? what is it?</p>
        <br />
        <p>Despite the logic puzzles, it's quite an easy read. If you're not interested in the
          young-unexpected-parenting theme, then it will feel dull, but if you are then along with
          his unique style and whacked out imagination you'll be buoyed right through.</p>
      </div>
    </content>
    <link rel='edit' type='application/atom+xml'
      href='https://www.blogger.com/feeds/8002380/posts/default/7948576332339440322' />
    <link rel='self' type='application/atom+xml'
      href='https://www.blogger.com/feeds/8002380/posts/default/7948576332339440322' />
    <link rel='alternate' type='text/html'
      href='https://books.supertitle.org/2014/01/a-heartbreaking-work-of-staggering.html'
      title='A Heartbreaking Work of Staggering Genius' />
    <author>
      <name>martin</name>
      <uri>https://www.blogger.com/profile/09053983859177005529</uri>
      <email>noreply@blogger.com</email>
      <gd:image rel='http://schemas.google.com/g/2005#thumbnail' width='35' height='35'
        src='//www.blogger.com/img/blogger_logo_round_35.png' />
    </author>
  </entry>
  <entry>
    <id>tag:blogger.com,1999:blog-8002380.post-2229855885655715180</id>
    <published>2013-12-01T22:00:00.000+01:00</published>
    <updated>2015-07-11T22:12:24.755+02:00</updated>
    <category scheme='http://schemas.google.com/g/2005#kind'
      term='http://schemas.google.com/blogger/2008/kind#post' />
    <title type='text'>Le livre du rire et de l'oubli</title>
    <content type='html'>
      <div dir="ltr" style="text-align: left;" trbidi="on">
        <img border="0"
          src="http://www.gallimard.fr/var/storage/images/product/2e3/product_9782070705238_195x320.jpg" />
        <br />
        <p>Le livre du rire et de l'oubli, Milan Kundera tr. François Karel</p>
        <p>Deep. Light. Wet. Smells a bit like farts.</p>
      </div>
    </content>
    <link rel='edit' type='application/atom+xml'
      href='https://www.blogger.com/feeds/8002380/posts/default/2229855885655715180' />
    <link rel='self' type='application/atom+xml'
      href='https://www.blogger.com/feeds/8002380/posts/default/2229855885655715180' />
    <link rel='alternate' type='text/html'
      href='https://books.supertitle.org/2014/02/le-livre-du-rire-et-de-loubli.html'
      title='Le livre du rire et de l&amp;#39;oubli' />
    <author>
      <name>martin</name>
      <uri>https://www.blogger.com/profile/09053983859177005529</uri>
      <email>noreply@blogger.com</email>
      <gd:image rel='http://schemas.google.com/g/2005#thumbnail' width='35' height='35'
        src='//www.blogger.com/img/blogger_logo_round_35.png' />
    </author>
  </entry>
  <entry>
    <id>tag:blogger.com,1999:blog-8002380.post-6742113177145169460</id>
    <published>2013-08-24T16:00:00.000+02:00</published>
    <updated>2015-07-12T12:12:04.245+02:00</updated>
    <category scheme='http://schemas.google.com/g/2005#kind'
      term='http://schemas.google.com/blogger/2008/kind#post' />
    <title type='text'>The Hippopotamus</title>
    <content type='html'>
      <div dir="ltr" style="text-align: left;" trbidi="on">
        <br />
        <img border="0" src="https://upload.wikimedia.org/wikipedia/en/1/12/Hippofry-1.jpg" />
        <br />
        <br />
        <p>The Hippopatamus, Stephen Fry</p>
        <br />
        <p>Consciously but involuntarily, when I read, I always observe if the author has a tic. If
          he does, I have trouble reading any further work; if he doesn't, I keep going.</p>
        <p>I'll give you an example of one who failed. In Rutherford's London, he uses an
          interrogative as a particularly romantic qualitative, just way, way too often: "How lovely
          the bridge's arches," "What fragrance wafted from the fields," "How brazenly bulged his
          muscles under the tanned skin." It sounds Ok at first, but after 800 pages, I no longer
          see the text; I see the tic.</p>
        <p>It can be anything. A word, or a particularly over-dramatic way of ending each chapter. I
          hope I always start with the benefit of the doubt, but once I notice it, I can't ... well,
          the author gets in my face. I can't suspend disbelief. And if you can't do that, why read?</p>
        <p>In Fry, I haven't seen it yet, but I am beginning to see a hint of it. It's really hard
          to pin down, but the tic I am beginning to see is a sort of childishness. I'm not going to
          try to analyze it.</p>
        <p>I'm not going to try to analyze it because I don't want to ruin it for myself. His books
          are immensely fun, simple ideas developed in astonishingly complex directions, and I would
          hate the discovery of an irritating habit to destroy everything.</p>
      </div>
    </content>
    <link rel='edit' type='application/atom+xml'
      href='https://www.blogger.com/feeds/8002380/posts/default/6742113177145169460' />
    <link rel='self' type='application/atom+xml'
      href='https://www.blogger.com/feeds/8002380/posts/default/6742113177145169460' />
    <link rel='alternate' type='text/html'
      href='https://books.supertitle.org/2013/08/the-hippopotamus.html' title='The Hippopotamus' />
    <author>
      <name>martin</name>
      <uri>https://www.blogger.com/profile/09053983859177005529</uri>
      <email>noreply@blogger.com</email>
      <gd:image rel='http://schemas.google.com/g/2005#thumbnail' width='35' height='35'
        src='//www.blogger.com/img/blogger_logo_round_35.png' />
    </author>
  </entry>
  <entry>
    <id>tag:blogger.com,1999:blog-8002380.post-3361906780915483030</id>
    <published>2013-07-05T19:20:00.000+02:00</published>
    <updated>2015-07-11T22:07:09.644+02:00</updated>
    <category scheme='http://schemas.google.com/g/2005#kind'
      term='http://schemas.google.com/blogger/2008/kind#post' />
    <title type='text'>Executive Orders</title>
    <content type='html'>
      <div dir="ltr" style="text-align: left;" trbidi="on">
        <img border="0" src="http://upload.wikimedia.org/wikipedia/en/f/f2/Executiveorders.jpg" />
        <br />
        <p>Executive Orders, Tom Clancy</p>
        <p>I thought, one day, Tom would write a book thicker than it is wide.</p>
        <p>But he died. Tom did.</p>
        <p>He died.</p>
      </div>
    </content>
    <link rel='edit' type='application/atom+xml'
      href='https://www.blogger.com/feeds/8002380/posts/default/3361906780915483030' />
    <link rel='self' type='application/atom+xml'
      href='https://www.blogger.com/feeds/8002380/posts/default/3361906780915483030' />
    <link rel='alternate' type='text/html'
      href='https://books.supertitle.org/2013/07/executive-decision.html' title='Executive Orders' />
    <author>
      <name>martin</name>
      <uri>https://www.blogger.com/profile/09053983859177005529</uri>
      <email>noreply@blogger.com</email>
      <gd:image rel='http://schemas.google.com/g/2005#thumbnail' width='35' height='35'
        src='//www.blogger.com/img/blogger_logo_round_35.png' />
    </author>
  </entry>
  <entry>
    <id>tag:blogger.com,1999:blog-8002380.post-7511305017888820912</id>
    <published>2013-06-10T22:52:00.002+02:00</published>
    <updated>2016-12-13T17:22:55.360+01:00</updated>
    <category scheme='http://schemas.google.com/g/2005#kind'
      term='http://schemas.google.com/blogger/2008/kind#post' />
    <title type='text'>L'amour au temps de choléra</title>
    <content type='html'>
      <div dir="ltr" style="text-align: left;" trbidi="on">
        <img class="bookCover" border="0"
          src="https://upload.wikimedia.org/wikipedia/en/d/de/LoveInTheTimeOfCholera.jpg" />
        <br />
        <p>L'amour au temps de choléra, Gabriel Garcia Marquez, tr. Annie Morvan</p>
        <p>I was not prepared to suffer another slab of magic realism, much as I liked the first
          two. And I was impressed at how Marquez didn't need it.</p>
        <p>This is good storytelling, and it's a story that needs skill. That he pulls it off
          without magic realism--and that he manages more than once to even tip over the brink of
          magic realism before pulling back--proved to me, in the funny sense that these things need
          to be proven in academic reading, but do not so in casual reading, that this guy is very,
          very good.<br /> If there were ten other Marquez books waiting for me, and if this one had
          been the third in a<br /> row that dosed out the same gimmick, I would not have given the
          rest a thought. Now, I expect how ever many of them are left to be too few.</p>
      </div>
    </content>
    <link rel='edit' type='application/atom+xml'
      href='https://www.blogger.com/feeds/8002380/posts/default/7511305017888820912' />
    <link rel='self' type='application/atom+xml'
      href='https://www.blogger.com/feeds/8002380/posts/default/7511305017888820912' />
    <link rel='alternate' type='text/html'
      href='https://books.supertitle.org/2013/06/lamour-au-temps-de-cholera.html'
      title='L&amp;#39;amour au temps de choléra' />
    <author>
      <name>martin</name>
      <uri>https://www.blogger.com/profile/09053983859177005529</uri>
      <email>noreply@blogger.com</email>
      <gd:image rel='http://schemas.google.com/g/2005#thumbnail' width='35' height='35'
        src='//www.blogger.com/img/blogger_logo_round_35.png' />
    </author>
  </entry>
  <entry>
    <id>tag:blogger.com,1999:blog-8002380.post-5804868138376024081</id>
    <published>2013-02-23T10:08:00.002+01:00</published>
    <updated>2016-12-13T17:23:18.115+01:00</updated>
    <category scheme='http://schemas.google.com/g/2005#kind'
      term='http://schemas.google.com/blogger/2008/kind#post' />
    <title type='text'>Tom Sawyer</title>
    <content type='html'>
      <img class="bookCover" border="0"
        src="https://upload.wikimedia.org/wikipedia/commons/1/1d/Tom_Sawyer_1876_frontispiece.jpg" />
      <br />
      <p>Tom Sawyer, Mark Twain</p>
      <p>Tom Sawyer or Harry Potter? This book's OK. I like the wry narrator, but I feel that his
        wit is wasted on the subject of children. Why children? He observes a good deal about
        adults, but does it bring something to do it through children's eyes? To ponder...</p>
      <p>I can see from the confident language and colourful dialogue why this is a classic, but it
        has some structural weaknesses--chapters that just seem useless and independent of the
        story, events that lead nowhere--that don't make it very exciting. It's not great; it's
        curious.</p>
    </content>
    <link rel='edit' type='application/atom+xml'
      href='https://www.blogger.com/feeds/8002380/posts/default/5804868138376024081' />
    <link rel='self' type='application/atom+xml'
      href='https://www.blogger.com/feeds/8002380/posts/default/5804868138376024081' />
    <link rel='alternate' type='text/html'
      href='https://books.supertitle.org/2013/02/tom-sawyer.html' title='Tom Sawyer' />
    <author>
      <name>martin</name>
      <uri>https://www.blogger.com/profile/09053983859177005529</uri>
      <email>noreply@blogger.com</email>
      <gd:image rel='http://schemas.google.com/g/2005#thumbnail' width='35' height='35'
        src='//www.blogger.com/img/blogger_logo_round_35.png' />
    </author>
  </entry>
  <entry>
    <id>tag:blogger.com,1999:blog-8002380.post-2616787240802028346</id>
    <published>2013-02-12T22:10:00.001+01:00</published>
    <updated>2016-12-13T17:23:35.331+01:00</updated>
    <category scheme='http://schemas.google.com/g/2005#kind'
      term='http://schemas.google.com/blogger/2008/kind#post' />
    <title type='text'>The Mysterious Flame of Queen Loana</title>
    <content type='html'>
      <img class="bookCover" border="0"
        src="https://upload.wikimedia.org/wikipedia/en/f/f2/The_Mysterious_Flame_of_Queen_Loana.jpg" />
      <br />
      <p>The Mysterious Flame of Queen Loana, Umberto Eco, tr. Geoffrey Brock</p>
      <p>Painful, though not boring because you're always waiting for that final resolution, and you
        don't realize that Umberto is taking you farther and farther away from it. So not boring,
        because you always believe he'll reveal the key to it all for you, even as the right-hand
        ream gets thinner and thinner, and as the larger and larger illustrations leave less and
        less room for the crucial text. And no- he does not reveal it. He reveals nothing but has
        just tricked you with his smirky face into plowing through catalogs and catalogs of
        gratuitous comic book narratives and war-time Italian pop lyrics, encouraging you with good
        but despairingly sparse stories, encouraging you to come to the end of nothing. Nothing at
        all, not even what we didn't think was worth caring about. Yet- though nothing- something.
        Something that returns to the beginning and ties something down; I'm just not sure what it
        is.</p>
      <p>It's not painful; it's... Gently frustrating.</p>
    </content>
    <link rel='edit' type='application/atom+xml'
      href='https://www.blogger.com/feeds/8002380/posts/default/2616787240802028346' />
    <link rel='self' type='application/atom+xml'
      href='https://www.blogger.com/feeds/8002380/posts/default/2616787240802028346' />
    <link rel='alternate' type='text/html'
      href='https://books.supertitle.org/2013/02/the-mysterious-flame-of-queen-loana.html'
      title='The Mysterious Flame of Queen Loana' />
    <author>
      <name>martin</name>
      <uri>https://www.blogger.com/profile/09053983859177005529</uri>
      <email>noreply@blogger.com</email>
      <gd:image rel='http://schemas.google.com/g/2005#thumbnail' width='35' height='35'
        src='//www.blogger.com/img/blogger_logo_round_35.png' />
    </author>
  </entry>
  <entry>
    <id>tag:blogger.com,1999:blog-8002380.post-7551567444528820587</id>
    <published>2012-12-28T12:24:00.000+01:00</published>
    <updated>2016-12-13T17:23:46.098+01:00</updated>
    <category scheme='http://schemas.google.com/g/2005#kind'
      term='http://schemas.google.com/blogger/2008/kind#post' />
    <title type='text'>The Adventure of English</title>
    <content type='html'>
      <div dir="ltr" style="text-align: left;" trbidi="on">
        <img class="bookCover" border="0"
          src="https://upload.wikimedia.org/wikipedia/en/c/cb/Adventure_of_English.jpg" />
        <br />
        <p>The Adventure of English, Melvyn Bragg</p>
        <p>A good amateur's survey of the history of English, better at the start than its rather
          mechanical surveys of Australian or West Indies vocabularies towards the end. You learn
          things: for a little background, Old English for example was an inflected language, like
          Latin, but commerce between two inhabiting tribes on the island of Britain, separated by a
          political barrier, brought about prepositions like "on" and "for" to replace inflections
          which two separate races could not hear clearly. Plenty of fun stories and facts, if
          over-romanticized. But hey, the romantization is a good form for telling the story of a
          character that has lived 1500 years.</p>
        <p>One more thing: especially to one living in francophonia, The Adventure of English
          reminds me of which words are "really" English, and the game of finding the "English"
          equivalents of Latin- or French-derived words like "derive," "barrier" or of course
          "surrender."</p>
      </div>
    </content>
    <link rel='edit' type='application/atom+xml'
      href='https://www.blogger.com/feeds/8002380/posts/default/7551567444528820587' />
    <link rel='self' type='application/atom+xml'
      href='https://www.blogger.com/feeds/8002380/posts/default/7551567444528820587' />
    <link rel='alternate' type='text/html'
      href='https://books.supertitle.org/2012/12/the-adventure-of-english.html'
      title='The Adventure of English' />
    <author>
      <name>martin</name>
      <uri>https://www.blogger.com/profile/09053983859177005529</uri>
      <email>noreply@blogger.com</email>
      <gd:image rel='http://schemas.google.com/g/2005#thumbnail' width='35' height='35'
        src='//www.blogger.com/img/blogger_logo_round_35.png' />
    </author>
  </entry>
  <entry>
    <id>tag:blogger.com,1999:blog-8002380.post-5133681755335827835</id>
    <published>2012-11-30T10:47:00.000+01:00</published>
    <updated>2016-12-13T17:23:59.168+01:00</updated>
    <category scheme='http://schemas.google.com/g/2005#kind'
      term='http://schemas.google.com/blogger/2008/kind#post' />
    <title type='text'>The Worm Ouroboros</title>
    <content type='html'>
      <div dir="ltr" style="text-align: left;" trbidi="on">
        <img class="bookCover" border="0"
          src="https://upload.wikimedia.org/wikipedia/en/3/38/The_Worm_Ouroboros_book_cover.jpg" />
        <br />
        <p>The Worm Ouroboros, E. R. Eddison</p>
        <p>Very good fantasy. Treats its romantic, imagined universe with surprising confidence,
          unapologetic for its amusing inconsistencies: a setting on a world named "Mercury" lacking
          the most elementary foundation in the physics of the planet Mercury; a hero race named
          "Demons" that start the book sporting horns, a feature which receives no mention during
          later physionomic detailing; and a host of other geologic and temporal inventions that
          have no ambition for basis in any reality.</p>
        <p>I've heard it called "high fantasy:" perhaps the "high" refers to the state in which
          one's mind must be to accept the textual constructions, but I don't feel it is fantasy at
          all: just a sort of outpouring of images from fun nights on Hallowe'en, romance novels and
          war films that finds itself in the same binding.</p>
      </div>
    </content>
    <link rel='edit' type='application/atom+xml'
      href='https://www.blogger.com/feeds/8002380/posts/default/5133681755335827835' />
    <link rel='self' type='application/atom+xml'
      href='https://www.blogger.com/feeds/8002380/posts/default/5133681755335827835' />
    <link rel='alternate' type='text/html'
      href='https://books.supertitle.org/2012/11/the-worm-ouroboros.html' title='The Worm Ouroboros' />
    <author>
      <name>martin</name>
      <uri>https://www.blogger.com/profile/09053983859177005529</uri>
      <email>noreply@blogger.com</email>
      <gd:image rel='http://schemas.google.com/g/2005#thumbnail' width='35' height='35'
        src='//www.blogger.com/img/blogger_logo_round_35.png' />
    </author>
  </entry>
  <entry>
    <id>tag:blogger.com,1999:blog-8002380.post-3840350999818824926</id>
    <published>2012-10-01T22:24:00.000+02:00</published>
    <updated>2016-12-13T17:24:18.978+01:00</updated>
    <category scheme='http://schemas.google.com/g/2005#kind'
      term='http://schemas.google.com/blogger/2008/kind#post' />
    <title type='text'>Crime and Punishment</title>
    <content type='html'>
      <div dir="ltr" style="text-align: left;" trbidi="on">
        <img class="bookCover" border="0"
          src="https://upload.wikimedia.org/wikipedia/en/4/4b/Crimeandpunishmentcover.png" />
        <br />
        <p>Crime and Punishment, Fyodor Dostoevsky</p>
        <p>1st of all: Very good book. Immersive, at times tense, then thoughtful. Concentrated.</p>
        <p>A concentrated work, concentrated ideas, squashed together tightly, in a tight box. A
          prison. This Dostoevsky hates the city; it stinks so much. People live unimaginably
          abominably. Watching them squirm in the hot, dusty ruts is irritating and attractive. The
          civilized reduced to animals by the heated dirt and bricks.</p>
        <p>Gratuitous philosophy. This one thought that; that one thought this, thought and
          theorized and analyzed his theories and then analyzed his own analyzing, all this in
          cynical disgust, all going nowhere. One would think the world can only be ended if such
          text is possible in it.</p>
        <p>The entrance is easy; feels like we are the hero. How he gets where he is is minutely
          studied, observed, hypothesized and understood, such that we can be him, do his deeds even
          the most sinful. And thus we can follow him even when he goes mad: this is admirable, this
          concentration from the author, that he can take us so far from our own lives in a vehicle
          that we feel we can ride.</p>
        <p>Very good.</p>
      </div>
    </content>
    <link rel='edit' type='application/atom+xml'
      href='https://www.blogger.com/feeds/8002380/posts/default/3840350999818824926' />
    <link rel='self' type='application/atom+xml'
      href='https://www.blogger.com/feeds/8002380/posts/default/3840350999818824926' />
    <link rel='alternate' type='text/html'
      href='https://books.supertitle.org/2012/10/crime-and-punishment.html'
      title='Crime and Punishment' />
    <author>
      <name>martin</name>
      <uri>https://www.blogger.com/profile/09053983859177005529</uri>
      <email>noreply@blogger.com</email>
      <gd:image rel='http://schemas.google.com/g/2005#thumbnail' width='35' height='35'
        src='//www.blogger.com/img/blogger_logo_round_35.png' />
    </author>
  </entry>
  <entry>
    <id>tag:blogger.com,1999:blog-8002380.post-8997880497530898031</id>
    <published>2012-08-28T15:54:00.000+02:00</published>
    <updated>2016-12-13T17:24:29.384+01:00</updated>
    <category scheme='http://schemas.google.com/g/2005#kind'
      term='http://schemas.google.com/blogger/2008/kind#post' />
    <title type='text'>Frankenstein</title>
    <content type='html'>
      <img class="bookCover" border="0"
        src="https://upload.wikimedia.org/wikipedia/commons/3/35/Frankenstein_1818_edition_title_page.jpg" />
      <br />
      <p>Frankestein, Mary Shelley</p>
      <p>Not bad story, but style irritatingly romantic: I mean to the point that I wonder if it was
        a joke.</p>
    </content>
    <link rel='edit' type='application/atom+xml'
      href='https://www.blogger.com/feeds/8002380/posts/default/8997880497530898031' />
    <link rel='self' type='application/atom+xml'
      href='https://www.blogger.com/feeds/8002380/posts/default/8997880497530898031' />
    <link rel='alternate' type='text/html'
      href='https://books.supertitle.org/2012/08/frankenstein.html' title='Frankenstein' />
    <author>
      <name>martin</name>
      <uri>https://www.blogger.com/profile/09053983859177005529</uri>
      <email>noreply@blogger.com</email>
      <gd:image rel='http://schemas.google.com/g/2005#thumbnail' width='35' height='35'
        src='//www.blogger.com/img/blogger_logo_round_35.png' />
    </author>
  </entry>
  <entry>
    <id>tag:blogger.com,1999:blog-8002380.post-4912810289359617582</id>
    <published>2012-07-17T22:19:00.003+02:00</published>
    <updated>2016-12-13T17:24:39.326+01:00</updated>
    <category scheme='http://schemas.google.com/g/2005#kind'
      term='http://schemas.google.com/blogger/2008/kind#post' />
    <title type='text'>Just My Type</title>
    <content type='html'>
      <img class="bookCover" border="0"
        src="http://t3.gstatic.com/images?q=tbn:ANd9GcStA_RDE_py597dqH17B7cixj4tU_oCAVwbZIilksxQGHekw7rK" />
      <br />
      <p>Just My Type, Simon Garfield</p>
      <p>Feels like it's full of unfinished anecdotes, but even half anecdotes are readable when
        they're about such a fringe topic.</p>
      <p>Verdict: readable.</p>
    </content>
    <link rel='edit' type='application/atom+xml'
      href='https://www.blogger.com/feeds/8002380/posts/default/4912810289359617582' />
    <link rel='self' type='application/atom+xml'
      href='https://www.blogger.com/feeds/8002380/posts/default/4912810289359617582' />
    <link rel='alternate' type='text/html'
      href='https://books.supertitle.org/2012/07/just-my-type.html' title='Just My Type' />
    <author>
      <name>martin</name>
      <uri>https://www.blogger.com/profile/09053983859177005529</uri>
      <email>noreply@blogger.com</email>
      <gd:image rel='http://schemas.google.com/g/2005#thumbnail' width='35' height='35'
        src='//www.blogger.com/img/blogger_logo_round_35.png' />
    </author>
  </entry>
  <entry>
    <id>tag:blogger.com,1999:blog-8002380.post-1519356799318315467</id>
    <published>2012-06-01T22:34:00.000+02:00</published>
    <updated>2016-12-13T17:24:48.908+01:00</updated>
    <category scheme='http://schemas.google.com/g/2005#kind'
      term='http://schemas.google.com/blogger/2008/kind#post' />
    <title type='text'>The Great Gatsby</title>
    <content type='html'>
      <div dir="ltr" style="text-align: left;" trbidi="on">
        <img class="bookCover" border="0"
          src="https://upload.wikimedia.org/wikipedia/en/f/f7/TheGreatGatsby_1925jacket.jpeg" />
        <br />
        <p>The Great Gatsby, F. Scott Fitzgerald</p>
        <p>Dunno.</p>
      </div>
    </content>
    <link rel='edit' type='application/atom+xml'
      href='https://www.blogger.com/feeds/8002380/posts/default/1519356799318315467' />
    <link rel='self' type='application/atom+xml'
      href='https://www.blogger.com/feeds/8002380/posts/default/1519356799318315467' />
    <link rel='alternate' type='text/html'
      href='https://books.supertitle.org/2012/06/the-great-gatsby.html' title='The Great Gatsby' />
    <author>
      <name>martin</name>
      <uri>https://www.blogger.com/profile/09053983859177005529</uri>
      <email>noreply@blogger.com</email>
      <gd:image rel='http://schemas.google.com/g/2005#thumbnail' width='35' height='35'
        src='//www.blogger.com/img/blogger_logo_round_35.png' />
    </author>
  </entry>
  <entry>
    <id>tag:blogger.com,1999:blog-8002380.post-4296861298244175938</id>
    <published>2012-03-07T20:49:00.003+01:00</published>
    <updated>2016-12-13T17:24:59.013+01:00</updated>
    <category scheme='http://schemas.google.com/g/2005#kind'
      term='http://schemas.google.com/blogger/2008/kind#post' />
    <title type='text'>The Gold Coast</title>
    <content type='html'>
      <img class="bookCover" border="0"
        src="https://upload.wikimedia.org/wikipedia/en/c/c6/The_Gold_Coast%2C_Novel_Cover.jpg" />
      <br />
      <p>The Gold Coast, Nelson DeMille</p>
      <p>Hey, great book.</p>
    </content>
    <link rel='edit' type='application/atom+xml'
      href='https://www.blogger.com/feeds/8002380/posts/default/4296861298244175938' />
    <link rel='self' type='application/atom+xml'
      href='https://www.blogger.com/feeds/8002380/posts/default/4296861298244175938' />
    <link rel='alternate' type='text/html'
      href='https://books.supertitle.org/2012/03/gold-coast.html' title='The Gold Coast' />
    <author>
      <name>martin</name>
      <uri>https://www.blogger.com/profile/09053983859177005529</uri>
      <email>noreply@blogger.com</email>
      <gd:image rel='http://schemas.google.com/g/2005#thumbnail' width='35' height='35'
        src='//www.blogger.com/img/blogger_logo_round_35.png' />
    </author>
  </entry>
  <entry>
    <id>tag:blogger.com,1999:blog-8002380.post-3558888342463390911</id>
    <published>2012-01-25T11:31:00.000+01:00</published>
    <updated>2016-12-13T17:25:09.118+01:00</updated>
    <category scheme='http://schemas.google.com/g/2005#kind'
      term='http://schemas.google.com/blogger/2008/kind#post' />
    <title type='text'>The Descent of Alette</title>
    <content type='html'>
      <img class="bookCover" border="0"
        src="http://t0.gstatic.com/images?q=tbn:ANd9GcRdmK2xl9xj0ryC5LN23S4hGc39slNtAUr4E7LbXD3GFfgPFJq8" />
      <br />
      <p>The Descent of Alette, Alice Notley</p>
      <p>I don't usually like poems, but this reads like a story. I like it.</p>
      <p>There is also a neat style worth mentioning. Notley uses quotation marks to separate poetic
        feet, meaning that every few words you get an enclosure in quotation marks, and there are no
        words free of these marks. So you get a barrage of quotation marks. And indeed, each break
        between quote-wrapped feet does make you pause, creating a rhythm that the author says is
        "intended."</p>
      <p>Good for her. I'd add that there's an effect of quotation marks that she doesn't mention...
        that of creating a sense of irony. It's what attracted me first to the book, and what kept
        me reading.</p>
    </content>
    <link rel='edit' type='application/atom+xml'
      href='https://www.blogger.com/feeds/8002380/posts/default/3558888342463390911' />
    <link rel='self' type='application/atom+xml'
      href='https://www.blogger.com/feeds/8002380/posts/default/3558888342463390911' />
    <link rel='alternate' type='text/html'
      href='https://books.supertitle.org/2012/01/descent-of-alette.html'
      title='The Descent of Alette' />
    <author>
      <name>martin</name>
      <uri>https://www.blogger.com/profile/09053983859177005529</uri>
      <email>noreply@blogger.com</email>
      <gd:image rel='http://schemas.google.com/g/2005#thumbnail' width='35' height='35'
        src='//www.blogger.com/img/blogger_logo_round_35.png' />
    </author>
  </entry>
  <entry>
    <id>tag:blogger.com,1999:blog-8002380.post-9111688645247240782</id>
    <published>2012-01-25T11:24:00.001+01:00</published>
    <updated>2012-01-25T11:24:01.550+01:00</updated>
    <category scheme='http://schemas.google.com/g/2005#kind'
      term='http://schemas.google.com/blogger/2008/kind#post' />
    <title type='text'>Les Trois Mousquetaires</title>
    <content type='html'>
      <p>Les Trois Mousquetaires, Alexandre Dumas</p>
      <p>Nice, though not as good as Monte Cristo.</p>
    </content>
    <link rel='edit' type='application/atom+xml'
      href='https://www.blogger.com/feeds/8002380/posts/default/9111688645247240782' />
    <link rel='self' type='application/atom+xml'
      href='https://www.blogger.com/feeds/8002380/posts/default/9111688645247240782' />
    <link rel='alternate' type='text/html'
      href='https://books.supertitle.org/2012/01/les-trois-mousquetaires.html'
      title='Les Trois Mousquetaires' />
    <author>
      <name>martin</name>
      <uri>https://www.blogger.com/profile/09053983859177005529</uri>
      <email>noreply@blogger.com</email>
      <gd:image rel='http://schemas.google.com/g/2005#thumbnail' width='35' height='35'
        src='//www.blogger.com/img/blogger_logo_round_35.png' />
    </author>
  </entry>
  <entry>
    <id>tag:blogger.com,1999:blog-8002380.post-8813093804068409908</id>
    <published>2011-07-20T11:20:00.000+02:00</published>
    <updated>2011-07-20T11:20:14.461+02:00</updated>
    <category scheme='http://schemas.google.com/g/2005#kind'
      term='http://schemas.google.com/blogger/2008/kind#post' />
    <title type='text'>The Singing Sword</title>
    <content type='html'>
      <p>The Singing Sword, Jack Whyte</p>
      <p>Sequel to The Skystone. Less historically interesting, and more plain fantasy sword-swiping
        and maiden/matron-groping.</p>
    </content>
    <link rel='edit' type='application/atom+xml'
      href='https://www.blogger.com/feeds/8002380/posts/default/8813093804068409908' />
    <link rel='self' type='application/atom+xml'
      href='https://www.blogger.com/feeds/8002380/posts/default/8813093804068409908' />
    <link rel='alternate' type='text/html'
      href='https://books.supertitle.org/2011/07/singing-sword.html' title='The Singing Sword' />
    <author>
      <name>martin</name>
      <uri>https://www.blogger.com/profile/09053983859177005529</uri>
      <email>noreply@blogger.com</email>
      <gd:image rel='http://schemas.google.com/g/2005#thumbnail' width='35' height='35'
        src='//www.blogger.com/img/blogger_logo_round_35.png' />
    </author>
  </entry>
  <entry>
    <id>tag:blogger.com,1999:blog-8002380.post-1729957813840162036</id>
    <published>2011-07-20T11:13:00.000+02:00</published>
    <updated>2011-07-20T11:13:41.039+02:00</updated>
    <category scheme='http://schemas.google.com/g/2005#kind'
      term='http://schemas.google.com/blogger/2008/kind#post' />
    <title type='text'>The Skystone</title>
    <content type='html'>
      <p>The Skystone, Jack Whyte</p>
      <p>Great idea, and well-delivered on the whole, if some details in execution are a little
        irritating.</p>
      <p>Best thing about this book is how it makes you go, "Hey, so what else can I learn about how
        the Romans got booted out of England?"</p>
    </content>
    <link rel='edit' type='application/atom+xml'
      href='https://www.blogger.com/feeds/8002380/posts/default/1729957813840162036' />
    <link rel='self' type='application/atom+xml'
      href='https://www.blogger.com/feeds/8002380/posts/default/1729957813840162036' />
    <link rel='alternate' type='text/html' href='https://books.supertitle.org/2011/07/skystone.html'
      title='The Skystone' />
    <author>
      <name>martin</name>
      <uri>https://www.blogger.com/profile/09053983859177005529</uri>
      <email>noreply@blogger.com</email>
      <gd:image rel='http://schemas.google.com/g/2005#thumbnail' width='35' height='35'
        src='//www.blogger.com/img/blogger_logo_round_35.png' />
    </author>
  </entry>
  <entry>
    <id>tag:blogger.com,1999:blog-8002380.post-5109151209494174341</id>
    <published>2011-07-20T11:10:00.000+02:00</published>
    <updated>2011-07-20T11:10:13.267+02:00</updated>
    <category scheme='http://schemas.google.com/g/2005#kind'
      term='http://schemas.google.com/blogger/2008/kind#post' />
    <title type='text'>Moby-Dick</title>
    <content type='html'>
      <p>Moby-Dick, Herman Melville</p>
      <p>Mind-numbing catalogs of whale types and sailing activities, descriptions of whale anatomy
        in overly-romantic terms. There is only a single meeting of the hero and the monster, and
        that is at the end; makes you miss the old "two unsuccessful encounters before final
        triumph" story. The actual story is stark.</p>
      <p>Yet: this starkness is a testament to overwhelming narrative willpower, and that is
        impressive. Plus there are so many crazy little bits that I can't help liking it. Watch:</p>
      <blockquote>Come; let us squeeze hands all round; nay, let us all squeeze ourselves into each
        other; let us squeeze ourselves universally into the very milk and sperm of kindness.</blockquote>
    </content>
    <link rel='edit' type='application/atom+xml'
      href='https://www.blogger.com/feeds/8002380/posts/default/5109151209494174341' />
    <link rel='self' type='application/atom+xml'
      href='https://www.blogger.com/feeds/8002380/posts/default/5109151209494174341' />
    <link rel='alternate' type='text/html'
      href='https://books.supertitle.org/2011/07/moby-dick.html' title='Moby-Dick' />
    <author>
      <name>martin</name>
      <uri>https://www.blogger.com/profile/09053983859177005529</uri>
      <email>noreply@blogger.com</email>
      <gd:image rel='http://schemas.google.com/g/2005#thumbnail' width='35' height='35'
        src='//www.blogger.com/img/blogger_logo_round_35.png' />
    </author>
  </entry>
  <entry>
    <id>tag:blogger.com,1999:blog-8002380.post-3003899285560719155</id>
    <published>2011-02-16T10:52:00.000+01:00</published>
    <updated>2011-02-16T10:52:12.078+01:00</updated>
    <category scheme='http://schemas.google.com/g/2005#kind'
      term='http://schemas.google.com/blogger/2008/kind#post' />
    <title type='text'>Ravage</title>
    <content type='html'>
      <p>Ravage, René Barjavel</p>
      <p>I initially thought this was like the French brave New World, but what an appetite for
        destruction. The author is a masochist. Given how cheerily it begins, the amount of disaster
        is continuously jolting.</p>
    </content>
    <link rel='edit' type='application/atom+xml'
      href='https://www.blogger.com/feeds/8002380/posts/default/3003899285560719155' />
    <link rel='self' type='application/atom+xml'
      href='https://www.blogger.com/feeds/8002380/posts/default/3003899285560719155' />
    <link rel='alternate' type='text/html' href='https://books.supertitle.org/2011/02/ravage.html'
      title='Ravage' />
    <author>
      <name>martin</name>
      <uri>https://www.blogger.com/profile/09053983859177005529</uri>
      <email>noreply@blogger.com</email>
      <gd:image rel='http://schemas.google.com/g/2005#thumbnail' width='35' height='35'
        src='//www.blogger.com/img/blogger_logo_round_35.png' />
    </author>
  </entry>
  <entry>
    <id>tag:blogger.com,1999:blog-8002380.post-6232726131442240306</id>
    <published>2011-02-03T16:53:00.000+01:00</published>
    <updated>2011-02-03T16:53:50.677+01:00</updated>
    <category scheme='http://schemas.google.com/g/2005#kind'
      term='http://schemas.google.com/blogger/2008/kind#post' />
    <title type='text'>Coders at Work</title>
    <content type='html'>
      <p>Coders at Work, Peter Siebel</p>
      <p>Great idea. Real easy read. Makes me realize that I should become and remain unalterably
        confused about the work I do every day.</p>
    </content>
    <link rel='edit' type='application/atom+xml'
      href='https://www.blogger.com/feeds/8002380/posts/default/6232726131442240306' />
    <link rel='self' type='application/atom+xml'
      href='https://www.blogger.com/feeds/8002380/posts/default/6232726131442240306' />
    <link rel='alternate' type='text/html'
      href='https://books.supertitle.org/2011/02/coders-at-work.html' title='Coders at Work' />
    <author>
      <name>martin</name>
      <uri>https://www.blogger.com/profile/09053983859177005529</uri>
      <email>noreply@blogger.com</email>
      <gd:image rel='http://schemas.google.com/g/2005#thumbnail' width='35' height='35'
        src='//www.blogger.com/img/blogger_logo_round_35.png' />
    </author>
  </entry>
  <entry>
    <id>tag:blogger.com,1999:blog-8002380.post-3798997734342498059</id>
    <published>2011-02-03T16:51:00.000+01:00</published>
    <updated>2011-02-03T16:51:07.639+01:00</updated>
    <category scheme='http://schemas.google.com/g/2005#kind'
      term='http://schemas.google.com/blogger/2008/kind#post' />
    <title type='text'>Le Comte de Monte Cristo</title>
    <content type='html'>
      <p>Le Comte de Monte Cristo, Alexandre Dumas</p>
      <p>Plotted in two dimensions, hero's power over time, many good books start high, say seven,
        drop quickly to one and remain there until near the end, when they rise to ten. That return
        feels amazing.</p>
      <p>Monte Cristo is simpler: starting at ordinary five, we glimpse six then drop to one and
        stay there only a short time before heaving up massively to ten and remaining there for the
        last three quarters of the story. That long stay at ten feels mind-blowing.</p>
      <p>What I like is how it's tempered. Unlike Frye's The Stars' Tennis Balls, a nominal God
        drives and justifies revenge, and the milieu validates it. Consequently, the punishment is
        not dementia. More simply, it's fun to watch the star Monte Cristo build up all the little
        pieces that will eventually act in concert to cause his enemies' overthrow, in many cases
        the enemy forced to hammer in the final nail himself.</p>
    </content>
    <link rel='edit' type='application/atom+xml'
      href='https://www.blogger.com/feeds/8002380/posts/default/3798997734342498059' />
    <link rel='self' type='application/atom+xml'
      href='https://www.blogger.com/feeds/8002380/posts/default/3798997734342498059' />
    <link rel='alternate' type='text/html'
      href='https://books.supertitle.org/2011/02/le-comte-de-monte-cristo.html'
      title='Le Comte de Monte Cristo' />
    <author>
      <name>martin</name>
      <uri>https://www.blogger.com/profile/09053983859177005529</uri>
      <email>noreply@blogger.com</email>
      <gd:image rel='http://schemas.google.com/g/2005#thumbnail' width='35' height='35'
        src='//www.blogger.com/img/blogger_logo_round_35.png' />
    </author>
  </entry>
  <entry>
    <id>tag:blogger.com,1999:blog-8002380.post-2974819077169527826</id>
    <published>2010-09-12T20:33:00.001+02:00</published>
    <updated>2010-09-12T20:33:42.368+02:00</updated>
    <category scheme='http://schemas.google.com/g/2005#kind'
      term='http://schemas.google.com/blogger/2008/kind#post' />
    <title type='text'>The Stars' Tennis Balls</title>
    <content type='html'>
      <p>The Stars' Tennis Balls, Stephen Fry</p>
      <p>Dementedly good, but demented.</p>
    </content>
    <link rel='edit' type='application/atom+xml'
      href='https://www.blogger.com/feeds/8002380/posts/default/2974819077169527826' />
    <link rel='self' type='application/atom+xml'
      href='https://www.blogger.com/feeds/8002380/posts/default/2974819077169527826' />
    <link rel='alternate' type='text/html'
      href='https://books.supertitle.org/2010/09/stars-tennis-balls.html'
      title='The Stars&apos; Tennis Balls' />
    <author>
      <name>martin</name>
      <uri>https://www.blogger.com/profile/09053983859177005529</uri>
      <email>noreply@blogger.com</email>
      <gd:image rel='http://schemas.google.com/g/2005#thumbnail' width='35' height='35'
        src='//www.blogger.com/img/blogger_logo_round_35.png' />
    </author>
  </entry>
  <entry>
    <id>tag:blogger.com,1999:blog-8002380.post-4464293934483150448</id>
    <published>2010-07-17T14:48:00.001+02:00</published>
    <updated>2015-07-12T12:10:44.305+02:00</updated>
    <category scheme='http://schemas.google.com/g/2005#kind'
      term='http://schemas.google.com/blogger/2008/kind#post' />
    <title type='text'>Le Retrait</title>
    <content type='html'>
      <p>Le Retrait, Frédéric Moitel</p>
      <p>When it starts, it feels anchored in something, as if the words were a continuation of what
        you were living, even though you've never heard those words before. There's that precision
        to it all the way through, which is guiding although it takes you through alien thoughts,
        alien houses and alien sex.</p>
      <p>That precision gives the book a stunning beauty, in its form and in its narrative. It is
        depressing, yes, often maddening, but it is something you can look at for a long time.</p>
    </content>
    <link rel='edit' type='application/atom+xml'
      href='https://www.blogger.com/feeds/8002380/posts/default/4464293934483150448' />
    <link rel='self' type='application/atom+xml'
      href='https://www.blogger.com/feeds/8002380/posts/default/4464293934483150448' />
    <link rel='alternate' type='text/html'
      href='https://books.supertitle.org/2010/07/le-retrait.html' title='Le Retrait' />
    <author>
      <name>martin</name>
      <uri>https://www.blogger.com/profile/09053983859177005529</uri>
      <email>noreply@blogger.com</email>
      <gd:image rel='http://schemas.google.com/g/2005#thumbnail' width='35' height='35'
        src='//www.blogger.com/img/blogger_logo_round_35.png' />
    </author>
  </entry>
  <entry>
    <id>tag:blogger.com,1999:blog-8002380.post-2824544300226315698</id>
    <published>2010-07-07T14:44:00.000+02:00</published>
    <updated>2010-07-07T14:44:33.794+02:00</updated>
    <category scheme='http://schemas.google.com/g/2005#kind'
      term='http://schemas.google.com/blogger/2008/kind#post' />
    <title type='text'>The Girl Who Kicked the Hornets' Nest</title>
    <content type='html'>
      <p>The Girl Who Kicked the Hornets' Nest, Stieg Larsson, tr. Reg Keeland</p>
      <p>Very good.</p>
    </content>
    <link rel='edit' type='application/atom+xml'
      href='https://www.blogger.com/feeds/8002380/posts/default/2824544300226315698' />
    <link rel='self' type='application/atom+xml'
      href='https://www.blogger.com/feeds/8002380/posts/default/2824544300226315698' />
    <link rel='alternate' type='text/html'
      href='https://books.supertitle.org/2010/07/girl-who-kicked-hornets-nest.html'
      title='The Girl Who Kicked the Hornets&apos; Nest' />
    <author>
      <name>martin</name>
      <uri>https://www.blogger.com/profile/09053983859177005529</uri>
      <email>noreply@blogger.com</email>
      <gd:image rel='http://schemas.google.com/g/2005#thumbnail' width='35' height='35'
        src='//www.blogger.com/img/blogger_logo_round_35.png' />
    </author>
  </entry>
  <entry>
    <id>tag:blogger.com,1999:blog-8002380.post-4711725683618412408</id>
    <published>2010-07-07T14:43:00.000+02:00</published>
    <updated>2010-07-07T14:43:29.088+02:00</updated>
    <category scheme='http://schemas.google.com/g/2005#kind'
      term='http://schemas.google.com/blogger/2008/kind#post' />
    <title type='text'>The Girl Who Played with Fire</title>
    <content type='html'>
      <p>The Girl Who Played with Fire, Stieg Larsson, tr. Reg Keeland</p>
      <p>Very good.</p>
    </content>
    <link rel='edit' type='application/atom+xml'
      href='https://www.blogger.com/feeds/8002380/posts/default/4711725683618412408' />
    <link rel='self' type='application/atom+xml'
      href='https://www.blogger.com/feeds/8002380/posts/default/4711725683618412408' />
    <link rel='alternate' type='text/html'
      href='https://books.supertitle.org/2010/07/girl-who-played-with-fire.html'
      title='The Girl Who Played with Fire' />
    <author>
      <name>martin</name>
      <uri>https://www.blogger.com/profile/09053983859177005529</uri>
      <email>noreply@blogger.com</email>
      <gd:image rel='http://schemas.google.com/g/2005#thumbnail' width='35' height='35'
        src='//www.blogger.com/img/blogger_logo_round_35.png' />
    </author>
  </entry>
  <entry>
    <id>tag:blogger.com,1999:blog-8002380.post-3773069627355637841</id>
    <published>2010-02-17T11:16:00.001+01:00</published>
    <updated>2010-07-07T14:43:26.468+02:00</updated>
    <category scheme='http://schemas.google.com/g/2005#kind'
      term='http://schemas.google.com/blogger/2008/kind#post' />
    <title type='text'>The Girl With the Dragon Tattoo</title>
    <content type='html'>
      <p>The Girl With the Dragon Tattoo, Stieg Larsson, tr. Reg Keeland</p>
      <p>Very good.</p>
    </content>
    <link rel='edit' type='application/atom+xml'
      href='https://www.blogger.com/feeds/8002380/posts/default/3773069627355637841' />
    <link rel='self' type='application/atom+xml'
      href='https://www.blogger.com/feeds/8002380/posts/default/3773069627355637841' />
    <link rel='alternate' type='text/html'
      href='https://books.supertitle.org/2010/02/girl-with-dragon-tattoo.html'
      title='The Girl With the Dragon Tattoo' />
    <author>
      <name>martin</name>
      <uri>https://www.blogger.com/profile/09053983859177005529</uri>
      <email>noreply@blogger.com</email>
      <gd:image rel='http://schemas.google.com/g/2005#thumbnail' width='35' height='35'
        src='//www.blogger.com/img/blogger_logo_round_35.png' />
    </author>
  </entry>
  <entry>
    <id>tag:blogger.com,1999:blog-8002380.post-1150245530408100633</id>
    <published>2009-12-01T08:58:00.000+01:00</published>
    <updated>2009-12-01T08:58:21.108+01:00</updated>
    <category scheme='http://schemas.google.com/g/2005#kind'
      term='http://schemas.google.com/blogger/2008/kind#post' />
    <title type='text'>The Crying of Lot 49</title>
    <content type='html'>
      <p>The Crying of Lot 49, Thomas Pynchon</p>
    </content>
    <link rel='edit' type='application/atom+xml'
      href='https://www.blogger.com/feeds/8002380/posts/default/1150245530408100633' />
    <link rel='self' type='application/atom+xml'
      href='https://www.blogger.com/feeds/8002380/posts/default/1150245530408100633' />
    <link rel='alternate' type='text/html'
      href='https://books.supertitle.org/2009/12/crying-of-lot-49.html' title='The Crying of Lot 49' />
    <author>
      <name>martin</name>
      <uri>https://www.blogger.com/profile/09053983859177005529</uri>
      <email>noreply@blogger.com</email>
      <gd:image rel='http://schemas.google.com/g/2005#thumbnail' width='35' height='35'
        src='//www.blogger.com/img/blogger_logo_round_35.png' />
    </author>
  </entry>
  <entry>
    <id>tag:blogger.com,1999:blog-8002380.post-5365249859803492541</id>
    <published>2009-11-29T21:54:00.002+01:00</published>
    <updated>2009-11-29T21:55:44.340+01:00</updated>
    <category scheme='http://schemas.google.com/g/2005#kind'
      term='http://schemas.google.com/blogger/2008/kind#post' />
    <title type='text'>Mason &amp; Dixon</title>
    <content type='html'>
      <p>Mason &amp;amp; Dixon, Thomas Pynchon</p>
      <p>This book is hard. But it is better than any of the books below.</p>
    </content>
    <link rel='edit' type='application/atom+xml'
      href='https://www.blogger.com/feeds/8002380/posts/default/5365249859803492541' />
    <link rel='self' type='application/atom+xml'
      href='https://www.blogger.com/feeds/8002380/posts/default/5365249859803492541' />
    <link rel='alternate' type='text/html'
      href='https://books.supertitle.org/2009/11/mason-dixon.html' title='Mason &amp; Dixon' />
    <author>
      <name>martin</name>
      <uri>https://www.blogger.com/profile/09053983859177005529</uri>
      <email>noreply@blogger.com</email>
      <gd:image rel='http://schemas.google.com/g/2005#thumbnail' width='35' height='35'
        src='//www.blogger.com/img/blogger_logo_round_35.png' />
    </author>
  </entry>
  <entry>
    <id>tag:blogger.com,1999:blog-8002380.post-1262716088016831468</id>
    <published>2009-08-04T15:07:00.008+02:00</published>
    <updated>2009-12-24T06:23:25.961+01:00</updated>
    <category scheme='http://schemas.google.com/g/2005#kind'
      term='http://schemas.google.com/blogger/2008/kind#post' />
    <title type='text'>The Blank Slate</title>
    <content type='html'>
      <p>The Blank Slate, Steven Pinker</p>
      <p>This took me a really long time to read (see <a
          href="http://books.supertitle.org/2008/09/next.html">below</a>), because it often gets
        into this subtlety thing that I just didn't feel like unraveling.</p>
      <p>What I did unravel is that some of us have been taught to feel guilty for Western society's
        achievements, and that perhaps even more of us has gotten used to thinking that reason is
        the only human faculty worth mentioning. It is therefore stimulating to think that what
        defines a human being is not just reason, but other faculties and idiosyncrasies that
        exploration of which may lead to more targeted invention, or more striking art.</p>
      <p>Let's not forget that Pinker's a pretty funny guy, and writes very approachably. But he
        takes on problems of large magnitude: what happens when individual instinct goes up against
        a carefully constructed community convention? <a
          href="http://books.supertitle.org/2005/02/language-instinct.html">The Language Instinct</a>
        was more fun than this, and in Blank Slate, it's surprising how much subtle argument goes
        into a conclusion that Pinker himself admits is self-evident. The book is an academic
        navigation, a very careful one, and appreciable for the quality of its thought and writing,
        not for its pull.</p>
    </content>
    <link rel='edit' type='application/atom+xml'
      href='https://www.blogger.com/feeds/8002380/posts/default/1262716088016831468' />
    <link rel='self' type='application/atom+xml'
      href='https://www.blogger.com/feeds/8002380/posts/default/1262716088016831468' />
    <link rel='alternate' type='text/html'
      href='https://books.supertitle.org/2009/08/blank-slate.html' title='The Blank Slate' />
    <author>
      <name>martin</name>
      <uri>https://www.blogger.com/profile/09053983859177005529</uri>
      <email>noreply@blogger.com</email>
      <gd:image rel='http://schemas.google.com/g/2005#thumbnail' width='35' height='35'
        src='//www.blogger.com/img/blogger_logo_round_35.png' />
    </author>
  </entry>
  <entry>
    <id>tag:blogger.com,1999:blog-8002380.post-1119508299576117126</id>
    <published>2009-06-05T14:21:00.000+02:00</published>
    <updated>2009-06-05T14:21:04.725+02:00</updated>
    <category scheme='http://schemas.google.com/g/2005#kind'
      term='http://schemas.google.com/blogger/2008/kind#post' />
    <title type='text'>Hide and Seek</title>
    <content type='html'>
      <p>Hide and Seek, Ian Rankin</p>
      <p>Very nice: captivating but a tad repulsive, so discourages all-nighters.</p>
      <p>You know how detective novels are all about some macho guy into whose lap multitudes of
        chicks and the solution to the mystery helplessly swoon? In this one, the main character is
        not assigned to the case, is mean to subordinates, bad at lovemaking and although he figures
        out the case is unable to make the arrest. The broken cliches are nice.</p>
    </content>
    <link rel='edit' type='application/atom+xml'
      href='https://www.blogger.com/feeds/8002380/posts/default/1119508299576117126' />
    <link rel='self' type='application/atom+xml'
      href='https://www.blogger.com/feeds/8002380/posts/default/1119508299576117126' />
    <link rel='alternate' type='text/html'
      href='https://books.supertitle.org/2009/06/hide-and-seek.html' title='Hide and Seek' />
    <author>
      <name>martin</name>
      <uri>https://www.blogger.com/profile/09053983859177005529</uri>
      <email>noreply@blogger.com</email>
      <gd:image rel='http://schemas.google.com/g/2005#thumbnail' width='35' height='35'
        src='//www.blogger.com/img/blogger_logo_round_35.png' />
    </author>
  </entry>
  <entry>
    <id>tag:blogger.com,1999:blog-8002380.post-2457739348537718947</id>
    <published>2009-06-05T14:16:00.000+02:00</published>
    <updated>2009-06-05T14:16:42.662+02:00</updated>
    <category scheme='http://schemas.google.com/g/2005#kind'
      term='http://schemas.google.com/blogger/2008/kind#post' />
    <title type='text'>Unnatural Causes</title>
    <content type='html'>
      <p>Unnatural Causes, P.D. James</p>
      <p>Good read. End is a bit artificial.</p>
      <p>You know how detective novels are all about some macho guy into whose lap multitudes of
        chicks and the solution to the mystery helplessly swoon? In this one, the main character is
        not assigned to the case, and all but the ugly girls flee him, but he still solves the
        mystery without effort. The partly-broken cliches are nice.</p>
    </content>
    <link rel='edit' type='application/atom+xml'
      href='https://www.blogger.com/feeds/8002380/posts/default/2457739348537718947' />
    <link rel='self' type='application/atom+xml'
      href='https://www.blogger.com/feeds/8002380/posts/default/2457739348537718947' />
    <link rel='alternate' type='text/html'
      href='https://books.supertitle.org/2009/06/unnatural-causes.html' title='Unnatural Causes' />
    <author>
      <name>martin</name>
      <uri>https://www.blogger.com/profile/09053983859177005529</uri>
      <email>noreply@blogger.com</email>
      <gd:image rel='http://schemas.google.com/g/2005#thumbnail' width='35' height='35'
        src='//www.blogger.com/img/blogger_logo_round_35.png' />
    </author>
  </entry>
  <entry>
    <id>tag:blogger.com,1999:blog-8002380.post-7056621276792098926</id>
    <published>2009-04-14T22:40:00.000+02:00</published>
    <updated>2009-04-14T22:40:22.511+02:00</updated>
    <category scheme='http://schemas.google.com/g/2005#kind'
      term='http://schemas.google.com/blogger/2008/kind#post' />
    <title type='text'>The Runaway Jury</title>
    <content type='html'>
      <p>The Runaway Jury, John Grisham</p>
      <p>A Grisham. My first. Exciting, solid, fast.</p>
    </content>
    <link rel='edit' type='application/atom+xml'
      href='https://www.blogger.com/feeds/8002380/posts/default/7056621276792098926' />
    <link rel='self' type='application/atom+xml'
      href='https://www.blogger.com/feeds/8002380/posts/default/7056621276792098926' />
    <link rel='alternate' type='text/html'
      href='https://books.supertitle.org/2009/04/runaway-jury.html' title='The Runaway Jury' />
    <author>
      <name>martin</name>
      <uri>https://www.blogger.com/profile/09053983859177005529</uri>
      <email>noreply@blogger.com</email>
      <gd:image rel='http://schemas.google.com/g/2005#thumbnail' width='35' height='35'
        src='//www.blogger.com/img/blogger_logo_round_35.png' />
    </author>
  </entry>
  <entry>
    <id>tag:blogger.com,1999:blog-8002380.post-7307738744163889724</id>
    <published>2009-04-14T22:38:00.000+02:00</published>
    <updated>2009-04-14T22:38:27.581+02:00</updated>
    <category scheme='http://schemas.google.com/g/2005#kind'
      term='http://schemas.google.com/blogger/2008/kind#post' />
    <title type='text'>Le Royaume de la paix</title>
    <content type='html'>
      <p>Le Royaume de la paix, Frédéric Moitel</p>
      <p>This was hard to read, since it was rather intensely intellectual, deeply probing of human
        participation in urban society, exhaustive, cataloguing and of course archetypal. It gives
        little for the reader to hang on to. Intentionally.</p>
      <p>But there are good bits. I like the repetition. I like how he says things like <cite>il a
          le temps ou non d’observer les boutiques qui se succèdent et s’illuminent</cite> or <cite>il
        y a la personnalité qui développe ou non des affinités</cite> or my favourite: <cite>
          Les fantasmes et les souhaits de rencontres furtives pendant les vacances au soleil ou non
        apparaissent et occupent durablement les cerveaux ébranlés des hommes et des femmes
        célibataires ou non, homosexuels ou hétérosexuels, à plusieurs dans une chambre où ils
        transpirent en jouissant ou pas.
</cite>
      </p>
      <p>This is really, really hard to read. And I don't feel I did it any justice given the little
        effort I put in. But it's very, very tight, it's lyrical, it's possessed, it's right.</p>
    </content>
    <link rel='edit' type='application/atom+xml'
      href='https://www.blogger.com/feeds/8002380/posts/default/7307738744163889724' />
    <link rel='self' type='application/atom+xml'
      href='https://www.blogger.com/feeds/8002380/posts/default/7307738744163889724' />
    <link rel='alternate' type='text/html'
      href='https://books.supertitle.org/2009/04/le-royaume-de-la-paix.html'
      title='Le Royaume de la paix' />
    <author>
      <name>martin</name>
      <uri>https://www.blogger.com/profile/09053983859177005529</uri>
      <email>noreply@blogger.com</email>
      <gd:image rel='http://schemas.google.com/g/2005#thumbnail' width='35' height='35'
        src='//www.blogger.com/img/blogger_logo_round_35.png' />
    </author>
  </entry>
  <entry>
    <id>tag:blogger.com,1999:blog-8002380.post-5240157765091927331</id>
    <published>2009-04-14T22:27:00.000+02:00</published>
    <updated>2009-04-14T22:27:14.230+02:00</updated>
    <category scheme='http://schemas.google.com/g/2005#kind'
      term='http://schemas.google.com/blogger/2008/kind#post' />
    <title type='text'>Harry Potter et les reliques de la mort</title>
    <content type='html'>
      <p>Harry Potter et les reliques de la mort, Jean-Francois Ménard</p>
      <p>Two things distinguished this one from the other potter books: no school year structured
        the narrative, which suffered, and the story actually ended. I found the part just before
        the end, the penultimate part, very tense. But the ending was a fight, and Rowling simply
        can't do fights, and it was, as always, a letdown.</p>
      <p>Nice to have things wrapped up for these slightly-more-than-usually-touching characters,
        but the narrative is not memorable.</p>
    </content>
    <link rel='edit' type='application/atom+xml'
      href='https://www.blogger.com/feeds/8002380/posts/default/5240157765091927331' />
    <link rel='self' type='application/atom+xml'
      href='https://www.blogger.com/feeds/8002380/posts/default/5240157765091927331' />
    <link rel='alternate' type='text/html'
      href='https://books.supertitle.org/2009/04/harry-potter-et-les-reliques-de-la-mort.html'
      title='Harry Potter et les reliques de la mort' />
    <author>
      <name>martin</name>
      <uri>https://www.blogger.com/profile/09053983859177005529</uri>
      <email>noreply@blogger.com</email>
      <gd:image rel='http://schemas.google.com/g/2005#thumbnail' width='35' height='35'
        src='//www.blogger.com/img/blogger_logo_round_35.png' />
    </author>
  </entry>
  <entry>
    <id>tag:blogger.com,1999:blog-8002380.post-5904146602845747427</id>
    <published>2008-09-03T22:12:00.001+02:00</published>
    <updated>2008-09-03T22:26:13.075+02:00</updated>
    <category scheme='http://schemas.google.com/g/2005#kind'
      term='http://schemas.google.com/blogger/2008/kind#post' />
    <title type='text'>Next</title>
    <content type='html'>
      <p>Next, Michael Crichton</p>
      <p>Interesting to read this while reading Pinker's Blank Slate: many of the arguments are
        similar. An attempt to find a center between the absolutely against and absolutely liberal
        on genetic manipulation.</p>
      <p>The stories are what I suppose is classic Crichton: hard to put down.</p>
    </content>
    <link rel='edit' type='application/atom+xml'
      href='https://www.blogger.com/feeds/8002380/posts/default/5904146602845747427' />
    <link rel='self' type='application/atom+xml'
      href='https://www.blogger.com/feeds/8002380/posts/default/5904146602845747427' />
    <link rel='alternate' type='text/html' href='https://books.supertitle.org/2008/09/next.html'
      title='Next' />
    <author>
      <name>martin</name>
      <uri>https://www.blogger.com/profile/09053983859177005529</uri>
      <email>noreply@blogger.com</email>
      <gd:image rel='http://schemas.google.com/g/2005#thumbnail' width='35' height='35'
        src='//www.blogger.com/img/blogger_logo_round_35.png' />
    </author>
  </entry>
  <entry>
    <id>tag:blogger.com,1999:blog-8002380.post-3080549316197728776</id>
    <published>2008-09-03T22:12:00.000+02:00</published>
    <updated>2021-12-04T12:11:21.787+01:00</updated>
    <category scheme='http://schemas.google.com/g/2005#kind'
      term='http://schemas.google.com/blogger/2008/kind#post' />
    <title type='text'>L'insoutenable légèreté de l'être</title>
    <content type='html'>
      <div dir="ltr" style="text-align: left;" trbidi="on">
        <img class="bookCover" border="0"
          src="https://i.gr-assets.com/images/S/compressed.photo.goodreads.com/books/1327291593l/835810.jpg"></img>
        <br />
        <p>L'insoutenable légèreté de l'être, Milan Kundera tr. François Kérel</p>
        <p>Easy to read. Gripping story, light but firm. Beautiful form and thought.</p>
      </div>
      <br />
    </content>
    <link rel='edit' type='application/atom+xml'
      href='https://www.blogger.com/feeds/8002380/posts/default/3080549316197728776' />
    <link rel='self' type='application/atom+xml'
      href='https://www.blogger.com/feeds/8002380/posts/default/3080549316197728776' />
    <link rel='alternate' type='text/html'
      href='https://books.supertitle.org/2008/09/linsoutenable-lgret-de-ltre.html'
      title='L&apos;insoutenable légèreté de l&apos;être' />
    <author>
      <name>martin</name>
      <uri>https://www.blogger.com/profile/09053983859177005529</uri>
      <email>noreply@blogger.com</email>
      <gd:image rel='http://schemas.google.com/g/2005#thumbnail' width='35' height='35'
        src='//www.blogger.com/img/blogger_logo_round_35.png' />
    </author>
  </entry>
  <entry>
    <id>tag:blogger.com,1999:blog-8002380.post-2723266735011223296</id>
    <published>2008-06-29T10:10:00.001+02:00</published>
    <updated>2008-06-29T10:10:33.231+02:00</updated>
    <category scheme='http://schemas.google.com/g/2005#kind'
      term='http://schemas.google.com/blogger/2008/kind#post' />
    <title type='text'>Inside the Tornado, Geoffrey Moore</title>
    <content type='html'>
      <p>Inside the Tornado, Geoffrey Moore</p>
      <p>I liked the part where he says that this book is not really inventing any new marketing
        principles, but it is presenting them in a way that high-tech entrepreneurs--typically
        engineers--can understand them. That's how it feels. It feels like vague, hand-wavy
        marketing practices are being converted into equations.</p>
      <p>I also like when he tells stories about real companies. One could compose an entertaining
        book just by compiling analyses, in hindsight, of all the failures and succcesses over the
        last decade of the high-tech industry. I wish Moore had done more of this; but his objective
        is pedagogy, not entertainment.</p>
    </content>
    <link rel='edit' type='application/atom+xml'
      href='https://www.blogger.com/feeds/8002380/posts/default/2723266735011223296' />
    <link rel='self' type='application/atom+xml'
      href='https://www.blogger.com/feeds/8002380/posts/default/2723266735011223296' />
    <link rel='alternate' type='text/html'
      href='https://books.supertitle.org/2008/06/inside-tornado-geoffrey-moore.html'
      title='Inside the Tornado, Geoffrey Moore' />
    <author>
      <name>martin</name>
      <uri>https://www.blogger.com/profile/09053983859177005529</uri>
      <email>noreply@blogger.com</email>
      <gd:image rel='http://schemas.google.com/g/2005#thumbnail' width='35' height='35'
        src='//www.blogger.com/img/blogger_logo_round_35.png' />
    </author>
  </entry>
  <entry>
    <id>tag:blogger.com,1999:blog-8002380.post-5175384640500134472</id>
    <published>2008-04-07T05:56:00.002+02:00</published>
    <updated>2008-04-07T06:14:56.611+02:00</updated>
    <category scheme='http://schemas.google.com/g/2005#kind'
      term='http://schemas.google.com/blogger/2008/kind#post' />
    <title type='text'>Crossing the Chasm</title>
    <content type='html'>
      <p>Crossing the Chasm: Marketing and Selling High-Tech Products to Mainstream Customers,
        Geoffrey A. Moore</p>
      <p>This is the first time I've read a business book, and it went well.</p>
      <p>Geoffrey is satisfactory with anecdotes, decent with humour. Most parts of this book are a
        good read in the way the front page of the economy section is a good read. If there is any
        discomfort in the style, it is the huge number of typos and linguistic errors in my copy.
        While I don't find typos and errors significantly distracting, their density in this book at
        least somewhat checks its humour. I suppose it's like the phenomenon of someone stumbling
        over a joke.</p>
      <p>As for its theses, it's certainly opened my eyes to business in general. Techie that I am,
        I am grateful to have spent just the short time it takes to read this book, for the number
        of puzzling marketing and behavioural questions on which it sheds light.</p>
    </content>
    <link rel='edit' type='application/atom+xml'
      href='https://www.blogger.com/feeds/8002380/posts/default/5175384640500134472' />
    <link rel='self' type='application/atom+xml'
      href='https://www.blogger.com/feeds/8002380/posts/default/5175384640500134472' />
    <link rel='alternate' type='text/html'
      href='https://books.supertitle.org/2008/04/crossing-chasm.html' title='Crossing the Chasm' />
    <author>
      <name>martin</name>
      <uri>https://www.blogger.com/profile/09053983859177005529</uri>
      <email>noreply@blogger.com</email>
      <gd:image rel='http://schemas.google.com/g/2005#thumbnail' width='35' height='35'
        src='//www.blogger.com/img/blogger_logo_round_35.png' />
    </author>
  </entry>
  <entry>
    <id>tag:blogger.com,1999:blog-8002380.post-5712035864079269635</id>
    <published>2008-03-01T15:33:00.007+01:00</published>
    <updated>2008-04-07T06:17:45.311+02:00</updated>
    <category scheme='http://schemas.google.com/g/2005#kind'
      term='http://schemas.google.com/blogger/2008/kind#post' />
    <title type='text'>Liasons dangereuses</title>
    <content type='html'>
      <p>Liasons dangereuses, Choderlos de Laclos</p>
      <p>The other book I know that is written in correspondence, La Nouvelle Helo&amp;iuml;se,
        sometimes gets awkward. There's this one scene in LNH where the hero is writing, in a
        letter, that someone is opening the door to his hiding place in his lover's bedroom, and so
        he has to end the letter, and escape. One feels that if the author wanted to narrate such
        moments of suspense, then he should not have chosen letters as his medium.</p>
      <p>LD, on the contrary, is always believable. That is, the action is such that the authors of
        the letters always have an obvious motivation to write letters. Through this, and other
        aspects, the book solidly reassured me of its structure.</p>
      <p>Other than that, the story is engaging, often exciting, and it is a good read upon which to
        pass several multi-hour sessions.</p>
    </content>
    <link rel='edit' type='application/atom+xml'
      href='https://www.blogger.com/feeds/8002380/posts/default/5712035864079269635' />
    <link rel='self' type='application/atom+xml'
      href='https://www.blogger.com/feeds/8002380/posts/default/5712035864079269635' />
    <link rel='alternate' type='text/html'
      href='https://books.supertitle.org/2008/03/liasons-dangereuses.html'
      title='Liasons dangereuses' />
    <author>
      <name>martin</name>
      <uri>https://www.blogger.com/profile/09053983859177005529</uri>
      <email>noreply@blogger.com</email>
      <gd:image rel='http://schemas.google.com/g/2005#thumbnail' width='35' height='35'
        src='//www.blogger.com/img/blogger_logo_round_35.png' />
    </author>
  </entry>
  <entry>
    <id>tag:blogger.com,1999:blog-8002380.post-1191761752029942192</id>
    <published>2008-01-13T12:03:00.000+01:00</published>
    <updated>2008-01-14T15:38:40.271+01:00</updated>
    <category scheme='http://schemas.google.com/g/2005#kind'
      term='http://schemas.google.com/blogger/2008/kind#post' />
    <title type='text'>Trois jours chez ma mère</title>
    <content type='html'>
      <p>Trois jours chez ma mère - François Weyergans</p>
      <p>Structurally fascinating, contentually mind-numbing.</p>
    </content>
    <link rel='edit' type='application/atom+xml'
      href='https://www.blogger.com/feeds/8002380/posts/default/1191761752029942192' />
    <link rel='self' type='application/atom+xml'
      href='https://www.blogger.com/feeds/8002380/posts/default/1191761752029942192' />
    <link rel='alternate' type='text/html'
      href='https://books.supertitle.org/2008/01/trois-jours-chez-ma-mre.html'
      title='Trois jours chez ma mère' />
    <author>
      <name>martin</name>
      <uri>https://www.blogger.com/profile/09053983859177005529</uri>
      <email>noreply@blogger.com</email>
      <gd:image rel='http://schemas.google.com/g/2005#thumbnail' width='35' height='35'
        src='//www.blogger.com/img/blogger_logo_round_35.png' />
    </author>
  </entry>
  <entry>
    <id>tag:blogger.com,1999:blog-8002380.post-5561472165140782778</id>
    <published>2007-12-19T11:13:00.000+01:00</published>
    <updated>2007-12-19T11:19:49.492+01:00</updated>
    <category scheme='http://schemas.google.com/g/2005#kind'
      term='http://schemas.google.com/blogger/2008/kind#post' />
    <title type='text'>Ocalone w Tłumaczeniu</title>
    <content type='html'>
      <p>Ocalone w T&amp;#0322;umaczeniu, Stanis&amp;#0322;aw Bara&amp;#0324;czak</p>

      <p>The title, in my translation, is <cite>Completed in Translation</cite>.</p>
      <p>I have lots to say about this, but only time to write some bullet points.</p>
      <ul>
        <li>
          <p>Robert Frost poem: striking translation.</p>
        </li>
        <li>
          <p>If I had to pick an example to post here, it would be the e. e. cummings.</p>
        </li>
        <li>
          <p>Not only are the translations good, but it makes poetry interesting.</p>
        </li>
      </ul>
    </content>
    <link rel='edit' type='application/atom+xml'
      href='https://www.blogger.com/feeds/8002380/posts/default/5561472165140782778' />
    <link rel='self' type='application/atom+xml'
      href='https://www.blogger.com/feeds/8002380/posts/default/5561472165140782778' />
    <link rel='alternate' type='text/html'
      href='https://books.supertitle.org/2007/12/ocalone-w-t.html'
      title='Ocalone w T&amp;#0322;umaczeniu' />
    <author>
      <name>martin</name>
      <uri>https://www.blogger.com/profile/09053983859177005529</uri>
      <email>noreply@blogger.com</email>
      <gd:image rel='http://schemas.google.com/g/2005#thumbnail' width='35' height='35'
        src='//www.blogger.com/img/blogger_logo_round_35.png' />
    </author>
  </entry>
  <entry>
    <id>tag:blogger.com,1999:blog-8002380.post-6459187304540112496</id>
    <published>2007-12-02T19:13:00.001+01:00</published>
    <updated>2007-12-02T19:29:18.882+01:00</updated>
    <category scheme='http://schemas.google.com/g/2005#kind'
      term='http://schemas.google.com/blogger/2008/kind#post' />
    <title type='text'>A Son of the Circus</title>
    <content type='html'>
      <p>A Son of the Circus, John Irving</p>

      <p>I was disappointed that this was not a murder mystery. It starts out like one, but then,
        way before the end, Irving reveals the whole secret. From then on you're just watching the
        inevitable tying up of all the various narratives.</p>

      <p>Too bad. I had once started this book, but I had stopped before the part where you realise
        it's not a murder mystery. Thus I actually read that beginning part twice. I had really been
        hoping tha Irving would put his considerable powers towards the very crafty plot needed to
        obscure and then reveal an assassin. He did not; it's just another Irving.</p>
    </content>
    <link rel='edit' type='application/atom+xml'
      href='https://www.blogger.com/feeds/8002380/posts/default/6459187304540112496' />
    <link rel='self' type='application/atom+xml'
      href='https://www.blogger.com/feeds/8002380/posts/default/6459187304540112496' />
    <link rel='alternate' type='text/html'
      href='https://books.supertitle.org/2007/12/son-of-circus.html' title='A Son of the Circus' />
    <author>
      <name>martin</name>
      <uri>https://www.blogger.com/profile/09053983859177005529</uri>
      <email>noreply@blogger.com</email>
      <gd:image rel='http://schemas.google.com/g/2005#thumbnail' width='35' height='35'
        src='//www.blogger.com/img/blogger_logo_round_35.png' />
    </author>
  </entry>
  <entry>
    <id>tag:blogger.com,1999:blog-8002380.post-9005658915934232652</id>
    <published>2007-05-29T19:18:00.001+02:00</published>
    <updated>2008-04-07T06:21:47.419+02:00</updated>
    <category scheme='http://schemas.google.com/g/2005#kind'
      term='http://schemas.google.com/blogger/2008/kind#post' />
    <title type='text'>Harry Potter et le Prince de sang-mêlé</title>
    <content type='html'>
      <p>Harry Potter et le Prince de sang-mêlé, J.K. Rowling, tr. Jean-François Ménard.</p>
      <p>Yet another book that is strangely addictive despite not being that good. In trying to
        resolve this puzzle, I've got a lot to say about it.</p>
      <p>There were many technical things that this book made me consider. Rowling is definitely
        avoiding many existing formulas for this kind of narrative, and she's doing it admirably.
        For example, Harry is not a great sorcerer, nor really great at anything supernatural except
        flying on a broom. He's just courageous, really. In a book set in a supernatural world, we
        could forgive Rowling for making the hero supernaturally powerful. But he's average and just
        tries hard. So, Rowling is taking a harder road. Throughout this, her complex structure
        stays intact.</p>
      <p>This structure is another thing. I'm satisfied that every piece that Rowling introduced
        throughout the series has fallen into place. Harry's ability to speak to snakes was
        introduced very early, but it has found a consistent explanation; some other details about
        Sirius that I've now forgotten were also tightly integrated; and generally Rowling resolves
        all details that she raises, no matter how long ago in the series. This is impressive
        considering the number of years she's been writing the series. And reading a book that does
        this well is rewarding, in the way laughing at a sitcom is rewarding.</p>
      <p>What disappoints me about this sixth book is how few details are left to resolve. I'm
        worried that the last book will be nothing but a long, tedious battle between hero and
        villain, and Rowling sucks hard at battles. I don't know what's wrong with her, but it's
        like whenever she narrates action, she tries to describe every little detail separately. She
        never takes advantage of the spontaneity or the poetry of action. She's strong when she
        sticks to her mathematical unknotting of the structure she's set up, and that's what I'm
        afraid will be lacking in the seventh novel.</p>
      <p>What's left to resolve? Why do I want to read the last book? It's not to learn if Harry
        wins; he will win, by definition. I suppose I'd like to find out anything else about
        Voldemort, like where his evil really comes from. And I'd like to know what side Rogue
        (Snape, in English) is really on, and by extension what Dumbledore's plan has been all this
        time.</p>
      <p>This is the only way the last book can be interesting: if it's all a long, slow revelation
        of Dumbledore's somehow eternal and all-encompassing plan. If it resorts to cheap lightning
        bolts shot from magic wands, I'm going to feel like all these previous weeks invested in
        reading this series have been wasted.</p>
    </content>
    <link rel='edit' type='application/atom+xml'
      href='https://www.blogger.com/feeds/8002380/posts/default/9005658915934232652' />
    <link rel='self' type='application/atom+xml'
      href='https://www.blogger.com/feeds/8002380/posts/default/9005658915934232652' />
    <link rel='alternate' type='text/html'
      href='https://books.supertitle.org/2007/05/harry-potter-et-le-prince-de-sang-ml.html'
      title='Harry Potter et le Prince de sang-mêlé' />
    <author>
      <name>martin</name>
      <uri>https://www.blogger.com/profile/09053983859177005529</uri>
      <email>noreply@blogger.com</email>
      <gd:image rel='http://schemas.google.com/g/2005#thumbnail' width='35' height='35'
        src='//www.blogger.com/img/blogger_logo_round_35.png' />
    </author>
  </entry>
  <entry>
    <id>tag:blogger.com,1999:blog-8002380.post-7975744630602803453</id>
    <published>2007-04-17T19:16:00.001+02:00</published>
    <updated>2008-04-07T06:22:56.394+02:00</updated>
    <category scheme='http://schemas.google.com/g/2005#kind'
      term='http://schemas.google.com/blogger/2008/kind#post' />
    <title type='text'>The Cider House Rules</title>
    <content type='html'>
      <p>The Cider House Rules, John Irving</p>
      <p>What surprised me was how easy John is on us. Several times, just as the jaws of narrative
        are about to clamp down hard on our favourite characters, he rescues us from tragedy. I
        continually felt that I was on the verge of disaster, when he would circumvent it by such
        devices as the villain announcing that she was no longer interested in revenge, or by a key
        confession arriving early, while we expect it to remain as a point of tension until the end
        of the story.</p>
      <p>But, I'm just thinking: it reminds me of Dickens' style, the works of whom feature so
        prominently in this book. John must have intentionally planned these plot rescues, these
        "happy twists" that simply end a sub-narrative before it has a chance to get ahead of him.
        Remarkably, these moments, which should upset the rhythm, never deprive the story of an
        ounce of its powerful engagement.</p>
      <p>I'm not saying that I felt "happy twists" in Dickens, though; rather, Dickens' abrupt halts
        to sub-narratives feel like unfulfilled forays. John does it WAY better. I wonder if all
        this, mentioning Dickens so much, then doing better, then mentioning Dickens again, is
        intentional?</p>
    </content>
    <link rel='edit' type='application/atom+xml'
      href='https://www.blogger.com/feeds/8002380/posts/default/7975744630602803453' />
    <link rel='self' type='application/atom+xml'
      href='https://www.blogger.com/feeds/8002380/posts/default/7975744630602803453' />
    <link rel='alternate' type='text/html'
      href='https://books.supertitle.org/2007/04/cider-house-rules.html'
      title='The Cider House Rules' />
    <author>
      <name>martin</name>
      <uri>https://www.blogger.com/profile/09053983859177005529</uri>
      <email>noreply@blogger.com</email>
      <gd:image rel='http://schemas.google.com/g/2005#thumbnail' width='35' height='35'
        src='//www.blogger.com/img/blogger_logo_round_35.png' />
    </author>
  </entry>
  <entry>
    <id>tag:blogger.com,1999:blog-8002380.post-115368576547208991</id>
    <published>2006-07-23T21:49:00.001+02:00</published>
    <updated>2008-04-07T06:25:10.335+02:00</updated>
    <category scheme='http://schemas.google.com/g/2005#kind'
      term='http://schemas.google.com/blogger/2008/kind#post' />
    <title type='text'>L'oeuvre au noir</title>
    <content type='html'>
      <p>L'oeuvre au noir, Marguerite Yourcenar</p>
      <p>A bitch to get into, and a pain throughout, unread it would have left me in shame.</p>
      <p>Its redeeming quality is Yourcenar's apparent superpower. I cannot imagine how or why a
        being would take on such projects. It's because I admire this book that I enjoy it. It has
        an insistently bleak aesthetic, and its structure, as far as I can tell, is at best elusive.
        How can anyone consistently write this? Yet she writes perfectly.</p>
      <p>Those are my thoughts on the form. My thoughts on the theme are as follows: one of the
        things that I find alternatively annoying and reassuring about Yourcenar is that she takes
        on some of the worst human fears, and poetically renders them natural and befitting our
        cycles of existence. Any horror you can think of, on a scale from personal to worldwide,
        Yourcenar can balance against other human traits until she convinces you that it is nothing
        but a barely existing neutrality. Her resigned way of writing about carnal pleasure in the
        same vein as about genocide is simple comforting.</p>
      <p>My thoughts on the content? I don't think much of it. I don't get the feeling that the
        story is the most important part of this narrative.</p>
    </content>
    <link rel='edit' type='application/atom+xml'
      href='https://www.blogger.com/feeds/8002380/posts/default/115368576547208991' />
    <link rel='self' type='application/atom+xml'
      href='https://www.blogger.com/feeds/8002380/posts/default/115368576547208991' />
    <link rel='alternate' type='text/html'
      href='https://books.supertitle.org/2006/07/loeuvre-au-noir.html' title='L&apos;oeuvre au noir' />
    <author>
      <name>martin</name>
      <uri>https://www.blogger.com/profile/09053983859177005529</uri>
      <email>noreply@blogger.com</email>
      <gd:image rel='http://schemas.google.com/g/2005#thumbnail' width='35' height='35'
        src='//www.blogger.com/img/blogger_logo_round_35.png' />
    </author>
  </entry>
  <entry>
    <id>tag:blogger.com,1999:blog-8002380.post-115244094853661351</id>
    <published>2006-07-09T12:25:00.000+02:00</published>
    <updated>2006-07-11T05:59:47.983+02:00</updated>
    <category scheme='http://schemas.google.com/g/2005#kind'
      term='http://schemas.google.com/blogger/2008/kind#post' />
    <title type='text'>Harold Pinter: Complete works vol. 1</title>
    <content type='html'>
      <p>Complete works, vol.1, Harold Pinter</p>
      <p>Each violent, familiar story is a metamorphosis. Subtle, but grating when read in sequence.
        Makes me curious about Ovid.</p>
      <p>This volume includes The Birthday Party, The Room, The Dumb Waiter, A Slight Ache, A Night
        Out, and stories "The Black and White, and "The Examination".</p>
      <p>I am certain that The Dumb Waiter, which I have read before, is the basis for most of
        Tarantino's films, especially Reservoir Dogs.</p>
    </content>
    <link rel='edit' type='application/atom+xml'
      href='https://www.blogger.com/feeds/8002380/posts/default/115244094853661351' />
    <link rel='self' type='application/atom+xml'
      href='https://www.blogger.com/feeds/8002380/posts/default/115244094853661351' />
    <link rel='alternate' type='text/html'
      href='https://books.supertitle.org/2006/07/harold-pinter-complete-works-vol-1.html'
      title='Harold Pinter: Complete works vol. 1' />
    <author>
      <name>martin</name>
      <uri>https://www.blogger.com/profile/09053983859177005529</uri>
      <email>noreply@blogger.com</email>
      <gd:image rel='http://schemas.google.com/g/2005#thumbnail' width='35' height='35'
        src='//www.blogger.com/img/blogger_logo_round_35.png' />
    </author>
  </entry>
  <entry>
    <id>tag:blogger.com,1999:blog-8002380.post-115053479609944063</id>
    <published>2006-06-17T10:56:00.000+02:00</published>
    <updated>2006-06-17T10:59:56.110+02:00</updated>
    <category scheme='http://schemas.google.com/g/2005#kind'
      term='http://schemas.google.com/blogger/2008/kind#post' />
    <title type='text'>Our Man in Havana</title>
    <content type='html'>
      <p>Our Man in Havana, Graham Greene</p>
      <p>Pretty good. Tells a crazy story in a low-key style. I'd read more Greene.</p>
    </content>
    <link rel='edit' type='application/atom+xml'
      href='https://www.blogger.com/feeds/8002380/posts/default/115053479609944063' />
    <link rel='self' type='application/atom+xml'
      href='https://www.blogger.com/feeds/8002380/posts/default/115053479609944063' />
    <link rel='alternate' type='text/html'
      href='https://books.supertitle.org/2006/06/our-man-in-havana.html' title='Our Man in Havana' />
    <author>
      <name>martin</name>
      <uri>https://www.blogger.com/profile/09053983859177005529</uri>
      <email>noreply@blogger.com</email>
      <gd:image rel='http://schemas.google.com/g/2005#thumbnail' width='35' height='35'
        src='//www.blogger.com/img/blogger_logo_round_35.png' />
    </author>
  </entry>
  <entry>
    <id>tag:blogger.com,1999:blog-8002380.post-114845266653792393</id>
    <published>2006-05-24T08:30:00.000+02:00</published>
    <updated>2006-05-24T08:37:46.550+02:00</updated>
    <category scheme='http://schemas.google.com/g/2005#kind'
      term='http://schemas.google.com/blogger/2008/kind#post' />
    <title type='text'>A Short History of Nearly Everything</title>
    <content type='html'>
      <p>A Short History of Nearly Everything, Bill Bryson</p>
      <p>Very easy to read, very rewarding, very enlightening.</p>
      <p>I really can't fit Bryson's argument into any popular topics that abound today. He seems to
        go beyond many of them, though never arrogantly; just out of pure curiosity. And because of
        this curiosity, he manages to ask a much more pertinent question of humanity than any media,
        government or international organisation is currently screaming about.</p>
      <p>I'm also impressed at the amount of work Bryson did to write this, all the more impressive
        in that he doesn't come across as hard-working.</p>
    </content>
    <link rel='edit' type='application/atom+xml'
      href='https://www.blogger.com/feeds/8002380/posts/default/114845266653792393' />
    <link rel='self' type='application/atom+xml'
      href='https://www.blogger.com/feeds/8002380/posts/default/114845266653792393' />
    <link rel='alternate' type='text/html'
      href='https://books.supertitle.org/2006/05/short-history-of-nearly-everything.html'
      title='A Short History of Nearly Everything' />
    <author>
      <name>martin</name>
      <uri>https://www.blogger.com/profile/09053983859177005529</uri>
      <email>noreply@blogger.com</email>
      <gd:image rel='http://schemas.google.com/g/2005#thumbnail' width='35' height='35'
        src='//www.blogger.com/img/blogger_logo_round_35.png' />
    </author>
  </entry>
  <entry>
    <id>tag:blogger.com,1999:blog-8002380.post-114716945668636547</id>
    <published>2006-05-09T12:09:00.000+02:00</published>
    <updated>2006-05-09T12:10:56.696+02:00</updated>
    <category scheme='http://schemas.google.com/g/2005#kind'
      term='http://schemas.google.com/blogger/2008/kind#post' />
    <title type='text'>Age of Reason</title>
    <content type='html'>
      <p>Age of Reason, Thomas Payne</p>
      <p>For a work titled "Age of Reason", I was somewhat disappointed at how much spleen it
        showed. Payne's tone made me expect one of those rock-solid philosophical treatises that
        edifies an impenetrable structure out of pure logic. I'm not sure if I can remember the
        books I am talking about, but they turn up every once in a while in philosophy, or math, or
        in a newspaper column, and we all recognise them by their comforting foundation and
        incontrovertible attention to detail. While Payne starts out this way, he does not follow
        up, and it's too bad, because his topic merits the care.</p>
      <p>I will give one example of a disappointing premise. Near the end of the work, Payne
        declares that "[The religion of Deism] must have been the first, and will probably be the
        last, that man believes." By Deism, Payne means the belief in a single god, whose only
        manifestation to human beings is the world in which we live: no scripture, no apparitions,
        no communion, or so on. It certainly sounds reasonable to state that this type of religion
        "must have been the first" that man believed, but the point is very debatable. Personally, I
        doubt it, and I doubt it because of the excellent and precise survey of religions published
        by James Fraser in The Golden Bough, which establishes that all humans throughout evolution
        have tended to supernatural beliefs before settling on the natural. Besides which, Fraser
        found that humans more naturally believed in a multiplicity of anthropomorphic gods than in
        a single superhuman entity. Isn't it easier to think that "people like us" are causing
        thunderstorms than in thinking that simple physical principles guide the particles that
        produce all phenomena we experience?</p>
      <p>Whatever the truth, I find Payne's failure to treat certain such obvious questions as a
        weakness considering the argument he put forth.</p>
      <p>Nevertheless, there is a good deal of the edifying in here. For example, and for this I am
        truly grateful, this is the first time I have ever seen anyone clearly question and examine
        what the Bible really is. Never before have I heard anyone trace the claims about the Bible
        to their logical sources. Payne defines the boundary we have if we want to consider the
        Bible logically. Besides which, he is the first I've ever read to show that "revelation",
        that is, the communication of god to man, is entirely unremarkable, because as soon as it is
        written down, or spoken out loud, it becomes hearsay.</p>
      <p>Needless to say, the argument bodes poorly for the Bible. I am very curious how the
        churches have responded to these observations.</p>
      <p>So in the end, I like this text for the very basic, fundamental questions it poses,
        questions so fundamental that I'm ashamed not to have thought of them. I also like the fun
        literary exercise that it goes through of undermining the Bible's authority by using only
        the Bible text. On that note, I think my recommendation is pretty obvious: don't read,
        unless you're into secular Bible theory.</p>
    </content>
    <link rel='edit' type='application/atom+xml'
      href='https://www.blogger.com/feeds/8002380/posts/default/114716945668636547' />
    <link rel='self' type='application/atom+xml'
      href='https://www.blogger.com/feeds/8002380/posts/default/114716945668636547' />
    <link rel='alternate' type='text/html'
      href='https://books.supertitle.org/2006/05/age-of-reason.html' title='Age of Reason' />
    <author>
      <name>martin</name>
      <uri>https://www.blogger.com/profile/09053983859177005529</uri>
      <email>noreply@blogger.com</email>
      <gd:image rel='http://schemas.google.com/g/2005#thumbnail' width='35' height='35'
        src='//www.blogger.com/img/blogger_logo_round_35.png' />
    </author>
  </entry>
  <entry>
    <id>tag:blogger.com,1999:blog-8002380.post-113967819483674933</id>
    <published>2006-02-11T18:15:00.000+01:00</published>
    <updated>2006-02-11T18:17:42.496+01:00</updated>
    <category scheme='http://schemas.google.com/g/2005#kind'
      term='http://schemas.google.com/blogger/2008/kind#post' />
    <title type='text'>Interpretation of Dreams</title>
    <content type='html'>
      <p>Interpretation of Dreams, Freud, tr. James Strachey</p>
      <p>This is good. I read it very slowly over a year, and I started to pay more attention to my
        dreams because of it.</p>
      <p>As a scientific work, it's pretty rigorous. Although there are numerous parts where I felt
        that Freud was not addressing some obvious objections, most of his theory is a hundred times
        more solid than people seem to give him credit for. I get the feeling that people generally
        expect Freud's dream theory to explain up front the content of any possible dream. But it's
        not that: instead, he meticulously examines what the limits of our knowledge of dream, given
        of course that we can never record them nor ever really be sure what anyone actually dreamt.
        He establishes the limits of what we can know, and then without trespassing these limits he
        argues his hypothesis.</p>
      <p>While it remains a theory, and one that demonstrates a few faults, it's still the only
        theory I've ever heard about dreams that reaches this level of completeness. So, until I
        find a better theory, this one has a lot of potential.</p>
      <p>Is this a good read? The first chapter is super boring. Then, it gets much, much better. I
        would almost recommend skipping section one, or just skimming through it, or maybe reading
        it last if you feel interested.</p>
    </content>
    <link rel='edit' type='application/atom+xml'
      href='https://www.blogger.com/feeds/8002380/posts/default/113967819483674933' />
    <link rel='self' type='application/atom+xml'
      href='https://www.blogger.com/feeds/8002380/posts/default/113967819483674933' />
    <link rel='alternate' type='text/html'
      href='https://books.supertitle.org/2006/02/interpretation-of-dreams.html'
      title='Interpretation of Dreams' />
    <author>
      <name>martin</name>
      <uri>https://www.blogger.com/profile/09053983859177005529</uri>
      <email>noreply@blogger.com</email>
      <gd:image rel='http://schemas.google.com/g/2005#thumbnail' width='35' height='35'
        src='//www.blogger.com/img/blogger_logo_round_35.png' />
    </author>
  </entry>
  <entry>
    <id>tag:blogger.com,1999:blog-8002380.post-113792324971792941</id>
    <published>2006-01-22T10:30:00.000+01:00</published>
    <updated>2006-01-22T10:51:07.720+01:00</updated>
    <category scheme='http://schemas.google.com/g/2005#kind'
      term='http://schemas.google.com/blogger/2008/kind#post' />
    <title type='text'>The Endurance</title>
    <content type='html'>
      <p>The Endurance, Shackleton's Legendary Antarctic Expedition, Caroline Alexander</p>
      <p>Although it is somewhat immoral to read a book the title of which is subtly intended to
        inspire my wife to stay extra unpaid hours at work, I enjoyed this.</p>
      <p>It traces the voyage of the British explorer Ernest Shackleton, in his failure to complete
        his most famous expedition, and the miraculous endurance that he and his crew had to suffer
        as a result of that failure. The conditions of navigation and trekking in the antarctic are
        spectacular, and while the word "chilling" is appropriate literally, here it is its
        figurative sense that is the more haunting.</p>
      <p>The book has two main parts: in the first, the narrative of life on the ice is slow, and
        the categoric descriptions of all the men involved often ponderous, but it is rescued by the
        mountains of stunning photographs of Frank Hurley, taken with the professional aim of paying
        for the expedition; in the second part, with camera equipment no longer available, the story
        itself, which describes why the camera equipment is no longer available, is incredible.
        Which, in sum, means that this is a good book.</p>
      <p>The Endurance was a year-end gift to all employees in my wife's company, and I am seriously
        convinced that its point was to alleviate the guilt of the management for keeping everyone
        late hours at work.</p>
    </content>
    <link rel='edit' type='application/atom+xml'
      href='https://www.blogger.com/feeds/8002380/posts/default/113792324971792941' />
    <link rel='self' type='application/atom+xml'
      href='https://www.blogger.com/feeds/8002380/posts/default/113792324971792941' />
    <link rel='alternate' type='text/html'
      href='https://books.supertitle.org/2006/01/endurance.html' title='The Endurance' />
    <author>
      <name>martin</name>
      <uri>https://www.blogger.com/profile/09053983859177005529</uri>
      <email>noreply@blogger.com</email>
      <gd:image rel='http://schemas.google.com/g/2005#thumbnail' width='35' height='35'
        src='//www.blogger.com/img/blogger_logo_round_35.png' />
    </author>
  </entry>
  <entry>
    <id>tag:blogger.com,1999:blog-8002380.post-113665786413738994</id>
    <published>2006-01-07T18:50:00.000+01:00</published>
    <updated>2006-02-13T12:44:48.200+01:00</updated>
    <category scheme='http://schemas.google.com/g/2005#kind'
      term='http://schemas.google.com/blogger/2008/kind#post' />
    <title type='text'>Quo Vadis</title>
    <content type='html'>
      <p>Quo Vadis, Henryk Sienkiewicz, tr. Jeremiah Curtin</p>
      <p>First of all, I didn't want to start this book at all. It looked boring.</p>
      <p>My first impression reminded me of War and Peace. It begins with a discussion that all of a
        sudden, with one sentence, launches an epic story. But as the first few chapters unfolded, I
        saw that the epicness was not quite as big as Tolstoy's.</p>
      <p>And then, the appearance of pious Christian characters professing their faith bade even
        more boringness.</p>
      <p>But later on, I realised there was a great deal of audacity in setting a historical novel
        in the midst of a history that is covered by the Bible. Unlike a "life of Jesus" book, or
        movie, Quo Vadis is an imagination of what the characters surrounding Jesus were doing, and
        especially what they did after he died. So it must stick to facts that are covered by the
        Bible, but it must fill in the parts that are not covered. I think that's an admirable risk
        for a writer. I suppose an historical novelist always takes this risk--the fact that he or
        she must meet "checkpoints" that are verifiable in textbooks--but with all the cultural
        weight that the Bible carries, basing a history on it is just that little bit harder.</p>
      <p>Finally, I appreciated that, although Christianity is unoriginally presented as triumphant
        in the end, the book allows very blunt debate between Christians and atheists. The principal
        atheist who converts to Christianity for example, backslides several times, even forgetting
        himself and killing a bunch of random people just to save a favourite. Doubts about the
        priopriety and potential of Christianity are carried through until the very end.</p>
      <p>And finally, the story turns out very rich, the details original, and the read attractive.</p>
    </content>
    <link rel='edit' type='application/atom+xml'
      href='https://www.blogger.com/feeds/8002380/posts/default/113665786413738994' />
    <link rel='self' type='application/atom+xml'
      href='https://www.blogger.com/feeds/8002380/posts/default/113665786413738994' />
    <link rel='alternate' type='text/html'
      href='https://books.supertitle.org/2006/01/quo-vadis.html' title='Quo Vadis' />
    <author>
      <name>martin</name>
      <uri>https://www.blogger.com/profile/09053983859177005529</uri>
      <email>noreply@blogger.com</email>
      <gd:image rel='http://schemas.google.com/g/2005#thumbnail' width='35' height='35'
        src='//www.blogger.com/img/blogger_logo_round_35.png' />
    </author>
  </entry>
  <entry>
    <id>tag:blogger.com,1999:blog-8002380.post-113363042467091224</id>
    <published>2005-12-03T17:58:00.000+01:00</published>
    <updated>2005-12-03T18:20:24.720+01:00</updated>
    <category scheme='http://schemas.google.com/g/2005#kind'
      term='http://schemas.google.com/blogger/2008/kind#post' />
    <title type='text'>Neuromancer</title>
    <content type='html'>
      <p>Neuromancer, William Gibson</p>
      <p>Third time.</p>
      <p>While I read it, I was hyped as hell. Now I'm depressed like a betaphenethylamine comedown.
        And I think it's because of Molly. I think she was in love with Case, but couldn't admit it.
        I've got quotes to prove it.</p>
      <p>So it's funny: the first two times I read it, I was spatially disoriented; I didn't know
        what was going on. Honestly--some passages I read this time recalled images in my memory
        from the previous reading, and the old images were completely wrong. I had this one picture
        of Case watching the ninja from the top of a narrow tunnel, maybe over a TV screen, when
        really they were both standing beside a pool. I think it's fascinating how Gibson whips you
        around in space; how if you're not careful you can have no idea where the characters are
        standing.</p>
      <p>But I don't want to analyse; I want to transmit. It's a hyped book, ruthless, sensitive,
        like Molly. And I like Molly, and she's gone, and that's tragic.</p>
    </content>
    <link rel='edit' type='application/atom+xml'
      href='https://www.blogger.com/feeds/8002380/posts/default/113363042467091224' />
    <link rel='self' type='application/atom+xml'
      href='https://www.blogger.com/feeds/8002380/posts/default/113363042467091224' />
    <link rel='alternate' type='text/html'
      href='https://books.supertitle.org/2005/12/neuromancer.html' title='Neuromancer' />
    <author>
      <name>martin</name>
      <uri>https://www.blogger.com/profile/09053983859177005529</uri>
      <email>noreply@blogger.com</email>
      <gd:image rel='http://schemas.google.com/g/2005#thumbnail' width='35' height='35'
        src='//www.blogger.com/img/blogger_logo_round_35.png' />
    </author>
  </entry>
  <entry>
    <id>tag:blogger.com,1999:blog-8002380.post-113273963427258350</id>
    <published>2005-11-23T10:53:00.000+01:00</published>
    <updated>2018-01-04T19:19:27.676+01:00</updated>
    <category scheme='http://schemas.google.com/g/2005#kind'
      term='http://schemas.google.com/blogger/2008/kind#post' />
    <title type='text'>Oryx and Crake</title>
    <content type='html'>
      <div dir="ltr" style="text-align: left;" trbidi="on">
        <img class="bookCover" border="0"
          src="https://upload.wikimedia.org/wikipedia/en/c/cd/OryxAndCrake.jpg"></img>
        <br />
        <p>Oryx and Crake, Margaret Atwood</p>
        <p>After being forced through Handmaid's Tale in highschool, I vowed: "No more Atwood."</p>
        <p>But this was good. The greatest improvement over Handmaid is the lack of preaching. It's
          funny (as in humour), a fast read, conscious of the present, imaginative of the future.</p>
        <p>The best though, was its ambiguity. Ie., what happened? Who loved whom? What happens
          after it ends? Who did what, exactly? Structurally, I have the impression that this book
          leaves multiple possibilities open at numerous points of the narrative. I feel like I
          could pick a spot in the middle and read a whole different book depending on how I
          interpreted the text.</p>
        <p>In literature courses, we actively search for these points, and put great effort into
          uncovering ambiguity and non-intuitive possibilities, but the unique feature of Oryx and
          Crake is that these possibilities are unavoidable.</p>
        <p>And yet... we never feel let down that the author is hiding something. No, rather, she
          seems to intentionally "paint herself into corners" where she is obviously no longer able
          to explain what is going on, and therefore we must do so.</p>
        <p>So where Handmaid was patronising, this rough vision is pleasantly Socratic.</p>
      </div>
    </content>
    <link rel='edit' type='application/atom+xml'
      href='https://www.blogger.com/feeds/8002380/posts/default/113273963427258350' />
    <link rel='self' type='application/atom+xml'
      href='https://www.blogger.com/feeds/8002380/posts/default/113273963427258350' />
    <link rel='alternate' type='text/html'
      href='https://books.supertitle.org/2005/11/oryx-and-crake.html' title='Oryx and Crake' />
    <author>
      <name>martin</name>
      <uri>https://www.blogger.com/profile/09053983859177005529</uri>
      <email>noreply@blogger.com</email>
      <gd:image rel='http://schemas.google.com/g/2005#thumbnail' width='35' height='35'
        src='//www.blogger.com/img/blogger_logo_round_35.png' />
    </author>
  </entry>
  <entry>
    <id>tag:blogger.com,1999:blog-8002380.post-113164497929842075</id>
    <published>2005-11-10T18:49:00.000+01:00</published>
    <updated>2005-11-10T18:49:39.353+01:00</updated>
    <category scheme='http://schemas.google.com/g/2005#kind'
      term='http://schemas.google.com/blogger/2008/kind#post' />
    <title type='text'>Pelagie-la-Charette</title>
    <content type='html'>
      <p>P&amp;eacute;lagie-la-Charette, Antonine Maillet</p>
      <p>This is my second reading, this time in French to see what the big deal was. They do use a
        lot of funny expressions and grammar like "J'allons au noro&amp;icirc;t" ("Nous allons au
        nord-ouest.").</p>
      <p>It made me want to cry again, so epic it gets at some points. Twice, I think, there's
        things that are very touching, because you realise they're true and they're enormous.</p>
      <p>It also made me think how my education confounded the Acadians with the Quebecois; how all
        I was told came from maybe a single page of a textbook.</p>
      <p>Oh, and it also struck me structurally: especially when the author's own ancestor appears
        in one of the characters' tales. I can't stop thinking of the people as characters, but on a
        parallel plane they were real people. I still can't get my head around it: usually books
        either talk about historical figures, or about fictional characters, and the situation is
        clear. Here, no; they're both.</p>
    </content>
    <link rel='edit' type='application/atom+xml'
      href='https://www.blogger.com/feeds/8002380/posts/default/113164497929842075' />
    <link rel='self' type='application/atom+xml'
      href='https://www.blogger.com/feeds/8002380/posts/default/113164497929842075' />
    <link rel='alternate' type='text/html'
      href='https://books.supertitle.org/2005/11/pelagie-la-charette.html'
      title='Pelagie-la-Charette' />
    <author>
      <name>martin</name>
      <uri>https://www.blogger.com/profile/09053983859177005529</uri>
      <email>noreply@blogger.com</email>
      <gd:image rel='http://schemas.google.com/g/2005#thumbnail' width='35' height='35'
        src='//www.blogger.com/img/blogger_logo_round_35.png' />
    </author>
  </entry>
  <entry>
    <id>tag:blogger.com,1999:blog-8002380.post-113083689771933219</id>
    <published>2005-11-01T10:02:00.000+01:00</published>
    <updated>2018-09-06T19:26:32.425+02:00</updated>
    <category scheme='http://schemas.google.com/g/2005#kind'
      term='http://schemas.google.com/blogger/2008/kind#post' />
    <title type='text'>A Fine Balance</title>
    <content type='html'>
      <div dir="ltr" style="text-align: left;" trbidi="on">
        <img class="bookCover" border="0"
          src="https://upload.wikimedia.org/wikipedia/en/5/55/A_Fine_Balance.jpg"></img>
        <br />
        <p>A Fine Balance, Rohinton Mistry</p>
        <p>I suppose I would sound smarter if I hadn't read Pico Ayer's afterword before writing
          down my thoughts, but what he says is spot on: this book is timeless.</p>
        <p>I was sitting there trying to figure out what the story was, and I realised that the
          story is simply that of a bad government, or even more generally: destiny. The people whom
          the bad forces harm as they go along don't really suffer any discernible narrative
          progress. Other than learning how to live with calamity.</p>
        <p>That, of course, makes it sound much more depressing than it really is; its fine balance
          comes from how much happiness the book is able to bring you amidst a sorrow that seems
          insurmountable.</p>
        <p>It's just brilliant. The writing feels as natural as if the author was just making light,
          regular breaths, and they were floating down and lying on the page as sentences. And yet,
          this effortless, instinctive activity results in a remarkably structured and profound
          text. But then, hey, breathing is profound.</p>
        <p>One flaw, I felt, was the Anna-Karenina-ending. That single instant wasn't as richly
          motivated for me as the rest of the events in the novel. It serves to highlight, though,
          that all the events, all the decisions and reactions of the characters, are explored
          through a crystalline myriad--tragic, comic, everything--of facets. It really does make
          you feel like you are living these people's lives.</p>
      </div>
    </content>
    <link rel='edit' type='application/atom+xml'
      href='https://www.blogger.com/feeds/8002380/posts/default/113083689771933219' />
    <link rel='self' type='application/atom+xml'
      href='https://www.blogger.com/feeds/8002380/posts/default/113083689771933219' />
    <link rel='alternate' type='text/html'
      href='https://books.supertitle.org/2005/11/fine-balance.html' title='A Fine Balance' />
    <author>
      <name>martin</name>
      <uri>https://www.blogger.com/profile/09053983859177005529</uri>
      <email>noreply@blogger.com</email>
      <gd:image rel='http://schemas.google.com/g/2005#thumbnail' width='35' height='35'
        src='//www.blogger.com/img/blogger_logo_round_35.png' />
    </author>
  </entry>
  <entry>
    <id>tag:blogger.com,1999:blog-8002380.post-112729377012039982</id>
    <published>2005-09-21T10:53:00.000+02:00</published>
    <updated>2005-11-02T09:53:05.756+01:00</updated>
    <category scheme='http://schemas.google.com/g/2005#kind'
      term='http://schemas.google.com/blogger/2008/kind#post' />
    <title type='text'>Harry Potter et l'ordre du phénix</title>
    <content type='html'>
      <p>Harry Potter et l'ordre du ph&amp;eacute;nix, J.K. Rowling, tr. Jean-Fran&amp;ccedil;ois
        M&amp;eacute;nard.</p>
      <p>This is the first Harry Potter book that did not give me the "Tetris-effect". Although the
        story is still fairly captivating, something is missing, something which made me unable to
        get rid of any of the first four books from my mind. I do not know what this missing element
        is; my going hypothesis is that as the kids have aged, I no longer feel any protective
        parental instinct towards them?</p>
      <p>Based on that theory, the attraction of the previous books was that they engaged my
        protective parental instincts. I wonder if anyone else has felt this.</p>
      <p>Again, a decent read, though fairly disappointing action scenes, where one feels that the
        resolutions of certain tensions are cheap. I think I can now wait patiently until the series
        is finished before I continue to the next one.</p>
    </content>
    <link rel='edit' type='application/atom+xml'
      href='https://www.blogger.com/feeds/8002380/posts/default/112729377012039982' />
    <link rel='self' type='application/atom+xml'
      href='https://www.blogger.com/feeds/8002380/posts/default/112729377012039982' />
    <link rel='alternate' type='text/html'
      href='https://books.supertitle.org/2005/09/harry-potter-et-lordre-du-phnix.html'
      title='Harry Potter et l&apos;ordre du phénix' />
    <author>
      <name>martin</name>
      <uri>https://www.blogger.com/profile/09053983859177005529</uri>
      <email>noreply@blogger.com</email>
      <gd:image rel='http://schemas.google.com/g/2005#thumbnail' width='35' height='35'
        src='//www.blogger.com/img/blogger_logo_round_35.png' />
    </author>
  </entry>
  <entry>
    <id>tag:blogger.com,1999:blog-8002380.post-112694786398597495</id>
    <published>2005-09-17T10:45:00.000+02:00</published>
    <updated>2005-09-17T11:04:24.040+02:00</updated>
    <category scheme='http://schemas.google.com/g/2005#kind'
      term='http://schemas.google.com/blogger/2008/kind#post' />
    <title type='text'>Watermark 2004</title>
    <content type='html'>
      <p>Watermark, MA Creative Writing Bath Spa University College 2004, Pridy, R., ed.</p>
      <p>This is a collection of short stories and excerpts from the Bath Spa MA in creative
        writing, which my buddy Dan did.</p>
      <p>There is some really good stuff in here. Some of it is just brilliant. Some of it is crap.
        My attention was drawn to one of the critics' comments printed on the cover: "there is no
        house style, no School of Newton Park", referring to the fact that everyone writes in their
        individual style. This is an interesting thing to look for in a collection from a creative
        writing programme: I generally agree with the guy. There is a story that's insanely funny;
        another one ominously troubling, and a few other interesting pieces in between.</p>
    </content>
    <link rel='edit' type='application/atom+xml'
      href='https://www.blogger.com/feeds/8002380/posts/default/112694786398597495' />
    <link rel='self' type='application/atom+xml'
      href='https://www.blogger.com/feeds/8002380/posts/default/112694786398597495' />
    <link rel='alternate' type='text/html'
      href='https://books.supertitle.org/2005/09/watermark-2004.html' title='Watermark 2004' />
    <author>
      <name>martin</name>
      <uri>https://www.blogger.com/profile/09053983859177005529</uri>
      <email>noreply@blogger.com</email>
      <gd:image rel='http://schemas.google.com/g/2005#thumbnail' width='35' height='35'
        src='//www.blogger.com/img/blogger_logo_round_35.png' />
    </author>
  </entry>
  <entry>
    <id>tag:blogger.com,1999:blog-8002380.post-112201433928857374</id>
    <published>2005-07-22T08:32:00.000+02:00</published>
    <updated>2005-07-22T08:38:59.296+02:00</updated>
    <category scheme='http://schemas.google.com/g/2005#kind'
      term='http://schemas.google.com/blogger/2008/kind#post' />
    <title type='text'>Classical and Christian Ideas in English Renaissance Poetry</title>
    <content type='html'>
      <p>Classical and Christian Ideas in English Renaissance Poetry, Isabel Rivers</p>
      <p>Although this is a textbook and, as such, not necessarily the most attractive casual
        reading, once into it I found that it gave me the most incredible ideas. For creative
        writing, I mean. I'm talking about ideas that are hardly possible to bring about. They all
        had to do with writing on four- or five-fold exegeticable structures, or exploring the
        relationship between classical and modern religion.</p>
      <p>This is an interesting book because of its surveying quality of thought in both classical
        and medieval times. As such, it opens up vast complexes of ideas.</p>
    </content>
    <link rel='edit' type='application/atom+xml'
      href='https://www.blogger.com/feeds/8002380/posts/default/112201433928857374' />
    <link rel='self' type='application/atom+xml'
      href='https://www.blogger.com/feeds/8002380/posts/default/112201433928857374' />
    <link rel='alternate' type='text/html'
      href='https://books.supertitle.org/2005/07/classical-and-christian-ideas-in.html'
      title='Classical and Christian Ideas in English Renaissance Poetry' />
    <author>
      <name>martin</name>
      <uri>https://www.blogger.com/profile/09053983859177005529</uri>
      <email>noreply@blogger.com</email>
      <gd:image rel='http://schemas.google.com/g/2005#thumbnail' width='35' height='35'
        src='//www.blogger.com/img/blogger_logo_round_35.png' />
    </author>
  </entry>
  <entry>
    <id>tag:blogger.com,1999:blog-8002380.post-111660498019333691</id>
    <published>2005-05-20T18:03:00.000+02:00</published>
    <updated>2005-05-20T18:03:00.220+02:00</updated>
    <category scheme='http://schemas.google.com/g/2005#kind'
      term='http://schemas.google.com/blogger/2008/kind#post' />
    <title type='text'>Harry Potter et La Coupe de Feu</title>
    <content type='html'>
      <p>Harry Potter et La Coupe de Feu, J.K. Rowling, tr. Jean-Fran&amp;ccedil;ois
        M&amp;eacute;nard</p>
      <p>As addictive as ever. The "darker" edge of this one made me more uneasy when I finished it.
        But my main reaction is how goddam invasive these books are. It's not even impossible to put
        down; it's impossible not to keep thinking about it even after you have put it down. I don't
        know what it is... it's not like it's even the best story I've ever heard; it's pretty
        mediocre that way. What could it be that gets Harry so inside my head, dammit! (Note the
        lack of question mark.)</p>
    </content>
    <link rel='edit' type='application/atom+xml'
      href='https://www.blogger.com/feeds/8002380/posts/default/111660498019333691' />
    <link rel='self' type='application/atom+xml'
      href='https://www.blogger.com/feeds/8002380/posts/default/111660498019333691' />
    <link rel='alternate' type='text/html'
      href='https://books.supertitle.org/2005/05/harry-potter-et-la-coupe-de-feu.html'
      title='Harry Potter et La Coupe de Feu' />
    <author>
      <name>martin</name>
      <uri>https://www.blogger.com/profile/09053983859177005529</uri>
      <email>noreply@blogger.com</email>
      <gd:image rel='http://schemas.google.com/g/2005#thumbnail' width='35' height='35'
        src='//www.blogger.com/img/blogger_logo_round_35.png' />
    </author>
  </entry>
  <entry>
    <id>tag:blogger.com,1999:blog-8002380.post-111485556104343717</id>
    <published>2005-04-30T12:00:00.000+02:00</published>
    <updated>2005-04-30T12:06:01.046+02:00</updated>
    <category scheme='http://schemas.google.com/g/2005#kind'
      term='http://schemas.google.com/blogger/2008/kind#post' />
    <title type='text'>An Instance of the Fingerpost</title>
    <content type='html'>
      <p>An Instance of the Fingerpost, Iain Pears</p>
      <p>Historically-set murder mystery. Mystical ending. A rare structure: four manuscripts tell
        the same story, in sequence, from four different angles. Only the last writer has access to
        all the other manuscripts. And thus the exciting and unexpected truth is hidden from us
        until the very end.</p>
      <p>The trouble is that it takes a great deal of pain to read through the first three
        manuscripts. It's as if the author's heart wasn't really in them, but he knew he had to
        write them to fulfill form. A gruelling read; somewhat rewarding at the end. Some of the
        historical details (English renaissance) are interesting.</p>
    </content>
    <link rel='edit' type='application/atom+xml'
      href='https://www.blogger.com/feeds/8002380/posts/default/111485556104343717' />
    <link rel='self' type='application/atom+xml'
      href='https://www.blogger.com/feeds/8002380/posts/default/111485556104343717' />
    <link rel='alternate' type='text/html'
      href='https://books.supertitle.org/2005/04/instance-of-fingerpost.html'
      title='An Instance of the Fingerpost' />
    <author>
      <name>martin</name>
      <uri>https://www.blogger.com/profile/09053983859177005529</uri>
      <email>noreply@blogger.com</email>
      <gd:image rel='http://schemas.google.com/g/2005#thumbnail' width='35' height='35'
        src='//www.blogger.com/img/blogger_logo_round_35.png' />
    </author>
  </entry>
  <entry>
    <id>tag:blogger.com,1999:blog-8002380.post-111424493217079698</id>
    <published>2005-04-23T10:23:00.000+02:00</published>
    <updated>2005-04-23T10:28:52.170+02:00</updated>
    <category scheme='http://schemas.google.com/g/2005#kind'
      term='http://schemas.google.com/blogger/2008/kind#post' />
    <title type='text'>Harry Potter et le prisonnier d'Azkaban</title>
    <content type='html'>Harry Potter et le prisonnier d'Azkaban, J. K. Rowling, tr. Jean-François
      Ménard
      Very good escapist fiction. Again, I saw a couple of lapses in the resolution of the story at
      the end, but the book was impossible to put down. The continuity in the series is becoming
      impressive, because Rowling is maintaining a rather mundane form (one book=one year at school,
      Harry saves world), but each time she adds more elements, and these elements do not conflict,
      but rather reveal more information about the previous books. Which indicates that Rowling must
      have a fairly large plan in her head to keep all this straight.</content>
    <link rel='edit' type='application/atom+xml'
      href='https://www.blogger.com/feeds/8002380/posts/default/111424493217079698' />
    <link rel='self' type='application/atom+xml'
      href='https://www.blogger.com/feeds/8002380/posts/default/111424493217079698' />
    <link rel='alternate' type='text/html'
      href='https://books.supertitle.org/2005/04/harry-potter-et-le-prisonnier-dazkaban.html'
      title='Harry Potter et le prisonnier d&apos;Azkaban' />
    <author>
      <name>martin</name>
      <uri>https://www.blogger.com/profile/09053983859177005529</uri>
      <email>noreply@blogger.com</email>
      <gd:image rel='http://schemas.google.com/g/2005#thumbnail' width='35' height='35'
        src='//www.blogger.com/img/blogger_logo_round_35.png' />
    </author>
  </entry>
  <entry>
    <id>tag:blogger.com,1999:blog-8002380.post-111324282239357968</id>
    <published>2005-04-11T20:03:00.000+02:00</published>
    <updated>2005-04-11T20:07:02.393+02:00</updated>
    <category scheme='http://schemas.google.com/g/2005#kind'
      term='http://schemas.google.com/blogger/2008/kind#post' />
    <title type='text'>Harry Potter et la chambre de secrets</title>
    <content type='html'>Harry Potter et la chambre de secrets, J. K. Rowling, tr. Jean-François
      Ménard
      - Again, once I started, I could not stop reading it, and images of Harry kept floating into
      my consciousness at inconvenient times of the day.
      I find the story is again fairly classic, and slightly more solid than the first book,
      although there are one or two elements that feel a little contrived.
      Nevertheless, excellent reading.</content>
    <link rel='edit' type='application/atom+xml'
      href='https://www.blogger.com/feeds/8002380/posts/default/111324282239357968' />
    <link rel='self' type='application/atom+xml'
      href='https://www.blogger.com/feeds/8002380/posts/default/111324282239357968' />
    <link rel='alternate' type='text/html'
      href='https://books.supertitle.org/2005/04/harry-potter-et-la-chambre-de-secrets.html'
      title='Harry Potter et la chambre de secrets' />
    <author>
      <name>martin</name>
      <uri>https://www.blogger.com/profile/09053983859177005529</uri>
      <email>noreply@blogger.com</email>
      <gd:image rel='http://schemas.google.com/g/2005#thumbnail' width='35' height='35'
        src='//www.blogger.com/img/blogger_logo_round_35.png' />
    </author>
  </entry>
  <entry>
    <id>tag:blogger.com,1999:blog-8002380.post-111246337839486079</id>
    <published>2005-04-02T19:23:00.000+02:00</published>
    <updated>2005-04-07T11:19:02.933+02:00</updated>
    <category scheme='http://schemas.google.com/g/2005#kind'
      term='http://schemas.google.com/blogger/2008/kind#post' />
    <title type='text'>Harry Potter à l'école des sorciers</title>
    <content type='html'>Harry Potter à l'école des sorciers, J. K. Rowling, tr. Jean-François
      Ménard
      Original title: Harry Potter and the Philosopher's Stone
      First: why in French? Because it was a gift, and I wouldn't have bought it otherwise. I had
      been meaning to, but putting it off because I thought it might be boring.
      I was wrong. Harry has vividly enraptured my mind. I think of him constantly, like when I was
      addicted to Tetris. Compared to my expectations--that it would be a light read full of
      childish references--this is a great surprise.
      Harry has a simple structure, following the classic romantic form, straying rarely from my
      expectations, but masking its elements sufficiently to create surprise and suspense. For me,
      classic form is a quality in a book.
      It's not perfect. When a novel chooses to closely follow a conventional structure, it should
      take such confidence from that structure that it can make hyper-caricatural experiments and
      stray wildly before returning at the last minute to familiar resolution. Harry is not as
      confident as its structure allows it to be, but it does better than a lot of things out there.
      Da Vinci Code, for example.
      A word on the French translation: it puts one at an intellectual disadvantage in
      Potter-society, because it translates the names of certain people and places that take the
      form of English puns. This is unfortunate, I think, and in some cases avoidable, but French
      culture has a tendency to appropriate material in this way, and it's part of the grand scheme
      of French things, so we must accept it.</content>
    <link rel='edit' type='application/atom+xml'
      href='https://www.blogger.com/feeds/8002380/posts/default/111246337839486079' />
    <link rel='self' type='application/atom+xml'
      href='https://www.blogger.com/feeds/8002380/posts/default/111246337839486079' />
    <link rel='alternate' type='text/html'
      href='https://books.supertitle.org/2005/04/harry-potter-lcole-des-sorciers.html'
      title='Harry Potter à l&apos;école des sorciers' />
    <author>
      <name>martin</name>
      <uri>https://www.blogger.com/profile/09053983859177005529</uri>
      <email>noreply@blogger.com</email>
      <gd:image rel='http://schemas.google.com/g/2005#thumbnail' width='35' height='35'
        src='//www.blogger.com/img/blogger_logo_round_35.png' />
    </author>
  </entry>
  <entry>
    <id>tag:blogger.com,1999:blog-8002380.post-110983970029760037</id>
    <published>2005-03-03T09:42:00.000+01:00</published>
    <updated>2005-03-03T10:21:52.776+01:00</updated>
    <category scheme='http://schemas.google.com/g/2005#kind'
      term='http://schemas.google.com/blogger/2008/kind#post' />
    <title type='text'>The Dilbert Principle</title>
    <content type='html'>The Dilbert Principle, Scott Adams
      - Reading this just made me realise what a good writer Dave Barry actually is. Okay: Scott
      Adams is a successful cartoonist, and here, he decided to write a book with cartoons
      interspersed. The cartoons are good, but the text of the book is so-so. The writing style
      reminds me of Dave Barry; in fact I believe that Scott was trying to write like Dave Barry. He
      uses the same absurd logic and off-topic footnotes, and makes fun of himself as well as people
      in general, but I think he just fails to hit that effortless Dave Barry stride.
      Also, I'd like to note that at the time I was reading this, I noticed a book on my co-worker's
      desk called "The Peter Principle". I picked it up and read the back; it turns out that Scott
      Adams based his title on the title of this other, well-known(?), business tome.</content>
    <link rel='edit' type='application/atom+xml'
      href='https://www.blogger.com/feeds/8002380/posts/default/110983970029760037' />
    <link rel='self' type='application/atom+xml'
      href='https://www.blogger.com/feeds/8002380/posts/default/110983970029760037' />
    <link rel='alternate' type='text/html'
      href='https://books.supertitle.org/2005/03/dilbert-principle.html'
      title='The Dilbert Principle' />
    <author>
      <name>martin</name>
      <uri>https://www.blogger.com/profile/09053983859177005529</uri>
      <email>noreply@blogger.com</email>
      <gd:image rel='http://schemas.google.com/g/2005#thumbnail' width='35' height='35'
        src='//www.blogger.com/img/blogger_logo_round_35.png' />
    </author>
  </entry>
  <entry>
    <id>tag:blogger.com,1999:blog-8002380.post-110968397282158230</id>
    <published>2005-03-01T14:26:00.000+01:00</published>
    <updated>2005-03-01T14:32:52.826+01:00</updated>
    <category scheme='http://schemas.google.com/g/2005#kind'
      term='http://schemas.google.com/blogger/2008/kind#post' />
    <title type='text'>Green Grass, Running Water</title>
    <content type='html'>Green Grass, Running Water, Thomas King
      I feel so relieved to have finally read a good, postmodern book in a lit course. Ok: it's a
      textbook for lit students, considering how packed it is with "this means somethings", but it's
      also funny. I don't usually laugh out loud, especially not at books, but I laughed out loud.</content>
    <link rel='edit' type='application/atom+xml'
      href='https://www.blogger.com/feeds/8002380/posts/default/110968397282158230' />
    <link rel='self' type='application/atom+xml'
      href='https://www.blogger.com/feeds/8002380/posts/default/110968397282158230' />
    <link rel='alternate' type='text/html'
      href='https://books.supertitle.org/2005/03/green-grass-running-water.html'
      title='Green Grass, Running Water' />
    <author>
      <name>martin</name>
      <uri>https://www.blogger.com/profile/09053983859177005529</uri>
      <email>noreply@blogger.com</email>
      <gd:image rel='http://schemas.google.com/g/2005#thumbnail' width='35' height='35'
        src='//www.blogger.com/img/blogger_logo_round_35.png' />
    </author>
  </entry>
  <entry>
    <id>tag:blogger.com,1999:blog-8002380.post-110905998772132799</id>
    <published>2005-02-22T09:06:00.000+01:00</published>
    <updated>2005-02-22T09:13:07.723+01:00</updated>
    <category scheme='http://schemas.google.com/g/2005#kind'
      term='http://schemas.google.com/blogger/2008/kind#post' />
    <title type='text'>Obasan</title>
    <content type='html'>Obasan, Joy Kogawa
      I feel terrible. It's not only that the story of Japanese Canadians during WWII is so sad, but
      this book is told through the eyes of a little girl who doesn't understand what's happening to
      her and her family. So the worst is not what the government does to the families, but the
      ominous experiences the girl has in her little girl life. I guess the author did a great job
      getting the inability to comprehend across.
      I also found it reassuring that a Canadian author could talk about Canada this way. This is
      the first time I hear of Canada being bad.
      In all though, I can't like the book. It's just too gently gut-wrenching.</content>
    <link rel='edit' type='application/atom+xml'
      href='https://www.blogger.com/feeds/8002380/posts/default/110905998772132799' />
    <link rel='self' type='application/atom+xml'
      href='https://www.blogger.com/feeds/8002380/posts/default/110905998772132799' />
    <link rel='alternate' type='text/html' href='https://books.supertitle.org/2005/02/obasan.html'
      title='Obasan' />
    <author>
      <name>martin</name>
      <uri>https://www.blogger.com/profile/09053983859177005529</uri>
      <email>noreply@blogger.com</email>
      <gd:image rel='http://schemas.google.com/g/2005#thumbnail' width='35' height='35'
        src='//www.blogger.com/img/blogger_logo_round_35.png' />
    </author>
  </entry>
  <entry>
    <id>tag:blogger.com,1999:blog-8002380.post-110802568384155851</id>
    <published>2005-02-10T09:45:00.000+01:00</published>
    <updated>2005-02-10T09:54:43.840+01:00</updated>
    <category scheme='http://schemas.google.com/g/2005#kind'
      term='http://schemas.google.com/blogger/2008/kind#post' />
    <title type='text'>Pélagie</title>
    <content type='html'>Pélagie: The Return to Acadie, Antonine Maillet, tr. Philip Stratford
      - Although I didn't enjoy the story that much, it made me cry at the end. Why? I think it was
      because it's a true story, and despite the irreverance of the narrator, and the characters,
      the families in this book survive some unimaginable tragedies.
      I was disappointed to have to read it in translation. I don't know if this is the reason for
      the choppiness of the narrative, but I found that most of the scenes didn't resonate with the
      larger text. So I don't give it high marks, but I wouldn't mind a go at the original French.</content>
    <link rel='edit' type='application/atom+xml'
      href='https://www.blogger.com/feeds/8002380/posts/default/110802568384155851' />
    <link rel='self' type='application/atom+xml'
      href='https://www.blogger.com/feeds/8002380/posts/default/110802568384155851' />
    <link rel='alternate' type='text/html' href='https://books.supertitle.org/2005/02/plagie.html'
      title='Pélagie' />
    <author>
      <name>martin</name>
      <uri>https://www.blogger.com/profile/09053983859177005529</uri>
      <email>noreply@blogger.com</email>
      <gd:image rel='http://schemas.google.com/g/2005#thumbnail' width='35' height='35'
        src='//www.blogger.com/img/blogger_logo_round_35.png' />
    </author>
  </entry>
  <entry>
    <id>tag:blogger.com,1999:blog-8002380.post-110796983017925001</id>
    <published>2005-02-09T18:20:00.000+01:00</published>
    <updated>2005-02-09T18:23:50.180+01:00</updated>
    <category scheme='http://schemas.google.com/g/2005#kind'
      term='http://schemas.google.com/blogger/2008/kind#post' />
    <title type='text'>The Double-Hook</title>
    <content type='html'>The Double-Hook, Sheila Watson - Warped, extremely bleak,
      (Subarctic-?)Western-Canadian fiction. I found this very difficult and slow, but that's all
      intentional in this book. The author writes very "sparse prose" in which each word
      unfortunately packs in a great deal more information than most books do in a chapter. And
      that's tiring. I can't say I <em>don't</em> like it, though. Something is itching at me to go
      back and figure out just what the hell it was all about. The ending is good.</content>
    <link rel='edit' type='application/atom+xml'
      href='https://www.blogger.com/feeds/8002380/posts/default/110796983017925001' />
    <link rel='self' type='application/atom+xml'
      href='https://www.blogger.com/feeds/8002380/posts/default/110796983017925001' />
    <link rel='alternate' type='text/html'
      href='https://books.supertitle.org/2005/02/double-hook.html' title='The Double-Hook' />
    <author>
      <name>martin</name>
      <uri>https://www.blogger.com/profile/09053983859177005529</uri>
      <email>noreply@blogger.com</email>
      <gd:image rel='http://schemas.google.com/g/2005#thumbnail' width='35' height='35'
        src='//www.blogger.com/img/blogger_logo_round_35.png' />
    </author>
  </entry>
  <entry>
    <id>tag:blogger.com,1999:blog-8002380.post-110796961073316609</id>
    <published>2005-02-09T18:16:00.000+01:00</published>
    <updated>2005-02-09T18:20:10.733+01:00</updated>
    <category scheme='http://schemas.google.com/g/2005#kind'
      term='http://schemas.google.com/blogger/2008/kind#post' />
    <title type='text'>Barometer Rising</title>
    <content type='html'>Barometer Rising, Hugh Maclennan
      - Very good, Eastern-Canadian fiction! This is a book with a very engaging narrative, set to
      the backdrop of an event whose importance to Canadian history you probably don't realise. Very
      good: both nagging and fulfilling.
      However, uh, this is another Grapes-of-Wrath-case, where a lecture I heard after reading
      brought the book down somewhat from the greatness I had imagined for it. If I think about it,
      some of those characters were indeed two-dimensional. But for both its narrative and
      historical value, I am rating this one high.</content>
    <link rel='edit' type='application/atom+xml'
      href='https://www.blogger.com/feeds/8002380/posts/default/110796961073316609' />
    <link rel='self' type='application/atom+xml'
      href='https://www.blogger.com/feeds/8002380/posts/default/110796961073316609' />
    <link rel='alternate' type='text/html'
      href='https://books.supertitle.org/2005/02/barometer-rising.html' title='Barometer Rising' />
    <author>
      <name>martin</name>
      <uri>https://www.blogger.com/profile/09053983859177005529</uri>
      <email>noreply@blogger.com</email>
      <gd:image rel='http://schemas.google.com/g/2005#thumbnail' width='35' height='35'
        src='//www.blogger.com/img/blogger_logo_round_35.png' />
    </author>
  </entry>
  <entry>
    <id>tag:blogger.com,1999:blog-8002380.post-110796936751276813</id>
    <published>2005-02-09T18:13:00.000+01:00</published>
    <updated>2005-02-09T18:16:07.513+01:00</updated>
    <category scheme='http://schemas.google.com/g/2005#kind'
      term='http://schemas.google.com/blogger/2008/kind#post' />
    <title type='text'>Tay John</title>
    <content type='html'>Tay John, Howard O'Hagan
      - Somewhat good, Western-Canadian fiction. This Tay John is hard to forget. And some very
      interesting narrative techniques used in this story. I especially like the
      native-oral-tradition-inspired first section.
      That said, if I hadn't read it for a course, I might not have enjoyed it. Oh, but Hell - I
      enjoyed it.</content>
    <link rel='edit' type='application/atom+xml'
      href='https://www.blogger.com/feeds/8002380/posts/default/110796936751276813' />
    <link rel='self' type='application/atom+xml'
      href='https://www.blogger.com/feeds/8002380/posts/default/110796936751276813' />
    <link rel='alternate' type='text/html' href='https://books.supertitle.org/2005/02/tay-john.html'
      title='Tay John' />
    <author>
      <name>martin</name>
      <uri>https://www.blogger.com/profile/09053983859177005529</uri>
      <email>noreply@blogger.com</email>
      <gd:image rel='http://schemas.google.com/g/2005#thumbnail' width='35' height='35'
        src='//www.blogger.com/img/blogger_logo_round_35.png' />
    </author>
  </entry>
  <entry>
    <id>tag:blogger.com,1999:blog-8002380.post-110796922359863292</id>
    <published>2005-02-09T18:12:00.000+01:00</published>
    <updated>2005-02-09T18:13:43.596+01:00</updated>
    <category scheme='http://schemas.google.com/g/2005#kind'
      term='http://schemas.google.com/blogger/2008/kind#post' />
    <title type='text'>Grain</title>
    <content type='html'>Grain, Robert Stead
      - Somewhat bleak, prairie-Canadian fiction. Look: it seems to me like a book with good
      qualities, but just not my cup of tea.</content>
    <link rel='edit' type='application/atom+xml'
      href='https://www.blogger.com/feeds/8002380/posts/default/110796922359863292' />
    <link rel='self' type='application/atom+xml'
      href='https://www.blogger.com/feeds/8002380/posts/default/110796922359863292' />
    <link rel='alternate' type='text/html' href='https://books.supertitle.org/2005/02/grain.html'
      title='Grain' />
    <author>
      <name>martin</name>
      <uri>https://www.blogger.com/profile/09053983859177005529</uri>
      <email>noreply@blogger.com</email>
      <gd:image rel='http://schemas.google.com/g/2005#thumbnail' width='35' height='35'
        src='//www.blogger.com/img/blogger_logo_round_35.png' />
    </author>
  </entry>
  <entry>
    <id>tag:blogger.com,1999:blog-8002380.post-110796913413033336</id>
    <published>2005-02-09T18:10:00.000+01:00</published>
    <updated>2005-02-09T18:12:14.130+01:00</updated>
    <category scheme='http://schemas.google.com/g/2005#kind'
      term='http://schemas.google.com/blogger/2008/kind#post' />
    <title type='text'>A Man in Full</title>
    <content type='html'>A Man in Full, Tom Wolfe
      - Extremely good. My parents say it's written too much like he was hunting for a movie deal. I
      think that's one of its qualities!
      The fun thing about both this and "Bonfire of the Vanities" is how high he raises his
      prominent, arrogant figures before letting them drop, drop, drop all the way to the concrete
      sidewalk. Watching them fall is a good ride.</content>
    <link rel='edit' type='application/atom+xml'
      href='https://www.blogger.com/feeds/8002380/posts/default/110796913413033336' />
    <link rel='self' type='application/atom+xml'
      href='https://www.blogger.com/feeds/8002380/posts/default/110796913413033336' />
    <link rel='alternate' type='text/html'
      href='https://books.supertitle.org/2005/02/man-in-full.html' title='A Man in Full' />
    <author>
      <name>martin</name>
      <uri>https://www.blogger.com/profile/09053983859177005529</uri>
      <email>noreply@blogger.com</email>
      <gd:image rel='http://schemas.google.com/g/2005#thumbnail' width='35' height='35'
        src='//www.blogger.com/img/blogger_logo_round_35.png' />
    </author>
  </entry>
  <entry>
    <id>tag:blogger.com,1999:blog-8002380.post-110796901788932808</id>
    <published>2005-02-09T18:06:00.000+01:00</published>
    <updated>2005-02-09T18:10:17.890+01:00</updated>
    <category scheme='http://schemas.google.com/g/2005#kind'
      term='http://schemas.google.com/blogger/2008/kind#post' />
    <title type='text'>Dave Barry Does Japan</title>
    <content type='html'>Dave Barry Does Japan, by Margaret Atwood
      - I like Dave Barry, and I recommend this one. One interesting thing is that the Hiroshima
      chapter is the only time I've ever seen Dave get serious. The change in tone is even
      physically marked by a grey page where he ends his sentimental section and starts up the
      humour again. What I think is very commendable is that he is able to bring off the switch
      credibly. I don't quite agree with his argument, but still, kudos on being able to write
      seriously.</content>
    <link rel='edit' type='application/atom+xml'
      href='https://www.blogger.com/feeds/8002380/posts/default/110796901788932808' />
    <link rel='self' type='application/atom+xml'
      href='https://www.blogger.com/feeds/8002380/posts/default/110796901788932808' />
    <link rel='alternate' type='text/html'
      href='https://books.supertitle.org/2005/02/dave-barry-does-japan.html'
      title='Dave Barry Does Japan' />
    <author>
      <name>martin</name>
      <uri>https://www.blogger.com/profile/09053983859177005529</uri>
      <email>noreply@blogger.com</email>
      <gd:image rel='http://schemas.google.com/g/2005#thumbnail' width='35' height='35'
        src='//www.blogger.com/img/blogger_logo_round_35.png' />
    </author>
  </entry>
  <entry>
    <id>tag:blogger.com,1999:blog-8002380.post-110796877790238933</id>
    <published>2005-02-09T18:03:00.000+01:00</published>
    <updated>2005-02-09T18:06:17.903+01:00</updated>
    <category scheme='http://schemas.google.com/g/2005#kind'
      term='http://schemas.google.com/blogger/2008/kind#post' />
    <title type='text'>Anna Karenina</title>
    <content type='html'>Anna Karenina, Tolstoy, tr. ?
      - Read this in English. It's very good. A good, solid narrative. I am branding it a comedy,
      and I think it's a testament to Tolstoy's patience that he can start and end a book with
      people getting their head chopped off by a train and still make it a comedy in the classical
      sense.</content>
    <link rel='edit' type='application/atom+xml'
      href='https://www.blogger.com/feeds/8002380/posts/default/110796877790238933' />
    <link rel='self' type='application/atom+xml'
      href='https://www.blogger.com/feeds/8002380/posts/default/110796877790238933' />
    <link rel='alternate' type='text/html'
      href='https://books.supertitle.org/2005/02/anna-karenina.html' title='Anna Karenina' />
    <author>
      <name>martin</name>
      <uri>https://www.blogger.com/profile/09053983859177005529</uri>
      <email>noreply@blogger.com</email>
      <gd:image rel='http://schemas.google.com/g/2005#thumbnail' width='35' height='35'
        src='//www.blogger.com/img/blogger_logo_round_35.png' />
    </author>
  </entry>
  <entry>
    <id>tag:blogger.com,1999:blog-8002380.post-110796860143564261</id>
    <published>2005-02-09T17:59:00.000+01:00</published>
    <updated>2005-02-09T18:03:21.436+01:00</updated>
    <category scheme='http://schemas.google.com/g/2005#kind'
      term='http://schemas.google.com/blogger/2008/kind#post' />
    <title type='text'>The DaVinci Code</title>
    <content type='html'>The DaVinci Code, Dan Brown
      - That gnostic stuff is interesting, although my friends who had read about gnosticism were
      not impressed.
      What's not interesting is the puzzles (predictable), plot (not credible), and descriptions of
      Paris (inaccurate).
      In the end, a decent, light read. But I'd prefer a Wolfe or an Irving.</content>
    <link rel='edit' type='application/atom+xml'
      href='https://www.blogger.com/feeds/8002380/posts/default/110796860143564261' />
    <link rel='self' type='application/atom+xml'
      href='https://www.blogger.com/feeds/8002380/posts/default/110796860143564261' />
    <link rel='alternate' type='text/html'
      href='https://books.supertitle.org/2005/02/davinci-code.html' title='The DaVinci Code' />
    <author>
      <name>martin</name>
      <uri>https://www.blogger.com/profile/09053983859177005529</uri>
      <email>noreply@blogger.com</email>
      <gd:image rel='http://schemas.google.com/g/2005#thumbnail' width='35' height='35'
        src='//www.blogger.com/img/blogger_logo_round_35.png' />
    </author>
  </entry>
  <entry>
    <id>tag:blogger.com,1999:blog-8002380.post-110796839068748734</id>
    <published>2005-02-09T17:34:00.000+01:00</published>
    <updated>2005-02-09T17:59:50.686+01:00</updated>
    <category scheme='http://schemas.google.com/g/2005#kind'
      term='http://schemas.google.com/blogger/2008/kind#post' />
    <title type='text'>Les Cinq personnes que j'ai rencontré là-haut</title>
    <content type='html'>Les Cinq personnes que j'ai rencontré là-haut, Mitch Albom, tr. Edith
      Soonckindt
      - I read this by accident. It's alright.</content>
    <link rel='edit' type='application/atom+xml'
      href='https://www.blogger.com/feeds/8002380/posts/default/110796839068748734' />
    <link rel='self' type='application/atom+xml'
      href='https://www.blogger.com/feeds/8002380/posts/default/110796839068748734' />
    <link rel='alternate' type='text/html'
      href='https://books.supertitle.org/2005/02/les-cinq-personnes-que-jai-rencontr-l.html'
      title='Les Cinq personnes que j&apos;ai rencontré là-haut' />
    <author>
      <name>martin</name>
      <uri>https://www.blogger.com/profile/09053983859177005529</uri>
      <email>noreply@blogger.com</email>
      <gd:image rel='http://schemas.google.com/g/2005#thumbnail' width='35' height='35'
        src='//www.blogger.com/img/blogger_logo_round_35.png' />
    </author>
  </entry>
  <entry>
    <id>tag:blogger.com,1999:blog-8002380.post-110796688745847735</id>
    <published>2005-02-09T17:31:00.000+01:00</published>
    <updated>2005-02-09T17:34:47.460+01:00</updated>
    <category scheme='http://schemas.google.com/g/2005#kind'
      term='http://schemas.google.com/blogger/2008/kind#post' />
    <title type='text'>La Disparition</title>
    <content type='html'>La Disparition, Georges Perec
      - This is one of those books that people advise you not to read. You see: it's based on a
      gimmick. And the gimmick is why I read it. Mostly, it's enough just to know what the gimmick
      is to get 80% of the enjoyment of the novel.
      Alright. After reading it, I'd say 40% comes from the gimmick, and 60% from the innards. The
      end's a kick, but you have to suffer a lot to get there.</content>
    <link rel='edit' type='application/atom+xml'
      href='https://www.blogger.com/feeds/8002380/posts/default/110796688745847735' />
    <link rel='self' type='application/atom+xml'
      href='https://www.blogger.com/feeds/8002380/posts/default/110796688745847735' />
    <link rel='alternate' type='text/html'
      href='https://books.supertitle.org/2005/02/la-disparition.html' title='La Disparition' />
    <author>
      <name>martin</name>
      <uri>https://www.blogger.com/profile/09053983859177005529</uri>
      <email>noreply@blogger.com</email>
      <gd:image rel='http://schemas.google.com/g/2005#thumbnail' width='35' height='35'
        src='//www.blogger.com/img/blogger_logo_round_35.png' />
    </author>
  </entry>
  <entry>
    <id>tag:blogger.com,1999:blog-8002380.post-110796666185239179</id>
    <published>2005-02-09T17:29:00.000+01:00</published>
    <updated>2005-02-09T17:31:01.853+01:00</updated>
    <category scheme='http://schemas.google.com/g/2005#kind'
      term='http://schemas.google.com/blogger/2008/kind#post' />
    <title type='text'>A Widow for One Year</title>
    <content type='html'>A Widow for One Year, John Irving
      - I think this is the first Irving I've read cover to cover. Liked it. A bit jealous of the
      ease with which he drops rhymes on the mic.</content>
    <link rel='edit' type='application/atom+xml'
      href='https://www.blogger.com/feeds/8002380/posts/default/110796666185239179' />
    <link rel='self' type='application/atom+xml'
      href='https://www.blogger.com/feeds/8002380/posts/default/110796666185239179' />
    <link rel='alternate' type='text/html'
      href='https://books.supertitle.org/2005/02/widow-for-one-year.html'
      title='A Widow for One Year' />
    <author>
      <name>martin</name>
      <uri>https://www.blogger.com/profile/09053983859177005529</uri>
      <email>noreply@blogger.com</email>
      <gd:image rel='http://schemas.google.com/g/2005#thumbnail' width='35' height='35'
        src='//www.blogger.com/img/blogger_logo_round_35.png' />
    </author>
  </entry>
  <entry>
    <id>tag:blogger.com,1999:blog-8002380.post-110796657599399330</id>
    <published>2005-02-09T17:25:00.000+01:00</published>
    <updated>2005-02-09T17:29:35.993+01:00</updated>
    <category scheme='http://schemas.google.com/g/2005#kind'
      term='http://schemas.google.com/blogger/2008/kind#post' />
    <title type='text'>Memoires d'Hadrien</title>
    <content type='html'>Memoires d'Hadrien, Marguerite Yourcenar
      - This is solid as a rock, and brilliant as a diamond. It is crystal clear, and flowing-hot
      like the Nile.
      Now I need to justify all that. I'm not sure how to put it into words. I'm very impressed by
      this project, which I learned was life-long.
      It's not light reading. But it's damn rewarding.</content>
    <link rel='edit' type='application/atom+xml'
      href='https://www.blogger.com/feeds/8002380/posts/default/110796657599399330' />
    <link rel='self' type='application/atom+xml'
      href='https://www.blogger.com/feeds/8002380/posts/default/110796657599399330' />
    <link rel='alternate' type='text/html'
      href='https://books.supertitle.org/2005/02/memoires-dhadrien.html'
      title='Memoires d&apos;Hadrien' />
    <author>
      <name>martin</name>
      <uri>https://www.blogger.com/profile/09053983859177005529</uri>
      <email>noreply@blogger.com</email>
      <gd:image rel='http://schemas.google.com/g/2005#thumbnail' width='35' height='35'
        src='//www.blogger.com/img/blogger_logo_round_35.png' />
    </author>
  </entry>
  <entry>
    <id>tag:blogger.com,1999:blog-8002380.post-110796632262628693</id>
    <published>2005-02-09T17:23:00.000+01:00</published>
    <updated>2005-02-09T17:25:22.626+01:00</updated>
    <category scheme='http://schemas.google.com/g/2005#kind'
      term='http://schemas.google.com/blogger/2008/kind#post' />
    <title type='text'>Living to Tell the Tale</title>
    <content type='html'>Living to Tell the Tale, Garcìa Marquez, tr. E. Grossman
      - Ok story. It's funny that even in an autobiography Marquez still uses his magic realism. Not
      as unified as Hundred Years though.</content>
    <link rel='edit' type='application/atom+xml'
      href='https://www.blogger.com/feeds/8002380/posts/default/110796632262628693' />
    <link rel='self' type='application/atom+xml'
      href='https://www.blogger.com/feeds/8002380/posts/default/110796632262628693' />
    <link rel='alternate' type='text/html'
      href='https://books.supertitle.org/2005/02/living-to-tell-tale.html'
      title='Living to Tell the Tale' />
    <author>
      <name>martin</name>
      <uri>https://www.blogger.com/profile/09053983859177005529</uri>
      <email>noreply@blogger.com</email>
      <gd:image rel='http://schemas.google.com/g/2005#thumbnail' width='35' height='35'
        src='//www.blogger.com/img/blogger_logo_round_35.png' />
    </author>
  </entry>
  <entry>
    <id>tag:blogger.com,1999:blog-8002380.post-110796620660737579</id>
    <published>2005-02-09T17:20:00.000+01:00</published>
    <updated>2005-02-09T18:26:52.630+01:00</updated>
    <category scheme='http://schemas.google.com/g/2005#kind'
      term='http://schemas.google.com/blogger/2008/kind#post' />
    <title type='text'>Confessions of an English Opium Eater</title>
    <content type='html'>Confessions of an English Opium Eater, Thomas De Quincey
      - I have rarely read anything this hard. It's funny, if I know something's hard in advance, I
      can gather my forces and plow my way through it, but the title of this made it seems a lot
      more promising than it managed.
      That's unfair: I just thought it would be about something different than it turned out to be.
      But come on - who wouldn't?</content>
    <link rel='edit' type='application/atom+xml'
      href='https://www.blogger.com/feeds/8002380/posts/default/110796620660737579' />
    <link rel='self' type='application/atom+xml'
      href='https://www.blogger.com/feeds/8002380/posts/default/110796620660737579' />
    <link rel='alternate' type='text/html'
      href='https://books.supertitle.org/2005/02/confessions-of-english-opium-eater.html'
      title='Confessions of an English Opium Eater' />
    <author>
      <name>martin</name>
      <uri>https://www.blogger.com/profile/09053983859177005529</uri>
      <email>noreply@blogger.com</email>
      <gd:image rel='http://schemas.google.com/g/2005#thumbnail' width='35' height='35'
        src='//www.blogger.com/img/blogger_logo_round_35.png' />
    </author>
  </entry>
  <entry>
    <id>tag:blogger.com,1999:blog-8002380.post-110796601693154423</id>
    <published>2005-02-09T17:19:00.000+01:00</published>
    <updated>2005-02-09T17:20:16.930+01:00</updated>
    <category scheme='http://schemas.google.com/g/2005#kind'
      term='http://schemas.google.com/blogger/2008/kind#post' />
    <title type='text'>The Communist Manifesto</title>
    <content type='html'>The Communist Manifesto, Marx and Engels
      - I was curious.</content>
    <link rel='edit' type='application/atom+xml'
      href='https://www.blogger.com/feeds/8002380/posts/default/110796601693154423' />
    <link rel='self' type='application/atom+xml'
      href='https://www.blogger.com/feeds/8002380/posts/default/110796601693154423' />
    <link rel='alternate' type='text/html'
      href='https://books.supertitle.org/2005/02/communist-manifesto.html'
      title='The Communist Manifesto' />
    <author>
      <name>martin</name>
      <uri>https://www.blogger.com/profile/09053983859177005529</uri>
      <email>noreply@blogger.com</email>
      <gd:image rel='http://schemas.google.com/g/2005#thumbnail' width='35' height='35'
        src='//www.blogger.com/img/blogger_logo_round_35.png' />
    </author>
  </entry>
  <entry>
    <id>tag:blogger.com,1999:blog-8002380.post-110796595350092886</id>
    <published>2005-02-09T17:15:00.000+01:00</published>
    <updated>2005-02-09T17:19:13.500+01:00</updated>
    <category scheme='http://schemas.google.com/g/2005#kind'
      term='http://schemas.google.com/blogger/2008/kind#post' />
    <title type='text'>The Turn of the Screw</title>
    <content type='html'>The Turn of the Screw, Henry James
      (third time)
      - This one's really topping my list. The reason I like it so much, though, is because Dr. Paul
      Beam of UWaterloo taught it to me twice in two separate courses, and revealed something I
      would never have caught on my own. There's something to be said for somebody telling you what
      a book is about.
      If you don't believe a book can straight-facedly tell you something that is an outright lie
      the whole time it is telling, then read this.</content>
    <link rel='edit' type='application/atom+xml'
      href='https://www.blogger.com/feeds/8002380/posts/default/110796595350092886' />
    <link rel='self' type='application/atom+xml'
      href='https://www.blogger.com/feeds/8002380/posts/default/110796595350092886' />
    <link rel='alternate' type='text/html'
      href='https://books.supertitle.org/2005/02/turn-of-screw.html' title='The Turn of the Screw' />
    <author>
      <name>martin</name>
      <uri>https://www.blogger.com/profile/09053983859177005529</uri>
      <email>noreply@blogger.com</email>
      <gd:image rel='http://schemas.google.com/g/2005#thumbnail' width='35' height='35'
        src='//www.blogger.com/img/blogger_logo_round_35.png' />
    </author>
  </entry>
  <entry>
    <id>tag:blogger.com,1999:blog-8002380.post-110796575081917125</id>
    <published>2005-02-09T17:12:00.000+01:00</published>
    <updated>2005-02-09T17:15:50.820+01:00</updated>
    <category scheme='http://schemas.google.com/g/2005#kind'
      term='http://schemas.google.com/blogger/2008/kind#post' />
    <title type='text'>The Life of Pi</title>
    <content type='html'>The Life of Pi, Yann Martel
      - This thing deserves that prize that it got. From the reaction I had upon finishing it, I
      thought it would stalk me much longer than it has. Yes, I probably reacted more violently to
      this than most other things I've read. I was depressed, even indignant.
      That's one thing.
      The second thing is that it's another one of those impossible-to-put-downers.
      Those two facts combined make it worth classic status in my book. It manages to do something
      I've never seen another text do.</content>
    <link rel='edit' type='application/atom+xml'
      href='https://www.blogger.com/feeds/8002380/posts/default/110796575081917125' />
    <link rel='self' type='application/atom+xml'
      href='https://www.blogger.com/feeds/8002380/posts/default/110796575081917125' />
    <link rel='alternate' type='text/html'
      href='https://books.supertitle.org/2005/02/life-of-pi.html' title='The Life of Pi' />
    <author>
      <name>martin</name>
      <uri>https://www.blogger.com/profile/09053983859177005529</uri>
      <email>noreply@blogger.com</email>
      <gd:image rel='http://schemas.google.com/g/2005#thumbnail' width='35' height='35'
        src='//www.blogger.com/img/blogger_logo_round_35.png' />
    </author>
  </entry>
  <entry>
    <id>tag:blogger.com,1999:blog-8002380.post-110796554246628486</id>
    <published>2005-02-09T17:09:00.000+01:00</published>
    <updated>2005-02-09T17:12:22.466+01:00</updated>
    <category scheme='http://schemas.google.com/g/2005#kind'
      term='http://schemas.google.com/blogger/2008/kind#post' />
    <title type='text'>The Aspern Papers</title>
    <content type='html'>The Aspern Papers, Henry James
      - For a long time, I've had this book, which accompanies "The Turn of the Screw" in the
      edition that I have, the latter which I have read I think three times and really, really like.
      The Aspern Papers is about as good as Turn of the Screw. Similar kind of naïve narrator to
      whom things are happening that he reveals without being aware. This is not a heavy book, but
      you need to be just slightly willing to "analyse" it to enjoy it.</content>
    <link rel='edit' type='application/atom+xml'
      href='https://www.blogger.com/feeds/8002380/posts/default/110796554246628486' />
    <link rel='self' type='application/atom+xml'
      href='https://www.blogger.com/feeds/8002380/posts/default/110796554246628486' />
    <link rel='alternate' type='text/html'
      href='https://books.supertitle.org/2005/02/aspern-papers.html' title='The Aspern Papers' />
    <author>
      <name>martin</name>
      <uri>https://www.blogger.com/profile/09053983859177005529</uri>
      <email>noreply@blogger.com</email>
      <gd:image rel='http://schemas.google.com/g/2005#thumbnail' width='35' height='35'
        src='//www.blogger.com/img/blogger_logo_round_35.png' />
    </author>
  </entry>
  <entry>
    <id>tag:blogger.com,1999:blog-8002380.post-110796473901139657</id>
    <published>2005-02-09T16:56:00.000+01:00</published>
    <updated>2005-02-09T16:58:59.010+01:00</updated>
    <category scheme='http://schemas.google.com/g/2005#kind'
      term='http://schemas.google.com/blogger/2008/kind#post' />
    <title type='text'>La Metamorphose</title>
    <content type='html'>La Metamorphose, Kafka
      - Once, hungover, I read half of this in English at a friend's house. This time I read it in
      French. Since I can't read German, I think it's reasonable to try to linguistically outflank
      it.
      There's not much that I need to say about La Metamorphose. It's as good as the rumours say. As
      soon as you pick it up you won't be able to put it down.</content>
    <link rel='edit' type='application/atom+xml'
      href='https://www.blogger.com/feeds/8002380/posts/default/110796473901139657' />
    <link rel='self' type='application/atom+xml'
      href='https://www.blogger.com/feeds/8002380/posts/default/110796473901139657' />
    <link rel='alternate' type='text/html'
      href='https://books.supertitle.org/2005/02/la-metamorphose.html' title='La Metamorphose' />
    <author>
      <name>martin</name>
      <uri>https://www.blogger.com/profile/09053983859177005529</uri>
      <email>noreply@blogger.com</email>
      <gd:image rel='http://schemas.google.com/g/2005#thumbnail' width='35' height='35'
        src='//www.blogger.com/img/blogger_logo_round_35.png' />
    </author>
  </entry>
  <entry>
    <id>tag:blogger.com,1999:blog-8002380.post-110796455980808721</id>
    <published>2005-02-09T16:50:00.000+01:00</published>
    <updated>2005-02-09T16:55:59.806+01:00</updated>
    <category scheme='http://schemas.google.com/g/2005#kind'
      term='http://schemas.google.com/blogger/2008/kind#post' />
    <title type='text'>Solaris</title>
    <content type='html'>Solaris, Stanislaw Lem
      - This is the second book I got in order to practice reading in Polish. Fucking incredible! I
      don't remember ever reading science fiction that is this grounded in humanity. I want to read
      it again and again... Why? Because of the extent and number of completely fictional
      discoveries, theories and hypotheses made about "The Ocean", and the unparalleled humility
      with which Lem, after offering up so much of his imagination, in a gesture completely
      uncharacteristic of the usually-boastful genre, says "I don't know what this means."
      Think of the imagination of Borges, but matured from an experiment into a story with a classic
      structure.</content>
    <link rel='edit' type='application/atom+xml'
      href='https://www.blogger.com/feeds/8002380/posts/default/110796455980808721' />
    <link rel='self' type='application/atom+xml'
      href='https://www.blogger.com/feeds/8002380/posts/default/110796455980808721' />
    <link rel='alternate' type='text/html' href='https://books.supertitle.org/2005/02/solaris.html'
      title='Solaris' />
    <author>
      <name>martin</name>
      <uri>https://www.blogger.com/profile/09053983859177005529</uri>
      <email>noreply@blogger.com</email>
      <gd:image rel='http://schemas.google.com/g/2005#thumbnail' width='35' height='35'
        src='//www.blogger.com/img/blogger_logo_round_35.png' />
    </author>
  </entry>
  <entry>
    <id>tag:blogger.com,1999:blog-8002380.post-110796533672904179</id>
    <published>2005-02-09T16:49:00.000+01:00</published>
    <updated>2005-02-09T17:08:56.730+01:00</updated>
    <category scheme='http://schemas.google.com/g/2005#kind'
      term='http://schemas.google.com/blogger/2008/kind#post' />
    <title type='text'>The Lady and the Monk</title>
    <content type='html'>The Lady and the Monk, Pico Iyer
      - This is pretty good, light reading of Pico's experience in Japan. Pretty much everything
      about somebody's experience in Japan is good, light reading.</content>
    <link rel='edit' type='application/atom+xml'
      href='https://www.blogger.com/feeds/8002380/posts/default/110796533672904179' />
    <link rel='self' type='application/atom+xml'
      href='https://www.blogger.com/feeds/8002380/posts/default/110796533672904179' />
    <link rel='alternate' type='text/html'
      href='https://books.supertitle.org/2005/02/lady-and-monk.html' title='The Lady and the Monk' />
    <author>
      <name>martin</name>
      <uri>https://www.blogger.com/profile/09053983859177005529</uri>
      <email>noreply@blogger.com</email>
      <gd:image rel='http://schemas.google.com/g/2005#thumbnail' width='35' height='35'
        src='//www.blogger.com/img/blogger_logo_round_35.png' />
    </author>
  </entry>
  <entry>
    <id>tag:blogger.com,1999:blog-8002380.post-110796424441345605</id>
    <published>2005-02-09T16:48:00.000+01:00</published>
    <updated>2005-02-09T16:50:44.413+01:00</updated>
    <category scheme='http://schemas.google.com/g/2005#kind'
      term='http://schemas.google.com/blogger/2008/kind#post' />
    <title type='text'>Kongres Futurologiczny</title>
    <content type='html'>Kongres Futurologiczny, Stanislaw Lem
      - This is the first of two books I got in order to practice reading in Polish. I found it
      disappointing. The story was lame, and the linguistic hypotheses are the sort of
      Orwelian-paranoia that I don't buy since reading Pinker. The only positive of the book were
      some imaginative visions of the future.</content>
    <link rel='edit' type='application/atom+xml'
      href='https://www.blogger.com/feeds/8002380/posts/default/110796424441345605' />
    <link rel='self' type='application/atom+xml'
      href='https://www.blogger.com/feeds/8002380/posts/default/110796424441345605' />
    <link rel='alternate' type='text/html'
      href='https://books.supertitle.org/2005/02/kongres-futurologiczny.html'
      title='Kongres Futurologiczny' />
    <author>
      <name>martin</name>
      <uri>https://www.blogger.com/profile/09053983859177005529</uri>
      <email>noreply@blogger.com</email>
      <gd:image rel='http://schemas.google.com/g/2005#thumbnail' width='35' height='35'
        src='//www.blogger.com/img/blogger_logo_round_35.png' />
    </author>
  </entry>
  <entry>
    <id>tag:blogger.com,1999:blog-8002380.post-110796407876631813</id>
    <published>2005-02-09T16:39:00.000+01:00</published>
    <updated>2005-02-09T16:47:58.766+01:00</updated>
    <category scheme='http://schemas.google.com/g/2005#kind'
      term='http://schemas.google.com/blogger/2008/kind#post' />
    <title type='text'>The Master and Margerita</title>
    <content type='html'>The Master and Margerita, Mikhail Bulgakhov
      - An intense fantasy. A good one. One where even Satan turns out sympathetic. A plot entangled
      in a history we've forgotten to remember. We are fearless after reading the end of this. And
      although the book is deep, I think the story doesn't put demands on you, and the reading is
      easy.</content>
    <link rel='edit' type='application/atom+xml'
      href='https://www.blogger.com/feeds/8002380/posts/default/110796407876631813' />
    <link rel='self' type='application/atom+xml'
      href='https://www.blogger.com/feeds/8002380/posts/default/110796407876631813' />
    <link rel='alternate' type='text/html'
      href='https://books.supertitle.org/2005/02/master-and-margerita.html'
      title='The Master and Margerita' />
    <author>
      <name>martin</name>
      <uri>https://www.blogger.com/profile/09053983859177005529</uri>
      <email>noreply@blogger.com</email>
      <gd:image rel='http://schemas.google.com/g/2005#thumbnail' width='35' height='35'
        src='//www.blogger.com/img/blogger_logo_round_35.png' />
    </author>
  </entry>
  <entry>
    <id>tag:blogger.com,1999:blog-8002380.post-110795537348424762</id>
    <published>2005-02-09T14:21:00.001+01:00</published>
    <updated>2009-08-06T11:23:29.439+02:00</updated>
    <category scheme='http://schemas.google.com/g/2005#kind'
      term='http://schemas.google.com/blogger/2008/kind#post' />
    <title type='text'>The Language Instinct</title>
    <content type='html'>The Language Instinct, Steven Pinker
      - Read this alongside my course in linguistics, and found it much more entertaining and much
      more rigorous than the stuff I was reading in my textbook. It is as engaging as a good novel,
      and the theories have really opened my eyes to a lot of stuff that happens in language.</content>
    <link rel='edit' type='application/atom+xml'
      href='https://www.blogger.com/feeds/8002380/posts/default/110795537348424762' />
    <link rel='self' type='application/atom+xml'
      href='https://www.blogger.com/feeds/8002380/posts/default/110795537348424762' />
    <link rel='alternate' type='text/html'
      href='https://books.supertitle.org/2005/02/language-instinct.html'
      title='The Language Instinct' />
    <author>
      <name>martin</name>
      <uri>https://www.blogger.com/profile/09053983859177005529</uri>
      <email>noreply@blogger.com</email>
      <gd:image rel='http://schemas.google.com/g/2005#thumbnail' width='35' height='35'
        src='//www.blogger.com/img/blogger_logo_round_35.png' />
    </author>
  </entry>
  <entry>
    <id>tag:blogger.com,1999:blog-8002380.post-110795528333340858</id>
    <published>2005-02-09T14:18:00.000+01:00</published>
    <updated>2005-02-09T14:21:23.333+01:00</updated>
    <category scheme='http://schemas.google.com/g/2005#kind'
      term='http://schemas.google.com/blogger/2008/kind#post' />
    <title type='text'>Cent Ans de Solitude</title>
    <content type='html'>Cent Ans de Solitude, Gabriel Garcìa Marquez
      - The "magical realism" is surprising yet somehow familiar. Incredibly, the story shifts from
      one tale to another without ever leaving you without landmarks. This just feels like the work
      of a master.</content>
    <link rel='edit' type='application/atom+xml'
      href='https://www.blogger.com/feeds/8002380/posts/default/110795528333340858' />
    <link rel='self' type='application/atom+xml'
      href='https://www.blogger.com/feeds/8002380/posts/default/110795528333340858' />
    <link rel='alternate' type='text/html'
      href='https://books.supertitle.org/2005/02/cent-ans-de-solitude.html'
      title='Cent Ans de Solitude' />
    <author>
      <name>martin</name>
      <uri>https://www.blogger.com/profile/09053983859177005529</uri>
      <email>noreply@blogger.com</email>
      <gd:image rel='http://schemas.google.com/g/2005#thumbnail' width='35' height='35'
        src='//www.blogger.com/img/blogger_logo_round_35.png' />
    </author>
  </entry>
  <entry>
    <id>tag:blogger.com,1999:blog-8002380.post-6041584736631116466</id>
    <published>2005-02-08T12:12:00.000+01:00</published>
    <updated>2010-11-18T12:15:17.318+01:00</updated>
    <category scheme='http://schemas.google.com/g/2005#kind'
      term='http://schemas.google.com/blogger/2008/kind#post' />
    <title type='text'>Into Thin Air</title>
    <content type='html'>
      <p>Into Thin Air, Jon Krakauer</p>
    </content>
    <link rel='edit' type='application/atom+xml'
      href='https://www.blogger.com/feeds/8002380/posts/default/6041584736631116466' />
    <link rel='self' type='application/atom+xml'
      href='https://www.blogger.com/feeds/8002380/posts/default/6041584736631116466' />
    <link rel='alternate' type='text/html'
      href='https://books.supertitle.org/2005/08/into-thin-air.html' title='Into Thin Air' />
    <author>
      <name>martin</name>
      <uri>https://www.blogger.com/profile/09053983859177005529</uri>
      <email>noreply@blogger.com</email>
      <gd:image rel='http://schemas.google.com/g/2005#thumbnail' width='35' height='35'
        src='//www.blogger.com/img/blogger_logo_round_35.png' />
    </author>
  </entry>
  <entry>
    <id>tag:blogger.com,1999:blog-8002380.post-110779873697764535</id>
    <published>2005-02-07T18:49:00.000+01:00</published>
    <updated>2005-02-07T18:52:36.816+01:00</updated>
    <category scheme='http://schemas.google.com/g/2005#kind'
      term='http://schemas.google.com/blogger/2008/kind#post' />
    <title type='text'>The Idiot</title>
    <content type='html'>The Idiot, Fyodor Dostoyevsky
      - I read this knowing that some critics maintain that Conrad could not have created Stevie in
      the Secret Agent without it. Dostoyevsky's idiot is so much more profound that Conrad's:
      Stevie is just a prop, really. The Idiot: wow, I don't know what to say. I can't say I liked
      the story a lot, but I'm struck, still branded with the characters and the scenes that play
      out between them. Supernatural.</content>
    <link rel='edit' type='application/atom+xml'
      href='https://www.blogger.com/feeds/8002380/posts/default/110779873697764535' />
    <link rel='self' type='application/atom+xml'
      href='https://www.blogger.com/feeds/8002380/posts/default/110779873697764535' />
    <link rel='alternate' type='text/html' href='https://books.supertitle.org/2005/02/idiot.html'
      title='The Idiot' />
    <author>
      <name>martin</name>
      <uri>https://www.blogger.com/profile/09053983859177005529</uri>
      <email>noreply@blogger.com</email>
      <gd:image rel='http://schemas.google.com/g/2005#thumbnail' width='35' height='35'
        src='//www.blogger.com/img/blogger_logo_round_35.png' />
    </author>
  </entry>
  <entry>
    <id>tag:blogger.com,1999:blog-8002380.post-110779856186222430</id>
    <published>2005-02-07T18:46:00.000+01:00</published>
    <updated>2005-02-07T18:49:21.863+01:00</updated>
    <category scheme='http://schemas.google.com/g/2005#kind'
      term='http://schemas.google.com/blogger/2008/kind#post' />
    <title type='text'>Tom Jones</title>
    <content type='html'>Tom Jones, Henry Fielding
      - I read this because Frye often calls it "the perfect novel". I read it expecting "the
      perfect novel", and indeed it is a perfectly-structured novel. You could probably take the
      plot and replace the characters to get almost any story out there.It is also often funny; the
      language is so hyperbolic. Colourful, too.
      Only problem is it's long as fuck.</content>
    <link rel='edit' type='application/atom+xml'
      href='https://www.blogger.com/feeds/8002380/posts/default/110779856186222430' />
    <link rel='self' type='application/atom+xml'
      href='https://www.blogger.com/feeds/8002380/posts/default/110779856186222430' />
    <link rel='alternate' type='text/html'
      href='https://books.supertitle.org/2005/02/tom-jones.html' title='Tom Jones' />
    <author>
      <name>martin</name>
      <uri>https://www.blogger.com/profile/09053983859177005529</uri>
      <email>noreply@blogger.com</email>
      <gd:image rel='http://schemas.google.com/g/2005#thumbnail' width='35' height='35'
        src='//www.blogger.com/img/blogger_logo_round_35.png' />
    </author>
  </entry>
  <entry>
    <id>tag:blogger.com,1999:blog-8002380.post-110804952130140280</id>
    <published>2005-02-07T16:23:00.000+01:00</published>
    <updated>2005-02-10T16:33:28.456+01:00</updated>
    <category scheme='http://schemas.google.com/g/2005#kind'
      term='http://schemas.google.com/blogger/2008/kind#post' />
    <title type='text'>Discovery of Heaven</title>
    <content type='html'>Discovery of Heaven, Harry Mulisch, tr. Paul Vincent
      - Definitely not what I expected. I expected them to discover Heaven!
      Actually, somebody does discover something in the end, but I'm not sure what this character is
      and what he discovers. There's a lot of very tantalising ideas in this book, and the
      characters are multi-faceted. The story is good, and although I found all the angel parts
      awkward and weak, I really like how the rest of the book continually moves between fantasy and
      realism, with much more weight on realism.</content>
    <link rel='edit' type='application/atom+xml'
      href='https://www.blogger.com/feeds/8002380/posts/default/110804952130140280' />
    <link rel='self' type='application/atom+xml'
      href='https://www.blogger.com/feeds/8002380/posts/default/110804952130140280' />
    <link rel='alternate' type='text/html'
      href='https://books.supertitle.org/2005/02/discovery-of-heaven.html'
      title='Discovery of Heaven' />
    <author>
      <name>martin</name>
      <uri>https://www.blogger.com/profile/09053983859177005529</uri>
      <email>noreply@blogger.com</email>
      <gd:image rel='http://schemas.google.com/g/2005#thumbnail' width='35' height='35'
        src='//www.blogger.com/img/blogger_logo_round_35.png' />
    </author>
  </entry>
  <entry>
    <id>tag:blogger.com,1999:blog-8002380.post-110779837368364788</id>
    <published>2005-02-07T14:31:00.000+01:00</published>
    <updated>2005-02-07T18:46:13.683+01:00</updated>
    <category scheme='http://schemas.google.com/g/2005#kind'
      term='http://schemas.google.com/blogger/2008/kind#post' />
    <title type='text'>Their Eyes Were Watching God</title>
    <content type='html'>Their Eyes Were Watching God, Zora Neale Hurston
      (second time)
      - The story is decent, although often lags. The end is pretty good; by that time you're really
      into the characters and suffer with them. But a lot of the significance is lost on me.</content>
    <link rel='edit' type='application/atom+xml'
      href='https://www.blogger.com/feeds/8002380/posts/default/110779837368364788' />
    <link rel='self' type='application/atom+xml'
      href='https://www.blogger.com/feeds/8002380/posts/default/110779837368364788' />
    <link rel='alternate' type='text/html'
      href='https://books.supertitle.org/2005/02/their-eyes-were-watching-god.html'
      title='Their Eyes Were Watching God' />
    <author>
      <name>martin</name>
      <uri>https://www.blogger.com/profile/09053983859177005529</uri>
      <email>noreply@blogger.com</email>
      <gd:image rel='http://schemas.google.com/g/2005#thumbnail' width='35' height='35'
        src='//www.blogger.com/img/blogger_logo_round_35.png' />
    </author>
  </entry>
  <entry>
    <id>tag:blogger.com,1999:blog-8002380.post-110778310843471275</id>
    <published>2005-02-07T14:30:00.000+01:00</published>
    <updated>2005-02-07T14:31:48.436+01:00</updated>
    <category scheme='http://schemas.google.com/g/2005#kind'
      term='http://schemas.google.com/blogger/2008/kind#post' />
    <title type='text'>Long Day's Journey into Night</title>
    <content type='html'>Long Day's Journey into Night, Eugene O'Neill
      (second time)
      - Convoluted and straightforward. Story is near-impossible (though somewhat rewarding) to
      unravel, but characters just sound like they're shouting the same thing over and over again.
      Takes an effort to appreciate, and not sure it's worth it.</content>
    <link rel='edit' type='application/atom+xml'
      href='https://www.blogger.com/feeds/8002380/posts/default/110778310843471275' />
    <link rel='self' type='application/atom+xml'
      href='https://www.blogger.com/feeds/8002380/posts/default/110778310843471275' />
    <link rel='alternate' type='text/html'
      href='https://books.supertitle.org/2005/02/long-days-journey-into-night.html'
      title='Long Day&apos;s Journey into Night' />
    <author>
      <name>martin</name>
      <uri>https://www.blogger.com/profile/09053983859177005529</uri>
      <email>noreply@blogger.com</email>
      <gd:image rel='http://schemas.google.com/g/2005#thumbnail' width='35' height='35'
        src='//www.blogger.com/img/blogger_logo_round_35.png' />
    </author>
  </entry>
  <entry>
    <id>tag:blogger.com,1999:blog-8002380.post-110778301223058329</id>
    <published>2005-02-07T14:27:00.000+01:00</published>
    <updated>2005-02-07T14:30:12.230+01:00</updated>
    <category scheme='http://schemas.google.com/g/2005#kind'
      term='http://schemas.google.com/blogger/2008/kind#post' />
    <title type='text'>The Grapes of Wrath</title>
    <content type='html'>The Grapes of Wrath, John Steinbeck
      - Loved it while reading it: extremely well-told; both colourful and profound, moving,
      meaningful, beyond its boundaries. I was disappointed to hear a lecture on it describing it as
      rather propagandist and shallow. I would read it again, although I will probably do it with a
      subtly bitter taste in my mouth.</content>
    <link rel='edit' type='application/atom+xml'
      href='https://www.blogger.com/feeds/8002380/posts/default/110778301223058329' />
    <link rel='self' type='application/atom+xml'
      href='https://www.blogger.com/feeds/8002380/posts/default/110778301223058329' />
    <link rel='alternate' type='text/html'
      href='https://books.supertitle.org/2005/02/grapes-of-wrath.html' title='The Grapes of Wrath' />
    <author>
      <name>martin</name>
      <uri>https://www.blogger.com/profile/09053983859177005529</uri>
      <email>noreply@blogger.com</email>
      <gd:image rel='http://schemas.google.com/g/2005#thumbnail' width='35' height='35'
        src='//www.blogger.com/img/blogger_logo_round_35.png' />
    </author>
  </entry>
  <entry>
    <id>tag:blogger.com,1999:blog-8002380.post-110778287046754044</id>
    <published>2005-02-07T14:26:00.000+01:00</published>
    <updated>2005-02-07T14:27:50.466+01:00</updated>
    <category scheme='http://schemas.google.com/g/2005#kind'
      term='http://schemas.google.com/blogger/2008/kind#post' />
    <title type='text'>The Age of Innocence</title>
    <content type='html'>The Age of Innocence, Edit Wharton
      - an American novel mocking pompous folk. Unfortunately, I found the novel itself somewhat
      pompous, or too ladylike.</content>
    <link rel='edit' type='application/atom+xml'
      href='https://www.blogger.com/feeds/8002380/posts/default/110778287046754044' />
    <link rel='self' type='application/atom+xml'
      href='https://www.blogger.com/feeds/8002380/posts/default/110778287046754044' />
    <link rel='alternate' type='text/html'
      href='https://books.supertitle.org/2005/02/age-of-innocence.html' title='The Age of Innocence' />
    <author>
      <name>martin</name>
      <uri>https://www.blogger.com/profile/09053983859177005529</uri>
      <email>noreply@blogger.com</email>
      <gd:image rel='http://schemas.google.com/g/2005#thumbnail' width='35' height='35'
        src='//www.blogger.com/img/blogger_logo_round_35.png' />
    </author>
  </entry>
  <entry>
    <id>tag:blogger.com,1999:blog-8002380.post-110778279314680369</id>
    <published>2005-02-07T14:25:00.000+01:00</published>
    <updated>2005-02-07T14:26:33.146+01:00</updated>
    <category scheme='http://schemas.google.com/g/2005#kind'
      term='http://schemas.google.com/blogger/2008/kind#post' />
    <title type='text'>In Our Time</title>
    <content type='html'>In Our Time, Ernest Hemingway
      - bleak, disconnected. This is apparently intentional, and, yes, there are some powerful
      scenes if one looks at the very closely, like when he's fishing at the end. But difficult to
      enjoy as a whole.</content>
    <link rel='edit' type='application/atom+xml'
      href='https://www.blogger.com/feeds/8002380/posts/default/110778279314680369' />
    <link rel='self' type='application/atom+xml'
      href='https://www.blogger.com/feeds/8002380/posts/default/110778279314680369' />
    <link rel='alternate' type='text/html'
      href='https://books.supertitle.org/2005/02/in-our-time.html' title='In Our Time' />
    <author>
      <name>martin</name>
      <uri>https://www.blogger.com/profile/09053983859177005529</uri>
      <email>noreply@blogger.com</email>
      <gd:image rel='http://schemas.google.com/g/2005#thumbnail' width='35' height='35'
        src='//www.blogger.com/img/blogger_logo_round_35.png' />
    </author>
  </entry>
  <entry>
    <id>tag:blogger.com,1999:blog-8002380.post-110778271173645440</id>
    <published>2005-02-07T14:23:00.000+01:00</published>
    <updated>2005-02-07T14:25:11.736+01:00</updated>
    <category scheme='http://schemas.google.com/g/2005#kind'
      term='http://schemas.google.com/blogger/2008/kind#post' />
    <title type='text'>Les Rois Maudits 6: Le Lis et Le Lion</title>
    <content type='html'>Les Rois Maudits 6: Le Lis et Le Lion, Maurice Druon
      - It's at this point that the story must fall prey to history; by the time the real events
      play out, we have lost a lot of motivation to follow the narrative.
      There is one more book after this in the series, but I could not get into it.</content>
    <link rel='edit' type='application/atom+xml'
      href='https://www.blogger.com/feeds/8002380/posts/default/110778271173645440' />
    <link rel='self' type='application/atom+xml'
      href='https://www.blogger.com/feeds/8002380/posts/default/110778271173645440' />
    <link rel='alternate' type='text/html'
      href='https://books.supertitle.org/2005/02/les-rois-maudits-6-le-lis-et-le-lion.html'
      title='Les Rois Maudits 6: Le Lis et Le Lion' />
    <author>
      <name>martin</name>
      <uri>https://www.blogger.com/profile/09053983859177005529</uri>
      <email>noreply@blogger.com</email>
      <gd:image rel='http://schemas.google.com/g/2005#thumbnail' width='35' height='35'
        src='//www.blogger.com/img/blogger_logo_round_35.png' />
    </author>
  </entry>
  <entry>
    <id>tag:blogger.com,1999:blog-8002380.post-110778255828097706</id>
    <published>2005-02-07T14:21:00.000+01:00</published>
    <updated>2005-02-07T14:23:49.973+01:00</updated>
    <category scheme='http://schemas.google.com/g/2005#kind'
      term='http://schemas.google.com/blogger/2008/kind#post' />
    <title type='text'>Les Rois Maudits 5: La Louve de France</title>
    <content type='html'>Les Rois Maudits: La Louve de France, Maurice Druon
      - It's at this point in the series that it becomes difficult to swallow how often we are asked
      to switch sympathies between the main characters. There are few solid pillars left from the
      beginning of the story on which we can keep solid footing.
      But it's saved by the electric adulterous romance.</content>
    <link rel='edit' type='application/atom+xml'
      href='https://www.blogger.com/feeds/8002380/posts/default/110778255828097706' />
    <link rel='self' type='application/atom+xml'
      href='https://www.blogger.com/feeds/8002380/posts/default/110778255828097706' />
    <link rel='alternate' type='text/html'
      href='https://books.supertitle.org/2005/02/les-rois-maudits-5-la-louve-de-france.html'
      title='Les Rois Maudits 5: La Louve de France' />
    <author>
      <name>martin</name>
      <uri>https://www.blogger.com/profile/09053983859177005529</uri>
      <email>noreply@blogger.com</email>
      <gd:image rel='http://schemas.google.com/g/2005#thumbnail' width='35' height='35'
        src='//www.blogger.com/img/blogger_logo_round_35.png' />
    </author>
  </entry>
  <entry>
    <id>tag:blogger.com,1999:blog-8002380.post-110778241581763246</id>
    <published>2005-02-07T14:18:00.000+01:00</published>
    <updated>2005-02-07T14:20:15.816+01:00</updated>
    <category scheme='http://schemas.google.com/g/2005#kind'
      term='http://schemas.google.com/blogger/2008/kind#post' />
    <title type='text'>Les Rois Maudits 4: La Loi des Mâles</title>
    <content type='html'>Les Rois Maudits 4: La Loi des Mâles, Maurice Druon
      - exciting, tantalising, fast-paced; good reading</content>
    <link rel='edit' type='application/atom+xml'
      href='https://www.blogger.com/feeds/8002380/posts/default/110778241581763246' />
    <link rel='self' type='application/atom+xml'
      href='https://www.blogger.com/feeds/8002380/posts/default/110778241581763246' />
    <link rel='alternate' type='text/html'
      href='https://books.supertitle.org/2005/02/les-rois-maudits-4-la-loi-des-mles.html'
      title='Les Rois Maudits 4: La Loi des Mâles' />
    <author>
      <name>martin</name>
      <uri>https://www.blogger.com/profile/09053983859177005529</uri>
      <email>noreply@blogger.com</email>
      <gd:image rel='http://schemas.google.com/g/2005#thumbnail' width='35' height='35'
        src='//www.blogger.com/img/blogger_logo_round_35.png' />
    </author>
  </entry>
  <entry>
    <id>tag:blogger.com,1999:blog-8002380.post-110778233476827217</id>
    <published>2005-02-07T14:16:00.000+01:00</published>
    <updated>2005-02-07T14:18:54.766+01:00</updated>
    <category scheme='http://schemas.google.com/g/2005#kind'
      term='http://schemas.google.com/blogger/2008/kind#post' />
    <title type='text'>La Symphonie Pastorale</title>
    <content type='html'>La Symphonie Pastorale, André Gide
      - I loved Les Faux Monnayeurs. Here, Gide again explicitly uses a textbook "technique" to tell
      a story that the narrator is not even aware is unfolding. Makes you shudder in how simply you
      get something so deep; narrator is naïve like Remains of the Day.</content>
    <link rel='edit' type='application/atom+xml'
      href='https://www.blogger.com/feeds/8002380/posts/default/110778233476827217' />
    <link rel='self' type='application/atom+xml'
      href='https://www.blogger.com/feeds/8002380/posts/default/110778233476827217' />
    <link rel='alternate' type='text/html'
      href='https://books.supertitle.org/2005/02/la-symphonie-pastorale.html'
      title='La Symphonie Pastorale' />
    <author>
      <name>martin</name>
      <uri>https://www.blogger.com/profile/09053983859177005529</uri>
      <email>noreply@blogger.com</email>
      <gd:image rel='http://schemas.google.com/g/2005#thumbnail' width='35' height='35'
        src='//www.blogger.com/img/blogger_logo_round_35.png' />
    </author>
  </entry>
  <entry>
    <id>tag:blogger.com,1999:blog-8002380.post-110778219621112560</id>
    <published>2005-02-07T14:15:00.000+01:00</published>
    <updated>2005-02-07T14:16:36.210+01:00</updated>
    <category scheme='http://schemas.google.com/g/2005#kind'
      term='http://schemas.google.com/blogger/2008/kind#post' />
    <title type='text'>Les Rois Maudits 3: Poisons de la Couronne</title>
    <content type='html'>Les Rois Maudits 3: Poisons de la Couronne, Maurice Druon
      - engaging, fast-paced story; one learns a little history to boot</content>
    <link rel='edit' type='application/atom+xml'
      href='https://www.blogger.com/feeds/8002380/posts/default/110778219621112560' />
    <link rel='self' type='application/atom+xml'
      href='https://www.blogger.com/feeds/8002380/posts/default/110778219621112560' />
    <link rel='alternate' type='text/html'
      href='https://books.supertitle.org/2005/02/les-rois-maudits-3-poisons-de-la.html'
      title='Les Rois Maudits 3: Poisons de la Couronne' />
    <author>
      <name>martin</name>
      <uri>https://www.blogger.com/profile/09053983859177005529</uri>
      <email>noreply@blogger.com</email>
      <gd:image rel='http://schemas.google.com/g/2005#thumbnail' width='35' height='35'
        src='//www.blogger.com/img/blogger_logo_round_35.png' />
    </author>
  </entry>
  <entry>
    <id>tag:blogger.com,1999:blog-8002380.post-110778211053559035</id>
    <published>2005-02-07T14:13:00.001+01:00</published>
    <updated>2005-02-07T14:15:10.536+01:00</updated>
    <category scheme='http://schemas.google.com/g/2005#kind'
      term='http://schemas.google.com/blogger/2008/kind#post' />
    <title type='text'>Love and Longing in Bombay</title>
    <content type='html'>Love and Longing in Bombay, Vikram Chandra
      - non-closured and haunting</content>
    <link rel='edit' type='application/atom+xml'
      href='https://www.blogger.com/feeds/8002380/posts/default/110778211053559035' />
    <link rel='self' type='application/atom+xml'
      href='https://www.blogger.com/feeds/8002380/posts/default/110778211053559035' />
    <link rel='alternate' type='text/html'
      href='https://books.supertitle.org/2005/02/love-and-longing-in-bombay.html'
      title='Love and Longing in Bombay' />
    <author>
      <name>martin</name>
      <uri>https://www.blogger.com/profile/09053983859177005529</uri>
      <email>noreply@blogger.com</email>
      <gd:image rel='http://schemas.google.com/g/2005#thumbnail' width='35' height='35'
        src='//www.blogger.com/img/blogger_logo_round_35.png' />
    </author>
  </entry>
  <entry>
    <id>tag:blogger.com,1999:blog-8002380.post-110778203034498417</id>
    <published>2005-02-07T14:13:00.000+01:00</published>
    <updated>2005-02-07T14:13:50.343+01:00</updated>
    <category scheme='http://schemas.google.com/g/2005#kind'
      term='http://schemas.google.com/blogger/2008/kind#post' />
    <title type='text'>Les Rois Maudits 2: La Reine Etranglée</title>
    <content type='html'>Les Rois Maudits 2: La Reine Etranglée, Maurice Druon</content>
    <link rel='edit' type='application/atom+xml'
      href='https://www.blogger.com/feeds/8002380/posts/default/110778203034498417' />
    <link rel='self' type='application/atom+xml'
      href='https://www.blogger.com/feeds/8002380/posts/default/110778203034498417' />
    <link rel='alternate' type='text/html'
      href='https://books.supertitle.org/2005/02/les-rois-maudits-2-la-reine-etrangle.html'
      title='Les Rois Maudits 2: La Reine Etranglée' />
    <author>
      <name>martin</name>
      <uri>https://www.blogger.com/profile/09053983859177005529</uri>
      <email>noreply@blogger.com</email>
      <gd:image rel='http://schemas.google.com/g/2005#thumbnail' width='35' height='35'
        src='//www.blogger.com/img/blogger_logo_round_35.png' />
    </author>
  </entry>
  <entry>
    <id>tag:blogger.com,1999:blog-8002380.post-110778199668869943</id>
    <published>2005-02-07T14:12:00.000+01:00</published>
    <updated>2005-02-07T14:13:16.686+01:00</updated>
    <category scheme='http://schemas.google.com/g/2005#kind'
      term='http://schemas.google.com/blogger/2008/kind#post' />
    <title type='text'>Les Confessions I - IV</title>
    <content type='html'>Les Confessions I - IV, J-J. Rousseau</content>
    <link rel='edit' type='application/atom+xml'
      href='https://www.blogger.com/feeds/8002380/posts/default/110778199668869943' />
    <link rel='self' type='application/atom+xml'
      href='https://www.blogger.com/feeds/8002380/posts/default/110778199668869943' />
    <link rel='alternate' type='text/html'
      href='https://books.supertitle.org/2005/02/les-confessions-i-iv.html'
      title='Les Confessions I - IV' />
    <author>
      <name>martin</name>
      <uri>https://www.blogger.com/profile/09053983859177005529</uri>
      <email>noreply@blogger.com</email>
      <gd:image rel='http://schemas.google.com/g/2005#thumbnail' width='35' height='35'
        src='//www.blogger.com/img/blogger_logo_round_35.png' />
    </author>
  </entry>
  <entry>
    <id>tag:blogger.com,1999:blog-8002380.post-110778196495691402</id>
    <published>2005-02-07T14:11:00.000+01:00</published>
    <updated>2005-02-07T14:12:44.956+01:00</updated>
    <category scheme='http://schemas.google.com/g/2005#kind'
      term='http://schemas.google.com/blogger/2008/kind#post' />
    <title type='text'>Poetry: T.S. Eliot</title>
    <content type='html'>From T.S. Eliot - Selected Poetry</content>
    <link rel='edit' type='application/atom+xml'
      href='https://www.blogger.com/feeds/8002380/posts/default/110778196495691402' />
    <link rel='self' type='application/atom+xml'
      href='https://www.blogger.com/feeds/8002380/posts/default/110778196495691402' />
    <link rel='alternate' type='text/html'
      href='https://books.supertitle.org/2005/02/poetry-ts-eliot.html' title='Poetry: T.S. Eliot' />
    <author>
      <name>martin</name>
      <uri>https://www.blogger.com/profile/09053983859177005529</uri>
      <email>noreply@blogger.com</email>
      <gd:image rel='http://schemas.google.com/g/2005#thumbnail' width='35' height='35'
        src='//www.blogger.com/img/blogger_logo_round_35.png' />
    </author>
  </entry>
  <entry>
    <id>tag:blogger.com,1999:blog-8002380.post-110778190971299742</id>
    <published>2005-02-07T14:08:00.000+01:00</published>
    <updated>2005-02-07T14:11:49.713+01:00</updated>
    <category scheme='http://schemas.google.com/g/2005#kind'
      term='http://schemas.google.com/blogger/2008/kind#post' />
    <title type='text'>Stories by Katherine Mansfield</title>
    <content type='html'>At the Bay
      The Garden Party
      The Daughters of the Late Colonel</content>
    <link rel='edit' type='application/atom+xml'
      href='https://www.blogger.com/feeds/8002380/posts/default/110778190971299742' />
    <link rel='self' type='application/atom+xml'
      href='https://www.blogger.com/feeds/8002380/posts/default/110778190971299742' />
    <link rel='alternate' type='text/html'
      href='https://books.supertitle.org/2005/02/stories-by-katherine-mansfield.html'
      title='Stories by Katherine Mansfield' />
    <author>
      <name>martin</name>
      <uri>https://www.blogger.com/profile/09053983859177005529</uri>
      <email>noreply@blogger.com</email>
      <gd:image rel='http://schemas.google.com/g/2005#thumbnail' width='35' height='35'
        src='//www.blogger.com/img/blogger_logo_round_35.png' />
    </author>
  </entry>
  <entry>
    <id>tag:blogger.com,1999:blog-8002380.post-110778171149303863</id>
    <published>2005-02-07T14:07:00.000+01:00</published>
    <updated>2005-02-07T14:08:31.493+01:00</updated>
    <category scheme='http://schemas.google.com/g/2005#kind'
      term='http://schemas.google.com/blogger/2008/kind#post' />
    <title type='text'>Women in Love</title>
    <content type='html'>Women in Love, D.H. Lawrence
      (second time)</content>
    <link rel='edit' type='application/atom+xml'
      href='https://www.blogger.com/feeds/8002380/posts/default/110778171149303863' />
    <link rel='self' type='application/atom+xml'
      href='https://www.blogger.com/feeds/8002380/posts/default/110778171149303863' />
    <link rel='alternate' type='text/html'
      href='https://books.supertitle.org/2005/02/women-in-love.html' title='Women in Love' />
    <author>
      <name>martin</name>
      <uri>https://www.blogger.com/profile/09053983859177005529</uri>
      <email>noreply@blogger.com</email>
      <gd:image rel='http://schemas.google.com/g/2005#thumbnail' width='35' height='35'
        src='//www.blogger.com/img/blogger_logo_round_35.png' />
    </author>
  </entry>
  <entry>
    <id>tag:blogger.com,1999:blog-8002380.post-110778167451579642</id>
    <published>2005-02-07T14:06:00.000+01:00</published>
    <updated>2005-02-07T14:07:54.516+01:00</updated>
    <category scheme='http://schemas.google.com/g/2005#kind'
      term='http://schemas.google.com/blogger/2008/kind#post' />
    <title type='text'>Ulysses</title>
    <content type='html'>Ulysses, James Joyce
      (second time)</content>
    <link rel='edit' type='application/atom+xml'
      href='https://www.blogger.com/feeds/8002380/posts/default/110778167451579642' />
    <link rel='self' type='application/atom+xml'
      href='https://www.blogger.com/feeds/8002380/posts/default/110778167451579642' />
    <link rel='alternate' type='text/html' href='https://books.supertitle.org/2005/02/ulysses.html'
      title='Ulysses' />
    <author>
      <name>martin</name>
      <uri>https://www.blogger.com/profile/09053983859177005529</uri>
      <email>noreply@blogger.com</email>
      <gd:image rel='http://schemas.google.com/g/2005#thumbnail' width='35' height='35'
        src='//www.blogger.com/img/blogger_logo_round_35.png' />
    </author>
  </entry>
  <entry>
    <id>tag:blogger.com,1999:blog-8002380.post-110778156341902298</id>
    <published>2005-02-07T14:05:00.000+01:00</published>
    <updated>2005-02-07T14:06:03.420+01:00</updated>
    <category scheme='http://schemas.google.com/g/2005#kind'
      term='http://schemas.google.com/blogger/2008/kind#post' />
    <title type='text'>Lord of the Flies</title>
    <content type='html'>Lord of the Flies, William Golding</content>
    <link rel='edit' type='application/atom+xml'
      href='https://www.blogger.com/feeds/8002380/posts/default/110778156341902298' />
    <link rel='self' type='application/atom+xml'
      href='https://www.blogger.com/feeds/8002380/posts/default/110778156341902298' />
    <link rel='alternate' type='text/html'
      href='https://books.supertitle.org/2005/02/lord-of-flies.html' title='Lord of the Flies' />
    <author>
      <name>martin</name>
      <uri>https://www.blogger.com/profile/09053983859177005529</uri>
      <email>noreply@blogger.com</email>
      <gd:image rel='http://schemas.google.com/g/2005#thumbnail' width='35' height='35'
        src='//www.blogger.com/img/blogger_logo_round_35.png' />
    </author>
  </entry>
  <entry>
    <id>tag:blogger.com,1999:blog-8002380.post-110778153894145718</id>
    <published>2005-02-07T14:04:00.000+01:00</published>
    <updated>2005-02-07T14:05:38.940+01:00</updated>
    <category scheme='http://schemas.google.com/g/2005#kind'
      term='http://schemas.google.com/blogger/2008/kind#post' />
    <title type='text'>Journal d'un Ti-Mé</title>
    <content type='html'>Journal d'un Ti-Mé, Claude Meunier</content>
    <link rel='edit' type='application/atom+xml'
      href='https://www.blogger.com/feeds/8002380/posts/default/110778153894145718' />
    <link rel='self' type='application/atom+xml'
      href='https://www.blogger.com/feeds/8002380/posts/default/110778153894145718' />
    <link rel='alternate' type='text/html'
      href='https://books.supertitle.org/2005/02/journal-dun-ti-m.html'
      title='Journal d&apos;un Ti-Mé' />
    <author>
      <name>martin</name>
      <uri>https://www.blogger.com/profile/09053983859177005529</uri>
      <email>noreply@blogger.com</email>
      <gd:image rel='http://schemas.google.com/g/2005#thumbnail' width='35' height='35'
        src='//www.blogger.com/img/blogger_logo_round_35.png' />
    </author>
  </entry>
  <entry>
    <id>tag:blogger.com,1999:blog-8002380.post-109836743544990941</id>
    <published>2004-10-21T16:03:00.001+02:00</published>
    <updated>2004-10-21T16:03:55.450+02:00</updated>
    <category scheme='http://schemas.google.com/g/2005#kind'
      term='http://schemas.google.com/blogger/2008/kind#post' />
    <title type='text'>Les Rois Maudits 1: Le Roi de Fer</title>
    <content type='html'>Les Rois Maudits 1: Le Roi de Fer, Maurice Druon</content>
    <link rel='edit' type='application/atom+xml'
      href='https://www.blogger.com/feeds/8002380/posts/default/109836743544990941' />
    <link rel='self' type='application/atom+xml'
      href='https://www.blogger.com/feeds/8002380/posts/default/109836743544990941' />
    <link rel='alternate' type='text/html'
      href='https://books.supertitle.org/2004/10/les-rois-maudits-1-le-roi-de-fer.html'
      title='Les Rois Maudits 1: Le Roi de Fer' />
    <author>
      <name>martin</name>
      <uri>https://www.blogger.com/profile/09053983859177005529</uri>
      <email>noreply@blogger.com</email>
      <gd:image rel='http://schemas.google.com/g/2005#thumbnail' width='35' height='35'
        src='//www.blogger.com/img/blogger_logo_round_35.png' />
    </author>
  </entry>
  <entry>
    <id>tag:blogger.com,1999:blog-8002380.post-109836740505447027</id>
    <published>2004-10-21T16:03:00.000+02:00</published>
    <updated>2004-10-21T16:03:25.053+02:00</updated>
    <category scheme='http://schemas.google.com/g/2005#kind'
      term='http://schemas.google.com/blogger/2008/kind#post' />
    <title type='text'>L'Abyssin</title>
    <content type='html'>L'Abyssin, Jean-Christophe Rufin</content>
    <link rel='edit' type='application/atom+xml'
      href='https://www.blogger.com/feeds/8002380/posts/default/109836740505447027' />
    <link rel='self' type='application/atom+xml'
      href='https://www.blogger.com/feeds/8002380/posts/default/109836740505447027' />
    <link rel='alternate' type='text/html' href='https://books.supertitle.org/2004/10/labyssin.html'
      title='L&apos;Abyssin' />
    <author>
      <name>martin</name>
      <uri>https://www.blogger.com/profile/09053983859177005529</uri>
      <email>noreply@blogger.com</email>
      <gd:image rel='http://schemas.google.com/g/2005#thumbnail' width='35' height='35'
        src='//www.blogger.com/img/blogger_logo_round_35.png' />
    </author>
  </entry>
  <entry>
    <id>tag:blogger.com,1999:blog-8002380.post-109836737744933490</id>
    <published>2004-10-21T16:02:00.000+02:00</published>
    <updated>2004-10-21T16:02:57.450+02:00</updated>
    <category scheme='http://schemas.google.com/g/2005#kind'
      term='http://schemas.google.com/blogger/2008/kind#post' />
    <title type='text'>The Honourable Schoolboy</title>
    <content type='html'>The Honourable Schoolboy, John Le Carr&amp;eacute;</content>
    <link rel='edit' type='application/atom+xml'
      href='https://www.blogger.com/feeds/8002380/posts/default/109836737744933490' />
    <link rel='self' type='application/atom+xml'
      href='https://www.blogger.com/feeds/8002380/posts/default/109836737744933490' />
    <link rel='alternate' type='text/html'
      href='https://books.supertitle.org/2004/10/honourable-schoolboy.html'
      title='The Honourable Schoolboy' />
    <author>
      <name>martin</name>
      <uri>https://www.blogger.com/profile/09053983859177005529</uri>
      <email>noreply@blogger.com</email>
      <gd:image rel='http://schemas.google.com/g/2005#thumbnail' width='35' height='35'
        src='//www.blogger.com/img/blogger_logo_round_35.png' />
    </author>
  </entry>
  <entry>
    <id>tag:blogger.com,1999:blog-8002380.post-109836690155532822</id>
    <published>2004-10-21T15:59:00.000+02:00</published>
    <updated>2004-10-21T15:59:29.036+02:00</updated>
    <category scheme='http://schemas.google.com/g/2005#kind'
      term='http://schemas.google.com/blogger/2008/kind#post' />
    <title type='text'>The Spire</title>
    <content type='html'>The Spire, William Golding
      (f. good)</content>
    <link rel='edit' type='application/atom+xml'
      href='https://www.blogger.com/feeds/8002380/posts/default/109836690155532822' />
    <link rel='self' type='application/atom+xml'
      href='https://www.blogger.com/feeds/8002380/posts/default/109836690155532822' />
    <link rel='alternate' type='text/html' href='https://books.supertitle.org/2004/10/spire.html'
      title='The Spire' />
    <author>
      <name>martin</name>
      <uri>https://www.blogger.com/profile/09053983859177005529</uri>
      <email>noreply@blogger.com</email>
      <gd:image rel='http://schemas.google.com/g/2005#thumbnail' width='35' height='35'
        src='//www.blogger.com/img/blogger_logo_round_35.png' />
    </author>
  </entry>
  <entry>
    <id>tag:blogger.com,1999:blog-8002380.post-109836695043326172</id>
    <published>2004-10-21T15:55:00.001+02:00</published>
    <updated>2004-10-21T15:55:50.436+02:00</updated>
    <category scheme='http://schemas.google.com/g/2005#kind'
      term='http://schemas.google.com/blogger/2008/kind#post' />
    <title type='text'>The Inheritors</title>
    <content type='html'>The Inheritors, William Golding
      (f. good)</content>
    <link rel='edit' type='application/atom+xml'
      href='https://www.blogger.com/feeds/8002380/posts/default/109836695043326172' />
    <link rel='self' type='application/atom+xml'
      href='https://www.blogger.com/feeds/8002380/posts/default/109836695043326172' />
    <link rel='alternate' type='text/html'
      href='https://books.supertitle.org/2004/10/inheritors.html' title='The Inheritors' />
    <author>
      <name>martin</name>
      <uri>https://www.blogger.com/profile/09053983859177005529</uri>
      <email>noreply@blogger.com</email>
      <gd:image rel='http://schemas.google.com/g/2005#thumbnail' width='35' height='35'
        src='//www.blogger.com/img/blogger_logo_round_35.png' />
    </author>
  </entry>
  <entry>
    <id>tag:blogger.com,1999:blog-8002380.post-109836692231727012</id>
    <published>2004-10-21T15:55:00.000+02:00</published>
    <updated>2004-10-21T15:55:22.346+02:00</updated>
    <category scheme='http://schemas.google.com/g/2005#kind'
      term='http://schemas.google.com/blogger/2008/kind#post' />
    <title type='text'>Heart of Darkness</title>
    <content type='html'>Heart of Darkness, Joseph Conrad</content>
    <link rel='edit' type='application/atom+xml'
      href='https://www.blogger.com/feeds/8002380/posts/default/109836692231727012' />
    <link rel='self' type='application/atom+xml'
      href='https://www.blogger.com/feeds/8002380/posts/default/109836692231727012' />
    <link rel='alternate' type='text/html'
      href='https://books.supertitle.org/2004/10/heart-of-darkness.html' title='Heart of Darkness' />
    <author>
      <name>martin</name>
      <uri>https://www.blogger.com/profile/09053983859177005529</uri>
      <email>noreply@blogger.com</email>
      <gd:image rel='http://schemas.google.com/g/2005#thumbnail' width='35' height='35'
        src='//www.blogger.com/img/blogger_logo_round_35.png' />
    </author>
  </entry>
  <entry>
    <id>tag:blogger.com,1999:blog-8002380.post-109836687449652572</id>
    <published>2004-10-21T15:54:00.000+02:00</published>
    <updated>2004-10-21T15:54:34.496+02:00</updated>
    <category scheme='http://schemas.google.com/g/2005#kind'
      term='http://schemas.google.com/blogger/2008/kind#post' />
    <title type='text'>Poetry: W. B. Yeats</title>
    <content type='html'>A bunch of poems by William B. Yeats</content>
    <link rel='edit' type='application/atom+xml'
      href='https://www.blogger.com/feeds/8002380/posts/default/109836687449652572' />
    <link rel='self' type='application/atom+xml'
      href='https://www.blogger.com/feeds/8002380/posts/default/109836687449652572' />
    <link rel='alternate' type='text/html'
      href='https://books.supertitle.org/2004/10/poetry-w-b-yeats.html' title='Poetry: W. B. Yeats' />
    <author>
      <name>martin</name>
      <uri>https://www.blogger.com/profile/09053983859177005529</uri>
      <email>noreply@blogger.com</email>
      <gd:image rel='http://schemas.google.com/g/2005#thumbnail' width='35' height='35'
        src='//www.blogger.com/img/blogger_logo_round_35.png' />
    </author>
  </entry>
  <entry>
    <id>tag:blogger.com,1999:blog-8002380.post-109836684670702000</id>
    <published>2004-10-21T15:53:00.000+02:00</published>
    <updated>2004-10-21T15:54:06.706+02:00</updated>
    <category scheme='http://schemas.google.com/g/2005#kind'
      term='http://schemas.google.com/blogger/2008/kind#post' />
    <title type='text'>20 000 Lieues Sous Les Mers</title>
    <content type='html'>20 000 Lieues Sous Les Mers, Jules Verne</content>
    <link rel='edit' type='application/atom+xml'
      href='https://www.blogger.com/feeds/8002380/posts/default/109836684670702000' />
    <link rel='self' type='application/atom+xml'
      href='https://www.blogger.com/feeds/8002380/posts/default/109836684670702000' />
    <link rel='alternate' type='text/html'
      href='https://books.supertitle.org/2004/10/20-000-lieues-sous-les-mers.html'
      title='20 000 Lieues Sous Les Mers' />
    <author>
      <name>martin</name>
      <uri>https://www.blogger.com/profile/09053983859177005529</uri>
      <email>noreply@blogger.com</email>
      <gd:image rel='http://schemas.google.com/g/2005#thumbnail' width='35' height='35'
        src='//www.blogger.com/img/blogger_logo_round_35.png' />
    </author>
  </entry>
  <entry>
    <id>tag:blogger.com,1999:blog-8002380.post-109836655149629976</id>
    <published>2004-10-21T15:48:00.000+02:00</published>
    <updated>2004-10-21T15:49:11.496+02:00</updated>
    <category scheme='http://schemas.google.com/g/2005#kind'
      term='http://schemas.google.com/blogger/2008/kind#post' />
    <title type='text'>The Good Soldier</title>
    <content type='html'>The Good Soldier, Ford Madox Ford
      (v. good)</content>
    <link rel='edit' type='application/atom+xml'
      href='https://www.blogger.com/feeds/8002380/posts/default/109836655149629976' />
    <link rel='self' type='application/atom+xml'
      href='https://www.blogger.com/feeds/8002380/posts/default/109836655149629976' />
    <link rel='alternate' type='text/html'
      href='https://books.supertitle.org/2004/10/good-soldier.html' title='The Good Soldier' />
    <author>
      <name>martin</name>
      <uri>https://www.blogger.com/profile/09053983859177005529</uri>
      <email>noreply@blogger.com</email>
      <gd:image rel='http://schemas.google.com/g/2005#thumbnail' width='35' height='35'
        src='//www.blogger.com/img/blogger_logo_round_35.png' />
    </author>
  </entry>
  <entry>
    <id>tag:blogger.com,1999:blog-8002380.post-109836681847104364</id>
    <published>2004-10-20T15:53:00.000+02:00</published>
    <updated>2004-10-21T15:53:38.473+02:00</updated>
    <category scheme='http://schemas.google.com/g/2005#kind'
      term='http://schemas.google.com/blogger/2008/kind#post' />
    <title type='text'>Poetry: G. M. Hopkins</title>
    <content type='html'>A bunch of poetry and essays by Gerald Manley Hopkins</content>
    <link rel='edit' type='application/atom+xml'
      href='https://www.blogger.com/feeds/8002380/posts/default/109836681847104364' />
    <link rel='self' type='application/atom+xml'
      href='https://www.blogger.com/feeds/8002380/posts/default/109836681847104364' />
    <link rel='alternate' type='text/html'
      href='https://books.supertitle.org/2004/10/poetry-g-m-hopkins.html'
      title='Poetry: G. M. Hopkins' />
    <author>
      <name>martin</name>
      <uri>https://www.blogger.com/profile/09053983859177005529</uri>
      <email>noreply@blogger.com</email>
      <gd:image rel='http://schemas.google.com/g/2005#thumbnail' width='35' height='35'
        src='//www.blogger.com/img/blogger_logo_round_35.png' />
    </author>
  </entry>
  <entry>
    <id>tag:blogger.com,1999:blog-8002380.post-109836677997227063</id>
    <published>2004-10-20T15:50:00.000+02:00</published>
    <updated>2004-10-21T15:53:00.013+02:00</updated>
    <category scheme='http://schemas.google.com/g/2005#kind'
      term='http://schemas.google.com/blogger/2008/kind#post' />
    <title type='text'>Poetry: Thomas Hardy</title>
    <content type='html'>A bunch of poems by Thomas Hardy</content>
    <link rel='edit' type='application/atom+xml'
      href='https://www.blogger.com/feeds/8002380/posts/default/109836677997227063' />
    <link rel='self' type='application/atom+xml'
      href='https://www.blogger.com/feeds/8002380/posts/default/109836677997227063' />
    <link rel='alternate' type='text/html'
      href='https://books.supertitle.org/2004/10/poetry-thomas-hardy.html'
      title='Poetry: Thomas Hardy' />
    <author>
      <name>martin</name>
      <uri>https://www.blogger.com/profile/09053983859177005529</uri>
      <email>noreply@blogger.com</email>
      <gd:image rel='http://schemas.google.com/g/2005#thumbnail' width='35' height='35'
        src='//www.blogger.com/img/blogger_logo_round_35.png' />
    </author>
  </entry>
  <entry>
    <id>tag:blogger.com,1999:blog-8002380.post-109777183083137398</id>
    <published>2004-10-14T18:36:00.000+02:00</published>
    <updated>2004-10-14T18:38:26.290+02:00</updated>
    <category scheme='http://schemas.google.com/g/2005#kind'
      term='http://schemas.google.com/blogger/2008/kind#post' />
    <title type='text'>Danger Immediat</title>
    <content type='html'>Danger Immediat, Tom Clancy</content>
    <link rel='edit' type='application/atom+xml'
      href='https://www.blogger.com/feeds/8002380/posts/default/109777183083137398' />
    <link rel='self' type='application/atom+xml'
      href='https://www.blogger.com/feeds/8002380/posts/default/109777183083137398' />
    <link rel='alternate' type='text/html'
      href='https://books.supertitle.org/2004/10/danger-immediat.html' title='Danger Immediat' />
    <author>
      <name>martin</name>
      <uri>https://www.blogger.com/profile/09053983859177005529</uri>
      <email>noreply@blogger.com</email>
      <gd:image rel='http://schemas.google.com/g/2005#thumbnail' width='35' height='35'
        src='//www.blogger.com/img/blogger_logo_round_35.png' />
    </author>
  </entry>
  <entry>
    <id>tag:blogger.com,1999:blog-8002380.post-114062025528870822</id>
    <published>2004-10-14T18:34:00.000+02:00</published>
    <updated>2006-02-22T15:57:35.300+01:00</updated>
    <category scheme='http://schemas.google.com/g/2005#kind'
      term='http://schemas.google.com/blogger/2008/kind#post' />
    <title type='text'>Nice Work</title>
    <content type='html'>
      <p>Nice Work, David Lodge</p>
      <p>A ripping good tale. Great story, adulterous sex, titillating comedy, and with some fun
        philosophical questions to boot.</p>
    </content>
    <link rel='edit' type='application/atom+xml'
      href='https://www.blogger.com/feeds/8002380/posts/default/114062025528870822' />
    <link rel='self' type='application/atom+xml'
      href='https://www.blogger.com/feeds/8002380/posts/default/114062025528870822' />
    <link rel='alternate' type='text/html'
      href='https://books.supertitle.org/2004/10/nice-work.html' title='Nice Work' />
    <author>
      <name>martin</name>
      <uri>https://www.blogger.com/profile/09053983859177005529</uri>
      <email>noreply@blogger.com</email>
      <gd:image rel='http://schemas.google.com/g/2005#thumbnail' width='35' height='35'
        src='//www.blogger.com/img/blogger_logo_round_35.png' />
    </author>
  </entry>
  <entry>
    <id>tag:blogger.com,1999:blog-8002380.post-109777141790234436</id>
    <published>2004-10-14T18:30:00.000+02:00</published>
    <updated>2004-10-14T18:30:17.903+02:00</updated>
    <category scheme='http://schemas.google.com/g/2005#kind'
      term='http://schemas.google.com/blogger/2008/kind#post' />
    <title type='text'>Jude the Obscure</title>
    <content type='html'>Jude the Obscure, Thomas Hardy (repeat)</content>
    <link rel='edit' type='application/atom+xml'
      href='https://www.blogger.com/feeds/8002380/posts/default/109777141790234436' />
    <link rel='self' type='application/atom+xml'
      href='https://www.blogger.com/feeds/8002380/posts/default/109777141790234436' />
    <link rel='alternate' type='text/html'
      href='https://books.supertitle.org/2004/10/jude-obscure_14.html' title='Jude the Obscure' />
    <author>
      <name>martin</name>
      <uri>https://www.blogger.com/profile/09053983859177005529</uri>
      <email>noreply@blogger.com</email>
      <gd:image rel='http://schemas.google.com/g/2005#thumbnail' width='35' height='35'
        src='//www.blogger.com/img/blogger_logo_round_35.png' />
    </author>
  </entry>
  <entry>
    <id>tag:blogger.com,1999:blog-8002380.post-109777136676991002</id>
    <published>2004-10-14T18:29:00.000+02:00</published>
    <updated>2004-10-14T18:29:26.770+02:00</updated>
    <category scheme='http://schemas.google.com/g/2005#kind'
      term='http://schemas.google.com/blogger/2008/kind#post' />
    <title type='text'>Howards End</title>
    <content type='html'>Howards End, E.M. Forster</content>
    <link rel='edit' type='application/atom+xml'
      href='https://www.blogger.com/feeds/8002380/posts/default/109777136676991002' />
    <link rel='self' type='application/atom+xml'
      href='https://www.blogger.com/feeds/8002380/posts/default/109777136676991002' />
    <link rel='alternate' type='text/html'
      href='https://books.supertitle.org/2004/10/howards-end.html' title='Howards End' />
    <author>
      <name>martin</name>
      <uri>https://www.blogger.com/profile/09053983859177005529</uri>
      <email>noreply@blogger.com</email>
      <gd:image rel='http://schemas.google.com/g/2005#thumbnail' width='35' height='35'
        src='//www.blogger.com/img/blogger_logo_round_35.png' />
    </author>
  </entry>
  <entry>
    <id>tag:blogger.com,1999:blog-8002380.post-109776971839295984</id>
    <published>2004-10-14T17:38:00.000+02:00</published>
    <updated>2004-10-14T18:01:58.393+02:00</updated>
    <category scheme='http://schemas.google.com/g/2005#kind'
      term='http://schemas.google.com/blogger/2008/kind#post' />
    <title type='text'>The Secret Agent</title>
    <content type='html'>The Secret Agent, Joseph Conrad</content>
    <link rel='edit' type='application/atom+xml'
      href='https://www.blogger.com/feeds/8002380/posts/default/109776971839295984' />
    <link rel='self' type='application/atom+xml'
      href='https://www.blogger.com/feeds/8002380/posts/default/109776971839295984' />
    <link rel='alternate' type='text/html'
      href='https://books.supertitle.org/2004/10/secret-agent.html' title='The Secret Agent' />
    <author>
      <name>martin</name>
      <uri>https://www.blogger.com/profile/09053983859177005529</uri>
      <email>noreply@blogger.com</email>
      <gd:image rel='http://schemas.google.com/g/2005#thumbnail' width='35' height='35'
        src='//www.blogger.com/img/blogger_logo_round_35.png' />
    </author>
  </entry>
  <entry>
    <id>tag:blogger.com,1999:blog-8002380.post-109776821044881360</id>
    <published>2004-10-14T17:37:00.000+02:00</published>
    <updated>2004-10-14T17:38:09.846+02:00</updated>
    <category scheme='http://schemas.google.com/g/2005#kind'
      term='http://schemas.google.com/blogger/2008/kind#post' />
    <title type='text'>La Nouvelle Helöise</title>
    <content type='html'>La Nouvelle Hel&amp;ouml;ise, J.J. Rousseau</content>
    <link rel='edit' type='application/atom+xml'
      href='https://www.blogger.com/feeds/8002380/posts/default/109776821044881360' />
    <link rel='self' type='application/atom+xml'
      href='https://www.blogger.com/feeds/8002380/posts/default/109776821044881360' />
    <link rel='alternate' type='text/html'
      href='https://books.supertitle.org/2004/10/la-nouvelle-helise.html'
      title='La Nouvelle Hel&amp;ouml;ise' />
    <author>
      <name>martin</name>
      <uri>https://www.blogger.com/profile/09053983859177005529</uri>
      <email>noreply@blogger.com</email>
      <gd:image rel='http://schemas.google.com/g/2005#thumbnail' width='35' height='35'
        src='//www.blogger.com/img/blogger_logo_round_35.png' />
    </author>
  </entry>
  <entry>
    <id>tag:blogger.com,1999:blog-8002380.post-109776826460865956</id>
    <published>2004-10-14T17:36:00.000+02:00</published>
    <updated>2004-10-14T17:37:44.606+02:00</updated>
    <category scheme='http://schemas.google.com/g/2005#kind'
      term='http://schemas.google.com/blogger/2008/kind#post' />
    <title type='text'>Dubliners</title>
    <content type='html'>Dubliners, James Joyce</content>
    <link rel='edit' type='application/atom+xml'
      href='https://www.blogger.com/feeds/8002380/posts/default/109776826460865956' />
    <link rel='self' type='application/atom+xml'
      href='https://www.blogger.com/feeds/8002380/posts/default/109776826460865956' />
    <link rel='alternate' type='text/html'
      href='https://books.supertitle.org/2004/10/dubliners.html' title='Dubliners' />
    <author>
      <name>martin</name>
      <uri>https://www.blogger.com/profile/09053983859177005529</uri>
      <email>noreply@blogger.com</email>
      <gd:image rel='http://schemas.google.com/g/2005#thumbnail' width='35' height='35'
        src='//www.blogger.com/img/blogger_logo_round_35.png' />
    </author>
  </entry>
  <entry>
    <id>tag:blogger.com,1999:blog-8002380.post-109776815732546416</id>
    <published>2004-10-14T17:35:00.000+02:00</published>
    <updated>2004-10-14T17:35:57.326+02:00</updated>
    <category scheme='http://schemas.google.com/g/2005#kind'
      term='http://schemas.google.com/blogger/2008/kind#post' />
    <title type='text'>Anatomy of Criticism</title>
    <content type='html'>Anatomy of Criticism, Northrop Frye</content>
    <link rel='edit' type='application/atom+xml'
      href='https://www.blogger.com/feeds/8002380/posts/default/109776815732546416' />
    <link rel='self' type='application/atom+xml'
      href='https://www.blogger.com/feeds/8002380/posts/default/109776815732546416' />
    <link rel='alternate' type='text/html'
      href='https://books.supertitle.org/2004/10/anatomy-of-criticism.html'
      title='Anatomy of Criticism' />
    <author>
      <name>martin</name>
      <uri>https://www.blogger.com/profile/09053983859177005529</uri>
      <email>noreply@blogger.com</email>
      <gd:image rel='http://schemas.google.com/g/2005#thumbnail' width='35' height='35'
        src='//www.blogger.com/img/blogger_logo_round_35.png' />
    </author>
  </entry>
  <entry>
    <id>tag:blogger.com,1999:blog-8002380.post-109776809433793405</id>
    <published>2004-10-14T17:34:00.001+02:00</published>
    <updated>2004-10-14T17:34:54.336+02:00</updated>
    <category scheme='http://schemas.google.com/g/2005#kind'
      term='http://schemas.google.com/blogger/2008/kind#post' />
    <title type='text'>René</title>
    <content type='html'>Ren&amp;eacute;, Chateaubriand</content>
    <link rel='edit' type='application/atom+xml'
      href='https://www.blogger.com/feeds/8002380/posts/default/109776809433793405' />
    <link rel='self' type='application/atom+xml'
      href='https://www.blogger.com/feeds/8002380/posts/default/109776809433793405' />
    <link rel='alternate' type='text/html' href='https://books.supertitle.org/2004/10/ren.html'
      title='Ren&amp;eacute;' />
    <author>
      <name>martin</name>
      <uri>https://www.blogger.com/profile/09053983859177005529</uri>
      <email>noreply@blogger.com</email>
      <gd:image rel='http://schemas.google.com/g/2005#thumbnail' width='35' height='35'
        src='//www.blogger.com/img/blogger_logo_round_35.png' />
    </author>
  </entry>
  <entry>
    <id>tag:blogger.com,1999:blog-8002380.post-109776807250107090</id>
    <published>2004-10-14T17:34:00.000+02:00</published>
    <updated>2004-10-14T17:34:32.503+02:00</updated>
    <category scheme='http://schemas.google.com/g/2005#kind'
      term='http://schemas.google.com/blogger/2008/kind#post' />
    <title type='text'>Manon Lescaut</title>
    <content type='html'>Manon Lescaut, Abb&amp;eacute; Prevost</content>
    <link rel='edit' type='application/atom+xml'
      href='https://www.blogger.com/feeds/8002380/posts/default/109776807250107090' />
    <link rel='self' type='application/atom+xml'
      href='https://www.blogger.com/feeds/8002380/posts/default/109776807250107090' />
    <link rel='alternate' type='text/html'
      href='https://books.supertitle.org/2004/10/manon-lescaut.html' title='Manon Lescaut' />
    <author>
      <name>martin</name>
      <uri>https://www.blogger.com/profile/09053983859177005529</uri>
      <email>noreply@blogger.com</email>
      <gd:image rel='http://schemas.google.com/g/2005#thumbnail' width='35' height='35'
        src='//www.blogger.com/img/blogger_logo_round_35.png' />
    </author>
  </entry>
  <entry>
    <id>tag:blogger.com,1999:blog-8002380.post-109776804653476100</id>
    <published>2004-10-14T17:33:00.001+02:00</published>
    <updated>2005-05-12T10:36:30.560+02:00</updated>
    <category scheme='http://schemas.google.com/g/2005#kind'
      term='http://schemas.google.com/blogger/2008/kind#post' />
    <title type='text'>Rêveries d'un Promeneur Solitaire</title>
    <content type='html'>R&amp;ecirc;veries d'un Promeneur Solitaire, J.J. Rousseau</content>
    <link rel='edit' type='application/atom+xml'
      href='https://www.blogger.com/feeds/8002380/posts/default/109776804653476100' />
    <link rel='self' type='application/atom+xml'
      href='https://www.blogger.com/feeds/8002380/posts/default/109776804653476100' />
    <link rel='alternate' type='text/html'
      href='https://books.supertitle.org/2004/10/rveries-dun-promeneur-solitaire.html'
      title='R&amp;ecirc;veries d&apos;un Promeneur Solitaire' />
    <author>
      <name>martin</name>
      <uri>https://www.blogger.com/profile/09053983859177005529</uri>
      <email>noreply@blogger.com</email>
      <gd:image rel='http://schemas.google.com/g/2005#thumbnail' width='35' height='35'
        src='//www.blogger.com/img/blogger_logo_round_35.png' />
    </author>
  </entry>
  <entry>
    <id>tag:blogger.com,1999:blog-8002380.post-109776800144105810</id>
    <published>2004-10-14T17:33:00.000+02:00</published>
    <updated>2004-10-14T17:33:21.440+02:00</updated>
    <category scheme='http://schemas.google.com/g/2005#kind'
      term='http://schemas.google.com/blogger/2008/kind#post' />
    <title type='text'>Othello</title>
    <content type='html'>Othello, Shakespeare</content>
    <link rel='edit' type='application/atom+xml'
      href='https://www.blogger.com/feeds/8002380/posts/default/109776800144105810' />
    <link rel='self' type='application/atom+xml'
      href='https://www.blogger.com/feeds/8002380/posts/default/109776800144105810' />
    <link rel='alternate' type='text/html' href='https://books.supertitle.org/2004/10/othello.html'
      title='Othello' />
    <author>
      <name>martin</name>
      <uri>https://www.blogger.com/profile/09053983859177005529</uri>
      <email>noreply@blogger.com</email>
      <gd:image rel='http://schemas.google.com/g/2005#thumbnail' width='35' height='35'
        src='//www.blogger.com/img/blogger_logo_round_35.png' />
    </author>
  </entry>
  <entry>
    <id>tag:blogger.com,1999:blog-8002380.post-109776797699968236</id>
    <published>2004-10-14T17:32:00.001+02:00</published>
    <updated>2004-10-14T17:32:57.000+02:00</updated>
    <category scheme='http://schemas.google.com/g/2005#kind'
      term='http://schemas.google.com/blogger/2008/kind#post' />
    <title type='text'>Women in Love</title>
    <content type='html'>Women in Love, DH Lawrence</content>
    <link rel='edit' type='application/atom+xml'
      href='https://www.blogger.com/feeds/8002380/posts/default/109776797699968236' />
    <link rel='self' type='application/atom+xml'
      href='https://www.blogger.com/feeds/8002380/posts/default/109776797699968236' />
    <link rel='alternate' type='text/html'
      href='https://books.supertitle.org/2004/10/women-in-love.html' title='Women in Love' />
    <author>
      <name>martin</name>
      <uri>https://www.blogger.com/profile/09053983859177005529</uri>
      <email>noreply@blogger.com</email>
      <gd:image rel='http://schemas.google.com/g/2005#thumbnail' width='35' height='35'
        src='//www.blogger.com/img/blogger_logo_round_35.png' />
    </author>
  </entry>
  <entry>
    <id>tag:blogger.com,1999:blog-8002380.post-109776794902334360</id>
    <published>2004-10-14T17:32:00.000+02:00</published>
    <updated>2004-10-14T17:32:29.023+02:00</updated>
    <category scheme='http://schemas.google.com/g/2005#kind'
      term='http://schemas.google.com/blogger/2008/kind#post' />
    <title type='text'>The Turn of the Screw</title>
    <content type='html'>The Turn of the Screw, Henry James (repeat)</content>
    <link rel='edit' type='application/atom+xml'
      href='https://www.blogger.com/feeds/8002380/posts/default/109776794902334360' />
    <link rel='self' type='application/atom+xml'
      href='https://www.blogger.com/feeds/8002380/posts/default/109776794902334360' />
    <link rel='alternate' type='text/html'
      href='https://books.supertitle.org/2004/10/turn-of-screw_14.html'
      title='The Turn of the Screw' />
    <author>
      <name>martin</name>
      <uri>https://www.blogger.com/profile/09053983859177005529</uri>
      <email>noreply@blogger.com</email>
      <gd:image rel='http://schemas.google.com/g/2005#thumbnail' width='35' height='35'
        src='//www.blogger.com/img/blogger_logo_round_35.png' />
    </author>
  </entry>
  <entry>
    <id>tag:blogger.com,1999:blog-8002380.post-109776791422106453</id>
    <published>2004-10-14T17:31:00.000+02:00</published>
    <updated>2004-10-14T17:31:54.223+02:00</updated>
    <category scheme='http://schemas.google.com/g/2005#kind'
      term='http://schemas.google.com/blogger/2008/kind#post' />
    <title type='text'>The City of Yes</title>
    <content type='html'>The City of Yes, Peter Oliva</content>
    <link rel='edit' type='application/atom+xml'
      href='https://www.blogger.com/feeds/8002380/posts/default/109776791422106453' />
    <link rel='self' type='application/atom+xml'
      href='https://www.blogger.com/feeds/8002380/posts/default/109776791422106453' />
    <link rel='alternate' type='text/html'
      href='https://books.supertitle.org/2004/10/city-of-yes.html' title='The City of Yes' />
    <author>
      <name>martin</name>
      <uri>https://www.blogger.com/profile/09053983859177005529</uri>
      <email>noreply@blogger.com</email>
      <gd:image rel='http://schemas.google.com/g/2005#thumbnail' width='35' height='35'
        src='//www.blogger.com/img/blogger_logo_round_35.png' />
    </author>
  </entry>
  <entry>
    <id>tag:blogger.com,1999:blog-8002380.post-109776785967355790</id>
    <published>2004-10-14T17:30:00.000+02:00</published>
    <updated>2004-10-14T17:30:59.673+02:00</updated>
    <category scheme='http://schemas.google.com/g/2005#kind'
      term='http://schemas.google.com/blogger/2008/kind#post' />
    <title type='text'>The Geisha's Tale</title>
    <content type='html'>The Geisha's Tale, Arthur Golden</content>
    <link rel='edit' type='application/atom+xml'
      href='https://www.blogger.com/feeds/8002380/posts/default/109776785967355790' />
    <link rel='self' type='application/atom+xml'
      href='https://www.blogger.com/feeds/8002380/posts/default/109776785967355790' />
    <link rel='alternate' type='text/html'
      href='https://books.supertitle.org/2004/10/geishas-tale.html' title='The Geisha&apos;s Tale' />
    <author>
      <name>martin</name>
      <uri>https://www.blogger.com/profile/09053983859177005529</uri>
      <email>noreply@blogger.com</email>
      <gd:image rel='http://schemas.google.com/g/2005#thumbnail' width='35' height='35'
        src='//www.blogger.com/img/blogger_logo_round_35.png' />
    </author>
  </entry>
  <entry>
    <id>tag:blogger.com,1999:blog-8002380.post-109776783869522608</id>
    <published>2004-10-14T17:29:00.001+02:00</published>
    <updated>2004-10-14T17:30:38.696+02:00</updated>
    <category scheme='http://schemas.google.com/g/2005#kind'
      term='http://schemas.google.com/blogger/2008/kind#post' />
    <title type='text'>War and Peace</title>
    <content type='html'>War and Peace, Leo Tolstoy</content>
    <link rel='edit' type='application/atom+xml'
      href='https://www.blogger.com/feeds/8002380/posts/default/109776783869522608' />
    <link rel='self' type='application/atom+xml'
      href='https://www.blogger.com/feeds/8002380/posts/default/109776783869522608' />
    <link rel='alternate' type='text/html'
      href='https://books.supertitle.org/2004/10/war-and-peace.html' title='War and Peace' />
    <author>
      <name>martin</name>
      <uri>https://www.blogger.com/profile/09053983859177005529</uri>
      <email>noreply@blogger.com</email>
      <gd:image rel='http://schemas.google.com/g/2005#thumbnail' width='35' height='35'
        src='//www.blogger.com/img/blogger_logo_round_35.png' />
    </author>
  </entry>
  <entry>
    <id>tag:blogger.com,1999:blog-8002380.post-109776778115844383</id>
    <published>2004-10-14T17:29:00.000+02:00</published>
    <updated>2004-10-14T17:29:41.156+02:00</updated>
    <category scheme='http://schemas.google.com/g/2005#kind'
      term='http://schemas.google.com/blogger/2008/kind#post' />
    <title type='text'>Alan Ginsberg: Poetry</title>
    <content type='html'>A bunch of poetry by Alan Ginsberg</content>
    <link rel='edit' type='application/atom+xml'
      href='https://www.blogger.com/feeds/8002380/posts/default/109776778115844383' />
    <link rel='self' type='application/atom+xml'
      href='https://www.blogger.com/feeds/8002380/posts/default/109776778115844383' />
    <link rel='alternate' type='text/html'
      href='https://books.supertitle.org/2004/10/alan-ginsberg-poetry.html'
      title='Alan Ginsberg: Poetry' />
    <author>
      <name>martin</name>
      <uri>https://www.blogger.com/profile/09053983859177005529</uri>
      <email>noreply@blogger.com</email>
      <gd:image rel='http://schemas.google.com/g/2005#thumbnail' width='35' height='35'
        src='//www.blogger.com/img/blogger_logo_round_35.png' />
    </author>
  </entry>
  <entry>
    <id>tag:blogger.com,1999:blog-8002380.post-93544310816991583</id>
    <published>2004-10-14T17:28:00.002+02:00</published>
    <updated>2017-06-05T23:17:33.942+02:00</updated>
    <category scheme='http://schemas.google.com/g/2005#kind'
      term='http://schemas.google.com/blogger/2008/kind#post' />
    <title type='text'>Watership Down</title>
    <content type='html'>
      <div dir="ltr" style="text-align: left;" trbidi="on">
        <img class="bookCover" border="0"
          src="https://upload.wikimedia.org/wikipedia/en/5/5e/Richard_Adams_WatershipDown.jpg"></img>
        <br />
        <p>Watership Down, Richard Adams</p>
        <p>Rabbits. But good book.</p>
      </div>
    </content>
    <link rel='edit' type='application/atom+xml'
      href='https://www.blogger.com/feeds/8002380/posts/default/93544310816991583' />
    <link rel='self' type='application/atom+xml'
      href='https://www.blogger.com/feeds/8002380/posts/default/93544310816991583' />
    <link rel='alternate' type='text/html'
      href='https://books.supertitle.org/2004/10/watership-down.html' title='Watership Down' />
    <author>
      <name>martin</name>
      <uri>https://www.blogger.com/profile/09053983859177005529</uri>
      <email>noreply@blogger.com</email>
      <gd:image rel='http://schemas.google.com/g/2005#thumbnail' width='35' height='35'
        src='//www.blogger.com/img/blogger_logo_round_35.png' />
    </author>
  </entry>
  <entry>
    <id>tag:blogger.com,1999:blog-8002380.post-109776775279079182</id>
    <published>2004-10-14T17:28:00.001+02:00</published>
    <updated>2004-10-14T17:29:12.790+02:00</updated>
    <category scheme='http://schemas.google.com/g/2005#kind'
      term='http://schemas.google.com/blogger/2008/kind#post' />
    <title type='text'>Sylvia Plath: Poetry</title>
    <content type='html'>A bunch of poetry by Sylvia Plath</content>
    <link rel='edit' type='application/atom+xml'
      href='https://www.blogger.com/feeds/8002380/posts/default/109776775279079182' />
    <link rel='self' type='application/atom+xml'
      href='https://www.blogger.com/feeds/8002380/posts/default/109776775279079182' />
    <link rel='alternate' type='text/html'
      href='https://books.supertitle.org/2004/10/sylvia-plath-poetry.html'
      title='Sylvia Plath: Poetry' />
    <author>
      <name>martin</name>
      <uri>https://www.blogger.com/profile/09053983859177005529</uri>
      <email>noreply@blogger.com</email>
      <gd:image rel='http://schemas.google.com/g/2005#thumbnail' width='35' height='35'
        src='//www.blogger.com/img/blogger_logo_round_35.png' />
    </author>
  </entry>
  <entry>
    <id>tag:blogger.com,1999:blog-8002380.post-109776772377614472</id>
    <published>2004-10-14T17:28:00.000+02:00</published>
    <updated>2004-10-14T17:28:43.776+02:00</updated>
    <category scheme='http://schemas.google.com/g/2005#kind'
      term='http://schemas.google.com/blogger/2008/kind#post' />
    <title type='text'>Anne Sexton: Poetry</title>
    <content type='html'>A bunch of poetry by Anne Sexton</content>
    <link rel='edit' type='application/atom+xml'
      href='https://www.blogger.com/feeds/8002380/posts/default/109776772377614472' />
    <link rel='self' type='application/atom+xml'
      href='https://www.blogger.com/feeds/8002380/posts/default/109776772377614472' />
    <link rel='alternate' type='text/html'
      href='https://books.supertitle.org/2004/10/anne-sexton-poetry.html'
      title='Anne Sexton: Poetry' />
    <author>
      <name>martin</name>
      <uri>https://www.blogger.com/profile/09053983859177005529</uri>
      <email>noreply@blogger.com</email>
      <gd:image rel='http://schemas.google.com/g/2005#thumbnail' width='35' height='35'
        src='//www.blogger.com/img/blogger_logo_round_35.png' />
    </author>
  </entry>
  <entry>
    <id>tag:blogger.com,1999:blog-8002380.post-109776768316757805</id>
    <published>2004-10-14T17:27:00.000+02:00</published>
    <updated>2004-10-14T17:28:03.166+02:00</updated>
    <category scheme='http://schemas.google.com/g/2005#kind'
      term='http://schemas.google.com/blogger/2008/kind#post' />
    <title type='text'>The Tempest</title>
    <content type='html'>The Tempest, Shakespeare</content>
    <link rel='edit' type='application/atom+xml'
      href='https://www.blogger.com/feeds/8002380/posts/default/109776768316757805' />
    <link rel='self' type='application/atom+xml'
      href='https://www.blogger.com/feeds/8002380/posts/default/109776768316757805' />
    <link rel='alternate' type='text/html' href='https://books.supertitle.org/2004/10/tempest.html'
      title='The Tempest' />
    <author>
      <name>martin</name>
      <uri>https://www.blogger.com/profile/09053983859177005529</uri>
      <email>noreply@blogger.com</email>
      <gd:image rel='http://schemas.google.com/g/2005#thumbnail' width='35' height='35'
        src='//www.blogger.com/img/blogger_logo_round_35.png' />
    </author>
  </entry>
  <entry>
    <id>tag:blogger.com,1999:blog-8002380.post-109776764674694827</id>
    <published>2004-10-14T17:26:00.000+02:00</published>
    <updated>2004-10-14T17:27:26.746+02:00</updated>
    <category scheme='http://schemas.google.com/g/2005#kind'
      term='http://schemas.google.com/blogger/2008/kind#post' />
    <title type='text'>Long Day's Journey into Night</title>
    <content type='html'>Long Day's Journey into Night, Euguene O'Neill</content>
    <link rel='edit' type='application/atom+xml'
      href='https://www.blogger.com/feeds/8002380/posts/default/109776764674694827' />
    <link rel='self' type='application/atom+xml'
      href='https://www.blogger.com/feeds/8002380/posts/default/109776764674694827' />
    <link rel='alternate' type='text/html'
      href='https://books.supertitle.org/2004/10/long-days-journey-into-night.html'
      title='Long Day&apos;s Journey into Night' />
    <author>
      <name>martin</name>
      <uri>https://www.blogger.com/profile/09053983859177005529</uri>
      <email>noreply@blogger.com</email>
      <gd:image rel='http://schemas.google.com/g/2005#thumbnail' width='35' height='35'
        src='//www.blogger.com/img/blogger_logo_round_35.png' />
    </author>
  </entry>
  <entry>
    <id>tag:blogger.com,1999:blog-8002380.post-109759823312905366</id>
    <published>2004-10-12T18:23:00.000+02:00</published>
    <updated>2004-10-12T18:23:53.130+02:00</updated>
    <category scheme='http://schemas.google.com/g/2005#kind'
      term='http://schemas.google.com/blogger/2008/kind#post' />
    <title type='text'>Magic for Marigold</title>
    <content type='html'>Magic for Marigold, L. M. Montgomery</content>
    <link rel='edit' type='application/atom+xml'
      href='https://www.blogger.com/feeds/8002380/posts/default/109759823312905366' />
    <link rel='self' type='application/atom+xml'
      href='https://www.blogger.com/feeds/8002380/posts/default/109759823312905366' />
    <link rel='alternate' type='text/html'
      href='https://books.supertitle.org/2004/10/magic-for-marigold.html' title='Magic for Marigold' />
    <author>
      <name>martin</name>
      <uri>https://www.blogger.com/profile/09053983859177005529</uri>
      <email>noreply@blogger.com</email>
      <gd:image rel='http://schemas.google.com/g/2005#thumbnail' width='35' height='35'
        src='//www.blogger.com/img/blogger_logo_round_35.png' />
    </author>
  </entry>
  <entry>
    <id>tag:blogger.com,1999:blog-8002380.post-109759817109928438</id>
    <published>2004-10-12T18:22:00.000+02:00</published>
    <updated>2004-10-12T18:22:51.100+02:00</updated>
    <category scheme='http://schemas.google.com/g/2005#kind'
      term='http://schemas.google.com/blogger/2008/kind#post' />
    <title type='text'>The Taming of the Shrew</title>
    <content type='html'>The Taming of the Shrew, Shakespeare</content>
    <link rel='edit' type='application/atom+xml'
      href='https://www.blogger.com/feeds/8002380/posts/default/109759817109928438' />
    <link rel='self' type='application/atom+xml'
      href='https://www.blogger.com/feeds/8002380/posts/default/109759817109928438' />
    <link rel='alternate' type='text/html'
      href='https://books.supertitle.org/2004/10/taming-of-shrew.html'
      title='The Taming of the Shrew' />
    <author>
      <name>martin</name>
      <uri>https://www.blogger.com/profile/09053983859177005529</uri>
      <email>noreply@blogger.com</email>
      <gd:image rel='http://schemas.google.com/g/2005#thumbnail' width='35' height='35'
        src='//www.blogger.com/img/blogger_logo_round_35.png' />
    </author>
  </entry>
  <entry>
    <id>tag:blogger.com,1999:blog-8002380.post-109759811273190173</id>
    <published>2004-10-12T18:21:00.000+02:00</published>
    <updated>2004-10-12T18:21:52.730+02:00</updated>
    <category scheme='http://schemas.google.com/g/2005#kind'
      term='http://schemas.google.com/blogger/2008/kind#post' />
    <title type='text'>The Member of the Wedding</title>
    <content type='html'>The Member of the Wedding, Carson McCullers</content>
    <link rel='edit' type='application/atom+xml'
      href='https://www.blogger.com/feeds/8002380/posts/default/109759811273190173' />
    <link rel='self' type='application/atom+xml'
      href='https://www.blogger.com/feeds/8002380/posts/default/109759811273190173' />
    <link rel='alternate' type='text/html'
      href='https://books.supertitle.org/2004/10/member-of-wedding.html'
      title='The Member of the Wedding' />
    <author>
      <name>martin</name>
      <uri>https://www.blogger.com/profile/09053983859177005529</uri>
      <email>noreply@blogger.com</email>
      <gd:image rel='http://schemas.google.com/g/2005#thumbnail' width='35' height='35'
        src='//www.blogger.com/img/blogger_logo_round_35.png' />
    </author>
  </entry>
  <entry>
    <id>tag:blogger.com,1999:blog-8002380.post-109759805987182333</id>
    <published>2004-10-12T18:20:00.000+02:00</published>
    <updated>2004-10-12T18:20:59.873+02:00</updated>
    <category scheme='http://schemas.google.com/g/2005#kind'
      term='http://schemas.google.com/blogger/2008/kind#post' />
    <title type='text'>Native Son</title>
    <content type='html'>Native Son, Richard Wright</content>
    <link rel='edit' type='application/atom+xml'
      href='https://www.blogger.com/feeds/8002380/posts/default/109759805987182333' />
    <link rel='self' type='application/atom+xml'
      href='https://www.blogger.com/feeds/8002380/posts/default/109759805987182333' />
    <link rel='alternate' type='text/html'
      href='https://books.supertitle.org/2004/10/native-son.html' title='Native Son' />
    <author>
      <name>martin</name>
      <uri>https://www.blogger.com/profile/09053983859177005529</uri>
      <email>noreply@blogger.com</email>
      <gd:image rel='http://schemas.google.com/g/2005#thumbnail' width='35' height='35'
        src='//www.blogger.com/img/blogger_logo_round_35.png' />
    </author>
  </entry>
  <entry>
    <id>tag:blogger.com,1999:blog-8002380.post-109759798364987978</id>
    <published>2004-10-12T18:19:00.000+02:00</published>
    <updated>2004-10-12T18:19:43.650+02:00</updated>
    <category scheme='http://schemas.google.com/g/2005#kind'
      term='http://schemas.google.com/blogger/2008/kind#post' />
    <title type='text'>King Lear</title>
    <content type='html'>King Lear, Shakespeare</content>
    <link rel='edit' type='application/atom+xml'
      href='https://www.blogger.com/feeds/8002380/posts/default/109759798364987978' />
    <link rel='self' type='application/atom+xml'
      href='https://www.blogger.com/feeds/8002380/posts/default/109759798364987978' />
    <link rel='alternate' type='text/html'
      href='https://books.supertitle.org/2004/10/king-lear.html' title='King Lear' />
    <author>
      <name>martin</name>
      <uri>https://www.blogger.com/profile/09053983859177005529</uri>
      <email>noreply@blogger.com</email>
      <gd:image rel='http://schemas.google.com/g/2005#thumbnail' width='35' height='35'
        src='//www.blogger.com/img/blogger_logo_round_35.png' />
    </author>
  </entry>
  <entry>
    <id>tag:blogger.com,1999:blog-8002380.post-109759795086914360</id>
    <published>2004-10-12T18:17:00.001+02:00</published>
    <updated>2004-10-12T18:19:10.870+02:00</updated>
    <category scheme='http://schemas.google.com/g/2005#kind'
      term='http://schemas.google.com/blogger/2008/kind#post' />
    <title type='text'>Henry V</title>
    <content type='html'>Henry V, Shakespeare</content>
    <link rel='edit' type='application/atom+xml'
      href='https://www.blogger.com/feeds/8002380/posts/default/109759795086914360' />
    <link rel='self' type='application/atom+xml'
      href='https://www.blogger.com/feeds/8002380/posts/default/109759795086914360' />
    <link rel='alternate' type='text/html' href='https://books.supertitle.org/2004/10/henry-v.html'
      title='Henry V' />
    <author>
      <name>martin</name>
      <uri>https://www.blogger.com/profile/09053983859177005529</uri>
      <email>noreply@blogger.com</email>
      <gd:image rel='http://schemas.google.com/g/2005#thumbnail' width='35' height='35'
        src='//www.blogger.com/img/blogger_logo_round_35.png' />
    </author>
  </entry>
  <entry>
    <id>tag:blogger.com,1999:blog-8002380.post-109759785930748240</id>
    <published>2004-10-12T18:17:00.000+02:00</published>
    <updated>2004-10-12T18:17:39.306+02:00</updated>
    <category scheme='http://schemas.google.com/g/2005#kind'
      term='http://schemas.google.com/blogger/2008/kind#post' />
    <title type='text'>Anne of Green Gables</title>
    <content type='html'>Anne of Green Gables, L. M. Montgomery</content>
    <link rel='edit' type='application/atom+xml'
      href='https://www.blogger.com/feeds/8002380/posts/default/109759785930748240' />
    <link rel='self' type='application/atom+xml'
      href='https://www.blogger.com/feeds/8002380/posts/default/109759785930748240' />
    <link rel='alternate' type='text/html'
      href='https://books.supertitle.org/2004/10/anne-of-green-gables.html'
      title='Anne of Green Gables' />
    <author>
      <name>martin</name>
      <uri>https://www.blogger.com/profile/09053983859177005529</uri>
      <email>noreply@blogger.com</email>
      <gd:image rel='http://schemas.google.com/g/2005#thumbnail' width='35' height='35'
        src='//www.blogger.com/img/blogger_logo_round_35.png' />
    </author>
  </entry>
  <entry>
    <id>tag:blogger.com,1999:blog-8002380.post-109759780857212437</id>
    <published>2004-10-12T18:14:00.000+02:00</published>
    <updated>2004-10-12T18:16:48.573+02:00</updated>
    <category scheme='http://schemas.google.com/g/2005#kind'
      term='http://schemas.google.com/blogger/2008/kind#post' />
    <title type='text'>Great Canadian Animal Stories</title>
    <content type='html'>Great Canadian Animal Stories, Muriel Whitaker (Ed.)</content>
    <link rel='edit' type='application/atom+xml'
      href='https://www.blogger.com/feeds/8002380/posts/default/109759780857212437' />
    <link rel='self' type='application/atom+xml'
      href='https://www.blogger.com/feeds/8002380/posts/default/109759780857212437' />
    <link rel='alternate' type='text/html'
      href='https://books.supertitle.org/2004/10/great-canadian-animal-stories.html'
      title='Great Canadian Animal Stories' />
    <author>
      <name>martin</name>
      <uri>https://www.blogger.com/profile/09053983859177005529</uri>
      <email>noreply@blogger.com</email>
      <gd:image rel='http://schemas.google.com/g/2005#thumbnail' width='35' height='35'
        src='//www.blogger.com/img/blogger_logo_round_35.png' />
    </author>
  </entry>
  <entry>
    <id>tag:blogger.com,1999:blog-8002380.post-109759765471891924</id>
    <published>2004-10-12T18:13:00.000+02:00</published>
    <updated>2004-10-12T18:14:14.720+02:00</updated>
    <category scheme='http://schemas.google.com/g/2005#kind'
      term='http://schemas.google.com/blogger/2008/kind#post' />
    <title type='text'>The Merchant of Venice</title>
    <content type='html'>The Merchant of Venice, Shakespeare</content>
    <link rel='edit' type='application/atom+xml'
      href='https://www.blogger.com/feeds/8002380/posts/default/109759765471891924' />
    <link rel='self' type='application/atom+xml'
      href='https://www.blogger.com/feeds/8002380/posts/default/109759765471891924' />
    <link rel='alternate' type='text/html'
      href='https://books.supertitle.org/2004/10/merchant-of-venice.html'
      title='The Merchant of Venice' />
    <author>
      <name>martin</name>
      <uri>https://www.blogger.com/profile/09053983859177005529</uri>
      <email>noreply@blogger.com</email>
      <gd:image rel='http://schemas.google.com/g/2005#thumbnail' width='35' height='35'
        src='//www.blogger.com/img/blogger_logo_round_35.png' />
    </author>
  </entry>
  <entry>
    <id>tag:blogger.com,1999:blog-8002380.post-109759759800428682</id>
    <published>2004-10-12T18:12:00.000+02:00</published>
    <updated>2004-10-12T18:13:18.006+02:00</updated>
    <category scheme='http://schemas.google.com/g/2005#kind'
      term='http://schemas.google.com/blogger/2008/kind#post' />
    <title type='text'>Their Eyes Were Watching God</title>
    <content type='html'>Their Eyes Were Watching God, Zora Neale Hurston</content>
    <link rel='edit' type='application/atom+xml'
      href='https://www.blogger.com/feeds/8002380/posts/default/109759759800428682' />
    <link rel='self' type='application/atom+xml'
      href='https://www.blogger.com/feeds/8002380/posts/default/109759759800428682' />
    <link rel='alternate' type='text/html'
      href='https://books.supertitle.org/2004/10/their-eyes-were-watching-god.html'
      title='Their Eyes Were Watching God' />
    <author>
      <name>martin</name>
      <uri>https://www.blogger.com/profile/09053983859177005529</uri>
      <email>noreply@blogger.com</email>
      <gd:image rel='http://schemas.google.com/g/2005#thumbnail' width='35' height='35'
        src='//www.blogger.com/img/blogger_logo_round_35.png' />
    </author>
  </entry>
  <entry>
    <id>tag:blogger.com,1999:blog-8002380.post-109759752584667547</id>
    <published>2004-10-12T18:11:00.001+02:00</published>
    <updated>2004-10-12T18:12:05.846+02:00</updated>
    <category scheme='http://schemas.google.com/g/2005#kind'
      term='http://schemas.google.com/blogger/2008/kind#post' />
    <title type='text'>Jude the Obscure</title>
    <content type='html'>Jude the Obscure, Thomas Hardy</content>
    <link rel='edit' type='application/atom+xml'
      href='https://www.blogger.com/feeds/8002380/posts/default/109759752584667547' />
    <link rel='self' type='application/atom+xml'
      href='https://www.blogger.com/feeds/8002380/posts/default/109759752584667547' />
    <link rel='alternate' type='text/html'
      href='https://books.supertitle.org/2004/10/jude-obscure.html' title='Jude the Obscure' />
    <author>
      <name>martin</name>
      <uri>https://www.blogger.com/profile/09053983859177005529</uri>
      <email>noreply@blogger.com</email>
      <gd:image rel='http://schemas.google.com/g/2005#thumbnail' width='35' height='35'
        src='//www.blogger.com/img/blogger_logo_round_35.png' />
    </author>
  </entry>
  <entry>
    <id>tag:blogger.com,1999:blog-8002380.post-109759748108284312</id>
    <published>2004-10-12T18:11:00.000+02:00</published>
    <updated>2004-10-12T18:11:21.083+02:00</updated>
    <category scheme='http://schemas.google.com/g/2005#kind'
      term='http://schemas.google.com/blogger/2008/kind#post' />
    <title type='text'>Daisy Miller</title>
    <content type='html'>Daisy Miller, Henry James</content>
    <link rel='edit' type='application/atom+xml'
      href='https://www.blogger.com/feeds/8002380/posts/default/109759748108284312' />
    <link rel='self' type='application/atom+xml'
      href='https://www.blogger.com/feeds/8002380/posts/default/109759748108284312' />
    <link rel='alternate' type='text/html'
      href='https://books.supertitle.org/2004/10/daisy-miller.html' title='Daisy Miller' />
    <author>
      <name>martin</name>
      <uri>https://www.blogger.com/profile/09053983859177005529</uri>
      <email>noreply@blogger.com</email>
      <gd:image rel='http://schemas.google.com/g/2005#thumbnail' width='35' height='35'
        src='//www.blogger.com/img/blogger_logo_round_35.png' />
    </author>
  </entry>
  <entry>
    <id>tag:blogger.com,1999:blog-8002380.post-109664388000088103</id>
    <published>2004-10-01T17:17:00.001+02:00</published>
    <updated>2004-10-01T17:18:00.000+02:00</updated>
    <category scheme='http://schemas.google.com/g/2005#kind'
      term='http://schemas.google.com/blogger/2008/kind#post' />
    <title type='text'>Skinny Legs and All</title>
    <content type='html'>Skinny Legs and All, Tom Robbins</content>
    <link rel='edit' type='application/atom+xml'
      href='https://www.blogger.com/feeds/8002380/posts/default/109664388000088103' />
    <link rel='self' type='application/atom+xml'
      href='https://www.blogger.com/feeds/8002380/posts/default/109664388000088103' />
    <link rel='alternate' type='text/html'
      href='https://books.supertitle.org/2004/10/skinny-legs-and-all.html'
      title='Skinny Legs and All' />
    <author>
      <name>martin</name>
      <uri>https://www.blogger.com/profile/09053983859177005529</uri>
      <email>noreply@blogger.com</email>
      <gd:image rel='http://schemas.google.com/g/2005#thumbnail' width='35' height='35'
        src='//www.blogger.com/img/blogger_logo_round_35.png' />
    </author>
  </entry>
  <entry>
    <id>tag:blogger.com,1999:blog-8002380.post-109664386111300286</id>
    <published>2004-10-01T17:17:00.000+02:00</published>
    <updated>2004-10-01T17:17:41.113+02:00</updated>
    <category scheme='http://schemas.google.com/g/2005#kind'
      term='http://schemas.google.com/blogger/2008/kind#post' />
    <title type='text'>Jitterbug Perfume</title>
    <content type='html'>Jitterbug Perfume, Tom Robbins</content>
    <link rel='edit' type='application/atom+xml'
      href='https://www.blogger.com/feeds/8002380/posts/default/109664386111300286' />
    <link rel='self' type='application/atom+xml'
      href='https://www.blogger.com/feeds/8002380/posts/default/109664386111300286' />
    <link rel='alternate' type='text/html'
      href='https://books.supertitle.org/2004/10/jitterbug-perfume.html' title='Jitterbug Perfume' />
    <author>
      <name>martin</name>
      <uri>https://www.blogger.com/profile/09053983859177005529</uri>
      <email>noreply@blogger.com</email>
      <gd:image rel='http://schemas.google.com/g/2005#thumbnail' width='35' height='35'
        src='//www.blogger.com/img/blogger_logo_round_35.png' />
    </author>
  </entry>
  <entry>
    <id>tag:blogger.com,1999:blog-8002380.post-109664375720348138</id>
    <published>2004-10-01T17:15:00.000+02:00</published>
    <updated>2004-10-01T17:15:57.203+02:00</updated>
    <category scheme='http://schemas.google.com/g/2005#kind'
      term='http://schemas.google.com/blogger/2008/kind#post' />
    <title type='text'>Foucault's Pendulum</title>
    <content type='html'>Foucault's Pendulum, Umberto Eco
      (second time. but when was the first time?!)</content>
    <link rel='edit' type='application/atom+xml'
      href='https://www.blogger.com/feeds/8002380/posts/default/109664375720348138' />
    <link rel='self' type='application/atom+xml'
      href='https://www.blogger.com/feeds/8002380/posts/default/109664375720348138' />
    <link rel='alternate' type='text/html'
      href='https://books.supertitle.org/2004/10/foucaults-pendulum.html'
      title='Foucault&apos;s Pendulum' />
    <author>
      <name>martin</name>
      <uri>https://www.blogger.com/profile/09053983859177005529</uri>
      <email>noreply@blogger.com</email>
      <gd:image rel='http://schemas.google.com/g/2005#thumbnail' width='35' height='35'
        src='//www.blogger.com/img/blogger_logo_round_35.png' />
    </author>
  </entry>
  <entry>
    <id>tag:blogger.com,1999:blog-8002380.post-109664369909765853</id>
    <published>2004-10-01T17:14:00.000+02:00</published>
    <updated>2004-10-01T17:14:59.096+02:00</updated>
    <category scheme='http://schemas.google.com/g/2005#kind'
      term='http://schemas.google.com/blogger/2008/kind#post' />
    <title type='text'>She's Come Undone</title>
    <content type='html'>She's Come Undone, Wally Lamb</content>
    <link rel='edit' type='application/atom+xml'
      href='https://www.blogger.com/feeds/8002380/posts/default/109664369909765853' />
    <link rel='self' type='application/atom+xml'
      href='https://www.blogger.com/feeds/8002380/posts/default/109664369909765853' />
    <link rel='alternate' type='text/html'
      href='https://books.supertitle.org/2004/10/shes-come-undone.html'
      title='She&apos;s Come Undone' />
    <author>
      <name>martin</name>
      <uri>https://www.blogger.com/profile/09053983859177005529</uri>
      <email>noreply@blogger.com</email>
      <gd:image rel='http://schemas.google.com/g/2005#thumbnail' width='35' height='35'
        src='//www.blogger.com/img/blogger_logo_round_35.png' />
    </author>
  </entry>
  <entry>
    <id>tag:blogger.com,1999:blog-8002380.post-109664356974661073</id>
    <published>2004-10-01T17:12:00.001+02:00</published>
    <updated>2004-10-01T17:12:49.746+02:00</updated>
    <category scheme='http://schemas.google.com/g/2005#kind'
      term='http://schemas.google.com/blogger/2008/kind#post' />
    <title type='text'>King Rat</title>
    <content type='html'>King Rat, James Clavell</content>
    <link rel='edit' type='application/atom+xml'
      href='https://www.blogger.com/feeds/8002380/posts/default/109664356974661073' />
    <link rel='self' type='application/atom+xml'
      href='https://www.blogger.com/feeds/8002380/posts/default/109664356974661073' />
    <link rel='alternate' type='text/html' href='https://books.supertitle.org/2004/10/king-rat.html'
      title='King Rat' />
    <author>
      <name>martin</name>
      <uri>https://www.blogger.com/profile/09053983859177005529</uri>
      <email>noreply@blogger.com</email>
      <gd:image rel='http://schemas.google.com/g/2005#thumbnail' width='35' height='35'
        src='//www.blogger.com/img/blogger_logo_round_35.png' />
    </author>
  </entry>
  <entry>
    <id>tag:blogger.com,1999:blog-8002380.post-109664354537219210</id>
    <published>2004-10-01T17:12:00.000+02:00</published>
    <updated>2004-10-01T17:12:25.373+02:00</updated>
    <category scheme='http://schemas.google.com/g/2005#kind'
      term='http://schemas.google.com/blogger/2008/kind#post' />
    <title type='text'>Shogun</title>
    <content type='html'>Shogun, James Clavell</content>
    <link rel='edit' type='application/atom+xml'
      href='https://www.blogger.com/feeds/8002380/posts/default/109664354537219210' />
    <link rel='self' type='application/atom+xml'
      href='https://www.blogger.com/feeds/8002380/posts/default/109664354537219210' />
    <link rel='alternate' type='text/html' href='https://books.supertitle.org/2004/10/shogun.html'
      title='Shogun' />
    <author>
      <name>martin</name>
      <uri>https://www.blogger.com/profile/09053983859177005529</uri>
      <email>noreply@blogger.com</email>
      <gd:image rel='http://schemas.google.com/g/2005#thumbnail' width='35' height='35'
        src='//www.blogger.com/img/blogger_logo_round_35.png' />
    </author>
  </entry>
  <entry>
    <id>tag:blogger.com,1999:blog-8002380.post-109664349778902553</id>
    <published>2004-10-01T17:11:00.000+02:00</published>
    <updated>2004-10-01T17:11:37.790+02:00</updated>
    <category scheme='http://schemas.google.com/g/2005#kind'
      term='http://schemas.google.com/blogger/2008/kind#post' />
    <title type='text'>The Bonfire of the Vanities</title>
    <content type='html'>The Bonfire of the Vanities, Tom Wolfe</content>
    <link rel='edit' type='application/atom+xml'
      href='https://www.blogger.com/feeds/8002380/posts/default/109664349778902553' />
    <link rel='self' type='application/atom+xml'
      href='https://www.blogger.com/feeds/8002380/posts/default/109664349778902553' />
    <link rel='alternate' type='text/html'
      href='https://books.supertitle.org/2004/10/bonfire-of-vanities.html'
      title='The Bonfire of the Vanities' />
    <author>
      <name>martin</name>
      <uri>https://www.blogger.com/profile/09053983859177005529</uri>
      <email>noreply@blogger.com</email>
      <gd:image rel='http://schemas.google.com/g/2005#thumbnail' width='35' height='35'
        src='//www.blogger.com/img/blogger_logo_round_35.png' />
    </author>
  </entry>
  <entry>
    <id>tag:blogger.com,1999:blog-8002380.post-109664330969590155</id>
    <published>2004-10-01T17:08:00.000+02:00</published>
    <updated>2004-10-01T17:08:29.696+02:00</updated>
    <category scheme='http://schemas.google.com/g/2005#kind'
      term='http://schemas.google.com/blogger/2008/kind#post' />
    <title type='text'>Poland</title>
    <content type='html'>Poland, James A. Michener</content>
    <link rel='edit' type='application/atom+xml'
      href='https://www.blogger.com/feeds/8002380/posts/default/109664330969590155' />
    <link rel='self' type='application/atom+xml'
      href='https://www.blogger.com/feeds/8002380/posts/default/109664330969590155' />
    <link rel='alternate' type='text/html' href='https://books.supertitle.org/2004/10/poland.html'
      title='Poland' />
    <author>
      <name>martin</name>
      <uri>https://www.blogger.com/profile/09053983859177005529</uri>
      <email>noreply@blogger.com</email>
      <gd:image rel='http://schemas.google.com/g/2005#thumbnail' width='35' height='35'
        src='//www.blogger.com/img/blogger_logo_round_35.png' />
    </author>
  </entry>
  <entry>
    <id>tag:blogger.com,1999:blog-8002380.post-109664328377296917</id>
    <published>2004-10-01T17:07:00.000+02:00</published>
    <updated>2004-10-01T17:08:03.773+02:00</updated>
    <category scheme='http://schemas.google.com/g/2005#kind'
      term='http://schemas.google.com/blogger/2008/kind#post' />
    <title type='text'>Jane Eyre</title>
    <content type='html'>Jane Eyre, Charlotte Brontë</content>
    <link rel='edit' type='application/atom+xml'
      href='https://www.blogger.com/feeds/8002380/posts/default/109664328377296917' />
    <link rel='self' type='application/atom+xml'
      href='https://www.blogger.com/feeds/8002380/posts/default/109664328377296917' />
    <link rel='alternate' type='text/html'
      href='https://books.supertitle.org/2004/10/jane-eyre.html' title='Jane Eyre' />
    <author>
      <name>martin</name>
      <uri>https://www.blogger.com/profile/09053983859177005529</uri>
      <email>noreply@blogger.com</email>
      <gd:image rel='http://schemas.google.com/g/2005#thumbnail' width='35' height='35'
        src='//www.blogger.com/img/blogger_logo_round_35.png' />
    </author>
  </entry>
  <entry>
    <id>tag:blogger.com,1999:blog-8002380.post-109664314083996834</id>
    <published>2004-10-01T17:05:00.000+02:00</published>
    <updated>2004-10-01T17:05:40.840+02:00</updated>
    <category scheme='http://schemas.google.com/g/2005#kind'
      term='http://schemas.google.com/blogger/2008/kind#post' />
    <title type='text'>Wide Sargasso Sea</title>
    <content type='html'>Wide Sargasso Sea, Jean Rhys</content>
    <link rel='edit' type='application/atom+xml'
      href='https://www.blogger.com/feeds/8002380/posts/default/109664314083996834' />
    <link rel='self' type='application/atom+xml'
      href='https://www.blogger.com/feeds/8002380/posts/default/109664314083996834' />
    <link rel='alternate' type='text/html'
      href='https://books.supertitle.org/2004/10/wide-sargasso-sea.html' title='Wide Sargasso Sea' />
    <author>
      <name>martin</name>
      <uri>https://www.blogger.com/profile/09053983859177005529</uri>
      <email>noreply@blogger.com</email>
      <gd:image rel='http://schemas.google.com/g/2005#thumbnail' width='35' height='35'
        src='//www.blogger.com/img/blogger_logo_round_35.png' />
    </author>
  </entry>
  <entry>
    <id>tag:blogger.com,1999:blog-8002380.post-109664311000494486</id>
    <published>2004-10-01T17:04:00.000+02:00</published>
    <updated>2004-10-01T17:05:10.003+02:00</updated>
    <category scheme='http://schemas.google.com/g/2005#kind'
      term='http://schemas.google.com/blogger/2008/kind#post' />
    <title type='text'>The Remains of the Day</title>
    <content type='html'>The Remains of the Day, Kazuo Ishiguro</content>
    <link rel='edit' type='application/atom+xml'
      href='https://www.blogger.com/feeds/8002380/posts/default/109664311000494486' />
    <link rel='self' type='application/atom+xml'
      href='https://www.blogger.com/feeds/8002380/posts/default/109664311000494486' />
    <link rel='alternate' type='text/html'
      href='https://books.supertitle.org/2004/10/remains-of-day.html' title='The Remains of the Day' />
    <author>
      <name>martin</name>
      <uri>https://www.blogger.com/profile/09053983859177005529</uri>
      <email>noreply@blogger.com</email>
      <gd:image rel='http://schemas.google.com/g/2005#thumbnail' width='35' height='35'
        src='//www.blogger.com/img/blogger_logo_round_35.png' />
    </author>
  </entry>
  <entry>
    <id>tag:blogger.com,1999:blog-8002380.post-8779710392554838229</id>
    <published>2004-10-01T17:03:00.000+02:00</published>
    <updated>2008-01-02T04:00:22.255+01:00</updated>
    <category scheme='http://schemas.google.com/g/2005#kind'
      term='http://schemas.google.com/blogger/2008/kind#post' />
    <title type='text'>Microserfs</title>
    <content type='html'>
      <p>Microserfs, Douglas Copland</p>
      <p>This was a fad and important.</p>
    </content>
    <link rel='edit' type='application/atom+xml'
      href='https://www.blogger.com/feeds/8002380/posts/default/8779710392554838229' />
    <link rel='self' type='application/atom+xml'
      href='https://www.blogger.com/feeds/8002380/posts/default/8779710392554838229' />
    <link rel='alternate' type='text/html'
      href='https://books.supertitle.org/2004/01/microserfs.html' title='Microserfs' />
    <author>
      <name>martin</name>
      <uri>https://www.blogger.com/profile/09053983859177005529</uri>
      <email>noreply@blogger.com</email>
      <gd:image rel='http://schemas.google.com/g/2005#thumbnail' width='35' height='35'
        src='//www.blogger.com/img/blogger_logo_round_35.png' />
    </author>
  </entry>
  <entry>
    <id>tag:blogger.com,1999:blog-8002380.post-1244471110072397433</id>
    <published>2004-10-01T17:02:00.000+02:00</published>
    <updated>2007-12-09T11:01:33.620+01:00</updated>
    <category scheme='http://schemas.google.com/g/2005#kind'
      term='http://schemas.google.com/blogger/2008/kind#post' />
    <title type='text'>The Power of One</title>
    <content type='html'>
      <p>The Power of One, Bryce Courtenay</p>
      <p>Good yarn.</p>
    </content>
    <link rel='edit' type='application/atom+xml'
      href='https://www.blogger.com/feeds/8002380/posts/default/1244471110072397433' />
    <link rel='self' type='application/atom+xml'
      href='https://www.blogger.com/feeds/8002380/posts/default/1244471110072397433' />
    <link rel='alternate' type='text/html'
      href='https://books.supertitle.org/2004/10/power-of-one.html' title='The Power of One' />
    <author>
      <name>martin</name>
      <uri>https://www.blogger.com/profile/09053983859177005529</uri>
      <email>noreply@blogger.com</email>
      <gd:image rel='http://schemas.google.com/g/2005#thumbnail' width='35' height='35'
        src='//www.blogger.com/img/blogger_logo_round_35.png' />
    </author>
  </entry>
  <entry>
    <id>tag:blogger.com,1999:blog-8002380.post-110374560944097476</id>
    <published>2004-10-01T16:49:00.000+02:00</published>
    <updated>2004-12-22T21:00:09.440+01:00</updated>
    <category scheme='http://schemas.google.com/g/2005#kind'
      term='http://schemas.google.com/blogger/2008/kind#post' />
    <title type='text'>Books of Blood 5</title>
    <content type='html'>Books of Blood 5, Clive Barker</content>
    <link rel='edit' type='application/atom+xml'
      href='https://www.blogger.com/feeds/8002380/posts/default/110374560944097476' />
    <link rel='self' type='application/atom+xml'
      href='https://www.blogger.com/feeds/8002380/posts/default/110374560944097476' />
    <link rel='alternate' type='text/html'
      href='https://books.supertitle.org/2004/10/books-of-blood-5.html' title='Books of Blood 5' />
    <author>
      <name>martin</name>
      <uri>https://www.blogger.com/profile/09053983859177005529</uri>
      <email>noreply@blogger.com</email>
      <gd:image rel='http://schemas.google.com/g/2005#thumbnail' width='35' height='35'
        src='//www.blogger.com/img/blogger_logo_round_35.png' />
    </author>
  </entry>
  <entry>
    <id>tag:blogger.com,1999:blog-8002380.post-110374558295203049</id>
    <published>2004-10-01T16:48:00.000+02:00</published>
    <updated>2004-12-22T20:59:42.953+01:00</updated>
    <category scheme='http://schemas.google.com/g/2005#kind'
      term='http://schemas.google.com/blogger/2008/kind#post' />
    <title type='text'>Books of Blood 4</title>
    <content type='html'>Books of Blood 4, Clive Barker</content>
    <link rel='edit' type='application/atom+xml'
      href='https://www.blogger.com/feeds/8002380/posts/default/110374558295203049' />
    <link rel='self' type='application/atom+xml'
      href='https://www.blogger.com/feeds/8002380/posts/default/110374558295203049' />
    <link rel='alternate' type='text/html'
      href='https://books.supertitle.org/2004/10/books-of-blood-4.html' title='Books of Blood 4' />
    <author>
      <name>martin</name>
      <uri>https://www.blogger.com/profile/09053983859177005529</uri>
      <email>noreply@blogger.com</email>
      <gd:image rel='http://schemas.google.com/g/2005#thumbnail' width='35' height='35'
        src='//www.blogger.com/img/blogger_logo_round_35.png' />
    </author>
  </entry>
  <entry>
    <id>tag:blogger.com,1999:blog-8002380.post-109664210092754039</id>
    <published>2004-10-01T16:47:00.000+02:00</published>
    <updated>2004-10-01T16:48:20.926+02:00</updated>
    <category scheme='http://schemas.google.com/g/2005#kind'
      term='http://schemas.google.com/blogger/2008/kind#post' />
    <title type='text'>The Withered Arm</title>
    <content type='html'>The Withered Arm, Thomas Hardy
      (this is a short story. it's good)</content>
    <link rel='edit' type='application/atom+xml'
      href='https://www.blogger.com/feeds/8002380/posts/default/109664210092754039' />
    <link rel='self' type='application/atom+xml'
      href='https://www.blogger.com/feeds/8002380/posts/default/109664210092754039' />
    <link rel='alternate' type='text/html'
      href='https://books.supertitle.org/2004/10/withered-arm.html' title='The Withered Arm' />
    <author>
      <name>martin</name>
      <uri>https://www.blogger.com/profile/09053983859177005529</uri>
      <email>noreply@blogger.com</email>
      <gd:image rel='http://schemas.google.com/g/2005#thumbnail' width='35' height='35'
        src='//www.blogger.com/img/blogger_logo_round_35.png' />
    </author>
  </entry>
  <entry>
    <id>tag:blogger.com,1999:blog-8002380.post-109664203891089201</id>
    <published>2004-10-01T16:46:00.000+02:00</published>
    <updated>2004-10-01T16:48:48.616+02:00</updated>
    <category scheme='http://schemas.google.com/g/2005#kind'
      term='http://schemas.google.com/blogger/2008/kind#post' />
    <title type='text'>The Turn of the Screw</title>
    <content type='html'>The Turn of the Screw, Henry James</content>
    <link rel='edit' type='application/atom+xml'
      href='https://www.blogger.com/feeds/8002380/posts/default/109664203891089201' />
    <link rel='self' type='application/atom+xml'
      href='https://www.blogger.com/feeds/8002380/posts/default/109664203891089201' />
    <link rel='alternate' type='text/html'
      href='https://books.supertitle.org/2004/10/turn-of-screw.html' title='The Turn of the Screw' />
    <author>
      <name>martin</name>
      <uri>https://www.blogger.com/profile/09053983859177005529</uri>
      <email>noreply@blogger.com</email>
      <gd:image rel='http://schemas.google.com/g/2005#thumbnail' width='35' height='35'
        src='//www.blogger.com/img/blogger_logo_round_35.png' />
    </author>
  </entry>
  <entry>
    <id>tag:blogger.com,1999:blog-8002380.post-109664200531534504</id>
    <published>2004-10-01T16:45:00.000+02:00</published>
    <updated>2004-10-01T16:49:42.170+02:00</updated>
    <category scheme='http://schemas.google.com/g/2005#kind'
      term='http://schemas.google.com/blogger/2008/kind#post' />
    <title type='text'>Zen and the Art of Motorcycle Maintenance</title>
    <content type='html'>Zen and the Art of Motorcycle Maintenance, Robert M. Pirsig</content>
    <link rel='edit' type='application/atom+xml'
      href='https://www.blogger.com/feeds/8002380/posts/default/109664200531534504' />
    <link rel='self' type='application/atom+xml'
      href='https://www.blogger.com/feeds/8002380/posts/default/109664200531534504' />
    <link rel='alternate' type='text/html'
      href='https://books.supertitle.org/2004/10/zen-and-art-of-motorcycle-maintenance.html'
      title='Zen and the Art of Motorcycle Maintenance' />
    <author>
      <name>martin</name>
      <uri>https://www.blogger.com/profile/09053983859177005529</uri>
      <email>noreply@blogger.com</email>
      <gd:image rel='http://schemas.google.com/g/2005#thumbnail' width='35' height='35'
        src='//www.blogger.com/img/blogger_logo_round_35.png' />
    </author>
  </entry>
  <entry>
    <id>tag:blogger.com,1999:blog-8002380.post-109664191535204117</id>
    <published>2004-10-01T16:44:00.000+02:00</published>
    <updated>2017-08-19T14:20:50.327+02:00</updated>
    <category scheme='http://schemas.google.com/g/2005#kind'
      term='http://schemas.google.com/blogger/2008/kind#post' />
    <title type='text'>Imajica</title>
    <content type='html'>
      <div dir="ltr" style="text-align: left;" trbidi="on">
        <img class="bookCover" border="0"
          src="https://upload.wikimedia.org/wikipedia/en/e/e2/Imajica-250.jpg"></img>
        <br />
        <p>Imajica, Clive Barker</p>
        <p>Rules.</p>
      </div>
    </content>
    <link rel='edit' type='application/atom+xml'
      href='https://www.blogger.com/feeds/8002380/posts/default/109664191535204117' />
    <link rel='self' type='application/atom+xml'
      href='https://www.blogger.com/feeds/8002380/posts/default/109664191535204117' />
    <link rel='alternate' type='text/html' href='https://books.supertitle.org/2004/10/imajica.html'
      title='Imajica' />
    <author>
      <name>martin</name>
      <uri>https://www.blogger.com/profile/09053983859177005529</uri>
      <email>noreply@blogger.com</email>
      <gd:image rel='http://schemas.google.com/g/2005#thumbnail' width='35' height='35'
        src='//www.blogger.com/img/blogger_logo_round_35.png' />
    </author>
  </entry>
  <entry>
    <id>tag:blogger.com,1999:blog-8002380.post-109664180957069974</id>
    <published>2004-10-01T16:42:00.000+02:00</published>
    <updated>2020-08-21T13:47:10.317+02:00</updated>
    <category scheme='http://schemas.google.com/g/2005#kind'
      term='http://schemas.google.com/blogger/2008/kind#post' />
    <title type='text'>Lord Jim</title>
    <content type='html'>
      <div dir="ltr" style="text-align: left;" trbidi="on">
        <img class="bookCover" border="0"
          src="https://upload.wikimedia.org/wikipedia/en/1/11/LordJimCover.jpg"></img>
        <br />
        <p>Lord Jim, Joseph Conrad</p>
      </div>
    </content>
    <link rel='edit' type='application/atom+xml'
      href='https://www.blogger.com/feeds/8002380/posts/default/109664180957069974' />
    <link rel='self' type='application/atom+xml'
      href='https://www.blogger.com/feeds/8002380/posts/default/109664180957069974' />
    <link rel='alternate' type='text/html' href='https://books.supertitle.org/2004/10/lord-jim.html'
      title='Lord Jim' />
    <author>
      <name>martin</name>
      <uri>https://www.blogger.com/profile/09053983859177005529</uri>
      <email>noreply@blogger.com</email>
      <gd:image rel='http://schemas.google.com/g/2005#thumbnail' width='35' height='35'
        src='//www.blogger.com/img/blogger_logo_round_35.png' />
    </author>
  </entry>
  <entry>
    <id>tag:blogger.com,1999:blog-8002380.post-109290144659894674</id>
    <published>2004-08-20T16:40:00.000+02:00</published>
    <updated>2004-10-01T16:51:36.740+02:00</updated>
    <category scheme='http://schemas.google.com/g/2005#kind'
      term='http://schemas.google.com/blogger/2008/kind#post' />
    <title type='text'>The French Lieutenant's Woman</title>
    <content type='html'>The French Lieutenant's Woman, John Fowles</content>
    <link rel='edit' type='application/atom+xml'
      href='https://www.blogger.com/feeds/8002380/posts/default/109290144659894674' />
    <link rel='self' type='application/atom+xml'
      href='https://www.blogger.com/feeds/8002380/posts/default/109290144659894674' />
    <link rel='alternate' type='text/html'
      href='https://books.supertitle.org/2004/08/french-lieutenants-woman.html'
      title='The French Lieutenant&apos;s Woman' />
    <author>
      <name>martin</name>
      <uri>https://www.blogger.com/profile/09053983859177005529</uri>
      <email>noreply@blogger.com</email>
      <gd:image rel='http://schemas.google.com/g/2005#thumbnail' width='35' height='35'
        src='//www.blogger.com/img/blogger_logo_round_35.png' />
    </author>
  </entry>
  <entry>
    <id>tag:blogger.com,1999:blog-8002380.post-109664233884284912</id>
    <published>2004-08-19T16:51:00.000+02:00</published>
    <updated>2005-02-09T17:04:15.986+01:00</updated>
    <category scheme='http://schemas.google.com/g/2005#kind'
      term='http://schemas.google.com/blogger/2008/kind#post' />
    <title type='text'>Ulysses</title>
    <content type='html'>Ulysses, James Joyce
      - I read this for the first time in high school, and the essay I wrote about it was titled
      "Subtlety". I got so excited about the concept of subtlety that I even tried to insert a
      watermark in my essay on every page, with the word "subtlety". Luckily, my printer wouldn't
      show it.
      I remember that one observation I made in my essay was that things sometimes happen in Ulysses
      from several different angles, and that if you put the events together they might reveal other
      things. Or some character might be walking along trying to remember something, and then a
      million things will happen, and then 100 pages later he'll remember it. Which I found
      remarkable for the patience it would require to write.
      I learned later that I based most of observations on the chapter called "Wandering Rocks", and
      that that chapter is made precisely to make you think of such things.</content>
    <link rel='edit' type='application/atom+xml'
      href='https://www.blogger.com/feeds/8002380/posts/default/109664233884284912' />
    <link rel='self' type='application/atom+xml'
      href='https://www.blogger.com/feeds/8002380/posts/default/109664233884284912' />
    <link rel='alternate' type='text/html' href='https://books.supertitle.org/2004/08/ulysses.html'
      title='Ulysses' />
    <author>
      <name>martin</name>
      <uri>https://www.blogger.com/profile/09053983859177005529</uri>
      <email>noreply@blogger.com</email>
      <gd:image rel='http://schemas.google.com/g/2005#thumbnail' width='35' height='35'
        src='//www.blogger.com/img/blogger_logo_round_35.png' />
    </author>
  </entry>
  <entry>
    <id>tag:blogger.com,1999:blog-8002380.post-1774612158843533922</id>
    <published>2004-08-18T19:00:00.000+02:00</published>
    <updated>2008-09-27T20:04:37.784+02:00</updated>
    <category scheme='http://schemas.google.com/g/2005#kind'
      term='http://schemas.google.com/blogger/2008/kind#post' />
    <title type='text'>The Great Train Robbery</title>
    <content type='html'>
      <p>The Great Train Robbery, Michael Crichton</p>
    </content>
    <link rel='edit' type='application/atom+xml'
      href='https://www.blogger.com/feeds/8002380/posts/default/1774612158843533922' />
    <link rel='self' type='application/atom+xml'
      href='https://www.blogger.com/feeds/8002380/posts/default/1774612158843533922' />
    <link rel='alternate' type='text/html'
      href='https://books.supertitle.org/2004/08/great-train-robbery.html'
      title='The Great Train Robbery' />
    <author>
      <name>martin</name>
      <uri>https://www.blogger.com/profile/09053983859177005529</uri>
      <email>noreply@blogger.com</email>
      <gd:image rel='http://schemas.google.com/g/2005#thumbnail' width='35' height='35'
        src='//www.blogger.com/img/blogger_logo_round_35.png' />
    </author>
  </entry>
  <entry>
    <id>tag:blogger.com,1999:blog-8002380.post-7644873273732001826</id>
    <published>2004-08-18T18:50:00.000+02:00</published>
    <updated>2008-09-27T20:05:55.069+02:00</updated>
    <category scheme='http://schemas.google.com/g/2005#kind'
      term='http://schemas.google.com/blogger/2008/kind#post' />
    <title type='text'>Jurassic Park</title>
    <content type='html'>
      <p>Jurassic Park, Michael Chrichton</p>
    </content>
    <link rel='edit' type='application/atom+xml'
      href='https://www.blogger.com/feeds/8002380/posts/default/7644873273732001826' />
    <link rel='self' type='application/atom+xml'
      href='https://www.blogger.com/feeds/8002380/posts/default/7644873273732001826' />
    <link rel='alternate' type='text/html'
      href='https://books.supertitle.org/2004/08/jurassic-park.html' title='Jurassic Park' />
    <author>
      <name>martin</name>
      <uri>https://www.blogger.com/profile/09053983859177005529</uri>
      <email>noreply@blogger.com</email>
      <gd:image rel='http://schemas.google.com/g/2005#thumbnail' width='35' height='35'
        src='//www.blogger.com/img/blogger_logo_round_35.png' />
    </author>
  </entry>
  <entry>
    <id>tag:blogger.com,1999:blog-8002380.post-109664240409962531</id>
    <published>2004-08-18T16:53:00.000+02:00</published>
    <updated>2004-10-01T16:53:24.100+02:00</updated>
    <category scheme='http://schemas.google.com/g/2005#kind'
      term='http://schemas.google.com/blogger/2008/kind#post' />
    <title type='text'>A Portrait of the Artist as a Young Man</title>
    <content type='html'>A Portrait of the Artist as a Young Man, James Joyce</content>
    <link rel='edit' type='application/atom+xml'
      href='https://www.blogger.com/feeds/8002380/posts/default/109664240409962531' />
    <link rel='self' type='application/atom+xml'
      href='https://www.blogger.com/feeds/8002380/posts/default/109664240409962531' />
    <link rel='alternate' type='text/html'
      href='https://books.supertitle.org/2004/08/portrait-of-artist-as-young-man.html'
      title='A Portrait of the Artist as a Young Man' />
    <author>
      <name>martin</name>
      <uri>https://www.blogger.com/profile/09053983859177005529</uri>
      <email>noreply@blogger.com</email>
      <gd:image rel='http://schemas.google.com/g/2005#thumbnail' width='35' height='35'
        src='//www.blogger.com/img/blogger_logo_round_35.png' />
    </author>
  </entry>
  <entry>
    <id>tag:blogger.com,1999:blog-8002380.post-109664381035708737</id>
    <published>2004-08-17T23:16:00.000+02:00</published>
    <updated>2004-10-01T17:16:50.356+02:00</updated>
    <category scheme='http://schemas.google.com/g/2005#kind'
      term='http://schemas.google.com/blogger/2008/kind#post' />
    <title type='text'>The Pillars of the Earth</title>
    <content type='html'>The Pillars of the Earth, Ken Follet</content>
    <link rel='edit' type='application/atom+xml'
      href='https://www.blogger.com/feeds/8002380/posts/default/109664381035708737' />
    <link rel='self' type='application/atom+xml'
      href='https://www.blogger.com/feeds/8002380/posts/default/109664381035708737' />
    <link rel='alternate' type='text/html'
      href='https://books.supertitle.org/2004/08/pillars-of-earth.html'
      title='The Pillars of the Earth' />
    <author>
      <name>martin</name>
      <uri>https://www.blogger.com/profile/09053983859177005529</uri>
      <email>noreply@blogger.com</email>
      <gd:image rel='http://schemas.google.com/g/2005#thumbnail' width='35' height='35'
        src='//www.blogger.com/img/blogger_logo_round_35.png' />
    </author>
  </entry>
  <entry>
    <id>tag:blogger.com,1999:blog-8002380.post-109776754881243846</id>
    <published>2004-08-17T23:00:00.000+02:00</published>
    <updated>2005-05-12T10:43:00.286+02:00</updated>
    <category scheme='http://schemas.google.com/g/2005#kind'
      term='http://schemas.google.com/blogger/2008/kind#post' />
    <title type='text'>Smilla's Sense of Snow</title>
    <content type='html'>Smilla's Sense of Snow, Peter H&amp;oslash;eg</content>
    <link rel='edit' type='application/atom+xml'
      href='https://www.blogger.com/feeds/8002380/posts/default/109776754881243846' />
    <link rel='self' type='application/atom+xml'
      href='https://www.blogger.com/feeds/8002380/posts/default/109776754881243846' />
    <link rel='alternate' type='text/html'
      href='https://books.supertitle.org/2004/08/smillas-sense-of-snow.html'
      title='Smilla&apos;s Sense of Snow' />
    <author>
      <name>martin</name>
      <uri>https://www.blogger.com/profile/09053983859177005529</uri>
      <email>noreply@blogger.com</email>
      <gd:image rel='http://schemas.google.com/g/2005#thumbnail' width='35' height='35'
        src='//www.blogger.com/img/blogger_logo_round_35.png' />
    </author>
  </entry>
  <entry>
    <id>tag:blogger.com,1999:blog-8002380.post-114675507116688018</id>
    <published>2004-08-17T22:35:00.000+02:00</published>
    <updated>2006-05-04T17:04:31.166+02:00</updated>
    <category scheme='http://schemas.google.com/g/2005#kind'
      term='http://schemas.google.com/blogger/2008/kind#post' />
    <title type='text'>Legion</title>
    <content type='html'>
      <p>Legion, William Peter Blaty</p>
    </content>
    <link rel='edit' type='application/atom+xml'
      href='https://www.blogger.com/feeds/8002380/posts/default/114675507116688018' />
    <link rel='self' type='application/atom+xml'
      href='https://www.blogger.com/feeds/8002380/posts/default/114675507116688018' />
    <link rel='alternate' type='text/html' href='https://books.supertitle.org/2004/08/legion.html'
      title='Legion' />
    <author>
      <name>martin</name>
      <uri>https://www.blogger.com/profile/09053983859177005529</uri>
      <email>noreply@blogger.com</email>
      <gd:image rel='http://schemas.google.com/g/2005#thumbnail' width='35' height='35'
        src='//www.blogger.com/img/blogger_logo_round_35.png' />
    </author>
  </entry>
  <entry>
    <id>tag:blogger.com,1999:blog-8002380.post-114675501610945974</id>
    <published>2004-08-17T22:30:00.000+02:00</published>
    <updated>2006-05-04T17:03:36.110+02:00</updated>
    <category scheme='http://schemas.google.com/g/2005#kind'
      term='http://schemas.google.com/blogger/2008/kind#post' />
    <title type='text'>The Exorcist</title>
    <content type='html'>
      <p>The Exorcist, William Peter Blaty</p>
    </content>
    <link rel='edit' type='application/atom+xml'
      href='https://www.blogger.com/feeds/8002380/posts/default/114675501610945974' />
    <link rel='self' type='application/atom+xml'
      href='https://www.blogger.com/feeds/8002380/posts/default/114675501610945974' />
    <link rel='alternate' type='text/html' href='https://books.supertitle.org/2004/08/exorcist.html'
      title='The Exorcist' />
    <author>
      <name>martin</name>
      <uri>https://www.blogger.com/profile/09053983859177005529</uri>
      <email>noreply@blogger.com</email>
      <gd:image rel='http://schemas.google.com/g/2005#thumbnail' width='35' height='35'
        src='//www.blogger.com/img/blogger_logo_round_35.png' />
    </author>
  </entry>
  <entry>
    <id>tag:blogger.com,1999:blog-8002380.post-113665921064178440</id>
    <published>2004-08-17T22:20:00.000+02:00</published>
    <updated>2006-01-07T19:40:10.640+01:00</updated>
    <category scheme='http://schemas.google.com/g/2005#kind'
      term='http://schemas.google.com/blogger/2008/kind#post' />
    <title type='text'>Brave New World</title>
    <content type='html'>
      <p>Brave New World, Aldous Huxley</p>
      <p>I'm not sure if I liked this. I think it seemed quaint and forced, simplistic, childish.</p>
      <p>The ideas in it make me curious, make me think I should maybe read it again. But the
        impressions I got from the first time are discouraging.</p>
    </content>
    <link rel='edit' type='application/atom+xml'
      href='https://www.blogger.com/feeds/8002380/posts/default/113665921064178440' />
    <link rel='self' type='application/atom+xml'
      href='https://www.blogger.com/feeds/8002380/posts/default/113665921064178440' />
    <link rel='alternate' type='text/html'
      href='https://books.supertitle.org/2004/08/brave-new-world.html' title='Brave New World' />
    <author>
      <name>martin</name>
      <uri>https://www.blogger.com/profile/09053983859177005529</uri>
      <email>noreply@blogger.com</email>
      <gd:image rel='http://schemas.google.com/g/2005#thumbnail' width='35' height='35'
        src='//www.blogger.com/img/blogger_logo_round_35.png' />
    </author>
  </entry>
  <entry>
    <id>tag:blogger.com,1999:blog-8002380.post-111589009388850245</id>
    <published>2004-08-17T22:18:00.000+02:00</published>
    <updated>2005-05-12T11:28:13.896+02:00</updated>
    <category scheme='http://schemas.google.com/g/2005#kind'
      term='http://schemas.google.com/blogger/2008/kind#post' />
    <title type='text'>Hocus Pocus</title>
    <content type='html'>
      <p>Hocus Pocus, Kurt Vonnegut</p>
      <p>I did a project comparing this to The Diviners, and one thing I remember emphasising was
        how the timeline in Hocus Pocus straddles both the near past and the near future. It starts
        some 20 years before the book was written, and ends some 20 years after. I thought that was
        a mark of the author's confidence.</p>
      <p>I think it was quite good, though I don't remember what it was about, and its memory makes
        me want to read more Vonneguts.</p>
    </content>
    <link rel='edit' type='application/atom+xml'
      href='https://www.blogger.com/feeds/8002380/posts/default/111589009388850245' />
    <link rel='self' type='application/atom+xml'
      href='https://www.blogger.com/feeds/8002380/posts/default/111589009388850245' />
    <link rel='alternate' type='text/html'
      href='https://books.supertitle.org/2004/08/hocus-pocus.html' title='Hocus Pocus' />
    <author>
      <name>martin</name>
      <uri>https://www.blogger.com/profile/09053983859177005529</uri>
      <email>noreply@blogger.com</email>
      <gd:image rel='http://schemas.google.com/g/2005#thumbnail' width='35' height='35'
        src='//www.blogger.com/img/blogger_logo_round_35.png' />
    </author>
  </entry>
  <entry>
    <id>tag:blogger.com,1999:blog-8002380.post-111588982760887997</id>
    <published>2004-08-17T22:17:00.000+02:00</published>
    <updated>2005-05-12T11:24:24.236+02:00</updated>
    <category scheme='http://schemas.google.com/g/2005#kind'
      term='http://schemas.google.com/blogger/2008/kind#post' />
    <title type='text'>Moreta: Dragonlady of Pern</title>
    <content type='html'>
      <p>Moreta: Dragonlady of Pern, Anne McCaffrey</p>
      <p>I think this was the second time I read this, but not because I especially liked it. I
        remember the whole Pern series as being pretty good, though slightly vacant.</p>
    </content>
    <link rel='edit' type='application/atom+xml'
      href='https://www.blogger.com/feeds/8002380/posts/default/111588982760887997' />
    <link rel='self' type='application/atom+xml'
      href='https://www.blogger.com/feeds/8002380/posts/default/111588982760887997' />
    <link rel='alternate' type='text/html'
      href='https://books.supertitle.org/2004/08/moreta-dragonlady-of-pern.html'
      title='Moreta: Dragonlady of Pern' />
    <author>
      <name>martin</name>
      <uri>https://www.blogger.com/profile/09053983859177005529</uri>
      <email>noreply@blogger.com</email>
      <gd:image rel='http://schemas.google.com/g/2005#thumbnail' width='35' height='35'
        src='//www.blogger.com/img/blogger_logo_round_35.png' />
    </author>
  </entry>
  <entry>
    <id>tag:blogger.com,1999:blog-8002380.post-111588784823544904</id>
    <published>2004-08-17T22:16:00.000+02:00</published>
    <updated>2005-05-12T10:50:48.243+02:00</updated>
    <category scheme='http://schemas.google.com/g/2005#kind'
      term='http://schemas.google.com/blogger/2008/kind#post' />
    <title type='text'>The Diviners</title>
    <content type='html'>
      <p>The Diviners, Margaret Laurence</p>
      <p>I remember doing my homework about this book and finding an article that listed this book's
        first sentence as among the top first sentences of all time. It starts: "The river flowed
        both ways." And I think it continues with the same force.</p>
    </content>
    <link rel='edit' type='application/atom+xml'
      href='https://www.blogger.com/feeds/8002380/posts/default/111588784823544904' />
    <link rel='self' type='application/atom+xml'
      href='https://www.blogger.com/feeds/8002380/posts/default/111588784823544904' />
    <link rel='alternate' type='text/html' href='https://books.supertitle.org/2004/08/diviners.html'
      title='The Diviners' />
    <author>
      <name>martin</name>
      <uri>https://www.blogger.com/profile/09053983859177005529</uri>
      <email>noreply@blogger.com</email>
      <gd:image rel='http://schemas.google.com/g/2005#thumbnail' width='35' height='35'
        src='//www.blogger.com/img/blogger_logo_round_35.png' />
    </author>
  </entry>
  <entry>
    <id>tag:blogger.com,1999:blog-8002380.post-111588767032927660</id>
    <published>2004-08-17T22:15:00.000+02:00</published>
    <updated>2005-05-12T10:47:50.333+02:00</updated>
    <category scheme='http://schemas.google.com/g/2005#kind'
      term='http://schemas.google.com/blogger/2008/kind#post' />
    <title type='text'>The Agony and the Ecstasy</title>
    <content type='html'>
      <p>The Agony and the Ecstasy, Irving Stone</p>
      <p>As far as I remember, this must have been pretty good. Since reading it I have always felt
        an emotional attachment for Michaelangelo.</p>
    </content>
    <link rel='edit' type='application/atom+xml'
      href='https://www.blogger.com/feeds/8002380/posts/default/111588767032927660' />
    <link rel='self' type='application/atom+xml'
      href='https://www.blogger.com/feeds/8002380/posts/default/111588767032927660' />
    <link rel='alternate' type='text/html'
      href='https://books.supertitle.org/2004/08/agony-and-ecstasy.html'
      title='The Agony and the Ecstasy' />
    <author>
      <name>martin</name>
      <uri>https://www.blogger.com/profile/09053983859177005529</uri>
      <email>noreply@blogger.com</email>
      <gd:image rel='http://schemas.google.com/g/2005#thumbnail' width='35' height='35'
        src='//www.blogger.com/img/blogger_logo_round_35.png' />
    </author>
  </entry>
  <entry>
    <id>tag:blogger.com,1999:blog-8002380.post-114845296780983865</id>
    <published>2004-08-17T22:13:00.000+02:00</published>
    <updated>2006-07-09T12:12:35.426+02:00</updated>
    <category scheme='http://schemas.google.com/g/2005#kind'
      term='http://schemas.google.com/blogger/2008/kind#post' />
    <title type='text'>Fifth Business</title>
    <content type='html'>
      <p>Fifth Business, Robertson Davies</p>
      <p>Thick and chocolatey.</p>
    </content>
    <link rel='edit' type='application/atom+xml'
      href='https://www.blogger.com/feeds/8002380/posts/default/114845296780983865' />
    <link rel='self' type='application/atom+xml'
      href='https://www.blogger.com/feeds/8002380/posts/default/114845296780983865' />
    <link rel='alternate' type='text/html'
      href='https://books.supertitle.org/2004/08/fifth-business.html' title='Fifth Business' />
    <author>
      <name>martin</name>
      <uri>https://www.blogger.com/profile/09053983859177005529</uri>
      <email>noreply@blogger.com</email>
      <gd:image rel='http://schemas.google.com/g/2005#thumbnail' width='35' height='35'
        src='//www.blogger.com/img/blogger_logo_round_35.png' />
    </author>
  </entry>
  <entry>
    <id>tag:blogger.com,1999:blog-8002380.post-109664366320948100</id>
    <published>2004-08-17T22:12:00.000+02:00</published>
    <updated>2006-05-24T08:40:56.246+02:00</updated>
    <category scheme='http://schemas.google.com/g/2005#kind'
      term='http://schemas.google.com/blogger/2008/kind#post' />
    <title type='text'>A Separate Peace</title>
    <content type='html'>A Separate Peace, John Knowles</content>
    <link rel='edit' type='application/atom+xml'
      href='https://www.blogger.com/feeds/8002380/posts/default/109664366320948100' />
    <link rel='self' type='application/atom+xml'
      href='https://www.blogger.com/feeds/8002380/posts/default/109664366320948100' />
    <link rel='alternate' type='text/html'
      href='https://books.supertitle.org/2004/08/separate-peace.html' title='A Separate Peace' />
    <author>
      <name>martin</name>
      <uri>https://www.blogger.com/profile/09053983859177005529</uri>
      <email>noreply@blogger.com</email>
      <gd:image rel='http://schemas.google.com/g/2005#thumbnail' width='35' height='35'
        src='//www.blogger.com/img/blogger_logo_round_35.png' />
    </author>
  </entry>
  <entry>
    <id>tag:blogger.com,1999:blog-8002380.post-115244014000674659</id>
    <published>2004-08-17T22:10:00.000+02:00</published>
    <updated>2006-07-09T12:18:07.536+02:00</updated>
    <category scheme='http://schemas.google.com/g/2005#kind'
      term='http://schemas.google.com/blogger/2008/kind#post' />
    <title type='text'>Friday</title>
    <content type='html'>
      <p>Friday, Robert A. Heinlein</p>
    </content>
    <link rel='edit' type='application/atom+xml'
      href='https://www.blogger.com/feeds/8002380/posts/default/115244014000674659' />
    <link rel='self' type='application/atom+xml'
      href='https://www.blogger.com/feeds/8002380/posts/default/115244014000674659' />
    <link rel='alternate' type='text/html' href='https://books.supertitle.org/2004/08/friday.html'
      title='Friday' />
    <author>
      <name>martin</name>
      <uri>https://www.blogger.com/profile/09053983859177005529</uri>
      <email>noreply@blogger.com</email>
      <gd:image rel='http://schemas.google.com/g/2005#thumbnail' width='35' height='35'
        src='//www.blogger.com/img/blogger_logo_round_35.png' />
    </author>
  </entry>
  <entry>
    <id>tag:blogger.com,1999:blog-8002380.post-113389670223318534</id>
    <published>2004-08-17T22:09:00.000+02:00</published>
    <updated>2006-05-24T08:40:05.946+02:00</updated>
    <category scheme='http://schemas.google.com/g/2005#kind'
      term='http://schemas.google.com/blogger/2008/kind#post' />
    <title type='text'>Ender's Game</title>
    <content type='html'>
      <p>Ender's Game, Orson Scott Card</p>
      <p>I remember thinking that the author must have calculated the thickness of the final chapter
        in order not to give away the book's ending.</p>
    </content>
    <link rel='edit' type='application/atom+xml'
      href='https://www.blogger.com/feeds/8002380/posts/default/113389670223318534' />
    <link rel='self' type='application/atom+xml'
      href='https://www.blogger.com/feeds/8002380/posts/default/113389670223318534' />
    <link rel='alternate' type='text/html'
      href='https://books.supertitle.org/2004/08/enders-game.html' title='Ender&apos;s Game' />
    <author>
      <name>martin</name>
      <uri>https://www.blogger.com/profile/09053983859177005529</uri>
      <email>noreply@blogger.com</email>
      <gd:image rel='http://schemas.google.com/g/2005#thumbnail' width='35' height='35'
        src='//www.blogger.com/img/blogger_logo_round_35.png' />
    </author>
  </entry>
  <entry>
    <id>tag:blogger.com,1999:blog-8002380.post-111589045056486437</id>
    <published>2004-08-17T22:06:00.000+02:00</published>
    <updated>2005-05-12T11:34:10.570+02:00</updated>
    <category scheme='http://schemas.google.com/g/2005#kind'
      term='http://schemas.google.com/blogger/2008/kind#post' />
    <title type='text'>Mona Lisa Overdrive</title>
    <content type='html'>
      <p>Mona Lisa Overdrive, William Gibson</p>
      <p>I don't remember this much, although I remember eagerly awaiting it. Something about art
        theft, I think. Pretty good.</p>
    </content>
    <link rel='edit' type='application/atom+xml'
      href='https://www.blogger.com/feeds/8002380/posts/default/111589045056486437' />
    <link rel='self' type='application/atom+xml'
      href='https://www.blogger.com/feeds/8002380/posts/default/111589045056486437' />
    <link rel='alternate' type='text/html'
      href='https://books.supertitle.org/2004/08/mona-lisa-overdrive.html'
      title='Mona Lisa Overdrive' />
    <author>
      <name>martin</name>
      <uri>https://www.blogger.com/profile/09053983859177005529</uri>
      <email>noreply@blogger.com</email>
      <gd:image rel='http://schemas.google.com/g/2005#thumbnail' width='35' height='35'
        src='//www.blogger.com/img/blogger_logo_round_35.png' />
    </author>
  </entry>
  <entry>
    <id>tag:blogger.com,1999:blog-8002380.post-111589080256971089</id>
    <published>2004-08-17T17:07:00.000+02:00</published>
    <updated>2005-05-12T11:40:02.576+02:00</updated>
    <category scheme='http://schemas.google.com/g/2005#kind'
      term='http://schemas.google.com/blogger/2008/kind#post' />
    <title type='text'>The Difference Engine</title>
    <content type='html'>
      <p>The Difference Engine, William Gibson and Bruce Sterling</p>
      <p>This is probably the only historical science fiction novel I have read (as of 2005), and I
        still find it an extremely novel idea. Stunning, really. Wish I had thought of it.</p>
    </content>
    <link rel='edit' type='application/atom+xml'
      href='https://www.blogger.com/feeds/8002380/posts/default/111589080256971089' />
    <link rel='self' type='application/atom+xml'
      href='https://www.blogger.com/feeds/8002380/posts/default/111589080256971089' />
    <link rel='alternate' type='text/html'
      href='https://books.supertitle.org/2004/08/difference-engine.html'
      title='The Difference Engine' />
    <author>
      <name>martin</name>
      <uri>https://www.blogger.com/profile/09053983859177005529</uri>
      <email>noreply@blogger.com</email>
      <gd:image rel='http://schemas.google.com/g/2005#thumbnail' width='35' height='35'
        src='//www.blogger.com/img/blogger_logo_round_35.png' />
    </author>
  </entry>
  <entry>
    <id>tag:blogger.com,1999:blog-8002380.post-111589036786220812</id>
    <published>2004-08-17T17:05:00.000+02:00</published>
    <updated>2005-05-12T11:32:47.866+02:00</updated>
    <category scheme='http://schemas.google.com/g/2005#kind'
      term='http://schemas.google.com/blogger/2008/kind#post' />
    <title type='text'>Count Zero</title>
    <content type='html'>
      <p>Count Zero, William Gibson</p>
      <p>I don't remember this. Is it the one with the bridge? I probably liked it a lot.</p>
    </content>
    <link rel='edit' type='application/atom+xml'
      href='https://www.blogger.com/feeds/8002380/posts/default/111589036786220812' />
    <link rel='self' type='application/atom+xml'
      href='https://www.blogger.com/feeds/8002380/posts/default/111589036786220812' />
    <link rel='alternate' type='text/html'
      href='https://books.supertitle.org/2004/08/count-zero.html' title='Count Zero' />
    <author>
      <name>martin</name>
      <uri>https://www.blogger.com/profile/09053983859177005529</uri>
      <email>noreply@blogger.com</email>
      <gd:image rel='http://schemas.google.com/g/2005#thumbnail' width='35' height='35'
        src='//www.blogger.com/img/blogger_logo_round_35.png' />
    </author>
  </entry>
  <entry>
    <id>tag:blogger.com,1999:blog-8002380.post-111272731500672612</id>
    <published>2004-08-17T17:00:00.000+02:00</published>
    <updated>2005-12-03T18:22:31.010+01:00</updated>
    <category scheme='http://schemas.google.com/g/2005#kind'
      term='http://schemas.google.com/blogger/2008/kind#post' />
    <title type='text'>Neuromancer</title>
    <content type='html'>
      <p>Neuromance, Gibson</p>
      <p>Second time.</p>
      <p>I found it hard. Good, but hard. Still didn't get what happened exactly.</p>
    </content>
    <link rel='edit' type='application/atom+xml'
      href='https://www.blogger.com/feeds/8002380/posts/default/111272731500672612' />
    <link rel='self' type='application/atom+xml'
      href='https://www.blogger.com/feeds/8002380/posts/default/111272731500672612' />
    <link rel='alternate' type='text/html'
      href='https://books.supertitle.org/2004/08/neuromancer.html' title='Neuromancer' />
    <author>
      <name>martin</name>
      <uri>https://www.blogger.com/profile/09053983859177005529</uri>
      <email>noreply@blogger.com</email>
      <gd:image rel='http://schemas.google.com/g/2005#thumbnail' width='35' height='35'
        src='//www.blogger.com/img/blogger_logo_round_35.png' />
    </author>
  </entry>
  <entry>
    <id>tag:blogger.com,1999:blog-8002380.post-109664247680324619</id>
    <published>2004-08-17T16:54:00.000+02:00</published>
    <updated>2004-10-01T16:54:36.803+02:00</updated>
    <category scheme='http://schemas.google.com/g/2005#kind'
      term='http://schemas.google.com/blogger/2008/kind#post' />
    <title type='text'>White Fang</title>
    <content type='html'>White Fang, Jack London</content>
    <link rel='edit' type='application/atom+xml'
      href='https://www.blogger.com/feeds/8002380/posts/default/109664247680324619' />
    <link rel='self' type='application/atom+xml'
      href='https://www.blogger.com/feeds/8002380/posts/default/109664247680324619' />
    <link rel='alternate' type='text/html'
      href='https://books.supertitle.org/2004/08/white-fang.html' title='White Fang' />
    <author>
      <name>martin</name>
      <uri>https://www.blogger.com/profile/09053983859177005529</uri>
      <email>noreply@blogger.com</email>
      <gd:image rel='http://schemas.google.com/g/2005#thumbnail' width='35' height='35'
        src='//www.blogger.com/img/blogger_logo_round_35.png' />
    </author>
  </entry>
  <entry>
    <id>tag:blogger.com,1999:blog-8002380.post-109664244411433009</id>
    <published>2004-08-17T16:53:00.000+02:00</published>
    <updated>2004-10-01T16:54:04.113+02:00</updated>
    <category scheme='http://schemas.google.com/g/2005#kind'
      term='http://schemas.google.com/blogger/2008/kind#post' />
    <title type='text'>The Call of the Wild</title>
    <content type='html'>The Call of the Wild, Jack London</content>
    <link rel='edit' type='application/atom+xml'
      href='https://www.blogger.com/feeds/8002380/posts/default/109664244411433009' />
    <link rel='self' type='application/atom+xml'
      href='https://www.blogger.com/feeds/8002380/posts/default/109664244411433009' />
    <link rel='alternate' type='text/html'
      href='https://books.supertitle.org/2004/08/call-of-wild.html' title='The Call of the Wild' />
    <author>
      <name>martin</name>
      <uri>https://www.blogger.com/profile/09053983859177005529</uri>
      <email>noreply@blogger.com</email>
      <gd:image rel='http://schemas.google.com/g/2005#thumbnail' width='35' height='35'
        src='//www.blogger.com/img/blogger_logo_round_35.png' />
    </author>
  </entry>
  <entry>
    <id>tag:blogger.com,1999:blog-8002380.post-3344773964362853542</id>
    <published>2004-08-17T16:50:00.000+02:00</published>
    <updated>2008-08-07T08:09:36.555+02:00</updated>
    <category scheme='http://schemas.google.com/g/2005#kind'
      term='http://schemas.google.com/blogger/2008/kind#post' />
    <title type='text'>Flatland</title>
    <content type='html'>
      <p>Flatland, Edwin A. Abbott</p>
    </content>
    <link rel='edit' type='application/atom+xml'
      href='https://www.blogger.com/feeds/8002380/posts/default/3344773964362853542' />
    <link rel='self' type='application/atom+xml'
      href='https://www.blogger.com/feeds/8002380/posts/default/3344773964362853542' />
    <link rel='alternate' type='text/html' href='https://books.supertitle.org/2004/08/flatland.html'
      title='Flatland' />
    <author>
      <name>martin</name>
      <uri>https://www.blogger.com/profile/09053983859177005529</uri>
      <email>noreply@blogger.com</email>
      <gd:image rel='http://schemas.google.com/g/2005#thumbnail' width='35' height='35'
        src='//www.blogger.com/img/blogger_logo_round_35.png' />
    </author>
  </entry>
  <entry>
    <id>tag:blogger.com,1999:blog-8002380.post-2028972682852520858</id>
    <published>2004-08-17T15:59:00.000+02:00</published>
    <updated>2012-08-28T16:01:26.902+02:00</updated>
    <category scheme='http://schemas.google.com/g/2005#kind'
      term='http://schemas.google.com/blogger/2008/kind#post' />
    <title type='text'>The Handmaid's Tale</title>
    <content type='html'>
      <p>The Handmaid's Tale, Margaret Atwood</p>
      <p>Forced through this in highschool.</p>
    </content>
    <link rel='edit' type='application/atom+xml'
      href='https://www.blogger.com/feeds/8002380/posts/default/2028972682852520858' />
    <link rel='self' type='application/atom+xml'
      href='https://www.blogger.com/feeds/8002380/posts/default/2028972682852520858' />
    <link rel='alternate' type='text/html'
      href='https://books.supertitle.org/2004/08/the-handmaids-tale.html'
      title='The Handmaid&apos;s Tale' />
    <author>
      <name>martin</name>
      <uri>https://www.blogger.com/profile/09053983859177005529</uri>
      <email>noreply@blogger.com</email>
      <gd:image rel='http://schemas.google.com/g/2005#thumbnail' width='35' height='35'
        src='//www.blogger.com/img/blogger_logo_round_35.png' />
    </author>
  </entry>
  <entry>
    <id>tag:blogger.com,1999:blog-8002380.post-111589028122981772</id>
    <published>2004-08-16T17:00:00.000+02:00</published>
    <updated>2005-05-12T11:31:21.233+02:00</updated>
    <category scheme='http://schemas.google.com/g/2005#kind'
      term='http://schemas.google.com/blogger/2008/kind#post' />
    <title type='text'>Dune</title>
    <content type='html'>
      <p>Dune, Frank Herbert</p>
      <p>This was good, as I recall. Very alien, but very familiar science fiction.</p>
    </content>
    <link rel='edit' type='application/atom+xml'
      href='https://www.blogger.com/feeds/8002380/posts/default/111589028122981772' />
    <link rel='self' type='application/atom+xml'
      href='https://www.blogger.com/feeds/8002380/posts/default/111589028122981772' />
    <link rel='alternate' type='text/html' href='https://books.supertitle.org/2004/08/dune.html'
      title='Dune' />
    <author>
      <name>martin</name>
      <uri>https://www.blogger.com/profile/09053983859177005529</uri>
      <email>noreply@blogger.com</email>
      <gd:image rel='http://schemas.google.com/g/2005#thumbnail' width='35' height='35'
        src='//www.blogger.com/img/blogger_logo_round_35.png' />
    </author>
  </entry>
  <entry>
    <id>tag:blogger.com,1999:blog-8002380.post-109664253615299038</id>
    <published>2004-08-16T16:55:00.000+02:00</published>
    <updated>2004-10-01T16:55:36.153+02:00</updated>
    <category scheme='http://schemas.google.com/g/2005#kind'
      term='http://schemas.google.com/blogger/2008/kind#post' />
    <title type='text'>War of the Worlds</title>
    <content type='html'>War of the Worlds, H.G. Wells</content>
    <link rel='edit' type='application/atom+xml'
      href='https://www.blogger.com/feeds/8002380/posts/default/109664253615299038' />
    <link rel='self' type='application/atom+xml'
      href='https://www.blogger.com/feeds/8002380/posts/default/109664253615299038' />
    <link rel='alternate' type='text/html'
      href='https://books.supertitle.org/2004/08/war-of-worlds.html' title='War of the Worlds' />
    <author>
      <name>martin</name>
      <uri>https://www.blogger.com/profile/09053983859177005529</uri>
      <email>noreply@blogger.com</email>
      <gd:image rel='http://schemas.google.com/g/2005#thumbnail' width='35' height='35'
        src='//www.blogger.com/img/blogger_logo_round_35.png' />
    </author>
  </entry>
  <entry>
    <id>tag:blogger.com,1999:blog-8002380.post-911988190545299798</id>
    <published>2004-08-15T17:30:00.000+02:00</published>
    <updated>2014-07-02T22:05:53.494+02:00</updated>
    <category scheme='http://schemas.google.com/g/2005#kind'
      term='http://schemas.google.com/blogger/2008/kind#post' />
    <title type='text'>Crisis on Conshelf Ten, Monica Hughes</title>
    <content type='html'>
      <p>Crisis on Conshelf Ten, Monica Hughes</p>
    </content>
    <link rel='edit' type='application/atom+xml'
      href='https://www.blogger.com/feeds/8002380/posts/default/911988190545299798' />
    <link rel='self' type='application/atom+xml'
      href='https://www.blogger.com/feeds/8002380/posts/default/911988190545299798' />
    <link rel='alternate' type='text/html'
      href='https://books.supertitle.org/2004/08/crisis-on-conself-ten-monica-hughes.html'
      title='Crisis on Conshelf Ten, Monica Hughes' />
    <author>
      <name>martin</name>
      <uri>https://www.blogger.com/profile/09053983859177005529</uri>
      <email>noreply@blogger.com</email>
      <gd:image rel='http://schemas.google.com/g/2005#thumbnail' width='35' height='35'
        src='//www.blogger.com/img/blogger_logo_round_35.png' />
    </author>
  </entry>
  <entry>
    <id>tag:blogger.com,1999:blog-8002380.post-109664260242313604</id>
    <published>2004-08-15T16:56:00.000+02:00</published>
    <updated>2004-10-01T16:56:42.423+02:00</updated>
    <category scheme='http://schemas.google.com/g/2005#kind'
      term='http://schemas.google.com/blogger/2008/kind#post' />
    <title type='text'>Memoirs Found in a Bathtub</title>
    <content type='html'>Memoirs Found in a Bathtub, Stanislaw Lem</content>
    <link rel='edit' type='application/atom+xml'
      href='https://www.blogger.com/feeds/8002380/posts/default/109664260242313604' />
    <link rel='self' type='application/atom+xml'
      href='https://www.blogger.com/feeds/8002380/posts/default/109664260242313604' />
    <link rel='alternate' type='text/html'
      href='https://books.supertitle.org/2004/08/memoirs-found-in-bathtub.html'
      title='Memoirs Found in a Bathtub' />
    <author>
      <name>martin</name>
      <uri>https://www.blogger.com/profile/09053983859177005529</uri>
      <email>noreply@blogger.com</email>
      <gd:image rel='http://schemas.google.com/g/2005#thumbnail' width='35' height='35'
        src='//www.blogger.com/img/blogger_logo_round_35.png' />
    </author>
  </entry>
  <entry>
    <id>tag:blogger.com,1999:blog-8002380.post-109664278894766122</id>
    <published>2004-08-15T14:59:00.000+02:00</published>
    <updated>2004-10-01T16:59:48.946+02:00</updated>
    <category scheme='http://schemas.google.com/g/2005#kind'
      term='http://schemas.google.com/blogger/2008/kind#post' />
    <title type='text'>Heliconia Summer</title>
    <content type='html'>Heliconia Summer, Brian Aldiss</content>
    <link rel='edit' type='application/atom+xml'
      href='https://www.blogger.com/feeds/8002380/posts/default/109664278894766122' />
    <link rel='self' type='application/atom+xml'
      href='https://www.blogger.com/feeds/8002380/posts/default/109664278894766122' />
    <link rel='alternate' type='text/html'
      href='https://books.supertitle.org/2004/08/heliconia-summer.html' title='Heliconia Summer' />
    <author>
      <name>martin</name>
      <uri>https://www.blogger.com/profile/09053983859177005529</uri>
      <email>noreply@blogger.com</email>
      <gd:image rel='http://schemas.google.com/g/2005#thumbnail' width='35' height='35'
        src='//www.blogger.com/img/blogger_logo_round_35.png' />
    </author>
  </entry>
  <entry>
    <id>tag:blogger.com,1999:blog-8002380.post-109664275005734656</id>
    <published>2004-08-15T13:58:00.000+02:00</published>
    <updated>2004-10-01T16:59:10.056+02:00</updated>
    <category scheme='http://schemas.google.com/g/2005#kind'
      term='http://schemas.google.com/blogger/2008/kind#post' />
    <title type='text'>Heliconia Spring</title>
    <content type='html'>Heliconia Spring, Brian Aldiss</content>
    <link rel='edit' type='application/atom+xml'
      href='https://www.blogger.com/feeds/8002380/posts/default/109664275005734656' />
    <link rel='self' type='application/atom+xml'
      href='https://www.blogger.com/feeds/8002380/posts/default/109664275005734656' />
    <link rel='alternate' type='text/html'
      href='https://books.supertitle.org/2004/08/heliconia-spring.html' title='Heliconia Spring' />
    <author>
      <name>martin</name>
      <uri>https://www.blogger.com/profile/09053983859177005529</uri>
      <email>noreply@blogger.com</email>
      <gd:image rel='http://schemas.google.com/g/2005#thumbnail' width='35' height='35'
        src='//www.blogger.com/img/blogger_logo_round_35.png' />
    </author>
  </entry>
  <entry>
    <id>tag:blogger.com,1999:blog-8002380.post-109664269154957323</id>
    <published>2004-08-15T13:57:00.000+02:00</published>
    <updated>2004-10-01T16:58:11.550+02:00</updated>
    <category scheme='http://schemas.google.com/g/2005#kind'
      term='http://schemas.google.com/blogger/2008/kind#post' />
    <title type='text'>Heliconia Winter</title>
    <content type='html'>Heliconia Winter, Brian Aldiss</content>
    <link rel='edit' type='application/atom+xml'
      href='https://www.blogger.com/feeds/8002380/posts/default/109664269154957323' />
    <link rel='self' type='application/atom+xml'
      href='https://www.blogger.com/feeds/8002380/posts/default/109664269154957323' />
    <link rel='alternate' type='text/html'
      href='https://books.supertitle.org/2004/08/heliconia-winter.html' title='Heliconia Winter' />
    <author>
      <name>martin</name>
      <uri>https://www.blogger.com/profile/09053983859177005529</uri>
      <email>noreply@blogger.com</email>
      <gd:image rel='http://schemas.google.com/g/2005#thumbnail' width='35' height='35'
        src='//www.blogger.com/img/blogger_logo_round_35.png' />
    </author>
  </entry>
  <entry>
    <id>tag:blogger.com,1999:blog-8002380.post-110796523078905658</id>
    <published>2004-08-15T01:30:00.000+02:00</published>
    <updated>2005-02-09T17:07:10.790+01:00</updated>
    <category scheme='http://schemas.google.com/g/2005#kind'
      term='http://schemas.google.com/blogger/2008/kind#post' />
    <title type='text'>Catch-22</title>
    <content type='html'>Catch-22, Joseph Heller
      - I read that this book has been criticised for looking like "it had been shouted onto paper".
      I think that's a good thing; it's remarkably exciting.</content>
    <link rel='edit' type='application/atom+xml'
      href='https://www.blogger.com/feeds/8002380/posts/default/110796523078905658' />
    <link rel='self' type='application/atom+xml'
      href='https://www.blogger.com/feeds/8002380/posts/default/110796523078905658' />
    <link rel='alternate' type='text/html' href='https://books.supertitle.org/2004/08/catch-22.html'
      title='Catch-22' />
    <author>
      <name>martin</name>
      <uri>https://www.blogger.com/profile/09053983859177005529</uri>
      <email>noreply@blogger.com</email>
      <gd:image rel='http://schemas.google.com/g/2005#thumbnail' width='35' height='35'
        src='//www.blogger.com/img/blogger_logo_round_35.png' />
    </author>
  </entry>
  <entry>
    <id>tag:blogger.com,1999:blog-8002380.post-109664263768529550</id>
    <published>2004-08-14T16:57:00.000+02:00</published>
    <updated>2004-10-01T16:57:17.686+02:00</updated>
    <category scheme='http://schemas.google.com/g/2005#kind'
      term='http://schemas.google.com/blogger/2008/kind#post' />
    <title type='text'>It</title>
    <content type='html'>It, Stephen King</content>
    <link rel='edit' type='application/atom+xml'
      href='https://www.blogger.com/feeds/8002380/posts/default/109664263768529550' />
    <link rel='self' type='application/atom+xml'
      href='https://www.blogger.com/feeds/8002380/posts/default/109664263768529550' />
    <link rel='alternate' type='text/html' href='https://books.supertitle.org/2004/08/it.html'
      title='It' />
    <author>
      <name>martin</name>
      <uri>https://www.blogger.com/profile/09053983859177005529</uri>
      <email>noreply@blogger.com</email>
      <gd:image rel='http://schemas.google.com/g/2005#thumbnail' width='35' height='35'
        src='//www.blogger.com/img/blogger_logo_round_35.png' />
    </author>
  </entry>
  <entry>
    <id>tag:blogger.com,1999:blog-8002380.post-110374521047345578</id>
    <published>2004-08-14T16:53:00.000+02:00</published>
    <updated>2004-12-22T20:53:30.473+01:00</updated>
    <category scheme='http://schemas.google.com/g/2005#kind'
      term='http://schemas.google.com/blogger/2008/kind#post' />
    <title type='text'>The Shining</title>
    <content type='html'>The Shining, Stephen King</content>
    <link rel='edit' type='application/atom+xml'
      href='https://www.blogger.com/feeds/8002380/posts/default/110374521047345578' />
    <link rel='self' type='application/atom+xml'
      href='https://www.blogger.com/feeds/8002380/posts/default/110374521047345578' />
    <link rel='alternate' type='text/html' href='https://books.supertitle.org/2004/08/shining.html'
      title='The Shining' />
    <author>
      <name>martin</name>
      <uri>https://www.blogger.com/profile/09053983859177005529</uri>
      <email>noreply@blogger.com</email>
      <gd:image rel='http://schemas.google.com/g/2005#thumbnail' width='35' height='35'
        src='//www.blogger.com/img/blogger_logo_round_35.png' />
    </author>
  </entry>
  <entry>
    <id>tag:blogger.com,1999:blog-8002380.post-110374514557484879</id>
    <published>2004-08-14T16:50:00.000+02:00</published>
    <updated>2004-12-22T20:52:25.573+01:00</updated>
    <category scheme='http://schemas.google.com/g/2005#kind'
      term='http://schemas.google.com/blogger/2008/kind#post' />
    <title type='text'>The Tommyknockers</title>
    <content type='html'>The Tommyknockers, Stephen King</content>
    <link rel='edit' type='application/atom+xml'
      href='https://www.blogger.com/feeds/8002380/posts/default/110374514557484879' />
    <link rel='self' type='application/atom+xml'
      href='https://www.blogger.com/feeds/8002380/posts/default/110374514557484879' />
    <link rel='alternate' type='text/html'
      href='https://books.supertitle.org/2004/08/tommyknockers.html' title='The Tommyknockers' />
    <author>
      <name>martin</name>
      <uri>https://www.blogger.com/profile/09053983859177005529</uri>
      <email>noreply@blogger.com</email>
      <gd:image rel='http://schemas.google.com/g/2005#thumbnail' width='35' height='35'
        src='//www.blogger.com/img/blogger_logo_round_35.png' />
    </author>
  </entry>
  <entry>
    <id>tag:blogger.com,1999:blog-8002380.post-112085538499691541</id>
    <published>2004-08-13T22:41:00.000+02:00</published>
    <updated>2008-08-07T08:04:28.329+02:00</updated>
    <category scheme='http://schemas.google.com/g/2005#kind'
      term='http://schemas.google.com/blogger/2008/kind#post' />
    <title type='text'>The Mark of Conte</title>
    <content type='html'>
      <p>The Mark of Conte, Sonia Levitin</p>
    </content>
    <link rel='edit' type='application/atom+xml'
      href='https://www.blogger.com/feeds/8002380/posts/default/112085538499691541' />
    <link rel='self' type='application/atom+xml'
      href='https://www.blogger.com/feeds/8002380/posts/default/112085538499691541' />
    <link rel='alternate' type='text/html'
      href='https://books.supertitle.org/2004/03/mark-of-conte.html' title='The Mark of Conte' />
    <author>
      <name>martin</name>
      <uri>https://www.blogger.com/profile/09053983859177005529</uri>
      <email>noreply@blogger.com</email>
      <gd:image rel='http://schemas.google.com/g/2005#thumbnail' width='35' height='35'
        src='//www.blogger.com/img/blogger_logo_round_35.png' />
    </author>
  </entry>
  <entry>
    <id>tag:blogger.com,1999:blog-8002380.post-110374530534844363</id>
    <published>2004-08-13T20:54:00.001+02:00</published>
    <updated>2004-12-22T20:55:05.346+01:00</updated>
    <category scheme='http://schemas.google.com/g/2005#kind'
      term='http://schemas.google.com/blogger/2008/kind#post' />
    <title type='text'>The Fall of Hyperion</title>
    <content type='html'>The Fall of Hyperion, Dan Simmons</content>
    <link rel='edit' type='application/atom+xml'
      href='https://www.blogger.com/feeds/8002380/posts/default/110374530534844363' />
    <link rel='self' type='application/atom+xml'
      href='https://www.blogger.com/feeds/8002380/posts/default/110374530534844363' />
    <link rel='alternate' type='text/html'
      href='https://books.supertitle.org/2004/08/fall-of-hyperion.html' title='The Fall of Hyperion' />
    <author>
      <name>martin</name>
      <uri>https://www.blogger.com/profile/09053983859177005529</uri>
      <email>noreply@blogger.com</email>
      <gd:image rel='http://schemas.google.com/g/2005#thumbnail' width='35' height='35'
        src='//www.blogger.com/img/blogger_logo_round_35.png' />
    </author>
  </entry>
  <entry>
    <id>tag:blogger.com,1999:blog-8002380.post-110374527123861805</id>
    <published>2004-08-13T20:54:00.000+02:00</published>
    <updated>2004-12-22T20:54:31.236+01:00</updated>
    <category scheme='http://schemas.google.com/g/2005#kind'
      term='http://schemas.google.com/blogger/2008/kind#post' />
    <title type='text'>Hyperion</title>
    <content type='html'>Hyperion, Dan Simmons</content>
    <link rel='edit' type='application/atom+xml'
      href='https://www.blogger.com/feeds/8002380/posts/default/110374527123861805' />
    <link rel='self' type='application/atom+xml'
      href='https://www.blogger.com/feeds/8002380/posts/default/110374527123861805' />
    <link rel='alternate' type='text/html' href='https://books.supertitle.org/2004/08/hyperion.html'
      title='Hyperion' />
    <author>
      <name>martin</name>
      <uri>https://www.blogger.com/profile/09053983859177005529</uri>
      <email>noreply@blogger.com</email>
      <gd:image rel='http://schemas.google.com/g/2005#thumbnail' width='35' height='35'
        src='//www.blogger.com/img/blogger_logo_round_35.png' />
    </author>
  </entry>
  <entry>
    <id>tag:blogger.com,1999:blog-8002380.post-110374549075325095</id>
    <published>2004-08-13T18:05:00.000+02:00</published>
    <updated>2004-12-22T20:58:10.753+01:00</updated>
    <category scheme='http://schemas.google.com/g/2005#kind'
      term='http://schemas.google.com/blogger/2008/kind#post' />
    <title type='text'>The Black Unicorn</title>
    <content type='html'>The Black Unicorn, Terry Brooks</content>
    <link rel='edit' type='application/atom+xml'
      href='https://www.blogger.com/feeds/8002380/posts/default/110374549075325095' />
    <link rel='self' type='application/atom+xml'
      href='https://www.blogger.com/feeds/8002380/posts/default/110374549075325095' />
    <link rel='alternate' type='text/html'
      href='https://books.supertitle.org/2004/08/black-unicorn.html' title='The Black Unicorn' />
    <author>
      <name>martin</name>
      <uri>https://www.blogger.com/profile/09053983859177005529</uri>
      <email>noreply@blogger.com</email>
      <gd:image rel='http://schemas.google.com/g/2005#thumbnail' width='35' height='35'
        src='//www.blogger.com/img/blogger_logo_round_35.png' />
    </author>
  </entry>
  <entry>
    <id>tag:blogger.com,1999:blog-8002380.post-110374546087028681</id>
    <published>2004-08-13T18:00:00.000+02:00</published>
    <updated>2004-12-22T20:57:40.870+01:00</updated>
    <category scheme='http://schemas.google.com/g/2005#kind'
      term='http://schemas.google.com/blogger/2008/kind#post' />
    <title type='text'>Magic Kingdom for Sale--Sold!</title>
    <content type='html'>Magic Kingdom for Sale--Sold!, Terry Brooks</content>
    <link rel='edit' type='application/atom+xml'
      href='https://www.blogger.com/feeds/8002380/posts/default/110374546087028681' />
    <link rel='self' type='application/atom+xml'
      href='https://www.blogger.com/feeds/8002380/posts/default/110374546087028681' />
    <link rel='alternate' type='text/html'
      href='https://books.supertitle.org/2004/08/magic-kingdom-for-sale-sold.html'
      title='Magic Kingdom for Sale--Sold!' />
    <author>
      <name>martin</name>
      <uri>https://www.blogger.com/profile/09053983859177005529</uri>
      <email>noreply@blogger.com</email>
      <gd:image rel='http://schemas.google.com/g/2005#thumbnail' width='35' height='35'
        src='//www.blogger.com/img/blogger_logo_round_35.png' />
    </author>
  </entry>
  <entry>
    <id>tag:blogger.com,1999:blog-8002380.post-110374540618233725</id>
    <published>2004-08-13T17:03:00.000+02:00</published>
    <updated>2004-12-22T20:56:46.183+01:00</updated>
    <category scheme='http://schemas.google.com/g/2005#kind'
      term='http://schemas.google.com/blogger/2008/kind#post' />
    <title type='text'>The Wishsong of Shannara</title>
    <content type='html'>The Wishsong of Shannara, Terry Brooks</content>
    <link rel='edit' type='application/atom+xml'
      href='https://www.blogger.com/feeds/8002380/posts/default/110374540618233725' />
    <link rel='self' type='application/atom+xml'
      href='https://www.blogger.com/feeds/8002380/posts/default/110374540618233725' />
    <link rel='alternate' type='text/html'
      href='https://books.supertitle.org/2004/08/wishsong-of-shannara.html'
      title='The Wishsong of Shannara' />
    <author>
      <name>martin</name>
      <uri>https://www.blogger.com/profile/09053983859177005529</uri>
      <email>noreply@blogger.com</email>
      <gd:image rel='http://schemas.google.com/g/2005#thumbnail' width='35' height='35'
        src='//www.blogger.com/img/blogger_logo_round_35.png' />
    </author>
  </entry>
  <entry>
    <id>tag:blogger.com,1999:blog-8002380.post-110374537530094731</id>
    <published>2004-08-13T17:01:00.000+02:00</published>
    <updated>2004-12-22T20:57:01.266+01:00</updated>
    <category scheme='http://schemas.google.com/g/2005#kind'
      term='http://schemas.google.com/blogger/2008/kind#post' />
    <title type='text'>The Elfstones of Shannara</title>
    <content type='html'>The Elfstones of Shannara, Terry Brooks</content>
    <link rel='edit' type='application/atom+xml'
      href='https://www.blogger.com/feeds/8002380/posts/default/110374537530094731' />
    <link rel='self' type='application/atom+xml'
      href='https://www.blogger.com/feeds/8002380/posts/default/110374537530094731' />
    <link rel='alternate' type='text/html'
      href='https://books.supertitle.org/2004/08/elfstones-of-shannara.html'
      title='The Elfstones of Shannara' />
    <author>
      <name>martin</name>
      <uri>https://www.blogger.com/profile/09053983859177005529</uri>
      <email>noreply@blogger.com</email>
      <gd:image rel='http://schemas.google.com/g/2005#thumbnail' width='35' height='35'
        src='//www.blogger.com/img/blogger_logo_round_35.png' />
    </author>
  </entry>
  <entry>
    <id>tag:blogger.com,1999:blog-8002380.post-109664285363995713</id>
    <published>2004-08-13T17:00:00.000+02:00</published>
    <updated>2004-10-01T17:00:53.640+02:00</updated>
    <category scheme='http://schemas.google.com/g/2005#kind'
      term='http://schemas.google.com/blogger/2008/kind#post' />
    <title type='text'>The Sword of Shannara</title>
    <content type='html'>The Sword of Shannara, Terry Brooks</content>
    <link rel='edit' type='application/atom+xml'
      href='https://www.blogger.com/feeds/8002380/posts/default/109664285363995713' />
    <link rel='self' type='application/atom+xml'
      href='https://www.blogger.com/feeds/8002380/posts/default/109664285363995713' />
    <link rel='alternate' type='text/html'
      href='https://books.supertitle.org/2004/08/sword-of-shannara.html'
      title='The Sword of Shannara' />
    <author>
      <name>martin</name>
      <uri>https://www.blogger.com/profile/09053983859177005529</uri>
      <email>noreply@blogger.com</email>
      <gd:image rel='http://schemas.google.com/g/2005#thumbnail' width='35' height='35'
        src='//www.blogger.com/img/blogger_logo_round_35.png' />
    </author>
  </entry>
  <entry>
    <id>tag:blogger.com,1999:blog-8002380.post-5541540904497038878</id>
    <published>2004-08-13T12:17:00.003+02:00</published>
    <updated>2010-09-13T12:17:53.575+02:00</updated>
    <category scheme='http://schemas.google.com/g/2005#kind'
      term='http://schemas.google.com/blogger/2008/kind#post' />
    <title type='text'>The Secret Diary of Adrian Mole</title>
    <content type='html'>
      <p>The Secret Diary of Adrian Mole, Sue Townsend</p>
      <p>Yucky.</p>
    </content>
    <link rel='edit' type='application/atom+xml'
      href='https://www.blogger.com/feeds/8002380/posts/default/5541540904497038878' />
    <link rel='self' type='application/atom+xml'
      href='https://www.blogger.com/feeds/8002380/posts/default/5541540904497038878' />
    <link rel='alternate' type='text/html'
      href='https://books.supertitle.org/2004/08/secret-diary-of-adrian-mole.html'
      title='The Secret Diary of Adrian Mole' />
    <author>
      <name>martin</name>
      <uri>https://www.blogger.com/profile/09053983859177005529</uri>
      <email>noreply@blogger.com</email>
      <gd:image rel='http://schemas.google.com/g/2005#thumbnail' width='35' height='35'
        src='//www.blogger.com/img/blogger_logo_round_35.png' />
    </author>
  </entry>
  <entry>
    <id>tag:blogger.com,1999:blog-8002380.post-110374621807530369</id>
    <published>2004-08-12T17:34:00.000+02:00</published>
    <updated>2004-12-22T21:10:18.076+01:00</updated>
    <category scheme='http://schemas.google.com/g/2005#kind'
      term='http://schemas.google.com/blogger/2008/kind#post' />
    <title type='text'>Question Quest</title>
    <content type='html'>Question Quest, Piers Anthony</content>
    <link rel='edit' type='application/atom+xml'
      href='https://www.blogger.com/feeds/8002380/posts/default/110374621807530369' />
    <link rel='self' type='application/atom+xml'
      href='https://www.blogger.com/feeds/8002380/posts/default/110374621807530369' />
    <link rel='alternate' type='text/html'
      href='https://books.supertitle.org/2004/08/question-quest.html' title='Question Quest' />
    <author>
      <name>martin</name>
      <uri>https://www.blogger.com/profile/09053983859177005529</uri>
      <email>noreply@blogger.com</email>
      <gd:image rel='http://schemas.google.com/g/2005#thumbnail' width='35' height='35'
        src='//www.blogger.com/img/blogger_logo_round_35.png' />
    </author>
  </entry>
  <entry>
    <id>tag:blogger.com,1999:blog-8002380.post-110374616640240310</id>
    <published>2004-08-12T17:33:00.000+02:00</published>
    <updated>2004-12-22T21:09:26.403+01:00</updated>
    <category scheme='http://schemas.google.com/g/2005#kind'
      term='http://schemas.google.com/blogger/2008/kind#post' />
    <title type='text'>Isle of View</title>
    <content type='html'>Isle of View, Piers Anthony</content>
    <link rel='edit' type='application/atom+xml'
      href='https://www.blogger.com/feeds/8002380/posts/default/110374616640240310' />
    <link rel='self' type='application/atom+xml'
      href='https://www.blogger.com/feeds/8002380/posts/default/110374616640240310' />
    <link rel='alternate' type='text/html'
      href='https://books.supertitle.org/2004/08/isle-of-view.html' title='Isle of View' />
    <author>
      <name>martin</name>
      <uri>https://www.blogger.com/profile/09053983859177005529</uri>
      <email>noreply@blogger.com</email>
      <gd:image rel='http://schemas.google.com/g/2005#thumbnail' width='35' height='35'
        src='//www.blogger.com/img/blogger_logo_round_35.png' />
    </author>
  </entry>
  <entry>
    <id>tag:blogger.com,1999:blog-8002380.post-110374613276718015</id>
    <published>2004-08-12T17:32:00.000+02:00</published>
    <updated>2004-12-22T21:08:52.766+01:00</updated>
    <category scheme='http://schemas.google.com/g/2005#kind'
      term='http://schemas.google.com/blogger/2008/kind#post' />
    <title type='text'>Man from Mundania</title>
    <content type='html'>Man from Mundania, Piers Anthony</content>
    <link rel='edit' type='application/atom+xml'
      href='https://www.blogger.com/feeds/8002380/posts/default/110374613276718015' />
    <link rel='self' type='application/atom+xml'
      href='https://www.blogger.com/feeds/8002380/posts/default/110374613276718015' />
    <link rel='alternate' type='text/html'
      href='https://books.supertitle.org/2004/08/man-from-mundania.html' title='Man from Mundania' />
    <author>
      <name>martin</name>
      <uri>https://www.blogger.com/profile/09053983859177005529</uri>
      <email>noreply@blogger.com</email>
      <gd:image rel='http://schemas.google.com/g/2005#thumbnail' width='35' height='35'
        src='//www.blogger.com/img/blogger_logo_round_35.png' />
    </author>
  </entry>
  <entry>
    <id>tag:blogger.com,1999:blog-8002380.post-110374610723320617</id>
    <published>2004-08-12T17:31:00.000+02:00</published>
    <updated>2004-12-22T21:08:27.233+01:00</updated>
    <category scheme='http://schemas.google.com/g/2005#kind'
      term='http://schemas.google.com/blogger/2008/kind#post' />
    <title type='text'>Heaven Cent</title>
    <content type='html'>Heaven Cent, Piers Anthony</content>
    <link rel='edit' type='application/atom+xml'
      href='https://www.blogger.com/feeds/8002380/posts/default/110374610723320617' />
    <link rel='self' type='application/atom+xml'
      href='https://www.blogger.com/feeds/8002380/posts/default/110374610723320617' />
    <link rel='alternate' type='text/html'
      href='https://books.supertitle.org/2004/08/heaven-cent.html' title='Heaven Cent' />
    <author>
      <name>martin</name>
      <uri>https://www.blogger.com/profile/09053983859177005529</uri>
      <email>noreply@blogger.com</email>
      <gd:image rel='http://schemas.google.com/g/2005#thumbnail' width='35' height='35'
        src='//www.blogger.com/img/blogger_logo_round_35.png' />
    </author>
  </entry>
  <entry>
    <id>tag:blogger.com,1999:blog-8002380.post-110374606906803232</id>
    <published>2004-08-12T17:30:00.000+02:00</published>
    <updated>2004-12-22T21:07:49.066+01:00</updated>
    <category scheme='http://schemas.google.com/g/2005#kind'
      term='http://schemas.google.com/blogger/2008/kind#post' />
    <title type='text'>Vale of the Vole</title>
    <content type='html'>Vale of the Vole, Piers Anthony</content>
    <link rel='edit' type='application/atom+xml'
      href='https://www.blogger.com/feeds/8002380/posts/default/110374606906803232' />
    <link rel='self' type='application/atom+xml'
      href='https://www.blogger.com/feeds/8002380/posts/default/110374606906803232' />
    <link rel='alternate' type='text/html'
      href='https://books.supertitle.org/2004/08/vale-of-vole.html' title='Vale of the Vole' />
    <author>
      <name>martin</name>
      <uri>https://www.blogger.com/profile/09053983859177005529</uri>
      <email>noreply@blogger.com</email>
      <gd:image rel='http://schemas.google.com/g/2005#thumbnail' width='35' height='35'
        src='//www.blogger.com/img/blogger_logo_round_35.png' />
    </author>
  </entry>
  <entry>
    <id>tag:blogger.com,1999:blog-8002380.post-110374588580696432</id>
    <published>2004-08-12T17:10:00.000+02:00</published>
    <updated>2004-12-22T21:04:45.806+01:00</updated>
    <category scheme='http://schemas.google.com/g/2005#kind'
      term='http://schemas.google.com/blogger/2008/kind#post' />
    <title type='text'>Golem in the Gears</title>
    <content type='html'>Golem in the Gears, Piers Anthony</content>
    <link rel='edit' type='application/atom+xml'
      href='https://www.blogger.com/feeds/8002380/posts/default/110374588580696432' />
    <link rel='self' type='application/atom+xml'
      href='https://www.blogger.com/feeds/8002380/posts/default/110374588580696432' />
    <link rel='alternate' type='text/html'
      href='https://books.supertitle.org/2004/08/golem-in-gears.html' title='Golem in the Gears' />
    <author>
      <name>martin</name>
      <uri>https://www.blogger.com/profile/09053983859177005529</uri>
      <email>noreply@blogger.com</email>
      <gd:image rel='http://schemas.google.com/g/2005#thumbnail' width='35' height='35'
        src='//www.blogger.com/img/blogger_logo_round_35.png' />
    </author>
  </entry>
  <entry>
    <id>tag:blogger.com,1999:blog-8002380.post-110374586094594129</id>
    <published>2004-08-12T17:09:00.000+02:00</published>
    <updated>2004-12-22T21:04:20.946+01:00</updated>
    <category scheme='http://schemas.google.com/g/2005#kind'
      term='http://schemas.google.com/blogger/2008/kind#post' />
    <title type='text'>Crewel Lye: A Caustic Yarn</title>
    <content type='html'>Crewel Lye: A Caustic Yarn, Piers Anthony</content>
    <link rel='edit' type='application/atom+xml'
      href='https://www.blogger.com/feeds/8002380/posts/default/110374586094594129' />
    <link rel='self' type='application/atom+xml'
      href='https://www.blogger.com/feeds/8002380/posts/default/110374586094594129' />
    <link rel='alternate' type='text/html'
      href='https://books.supertitle.org/2004/08/crewel-lye-caustic-yarn.html'
      title='Crewel Lye: A Caustic Yarn' />
    <author>
      <name>martin</name>
      <uri>https://www.blogger.com/profile/09053983859177005529</uri>
      <email>noreply@blogger.com</email>
      <gd:image rel='http://schemas.google.com/g/2005#thumbnail' width='35' height='35'
        src='//www.blogger.com/img/blogger_logo_round_35.png' />
    </author>
  </entry>
  <entry>
    <id>tag:blogger.com,1999:blog-8002380.post-110374583556343509</id>
    <published>2004-08-12T17:08:00.000+02:00</published>
    <updated>2004-12-22T21:03:55.563+01:00</updated>
    <category scheme='http://schemas.google.com/g/2005#kind'
      term='http://schemas.google.com/blogger/2008/kind#post' />
    <title type='text'>Dragon on a Pedestal</title>
    <content type='html'>Dragon on a Pedestal, Piers Anthony</content>
    <link rel='edit' type='application/atom+xml'
      href='https://www.blogger.com/feeds/8002380/posts/default/110374583556343509' />
    <link rel='self' type='application/atom+xml'
      href='https://www.blogger.com/feeds/8002380/posts/default/110374583556343509' />
    <link rel='alternate' type='text/html'
      href='https://books.supertitle.org/2004/08/dragon-on-pedestal.html'
      title='Dragon on a Pedestal' />
    <author>
      <name>martin</name>
      <uri>https://www.blogger.com/profile/09053983859177005529</uri>
      <email>noreply@blogger.com</email>
      <gd:image rel='http://schemas.google.com/g/2005#thumbnail' width='35' height='35'
        src='//www.blogger.com/img/blogger_logo_round_35.png' />
    </author>
  </entry>
  <entry>
    <id>tag:blogger.com,1999:blog-8002380.post-110374581397094617</id>
    <published>2004-08-12T17:07:00.000+02:00</published>
    <updated>2004-12-22T21:03:33.970+01:00</updated>
    <category scheme='http://schemas.google.com/g/2005#kind'
      term='http://schemas.google.com/blogger/2008/kind#post' />
    <title type='text'>Night Mare</title>
    <content type='html'>Night Mare, Piers Anthony</content>
    <link rel='edit' type='application/atom+xml'
      href='https://www.blogger.com/feeds/8002380/posts/default/110374581397094617' />
    <link rel='self' type='application/atom+xml'
      href='https://www.blogger.com/feeds/8002380/posts/default/110374581397094617' />
    <link rel='alternate' type='text/html'
      href='https://books.supertitle.org/2004/08/night-mare.html' title='Night Mare' />
    <author>
      <name>martin</name>
      <uri>https://www.blogger.com/profile/09053983859177005529</uri>
      <email>noreply@blogger.com</email>
      <gd:image rel='http://schemas.google.com/g/2005#thumbnail' width='35' height='35'
        src='//www.blogger.com/img/blogger_logo_round_35.png' />
    </author>
  </entry>
  <entry>
    <id>tag:blogger.com,1999:blog-8002380.post-110374579323138199</id>
    <published>2004-08-12T17:06:00.000+02:00</published>
    <updated>2004-12-22T21:03:13.230+01:00</updated>
    <category scheme='http://schemas.google.com/g/2005#kind'
      term='http://schemas.google.com/blogger/2008/kind#post' />
    <title type='text'>Ogre, Ogre</title>
    <content type='html'>Ogre, Ogre, Piers Anthony</content>
    <link rel='edit' type='application/atom+xml'
      href='https://www.blogger.com/feeds/8002380/posts/default/110374579323138199' />
    <link rel='self' type='application/atom+xml'
      href='https://www.blogger.com/feeds/8002380/posts/default/110374579323138199' />
    <link rel='alternate' type='text/html'
      href='https://books.supertitle.org/2004/08/ogre-ogre.html' title='Ogre, Ogre' />
    <author>
      <name>martin</name>
      <uri>https://www.blogger.com/profile/09053983859177005529</uri>
      <email>noreply@blogger.com</email>
      <gd:image rel='http://schemas.google.com/g/2005#thumbnail' width='35' height='35'
        src='//www.blogger.com/img/blogger_logo_round_35.png' />
    </author>
  </entry>
  <entry>
    <id>tag:blogger.com,1999:blog-8002380.post-110374577412010996</id>
    <published>2004-08-12T17:05:00.000+02:00</published>
    <updated>2004-12-22T21:02:54.120+01:00</updated>
    <category scheme='http://schemas.google.com/g/2005#kind'
      term='http://schemas.google.com/blogger/2008/kind#post' />
    <title type='text'>Centaur Aisle</title>
    <content type='html'>Centaur Aisle, Piers Anthony</content>
    <link rel='edit' type='application/atom+xml'
      href='https://www.blogger.com/feeds/8002380/posts/default/110374577412010996' />
    <link rel='self' type='application/atom+xml'
      href='https://www.blogger.com/feeds/8002380/posts/default/110374577412010996' />
    <link rel='alternate' type='text/html'
      href='https://books.supertitle.org/2004/08/centaur-aisle.html' title='Centaur Aisle' />
    <author>
      <name>martin</name>
      <uri>https://www.blogger.com/profile/09053983859177005529</uri>
      <email>noreply@blogger.com</email>
      <gd:image rel='http://schemas.google.com/g/2005#thumbnail' width='35' height='35'
        src='//www.blogger.com/img/blogger_logo_round_35.png' />
    </author>
  </entry>
  <entry>
    <id>tag:blogger.com,1999:blog-8002380.post-110374575274857765</id>
    <published>2004-08-12T17:04:00.000+02:00</published>
    <updated>2004-12-22T21:02:32.746+01:00</updated>
    <category scheme='http://schemas.google.com/g/2005#kind'
      term='http://schemas.google.com/blogger/2008/kind#post' />
    <title type='text'>Castle Roogna</title>
    <content type='html'>Castle Roogna, Piers Anthony</content>
    <link rel='edit' type='application/atom+xml'
      href='https://www.blogger.com/feeds/8002380/posts/default/110374575274857765' />
    <link rel='self' type='application/atom+xml'
      href='https://www.blogger.com/feeds/8002380/posts/default/110374575274857765' />
    <link rel='alternate' type='text/html'
      href='https://books.supertitle.org/2004/08/castle-roogna.html' title='Castle Roogna' />
    <author>
      <name>martin</name>
      <uri>https://www.blogger.com/profile/09053983859177005529</uri>
      <email>noreply@blogger.com</email>
      <gd:image rel='http://schemas.google.com/g/2005#thumbnail' width='35' height='35'
        src='//www.blogger.com/img/blogger_logo_round_35.png' />
    </author>
  </entry>
  <entry>
    <id>tag:blogger.com,1999:blog-8002380.post-110374571367262834</id>
    <published>2004-08-12T17:03:00.000+02:00</published>
    <updated>2004-12-22T21:01:53.673+01:00</updated>
    <category scheme='http://schemas.google.com/g/2005#kind'
      term='http://schemas.google.com/blogger/2008/kind#post' />
    <title type='text'>The Source of Magic</title>
    <content type='html'>The Source of Magic, Piers Anthony</content>
    <link rel='edit' type='application/atom+xml'
      href='https://www.blogger.com/feeds/8002380/posts/default/110374571367262834' />
    <link rel='self' type='application/atom+xml'
      href='https://www.blogger.com/feeds/8002380/posts/default/110374571367262834' />
    <link rel='alternate' type='text/html'
      href='https://books.supertitle.org/2004/08/source-of-magic.html' title='The Source of Magic' />
    <author>
      <name>martin</name>
      <uri>https://www.blogger.com/profile/09053983859177005529</uri>
      <email>noreply@blogger.com</email>
      <gd:image rel='http://schemas.google.com/g/2005#thumbnail' width='35' height='35'
        src='//www.blogger.com/img/blogger_logo_round_35.png' />
    </author>
  </entry>
  <entry>
    <id>tag:blogger.com,1999:blog-8002380.post-109664294858390551</id>
    <published>2004-08-12T17:01:00.000+02:00</published>
    <updated>2004-10-01T17:02:28.583+02:00</updated>
    <category scheme='http://schemas.google.com/g/2005#kind'
      term='http://schemas.google.com/blogger/2008/kind#post' />
    <title type='text'>A Spell for Chameleon</title>
    <content type='html'>A Spell for Chameleon (part of Xanth Trilogy), Piers Anthony</content>
    <link rel='edit' type='application/atom+xml'
      href='https://www.blogger.com/feeds/8002380/posts/default/109664294858390551' />
    <link rel='self' type='application/atom+xml'
      href='https://www.blogger.com/feeds/8002380/posts/default/109664294858390551' />
    <link rel='alternate' type='text/html'
      href='https://books.supertitle.org/2004/08/spell-for-chameleon.html'
      title='A Spell for Chameleon' />
    <author>
      <name>martin</name>
      <uri>https://www.blogger.com/profile/09053983859177005529</uri>
      <email>noreply@blogger.com</email>
      <gd:image rel='http://schemas.google.com/g/2005#thumbnail' width='35' height='35'
        src='//www.blogger.com/img/blogger_logo_round_35.png' />
    </author>
  </entry>
  <entry>
    <id>tag:blogger.com,1999:blog-8002380.post-112085793171753906</id>
    <published>2004-08-12T16:00:00.002+02:00</published>
    <updated>2008-08-07T08:06:31.368+02:00</updated>
    <category scheme='http://schemas.google.com/g/2005#kind'
      term='http://schemas.google.com/blogger/2008/kind#post' />
    <title type='text'>Dracula</title>
    <content type='html'>
      <p>Dracula, Bram Stoker</p>
    </content>
    <link rel='edit' type='application/atom+xml'
      href='https://www.blogger.com/feeds/8002380/posts/default/112085793171753906' />
    <link rel='self' type='application/atom+xml'
      href='https://www.blogger.com/feeds/8002380/posts/default/112085793171753906' />
    <link rel='alternate' type='text/html' href='https://books.supertitle.org/2004/08/dracula.html'
      title='Dracula' />
    <author>
      <name>martin</name>
      <uri>https://www.blogger.com/profile/09053983859177005529</uri>
      <email>noreply@blogger.com</email>
      <gd:image rel='http://schemas.google.com/g/2005#thumbnail' width='35' height='35'
        src='//www.blogger.com/img/blogger_logo_round_35.png' />
    </author>
  </entry>
  <entry>
    <id>tag:blogger.com,1999:blog-8002380.post-110374825469461293</id>
    <published>2004-08-11T17:30:00.000+02:00</published>
    <updated>2004-12-22T21:44:14.696+01:00</updated>
    <category scheme='http://schemas.google.com/g/2005#kind'
      term='http://schemas.google.com/blogger/2008/kind#post' />
    <title type='text'>The Diamond Throne</title>
    <content type='html'>The Diamond Throne, David Eddings</content>
    <link rel='edit' type='application/atom+xml'
      href='https://www.blogger.com/feeds/8002380/posts/default/110374825469461293' />
    <link rel='self' type='application/atom+xml'
      href='https://www.blogger.com/feeds/8002380/posts/default/110374825469461293' />
    <link rel='alternate' type='text/html'
      href='https://books.supertitle.org/2004/08/diamond-throne.html' title='The Diamond Throne' />
    <author>
      <name>martin</name>
      <uri>https://www.blogger.com/profile/09053983859177005529</uri>
      <email>noreply@blogger.com</email>
      <gd:image rel='http://schemas.google.com/g/2005#thumbnail' width='35' height='35'
        src='//www.blogger.com/img/blogger_logo_round_35.png' />
    </author>
  </entry>
  <entry>
    <id>tag:blogger.com,1999:blog-8002380.post-110374815072975528</id>
    <published>2004-08-11T17:08:00.000+02:00</published>
    <updated>2004-12-22T21:42:30.730+01:00</updated>
    <category scheme='http://schemas.google.com/g/2005#kind'
      term='http://schemas.google.com/blogger/2008/kind#post' />
    <title type='text'>Demon Lord of Karanda</title>
    <content type='html'>Demon Lord of Karanda, David Eddings</content>
    <link rel='edit' type='application/atom+xml'
      href='https://www.blogger.com/feeds/8002380/posts/default/110374815072975528' />
    <link rel='self' type='application/atom+xml'
      href='https://www.blogger.com/feeds/8002380/posts/default/110374815072975528' />
    <link rel='alternate' type='text/html'
      href='https://books.supertitle.org/2004/08/demon-lord-of-karanda.html'
      title='Demon Lord of Karanda' />
    <author>
      <name>martin</name>
      <uri>https://www.blogger.com/profile/09053983859177005529</uri>
      <email>noreply@blogger.com</email>
      <gd:image rel='http://schemas.google.com/g/2005#thumbnail' width='35' height='35'
        src='//www.blogger.com/img/blogger_logo_round_35.png' />
    </author>
  </entry>
  <entry>
    <id>tag:blogger.com,1999:blog-8002380.post-110374812207686185</id>
    <published>2004-08-11T17:07:00.000+02:00</published>
    <updated>2004-12-22T21:42:02.076+01:00</updated>
    <category scheme='http://schemas.google.com/g/2005#kind'
      term='http://schemas.google.com/blogger/2008/kind#post' />
    <title type='text'>King of the Murgos</title>
    <content type='html'>King of the Murgos, David Eddings</content>
    <link rel='edit' type='application/atom+xml'
      href='https://www.blogger.com/feeds/8002380/posts/default/110374812207686185' />
    <link rel='self' type='application/atom+xml'
      href='https://www.blogger.com/feeds/8002380/posts/default/110374812207686185' />
    <link rel='alternate' type='text/html'
      href='https://books.supertitle.org/2004/08/king-of-murgos.html' title='King of the Murgos' />
    <author>
      <name>martin</name>
      <uri>https://www.blogger.com/profile/09053983859177005529</uri>
      <email>noreply@blogger.com</email>
      <gd:image rel='http://schemas.google.com/g/2005#thumbnail' width='35' height='35'
        src='//www.blogger.com/img/blogger_logo_round_35.png' />
    </author>
  </entry>
  <entry>
    <id>tag:blogger.com,1999:blog-8002380.post-110374809685494173</id>
    <published>2004-08-11T17:06:00.002+02:00</published>
    <updated>2004-12-22T21:41:36.853+01:00</updated>
    <category scheme='http://schemas.google.com/g/2005#kind'
      term='http://schemas.google.com/blogger/2008/kind#post' />
    <title type='text'>Guardians of the West</title>
    <content type='html'>Guardians of the West, David Eddings</content>
    <link rel='edit' type='application/atom+xml'
      href='https://www.blogger.com/feeds/8002380/posts/default/110374809685494173' />
    <link rel='self' type='application/atom+xml'
      href='https://www.blogger.com/feeds/8002380/posts/default/110374809685494173' />
    <link rel='alternate' type='text/html'
      href='https://books.supertitle.org/2004/08/guardians-of-west.html'
      title='Guardians of the West' />
    <author>
      <name>martin</name>
      <uri>https://www.blogger.com/profile/09053983859177005529</uri>
      <email>noreply@blogger.com</email>
      <gd:image rel='http://schemas.google.com/g/2005#thumbnail' width='35' height='35'
        src='//www.blogger.com/img/blogger_logo_round_35.png' />
    </author>
  </entry>
  <entry>
    <id>tag:blogger.com,1999:blog-8002380.post-110374795731529700</id>
    <published>2004-08-11T17:06:00.001+02:00</published>
    <updated>2004-12-22T21:39:17.316+01:00</updated>
    <category scheme='http://schemas.google.com/g/2005#kind'
      term='http://schemas.google.com/blogger/2008/kind#post' />
    <title type='text'>Enchanters' End Game</title>
    <content type='html'>Enchanters' End Game, David Eddings</content>
    <link rel='edit' type='application/atom+xml'
      href='https://www.blogger.com/feeds/8002380/posts/default/110374795731529700' />
    <link rel='self' type='application/atom+xml'
      href='https://www.blogger.com/feeds/8002380/posts/default/110374795731529700' />
    <link rel='alternate' type='text/html'
      href='https://books.supertitle.org/2004/08/enchanters-end-game.html'
      title='Enchanters&apos; End Game' />
    <author>
      <name>martin</name>
      <uri>https://www.blogger.com/profile/09053983859177005529</uri>
      <email>noreply@blogger.com</email>
      <gd:image rel='http://schemas.google.com/g/2005#thumbnail' width='35' height='35'
        src='//www.blogger.com/img/blogger_logo_round_35.png' />
    </author>
  </entry>
  <entry>
    <id>tag:blogger.com,1999:blog-8002380.post-110374788427988895</id>
    <published>2004-08-11T17:06:00.000+02:00</published>
    <updated>2004-12-22T21:38:04.280+01:00</updated>
    <category scheme='http://schemas.google.com/g/2005#kind'
      term='http://schemas.google.com/blogger/2008/kind#post' />
    <title type='text'>Magician's Gambit</title>
    <content type='html'>Magician's Gambit, David Eddings</content>
    <link rel='edit' type='application/atom+xml'
      href='https://www.blogger.com/feeds/8002380/posts/default/110374788427988895' />
    <link rel='self' type='application/atom+xml'
      href='https://www.blogger.com/feeds/8002380/posts/default/110374788427988895' />
    <link rel='alternate' type='text/html'
      href='https://books.supertitle.org/2004/08/magicians-gambit.html'
      title='Magician&apos;s Gambit' />
    <author>
      <name>martin</name>
      <uri>https://www.blogger.com/profile/09053983859177005529</uri>
      <email>noreply@blogger.com</email>
      <gd:image rel='http://schemas.google.com/g/2005#thumbnail' width='35' height='35'
        src='//www.blogger.com/img/blogger_logo_round_35.png' />
    </author>
  </entry>
  <entry>
    <id>tag:blogger.com,1999:blog-8002380.post-110374791429791811</id>
    <published>2004-08-11T17:05:00.001+02:00</published>
    <updated>2004-12-22T21:38:34.296+01:00</updated>
    <category scheme='http://schemas.google.com/g/2005#kind'
      term='http://schemas.google.com/blogger/2008/kind#post' />
    <title type='text'>Castle of Wizardry</title>
    <content type='html'>Castle of Wizardry, David Eddings</content>
    <link rel='edit' type='application/atom+xml'
      href='https://www.blogger.com/feeds/8002380/posts/default/110374791429791811' />
    <link rel='self' type='application/atom+xml'
      href='https://www.blogger.com/feeds/8002380/posts/default/110374791429791811' />
    <link rel='alternate' type='text/html'
      href='https://books.supertitle.org/2004/08/castle-of-wizardry.html' title='Castle of Wizardry' />
    <author>
      <name>martin</name>
      <uri>https://www.blogger.com/profile/09053983859177005529</uri>
      <email>noreply@blogger.com</email>
      <gd:image rel='http://schemas.google.com/g/2005#thumbnail' width='35' height='35'
        src='//www.blogger.com/img/blogger_logo_round_35.png' />
    </author>
  </entry>
  <entry>
    <id>tag:blogger.com,1999:blog-8002380.post-110374785759604813</id>
    <published>2004-08-11T17:05:00.000+02:00</published>
    <updated>2004-12-22T21:37:37.596+01:00</updated>
    <category scheme='http://schemas.google.com/g/2005#kind'
      term='http://schemas.google.com/blogger/2008/kind#post' />
    <title type='text'>Queen of Sorcery</title>
    <content type='html'>Queen of Sorcery, David Eddings</content>
    <link rel='edit' type='application/atom+xml'
      href='https://www.blogger.com/feeds/8002380/posts/default/110374785759604813' />
    <link rel='self' type='application/atom+xml'
      href='https://www.blogger.com/feeds/8002380/posts/default/110374785759604813' />
    <link rel='alternate' type='text/html'
      href='https://books.supertitle.org/2004/08/queen-of-sorcery.html' title='Queen of Sorcery' />
    <author>
      <name>martin</name>
      <uri>https://www.blogger.com/profile/09053983859177005529</uri>
      <email>noreply@blogger.com</email>
      <gd:image rel='http://schemas.google.com/g/2005#thumbnail' width='35' height='35'
        src='//www.blogger.com/img/blogger_logo_round_35.png' />
    </author>
  </entry>
  <entry>
    <id>tag:blogger.com,1999:blog-8002380.post-109664308154043259</id>
    <published>2004-08-11T17:04:00.000+02:00</published>
    <updated>2004-10-01T17:04:41.540+02:00</updated>
    <category scheme='http://schemas.google.com/g/2005#kind'
      term='http://schemas.google.com/blogger/2008/kind#post' />
    <title type='text'>Pawn of Prophecy</title>
    <content type='html'>Pawn of Prophecy, David Eddings
      (part of The Belgariad trilogy)</content>
    <link rel='edit' type='application/atom+xml'
      href='https://www.blogger.com/feeds/8002380/posts/default/109664308154043259' />
    <link rel='self' type='application/atom+xml'
      href='https://www.blogger.com/feeds/8002380/posts/default/109664308154043259' />
    <link rel='alternate' type='text/html'
      href='https://books.supertitle.org/2004/08/pawn-of-prophecy.html' title='Pawn of Prophecy' />
    <author>
      <name>martin</name>
      <uri>https://www.blogger.com/profile/09053983859177005529</uri>
      <email>noreply@blogger.com</email>
      <gd:image rel='http://schemas.google.com/g/2005#thumbnail' width='35' height='35'
        src='//www.blogger.com/img/blogger_logo_round_35.png' />
    </author>
  </entry>
  <entry>
    <id>tag:blogger.com,1999:blog-8002380.post-110374628712007374</id>
    <published>2004-08-05T21:10:00.000+02:00</published>
    <updated>2004-12-22T21:11:27.120+01:00</updated>
    <category scheme='http://schemas.google.com/g/2005#kind'
      term='http://schemas.google.com/blogger/2008/kind#post' />
    <title type='text'>I, Robot</title>
    <content type='html'>I, Robot, Isaac Asimov</content>
    <link rel='edit' type='application/atom+xml'
      href='https://www.blogger.com/feeds/8002380/posts/default/110374628712007374' />
    <link rel='self' type='application/atom+xml'
      href='https://www.blogger.com/feeds/8002380/posts/default/110374628712007374' />
    <link rel='alternate' type='text/html' href='https://books.supertitle.org/2004/08/i-robot.html'
      title='I, Robot' />
    <author>
      <name>martin</name>
      <uri>https://www.blogger.com/profile/09053983859177005529</uri>
      <email>noreply@blogger.com</email>
      <gd:image rel='http://schemas.google.com/g/2005#thumbnail' width='35' height='35'
        src='//www.blogger.com/img/blogger_logo_round_35.png' />
    </author>
  </entry>
  <entry>
    <id>tag:blogger.com,1999:blog-8002380.post-114675481042553941</id>
    <published>2004-06-01T12:35:00.000+02:00</published>
    <updated>2006-05-04T17:00:10.426+02:00</updated>
    <category scheme='http://schemas.google.com/g/2005#kind'
      term='http://schemas.google.com/blogger/2008/kind#post' />
    <title type='text'>The Long, Dark Teatime of the Soul</title>
    <content type='html'>
      <p>The Long, Dark Teatime of the Soul, Douglas Adams</p>
    </content>
    <link rel='edit' type='application/atom+xml'
      href='https://www.blogger.com/feeds/8002380/posts/default/114675481042553941' />
    <link rel='self' type='application/atom+xml'
      href='https://www.blogger.com/feeds/8002380/posts/default/114675481042553941' />
    <link rel='alternate' type='text/html'
      href='https://books.supertitle.org/2004/06/long-dark-teatime-of-soul.html'
      title='The Long, Dark Teatime of the Soul' />
    <author>
      <name>martin</name>
      <uri>https://www.blogger.com/profile/09053983859177005529</uri>
      <email>noreply@blogger.com</email>
      <gd:image rel='http://schemas.google.com/g/2005#thumbnail' width='35' height='35'
        src='//www.blogger.com/img/blogger_logo_round_35.png' />
    </author>
  </entry>
  <entry>
    <id>tag:blogger.com,1999:blog-8002380.post-114675475177858249</id>
    <published>2004-06-01T12:30:00.000+02:00</published>
    <updated>2006-05-04T16:59:11.780+02:00</updated>
    <category scheme='http://schemas.google.com/g/2005#kind'
      term='http://schemas.google.com/blogger/2008/kind#post' />
    <title type='text'>Dirk Gently's Holistic Detective Agency</title>
    <content type='html'>
      <p>Dirk Gently's Holistic Detective Agency, Douglas Adams</p>
      <p>Definitely not as inspired as The Hitchiker's Guide to the Galaxy.</p>
      <p>I remember a murder investigation in which the crime scene featured an impossible murder; I
        believe a man's head was found spinning on a record player in a room to which all access
        between the murder and its discovery had been impossible. This reminds me of Legion, by
        William Blaty.</p>
    </content>
    <link rel='edit' type='application/atom+xml'
      href='https://www.blogger.com/feeds/8002380/posts/default/114675475177858249' />
    <link rel='self' type='application/atom+xml'
      href='https://www.blogger.com/feeds/8002380/posts/default/114675475177858249' />
    <link rel='alternate' type='text/html'
      href='https://books.supertitle.org/2004/06/dirk-gentlys-holistic-detective-agency.html'
      title='Dirk Gently&apos;s Holistic Detective Agency' />
    <author>
      <name>martin</name>
      <uri>https://www.blogger.com/profile/09053983859177005529</uri>
      <email>noreply@blogger.com</email>
      <gd:image rel='http://schemas.google.com/g/2005#thumbnail' width='35' height='35'
        src='//www.blogger.com/img/blogger_logo_round_35.png' />
    </author>
  </entry>
  <entry>
    <id>tag:blogger.com,1999:blog-8002380.post-113665891090405894</id>
    <published>2004-04-10T19:28:00.000+02:00</published>
    <updated>2006-01-07T19:44:05.273+01:00</updated>
    <category scheme='http://schemas.google.com/g/2005#kind'
      term='http://schemas.google.com/blogger/2008/kind#post' />
    <title type='text'>The Lord of the Rings</title>
    <content type='html'>
      <p>The Lord of the Rings, J. R. R. Tolkien</p>
      <p>I was proud of myself after finishing this. I was at a Catholic school, and we had Bibles,
        and I remember comparing the hefty sizes of both books and telling people "I've read a book
        bigger than the Bible."</p>
      <p>(They didn't care.)</p>
      <p>What can I say about a book I read 15 years ago and of which a hugely popular movie was
        recently seen by every person in the world? I can't trust my own memory. I think I liked it
        quite a bit. I remember building sandcastles representing the various cities in the book. I
        liked the whole logical geography of the whole thing.</p>
      <p>I also remember that my dad thought the book was way too big to handle comfortably, so he
        cut it into its three component books with a kitchen knife, and announced that I should draw
        some nice new covers for the parts. Whatever... it fell into tatters.</p>
    </content>
    <link rel='edit' type='application/atom+xml'
      href='https://www.blogger.com/feeds/8002380/posts/default/113665891090405894' />
    <link rel='self' type='application/atom+xml'
      href='https://www.blogger.com/feeds/8002380/posts/default/113665891090405894' />
    <link rel='alternate' type='text/html'
      href='https://books.supertitle.org/2004/04/lord-of-rings.html' title='The Lord of the Rings' />
    <author>
      <name>martin</name>
      <uri>https://www.blogger.com/profile/09053983859177005529</uri>
      <email>noreply@blogger.com</email>
      <gd:image rel='http://schemas.google.com/g/2005#thumbnail' width='35' height='35'
        src='//www.blogger.com/img/blogger_logo_round_35.png' />
    </author>
  </entry>
  <entry>
    <id>tag:blogger.com,1999:blog-8002380.post-113665850098486084</id>
    <published>2004-04-09T19:26:00.000+02:00</published>
    <updated>2006-01-07T19:28:20.986+01:00</updated>
    <category scheme='http://schemas.google.com/g/2005#kind'
      term='http://schemas.google.com/blogger/2008/kind#post' />
    <title type='text'>The Hobbit</title>
    <content type='html'>
      <p>The Hobbit, J. R. R. Tolkien</p>
      <p>I liked this. Maybe it was a bit slow at times, but generally pretty good. I liked the
        comic book version that my brother got later.</p>
    </content>
    <link rel='edit' type='application/atom+xml'
      href='https://www.blogger.com/feeds/8002380/posts/default/113665850098486084' />
    <link rel='self' type='application/atom+xml'
      href='https://www.blogger.com/feeds/8002380/posts/default/113665850098486084' />
    <link rel='alternate' type='text/html' href='https://books.supertitle.org/2004/04/hobbit.html'
      title='The Hobbit' />
    <author>
      <name>martin</name>
      <uri>https://www.blogger.com/profile/09053983859177005529</uri>
      <email>noreply@blogger.com</email>
      <gd:image rel='http://schemas.google.com/g/2005#thumbnail' width='35' height='35'
        src='//www.blogger.com/img/blogger_logo_round_35.png' />
    </author>
  </entry>
  <entry>
    <id>tag:blogger.com,1999:blog-8002380.post-113665823012925478</id>
    <published>2004-04-08T19:21:00.000+02:00</published>
    <updated>2006-01-07T19:25:45.713+01:00</updated>
    <category scheme='http://schemas.google.com/g/2005#kind'
      term='http://schemas.google.com/blogger/2008/kind#post' />
    <title type='text'>Johnny Tremain</title>
    <content type='html'>
      <p>Johnny Tremain, Esther Forbes</p>
      <p>I think this was alright. I don't know if I would read it again, though. I might give it to
        my kid for "culture".</p>
    </content>
    <link rel='edit' type='application/atom+xml'
      href='https://www.blogger.com/feeds/8002380/posts/default/113665823012925478' />
    <link rel='self' type='application/atom+xml'
      href='https://www.blogger.com/feeds/8002380/posts/default/113665823012925478' />
    <link rel='alternate' type='text/html'
      href='https://books.supertitle.org/2004/04/johnny-tremain.html' title='Johnny Tremain' />
    <author>
      <name>martin</name>
      <uri>https://www.blogger.com/profile/09053983859177005529</uri>
      <email>noreply@blogger.com</email>
      <gd:image rel='http://schemas.google.com/g/2005#thumbnail' width='35' height='35'
        src='//www.blogger.com/img/blogger_logo_round_35.png' />
    </author>
  </entry>
  <entry>
    <id>tag:blogger.com,1999:blog-8002380.post-114675418838059024</id>
    <published>2004-03-08T23:36:00.000+01:00</published>
    <updated>2006-05-04T16:51:03.223+02:00</updated>
    <category scheme='http://schemas.google.com/g/2005#kind'
      term='http://schemas.google.com/blogger/2008/kind#post' />
    <title type='text'>So Long, and Thanks for All the Fish</title>
    <content type='html'>
      <p>So Long, and Thanks for All the Fish, Douglas Adams</p>
      <p>This series, which started brilliantly and kept it up for a while, had largely changed tone
        by this point. There were several nevertheless interesting ruminations and absurdities left,
        like bistromath, plus sex to plug the cracks.</p>
    </content>
    <link rel='edit' type='application/atom+xml'
      href='https://www.blogger.com/feeds/8002380/posts/default/114675418838059024' />
    <link rel='self' type='application/atom+xml'
      href='https://www.blogger.com/feeds/8002380/posts/default/114675418838059024' />
    <link rel='alternate' type='text/html'
      href='https://books.supertitle.org/2004/03/so-long-and-thanks-for-all-fish.html'
      title='So Long, and Thanks for All the Fish' />
    <author>
      <name>martin</name>
      <uri>https://www.blogger.com/profile/09053983859177005529</uri>
      <email>noreply@blogger.com</email>
      <gd:image rel='http://schemas.google.com/g/2005#thumbnail' width='35' height='35'
        src='//www.blogger.com/img/blogger_logo_round_35.png' />
    </author>
  </entry>
  <entry>
    <id>tag:blogger.com,1999:blog-8002380.post-114675405799652524</id>
    <published>2004-03-08T23:32:00.000+01:00</published>
    <updated>2006-05-04T16:47:37.996+02:00</updated>
    <category scheme='http://schemas.google.com/g/2005#kind'
      term='http://schemas.google.com/blogger/2008/kind#post' />
    <title type='text'>Life, the Universe and Everything</title>
    <content type='html'>
      <p>Life, the Universe and Everything, Douglas Adams</p>
    </content>
    <link rel='edit' type='application/atom+xml'
      href='https://www.blogger.com/feeds/8002380/posts/default/114675405799652524' />
    <link rel='self' type='application/atom+xml'
      href='https://www.blogger.com/feeds/8002380/posts/default/114675405799652524' />
    <link rel='alternate' type='text/html'
      href='https://books.supertitle.org/2004/03/life-universe-and-everything.html'
      title='Life, the Universe and Everything' />
    <author>
      <name>martin</name>
      <uri>https://www.blogger.com/profile/09053983859177005529</uri>
      <email>noreply@blogger.com</email>
      <gd:image rel='http://schemas.google.com/g/2005#thumbnail' width='35' height='35'
        src='//www.blogger.com/img/blogger_logo_round_35.png' />
    </author>
  </entry>
  <entry>
    <id>tag:blogger.com,1999:blog-8002380.post-114675397817114024</id>
    <published>2004-03-08T23:30:00.000+01:00</published>
    <updated>2006-05-04T16:46:18.173+02:00</updated>
    <category scheme='http://schemas.google.com/g/2005#kind'
      term='http://schemas.google.com/blogger/2008/kind#post' />
    <title type='text'>The Restaurant at the End of the Universe</title>
    <content type='html'>
      <p>The Restaurant at the End of the Universe, Douglas Adams</p>
    </content>
    <link rel='edit' type='application/atom+xml'
      href='https://www.blogger.com/feeds/8002380/posts/default/114675397817114024' />
    <link rel='self' type='application/atom+xml'
      href='https://www.blogger.com/feeds/8002380/posts/default/114675397817114024' />
    <link rel='alternate' type='text/html'
      href='https://books.supertitle.org/2004/03/restaurant-at-end-of-universe.html'
      title='The Restaurant at the End of the Universe' />
    <author>
      <name>martin</name>
      <uri>https://www.blogger.com/profile/09053983859177005529</uri>
      <email>noreply@blogger.com</email>
      <gd:image rel='http://schemas.google.com/g/2005#thumbnail' width='35' height='35'
        src='//www.blogger.com/img/blogger_logo_round_35.png' />
    </author>
  </entry>
  <entry>
    <id>tag:blogger.com,1999:blog-8002380.post-114675392120353675</id>
    <published>2004-03-08T23:25:00.000+01:00</published>
    <updated>2006-05-04T16:45:21.213+02:00</updated>
    <category scheme='http://schemas.google.com/g/2005#kind'
      term='http://schemas.google.com/blogger/2008/kind#post' />
    <title type='text'>The Hitchiker's Guide to the Galaxy</title>
    <content type='html'>
      <p>The Hitchiker's Guide to the Galaxy, Douglas Adams</p>
      <p>Hilarious and hard to put down. As of 2006, I have not read anything else like this.</p>
    </content>
    <link rel='edit' type='application/atom+xml'
      href='https://www.blogger.com/feeds/8002380/posts/default/114675392120353675' />
    <link rel='self' type='application/atom+xml'
      href='https://www.blogger.com/feeds/8002380/posts/default/114675392120353675' />
    <link rel='alternate' type='text/html'
      href='https://books.supertitle.org/2004/03/hitchikers-guide-to-galaxy.html'
      title='The Hitchiker&apos;s Guide to the Galaxy' />
    <author>
      <name>martin</name>
      <uri>https://www.blogger.com/profile/09053983859177005529</uri>
      <email>noreply@blogger.com</email>
      <gd:image rel='http://schemas.google.com/g/2005#thumbnail' width='35' height='35'
        src='//www.blogger.com/img/blogger_logo_round_35.png' />
    </author>
  </entry>
  <entry>
    <id>tag:blogger.com,1999:blog-8002380.post-112085631114598445</id>
    <published>2004-03-08T22:57:00.000+01:00</published>
    <updated>2005-07-08T22:58:31.146+02:00</updated>
    <category scheme='http://schemas.google.com/g/2005#kind'
      term='http://schemas.google.com/blogger/2008/kind#post' />
    <title type='text'>The Memoirs of Sherlock Holmes</title>
    <content type='html'>
      <p>The Memoirs of Sherlock Holmes, Arthur Conan Doyle</p>
    </content>
    <link rel='edit' type='application/atom+xml'
      href='https://www.blogger.com/feeds/8002380/posts/default/112085631114598445' />
    <link rel='self' type='application/atom+xml'
      href='https://www.blogger.com/feeds/8002380/posts/default/112085631114598445' />
    <link rel='alternate' type='text/html'
      href='https://books.supertitle.org/2004/03/memoirs-of-sherlock-holmes.html'
      title='The Memoirs of Sherlock Holmes' />
    <author>
      <name>martin</name>
      <uri>https://www.blogger.com/profile/09053983859177005529</uri>
      <email>noreply@blogger.com</email>
      <gd:image rel='http://schemas.google.com/g/2005#thumbnail' width='35' height='35'
        src='//www.blogger.com/img/blogger_logo_round_35.png' />
    </author>
  </entry>
  <entry>
    <id>tag:blogger.com,1999:blog-8002380.post-112085623078478977</id>
    <published>2004-03-08T22:56:00.000+01:00</published>
    <updated>2005-07-08T22:57:10.790+02:00</updated>
    <category scheme='http://schemas.google.com/g/2005#kind'
      term='http://schemas.google.com/blogger/2008/kind#post' />
    <title type='text'>The Adventures of Sherlock Holmes</title>
    <content type='html'>
      <p>The Adventures of Sherlock Holmes, Arthur Conan Doyle</p>
    </content>
    <link rel='edit' type='application/atom+xml'
      href='https://www.blogger.com/feeds/8002380/posts/default/112085623078478977' />
    <link rel='self' type='application/atom+xml'
      href='https://www.blogger.com/feeds/8002380/posts/default/112085623078478977' />
    <link rel='alternate' type='text/html'
      href='https://books.supertitle.org/2004/03/adventures-of-sherlock-holmes.html'
      title='The Adventures of Sherlock Holmes' />
    <author>
      <name>martin</name>
      <uri>https://www.blogger.com/profile/09053983859177005529</uri>
      <email>noreply@blogger.com</email>
      <gd:image rel='http://schemas.google.com/g/2005#thumbnail' width='35' height='35'
        src='//www.blogger.com/img/blogger_logo_round_35.png' />
    </author>
  </entry>
  <entry>
    <id>tag:blogger.com,1999:blog-8002380.post-7425027255377303649</id>
    <published>2004-03-08T22:45:00.001+01:00</published>
    <updated>2010-09-13T12:24:02.623+02:00</updated>
    <category scheme='http://schemas.google.com/g/2005#kind'
      term='http://schemas.google.com/blogger/2008/kind#post' />
    <title type='text'>Time Machine 2: Search for Dinosaurs</title>
    <content type='html'>
      <p>Time Machine 2: Search for Dinosaurs, David Bischoff</p>
      <p>a Choose you own adventure book</p>
    </content>
    <link rel='edit' type='application/atom+xml'
      href='https://www.blogger.com/feeds/8002380/posts/default/7425027255377303649' />
    <link rel='self' type='application/atom+xml'
      href='https://www.blogger.com/feeds/8002380/posts/default/7425027255377303649' />
    <link rel='alternate' type='text/html'
      href='https://books.supertitle.org/2004/03/day-with-dinosaurs.html'
      title='Time Machine 2: Search for Dinosaurs' />
    <author>
      <name>martin</name>
      <uri>https://www.blogger.com/profile/09053983859177005529</uri>
      <email>noreply@blogger.com</email>
      <gd:image rel='http://schemas.google.com/g/2005#thumbnail' width='35' height='35'
        src='//www.blogger.com/img/blogger_logo_round_35.png' />
    </author>
  </entry>
  <entry>
    <id>tag:blogger.com,1999:blog-8002380.post-7990854266989616572</id>
    <published>2004-03-08T22:42:00.000+01:00</published>
    <updated>2010-09-13T12:33:03.252+02:00</updated>
    <category scheme='http://schemas.google.com/g/2005#kind'
      term='http://schemas.google.com/blogger/2008/kind#post' />
    <title type='text'>(Choose Your Own Adventure)</title>
    <content type='html'>
      <p>Incomplete entry: I do not remember which ones I read.</p>
    </content>
    <link rel='edit' type='application/atom+xml'
      href='https://www.blogger.com/feeds/8002380/posts/default/7990854266989616572' />
    <link rel='self' type='application/atom+xml'
      href='https://www.blogger.com/feeds/8002380/posts/default/7990854266989616572' />
    <link rel='alternate' type='text/html'
      href='https://books.supertitle.org/2004/08/choose-your-own-adventure.html'
      title='(Choose Your Own Adventure)' />
    <author>
      <name>martin</name>
      <uri>https://www.blogger.com/profile/09053983859177005529</uri>
      <email>noreply@blogger.com</email>
      <gd:image rel='http://schemas.google.com/g/2005#thumbnail' width='35' height='35'
        src='//www.blogger.com/img/blogger_logo_round_35.png' />
    </author>
  </entry>
  <entry>
    <id>tag:blogger.com,1999:blog-8002380.post-112085496763129625</id>
    <published>2004-03-08T22:34:00.001+01:00</published>
    <updated>2005-07-08T22:36:07.633+02:00</updated>
    <category scheme='http://schemas.google.com/g/2005#kind'
      term='http://schemas.google.com/blogger/2008/kind#post' />
    <title type='text'>Secret Of Phantom Lake</title>
    <content type='html'>
      <p>Secret Of Phantom Lake, William Arden</p>
    </content>
    <link rel='edit' type='application/atom+xml'
      href='https://www.blogger.com/feeds/8002380/posts/default/112085496763129625' />
    <link rel='self' type='application/atom+xml'
      href='https://www.blogger.com/feeds/8002380/posts/default/112085496763129625' />
    <link rel='alternate' type='text/html'
      href='https://books.supertitle.org/2004/03/secret-of-phantom-lake.html'
      title='Secret Of Phantom Lake' />
    <author>
      <name>martin</name>
      <uri>https://www.blogger.com/profile/09053983859177005529</uri>
      <email>noreply@blogger.com</email>
      <gd:image rel='http://schemas.google.com/g/2005#thumbnail' width='35' height='35'
        src='//www.blogger.com/img/blogger_logo_round_35.png' />
    </author>
  </entry>
  <entry>
    <id>tag:blogger.com,1999:blog-8002380.post-112085489261236309</id>
    <published>2004-03-08T22:34:00.000+01:00</published>
    <updated>2005-07-08T22:34:52.613+02:00</updated>
    <category scheme='http://schemas.google.com/g/2005#kind'
      term='http://schemas.google.com/blogger/2008/kind#post' />
    <title type='text'>The Secret Of Skeleton Island</title>
    <content type='html'>
      <p>The Secret Of Skeleton Island, Robert Arthur</p>
    </content>
    <link rel='edit' type='application/atom+xml'
      href='https://www.blogger.com/feeds/8002380/posts/default/112085489261236309' />
    <link rel='self' type='application/atom+xml'
      href='https://www.blogger.com/feeds/8002380/posts/default/112085489261236309' />
    <link rel='alternate' type='text/html'
      href='https://books.supertitle.org/2004/03/secret-of-skeleton-island.html'
      title='The Secret Of Skeleton Island' />
    <author>
      <name>martin</name>
      <uri>https://www.blogger.com/profile/09053983859177005529</uri>
      <email>noreply@blogger.com</email>
      <gd:image rel='http://schemas.google.com/g/2005#thumbnail' width='35' height='35'
        src='//www.blogger.com/img/blogger_logo_round_35.png' />
    </author>
  </entry>
  <entry>
    <id>tag:blogger.com,1999:blog-8002380.post-112085484708740649</id>
    <published>2004-03-08T22:33:00.000+01:00</published>
    <updated>2005-07-08T22:34:07.086+02:00</updated>
    <category scheme='http://schemas.google.com/g/2005#kind'
      term='http://schemas.google.com/blogger/2008/kind#post' />
    <title type='text'>The Secret Of Shark Reef</title>
    <content type='html'>
      <p>The Secret Of Shark Reef, William Arden</p>
    </content>
    <link rel='edit' type='application/atom+xml'
      href='https://www.blogger.com/feeds/8002380/posts/default/112085484708740649' />
    <link rel='self' type='application/atom+xml'
      href='https://www.blogger.com/feeds/8002380/posts/default/112085484708740649' />
    <link rel='alternate' type='text/html'
      href='https://books.supertitle.org/2004/03/secret-of-shark-reef.html'
      title='The Secret Of Shark Reef' />
    <author>
      <name>martin</name>
      <uri>https://www.blogger.com/profile/09053983859177005529</uri>
      <email>noreply@blogger.com</email>
      <gd:image rel='http://schemas.google.com/g/2005#thumbnail' width='35' height='35'
        src='//www.blogger.com/img/blogger_logo_round_35.png' />
    </author>
  </entry>
  <entry>
    <id>tag:blogger.com,1999:blog-8002380.post-112085478672667538</id>
    <published>2004-03-08T22:31:00.000+01:00</published>
    <updated>2005-07-08T22:33:06.726+02:00</updated>
    <category scheme='http://schemas.google.com/g/2005#kind'
      term='http://schemas.google.com/blogger/2008/kind#post' />
    <title type='text'>The Mystery Of The Purple Pirate</title>
    <content type='html'>
      <p>The Mystery Of The Purple Pirate, William Arden</p>
    </content>
    <link rel='edit' type='application/atom+xml'
      href='https://www.blogger.com/feeds/8002380/posts/default/112085478672667538' />
    <link rel='self' type='application/atom+xml'
      href='https://www.blogger.com/feeds/8002380/posts/default/112085478672667538' />
    <link rel='alternate' type='text/html'
      href='https://books.supertitle.org/2004/03/mystery-of-purple-pirate.html'
      title='The Mystery Of The Purple Pirate' />
    <author>
      <name>martin</name>
      <uri>https://www.blogger.com/profile/09053983859177005529</uri>
      <email>noreply@blogger.com</email>
      <gd:image rel='http://schemas.google.com/g/2005#thumbnail' width='35' height='35'
        src='//www.blogger.com/img/blogger_logo_round_35.png' />
    </author>
  </entry>
  <entry>
    <id>tag:blogger.com,1999:blog-8002380.post-112085465192327980</id>
    <published>2004-03-08T22:29:00.001+01:00</published>
    <updated>2005-07-08T22:30:51.923+02:00</updated>
    <category scheme='http://schemas.google.com/g/2005#kind'
      term='http://schemas.google.com/blogger/2008/kind#post' />
    <title type='text'>The Secret Of Terror Castle</title>
    <content type='html'>
      <p>The Secret Of Terror Castle, Robert Arthur</p>
    </content>
    <link rel='edit' type='application/atom+xml'
      href='https://www.blogger.com/feeds/8002380/posts/default/112085465192327980' />
    <link rel='self' type='application/atom+xml'
      href='https://www.blogger.com/feeds/8002380/posts/default/112085465192327980' />
    <link rel='alternate' type='text/html'
      href='https://books.supertitle.org/2004/03/secret-of-terror-castle.html'
      title='The Secret Of Terror Castle' />
    <author>
      <name>martin</name>
      <uri>https://www.blogger.com/profile/09053983859177005529</uri>
      <email>noreply@blogger.com</email>
      <gd:image rel='http://schemas.google.com/g/2005#thumbnail' width='35' height='35'
        src='//www.blogger.com/img/blogger_logo_round_35.png' />
    </author>
  </entry>
  <entry>
    <id>tag:blogger.com,1999:blog-8002380.post-112085459045312214</id>
    <published>2004-03-08T22:29:00.000+01:00</published>
    <updated>2005-07-08T22:29:50.453+02:00</updated>
    <category scheme='http://schemas.google.com/g/2005#kind'
      term='http://schemas.google.com/blogger/2008/kind#post' />
    <title type='text'>The Mystery Of The Talking Skull</title>
    <content type='html'>
      <p>The Mystery Of The Talking Skull, Robert Arthur</p>
    </content>
    <link rel='edit' type='application/atom+xml'
      href='https://www.blogger.com/feeds/8002380/posts/default/112085459045312214' />
    <link rel='self' type='application/atom+xml'
      href='https://www.blogger.com/feeds/8002380/posts/default/112085459045312214' />
    <link rel='alternate' type='text/html'
      href='https://books.supertitle.org/2004/03/mystery-of-talking-skull.html'
      title='The Mystery Of The Talking Skull' />
    <author>
      <name>martin</name>
      <uri>https://www.blogger.com/profile/09053983859177005529</uri>
      <email>noreply@blogger.com</email>
      <gd:image rel='http://schemas.google.com/g/2005#thumbnail' width='35' height='35'
        src='//www.blogger.com/img/blogger_logo_round_35.png' />
    </author>
  </entry>
  <entry>
    <id>tag:blogger.com,1999:blog-8002380.post-112085441318868920</id>
    <published>2004-03-08T22:20:00.000+01:00</published>
    <updated>2005-07-08T22:26:53.186+02:00</updated>
    <category scheme='http://schemas.google.com/g/2005#kind'
      term='http://schemas.google.com/blogger/2008/kind#post' />
    <title type='text'>The Mystery Of The Green Ghost</title>
    <content type='html'>
      <p>The Mystery Of The Green Ghost, Robert Arthur</p>
    </content>
    <link rel='edit' type='application/atom+xml'
      href='https://www.blogger.com/feeds/8002380/posts/default/112085441318868920' />
    <link rel='self' type='application/atom+xml'
      href='https://www.blogger.com/feeds/8002380/posts/default/112085441318868920' />
    <link rel='alternate' type='text/html'
      href='https://books.supertitle.org/2004/03/mystery-of-green-ghost.html'
      title='The Mystery Of The Green Ghost' />
    <author>
      <name>martin</name>
      <uri>https://www.blogger.com/profile/09053983859177005529</uri>
      <email>noreply@blogger.com</email>
      <gd:image rel='http://schemas.google.com/g/2005#thumbnail' width='35' height='35'
        src='//www.blogger.com/img/blogger_logo_round_35.png' />
    </author>
  </entry>
  <entry>
    <id>tag:blogger.com,1999:blog-8002380.post-112085392045097034</id>
    <published>2004-03-08T22:17:00.000+01:00</published>
    <updated>2005-07-08T22:18:40.450+02:00</updated>
    <category scheme='http://schemas.google.com/g/2005#kind'
      term='http://schemas.google.com/blogger/2008/kind#post' />
    <title type='text'>The Mystery Of The Vanishing Treasure</title>
    <content type='html'>
      <p>The Mystery Of The Vanishing Treasure, Robert Arthur</p>
    </content>
    <link rel='edit' type='application/atom+xml'
      href='https://www.blogger.com/feeds/8002380/posts/default/112085392045097034' />
    <link rel='self' type='application/atom+xml'
      href='https://www.blogger.com/feeds/8002380/posts/default/112085392045097034' />
    <link rel='alternate' type='text/html'
      href='https://books.supertitle.org/2004/03/mystery-of-vanishing-treasure.html'
      title='The Mystery Of The Vanishing Treasure' />
    <author>
      <name>martin</name>
      <uri>https://www.blogger.com/profile/09053983859177005529</uri>
      <email>noreply@blogger.com</email>
      <gd:image rel='http://schemas.google.com/g/2005#thumbnail' width='35' height='35'
        src='//www.blogger.com/img/blogger_logo_round_35.png' />
    </author>
  </entry>
  <entry>
    <id>tag:blogger.com,1999:blog-8002380.post-112085384829449122</id>
    <published>2004-03-08T22:15:00.000+01:00</published>
    <updated>2005-07-08T22:19:47.340+02:00</updated>
    <category scheme='http://schemas.google.com/g/2005#kind'
      term='http://schemas.google.com/blogger/2008/kind#post' />
    <title type='text'>The Mystery Of The Whispering Mummy</title>
    <content type='html'>
      <p>The Mystery Of The Whispering Mummy, Robert Arthur</p>
    </content>
    <link rel='edit' type='application/atom+xml'
      href='https://www.blogger.com/feeds/8002380/posts/default/112085384829449122' />
    <link rel='self' type='application/atom+xml'
      href='https://www.blogger.com/feeds/8002380/posts/default/112085384829449122' />
    <link rel='alternate' type='text/html'
      href='https://books.supertitle.org/2004/03/mystery-of-whispering-mummy.html'
      title='The Mystery Of The Whispering Mummy' />
    <author>
      <name>martin</name>
      <uri>https://www.blogger.com/profile/09053983859177005529</uri>
      <email>noreply@blogger.com</email>
      <gd:image rel='http://schemas.google.com/g/2005#thumbnail' width='35' height='35'
        src='//www.blogger.com/img/blogger_logo_round_35.png' />
    </author>
  </entry>
  <entry>
    <id>tag:blogger.com,1999:blog-8002380.post-112085215242455611</id>
    <published>2004-03-08T21:45:00.000+01:00</published>
    <updated>2015-05-16T11:07:07.760+02:00</updated>
    <category scheme='http://schemas.google.com/g/2005#kind'
      term='http://schemas.google.com/blogger/2008/kind#post' />
    <title type='text'>The Stuttering Parrot</title>
    <content type='html'>
      <a
        href="http://3.bp.blogspot.com/-Mh5Ibxrqsx8/VVcIq0QHrfI/AAAAAAAAGXY/sbLuzNGL8PI/s1600/51LAMuGtNvL.jpg"
        imageanchor="1">
        <img border="0"
          src="http://3.bp.blogspot.com/-Mh5Ibxrqsx8/VVcIq0QHrfI/AAAAAAAAGXY/sbLuzNGL8PI/s320/51LAMuGtNvL.jpg" />
      </a>
      <br />
      <p>The Mystery of the Stuttering Parrot, Robert Arthur</p>
      <p>Just the title sounds so evocative and thrilling.</p>
      <p>No seriously--they solved some mystery by figuring out why that parrot stuttered, right?
        Didn't they find it at the scene of the crime, and then search for its stuttering owner?
        That's so awesome.</p>
    </content>
    <link rel='edit' type='application/atom+xml'
      href='https://www.blogger.com/feeds/8002380/posts/default/112085215242455611' />
    <link rel='self' type='application/atom+xml'
      href='https://www.blogger.com/feeds/8002380/posts/default/112085215242455611' />
    <link rel='alternate' type='text/html'
      href='https://books.supertitle.org/2004/03/stuttering-parrot.html'
      title='The Stuttering Parrot' />
    <author>
      <name>martin</name>
      <uri>https://www.blogger.com/profile/09053983859177005529</uri>
      <email>noreply@blogger.com</email>
      <gd:image rel='http://schemas.google.com/g/2005#thumbnail' width='35' height='35'
        src='//www.blogger.com/img/blogger_logo_round_35.png' />
    </author>
    <media:thumbnail xmlns:media='http://search.yahoo.com/mrss/'
      url='http://3.bp.blogspot.com/-Mh5Ibxrqsx8/VVcIq0QHrfI/AAAAAAAAGXY/sbLuzNGL8PI/s72-c/51LAMuGtNvL.jpg'
      height='72' width='72' />
  </entry>
  <entry>
    <id>tag:blogger.com,1999:blog-8002380.post-1994010147825666646</id>
    <published>2004-03-08T00:00:00.000+01:00</published>
    <updated>2016-11-28T10:46:58.126+01:00</updated>
    <category scheme='http://schemas.google.com/g/2005#kind'
      term='http://schemas.google.com/blogger/2008/kind#post' />
    <title type='text'>The Curse of the Blue Figurine</title>
    <content type='html'>
      <div dir="ltr" style="text-align: left;" trbidi="on">
        <img class="bookCover" border="0"
          src="http://t3.gstatic.com/images?q=tbn:ANd9GcRCwOgTtN7Ku39Gqg62G3_dwvltRdFBTc1XiGn6uYbeVPZTXYZD"></img>
        <br />
        <p>The Curse of the Blue Figurine, John Bellairs</p>
        <p>Johnny Dixon series</p>
      </div>
    </content>
    <link rel='edit' type='application/atom+xml'
      href='https://www.blogger.com/feeds/8002380/posts/default/1994010147825666646' />
    <link rel='self' type='application/atom+xml'
      href='https://www.blogger.com/feeds/8002380/posts/default/1994010147825666646' />
    <link rel='alternate' type='text/html'
      href='https://books.supertitle.org/2004/03/the-curse-of-blue-figurine.html'
      title='The Curse of the Blue Figurine' />
    <author>
      <name>martin</name>
      <uri>https://www.blogger.com/profile/09053983859177005529</uri>
      <email>noreply@blogger.com</email>
      <gd:image rel='http://schemas.google.com/g/2005#thumbnail' width='35' height='35'
        src='//www.blogger.com/img/blogger_logo_round_35.png' />
    </author>
  </entry>
  <entry>
    <id>tag:blogger.com,1999:blog-8002380.post-113665929215370316</id>
    <published>2004-01-01T19:40:00.000+01:00</published>
    <updated>2006-01-07T19:41:32.153+01:00</updated>
    <category scheme='http://schemas.google.com/g/2005#kind'
      term='http://schemas.google.com/blogger/2008/kind#post' />
    <title type='text'>Winnie the Pooh</title>
    <content type='html'>
      <p>Winnie the Pooh, A. A. Milne</p>
      <p>Who doesn't love this?</p>
    </content>
    <link rel='edit' type='application/atom+xml'
      href='https://www.blogger.com/feeds/8002380/posts/default/113665929215370316' />
    <link rel='self' type='application/atom+xml'
      href='https://www.blogger.com/feeds/8002380/posts/default/113665929215370316' />
    <link rel='alternate' type='text/html'
      href='https://books.supertitle.org/2004/01/winnie-pooh.html' title='Winnie the Pooh' />
    <author>
      <name>martin</name>
      <uri>https://www.blogger.com/profile/09053983859177005529</uri>
      <email>noreply@blogger.com</email>
      <gd:image rel='http://schemas.google.com/g/2005#thumbnail' width='35' height='35'
        src='//www.blogger.com/img/blogger_logo_round_35.png' />
    </author>
  </entry>
  <entry>
    <id>tag:blogger.com,1999:blog-8002380.post-1532961423189294339</id>
    <published>2020-09-28T11:36:53.544+02:00</published>
    <updated>2020-09-28T11:36:53.544+02:00</updated>
    <category scheme='http://schemas.google.com/g/2005#kind'
      term='http://schemas.google.com/blogger/2008/kind#comment' />
    <title type='text'>Hi there to everyone, the contents present at this...</title>
    <content type='html'>Hi there to everyone, the contents present at this web page are actually
      amazing for people knowledge, well, you can also visit <a
        href="https://www.veteraninvestigation.com/private-detective-agency-delhi/" rel="nofollow">
        <b>Detective Agency In Delhi</b>
      </a> for more Veteran Investigation Services (VIS)
      related information and knowledge. Keep up the good work.<br /></content>
    <link rel='edit' type='application/atom+xml'
      href='https://www.blogger.com/feeds/8002380/114675475177858249/comments/default/1532961423189294339' />
    <link rel='self' type='application/atom+xml'
      href='https://www.blogger.com/feeds/8002380/114675475177858249/comments/default/1532961423189294339' />
    <link rel='alternate' type='text/html'
      href='http://books.supertitle.org/2004/06/dirk-gentlys-holistic-detective-agency.html?showComment=1601285813544#c1532961423189294339'
      title='' />
    <author>
      <name>Detective Services In Mumbai</name>
      <uri>https://www.blogger.com/profile/01905818357528169491</uri>
      <email>noreply@blogger.com</email>
      <gd:image rel='http://schemas.google.com/g/2005#thumbnail' width='35' height='35'
        src='//www.blogger.com/img/blogger_logo_round_35.png' />
    </author>
    <thr:in-reply-to
      href='https://books.supertitle.org/2004/06/dirk-gentlys-holistic-detective-agency.html'
      ref='tag:blogger.com,1999:blog-8002380.post-114675475177858249'
      source='https://www.blogger.com/feeds/8002380/posts/default/114675475177858249'
      type='text/html' />
    <gd:extendedProperty name='blogger.itemClass' value='pid-540042595' />
    <gd:extendedProperty name='blogger.displayTime' value='11:36 am' />
  </entry>
  <entry>
    <id>tag:blogger.com,1999:blog-8002380.post-954274387145553192</id>
    <published>2021-11-06T19:44:01.580+01:00</published>
    <updated>2021-11-06T19:44:01.580+01:00</updated>
    <category scheme='http://schemas.google.com/g/2005#kind'
      term='http://schemas.google.com/blogger/2008/kind#comment' />
    <title type='text'>🎃🎃</title>
    <content type='html'>🎃🎃</content>
    <link rel='edit' type='application/atom+xml'
      href='https://www.blogger.com/feeds/8002380/7485299117705672745/comments/default/954274387145553192' />
    <link rel='self' type='application/atom+xml'
      href='https://www.blogger.com/feeds/8002380/7485299117705672745/comments/default/954274387145553192' />
    <link rel='alternate' type='text/html'
      href='http://books.supertitle.org/2018/04/the-terror.html?showComment=1636224241580#c954274387145553192'
      title='' />
    <author>
      <name>Broonage</name>
      <uri>https://www.blogger.com/profile/07333609043519736819</uri>
      <email>noreply@blogger.com</email>
      <gd:image rel='http://schemas.google.com/g/2005#thumbnail' width='35' height='35'
        src='//www.blogger.com/img/blogger_logo_round_35.png' />
    </author>
    <thr:in-reply-to href='https://books.supertitle.org/2018/04/the-terror.html'
      ref='tag:blogger.com,1999:blog-8002380.post-7485299117705672745'
      source='https://www.blogger.com/feeds/8002380/posts/default/7485299117705672745'
      type='text/html' />
    <gd:extendedProperty name='blogger.itemClass' value='pid-328137028' />
    <gd:extendedProperty name='blogger.displayTime' value='7:44 pm' />
  </entry>
</feed>