<?xml version='1.0' encoding='utf-8'?>
<?xml-stylesheet href="https://www.blogger.com/styles/atom.css" type="text/css"?>
<feed xmlns:gd='http://schemas.google.com/g/2005' xmlns:thr='http://purl.org/syndication/thread/1.0'
xmlns:georss='http://www.georss.org/georss'>
  <id>tag:blogger.com,1999:blog-2993010.archive</id>
  <updated>2023-02-12T17:33:58.555+01:00</updated>
  <title type='text'>supertitle</title>
  <link rel='http://schemas.google.com/g/2005#feed' type='application/atom+xml'
    href='https://www.blogger.com/feeds/2993010/archive' />
  <link rel='self' type='application/atom+xml' href='https://www.blogger.com/feeds/2993010/archive' />
  <link rel='http://schemas.google.com/g/2005#post' type='application/atom+xml'
    href='https://www.blogger.com/feeds/2993010/archive' />
  <link rel='alternate' type='text/html' href='http://www.supertitle.org/' />
  <author>
    <name>martin</name>
    <uri>https://www.blogger.com/profile/09053983859177005529</uri>
    <email>noreply@blogger.com</email>
    <gd:image rel='http://schemas.google.com/g/2005#thumbnail' width='35' height='35'
      src='//www.blogger.com/img/blogger_logo_round_35.png' />
  </author>
  <generator version='7.00' uri='https://www.blogger.com'>Blogger</generator>
  <entry>
    <id>tag:blogger.com,1999:blog-2993010.post-5908233977801586034</id>
    <published>2018-05-20T22:41:00.000+02:00</published>
    <updated>2018-05-22T07:50:38.777+02:00</updated>
    <category scheme='http://schemas.google.com/g/2005#kind'
      term='http://schemas.google.com/blogger/2008/kind#post' />
    <title type='text'>On rap lyrics</title>
    <content type='html'>&lt;div class="separator" style="clear: both; text-align: center;"&gt;&lt;a
      href="https://1.bp.blogspot.com/-N60aga__iOI/WwHbgHi1PDI/AAAAAAAA4eg/Hr9PR-yDdhElwixGzQ8SbiOUFaRFGW5ngCLcBGAs/s1600/on-rap-lyrics.png"
      imageanchor="1" style="margin-left: 1em; margin-right: 1em;"&gt;&lt;img border="0"
      src="https://1.bp.blogspot.com/-N60aga__iOI/WwHbgHi1PDI/AAAAAAAA4eg/Hr9PR-yDdhElwixGzQ8SbiOUFaRFGW5ngCLcBGAs/s320/on-rap-lyrics.png"
      width="260" height="320" data-original-width="1302" data-original-height="1600"
      /&gt;&lt;/a&gt;&lt;/div&gt;&lt;div dir="ltr" style="line-height: 1.38; text-align: justify;
      font-family: &amp;quot;Times New Roman&amp;quot;; font-size: large;"&gt;&lt;p&gt;Rap has this
      thing, where if it does it right it’s like a whale-hunting harpoon, with this grappling hook
      in it, shot into your brain, with this metal cable on it, and the cable wrenches back and
      tightens, the cable goes taut, and then this giant hand strums that cable.&lt;/p&gt;That
      grappling hook has four claws. A good rhyme in rap isn’t just a good rhyme; it does four
      things at once in a way that your brain can’t believe it.&lt;/p&gt;&lt;p&gt;The four things
      are: The rhyme, the theme, the synecdoche and the—I’m going to make up a word here—the
      topical. Hearing those four things simultaneously is a really good feeling for your brain.
      Good rap is a really good feeling for your brain. Here then, for the first time ever (you
      won’t find “four things in rap” on Google; this is not the four pillars of hip-hop), here are
      those four things.&lt;/p&gt;
</content>
    <link rel='replies' type='application/atom+xml'
      href='https://www.supertitle.org/feeds/5908233977801586034/comments/default'
      title='Post Comments' />
    <link rel='replies' type='text/html'
      href='https://www.blogger.com/comment.g?blogID=2993010&amp;postID=5908233977801586034&amp;isPopup=true'
      title='0 Comments' />
    <link rel='edit' type='application/atom+xml'
      href='https://www.blogger.com/feeds/2993010/posts/default/5908233977801586034' />
    <link rel='self' type='application/atom+xml'
      href='https://www.blogger.com/feeds/2993010/posts/default/5908233977801586034' />
    <link rel='alternate' type='text/html'
      href='https://www.supertitle.org/2018/05/on-rap-lyrics.html' title='On rap lyrics' />
    <author>
      <name>martin</name>
      <uri>https://www.blogger.com/profile/09053983859177005529</uri>
      <email>noreply@blogger.com</email>
      <gd:image rel='http://schemas.google.com/g/2005#thumbnail' width='35' height='35'
        src='//www.blogger.com/img/blogger_logo_round_35.png' />
    </author>
    <media:thumbnail xmlns:media='http://search.yahoo.com/mrss/'
      url='https://1.bp.blogspot.com/-N60aga__iOI/WwHbgHi1PDI/AAAAAAAA4eg/Hr9PR-yDdhElwixGzQ8SbiOUFaRFGW5ngCLcBGAs/s72-c/on-rap-lyrics.png'
      height='72' width='72' />
    <thr:total>0</thr:total>
  </entry>
</feed>