<?xml version='1.0' encoding='utf-8'?>
<?xml-stylesheet href="https://www.blogger.com/styles/atom.css" type="text/css"?>
<feed xmlns:gd='http://schemas.google.com/g/2005' xmlns:thr='http://purl.org/syndication/thread/1.0'
xmlns:georss='http://www.georss.org/georss'>
  <id>tag:blogger.com,1999:blog-2993010.archive</id>
  <updated>2023-02-12T17:33:58.555+01:00</updated>
  <title type='text'>supertitle</title>
  <link rel='http://schemas.google.com/g/2005#feed' type='application/atom+xml'
    href='https://www.blogger.com/feeds/2993010/archive' />
  <link rel='self' type='application/atom+xml' href='https://www.blogger.com/feeds/2993010/archive' />
  <link rel='http://schemas.google.com/g/2005#post' type='application/atom+xml'
    href='https://www.blogger.com/feeds/2993010/archive' />
  <link rel='alternate' type='text/html' href='http://www.supertitle.org/' />
  <author>
    <name>martin</name>
    <uri>https://www.blogger.com/profile/09053983859177005529</uri>
    <email>noreply@blogger.com</email>
    <gd:image rel='http://schemas.google.com/g/2005#thumbnail' width='35' height='35'
      src='//www.blogger.com/img/blogger_logo_round_35.png' />
  </author>
  <generator version='7.00' uri='https://www.blogger.com'>Blogger</generator>
  <entry>
    <id>tag:blogger.com,1999:blog-2993010.post-1046035546302718100</id>
    <published>2018-11-04T20:07:00.001+01:00</published>
    <updated>2021-03-23T17:08:33.859+01:00</updated>
    <category scheme='http://schemas.google.com/g/2005#kind'
      term='http://schemas.google.com/blogger/2008/kind#post' />
    <title type='text'>Making Pickles</title>
    <content type='html'>&lt;div class="separator" style="clear: both; text-align: center;"&gt;&lt;a
      href="https://4.bp.blogspot.com/-2tgq30NCbz8/W99C9TL0G1I/AAAAAAAA_0o/rbCOzKxGRqQukmddbxwXXGw1wI_dv-VYwCLcBGAs/s1600/making-pickles.png"
      imageanchor="1" &gt;&lt;img border="0"
      src="https://4.bp.blogspot.com/-2tgq30NCbz8/W99C9TL0G1I/AAAAAAAA_0o/rbCOzKxGRqQukmddbxwXXGw1wI_dv-VYwCLcBGAs/s320/making-pickles.png"
      width="320" height="176" data-original-width="1536" data-original-height="844"
      /&gt;&lt;/a&gt;&lt;br /&gt;
      &lt;br /&gt;
      &lt;div dir="ltr" style="line-height: 1.38; text-align: justify; font-family: &amp;quot;Times
      New Roman&amp;quot;; font-size: large;"&gt;&lt;br /&gt;
      &lt;p&gt;As promised on my popular &lt;a
      href="https://www.youtube.com/channel/UCxtWwNgsXIM37Yv7fV4f14Q"&gt;YouTube channel&lt;/a&gt;,
      here is a recipe for "Polskie Ogorki" or Polish Pickles.&lt;/p&gt;&lt;p&gt;Here is
      &lt;em&gt;exactly&lt;/em&gt; what you need:&lt;/p&gt;&lt;ul&gt;&lt;li&gt;&lt;p&gt;1L
      water&lt;/p&gt;&lt;/li&gt;
      &lt;li&gt;&lt;p&gt;2 tablespoons of gross grain salt&lt;/p&gt;&lt;/li&gt;
      &lt;li&gt;&lt;p&gt;6 mini cucumbers&lt;/p&gt;&lt;/li&gt;
      &lt;li&gt;&lt;p&gt;6 cloves of garlic&lt;/p&gt;&lt;/li&gt;
      &lt;li&gt;&lt;p&gt;6 branches of dill&lt;/p&gt;&lt;/li&gt;
      &lt;li&gt;&lt;p&gt;2 tablespoons of mustard seeds&lt;/p&gt;&lt;/li&gt;
      &lt;li&gt;&lt;p&gt;pickle jar&lt;/p&gt;&lt;/li&gt;&lt;/ul&gt;&lt;br /&gt;
      &lt;p&gt;And here is how you make them:&lt;/p&gt;&lt;br /&gt;
      &lt;ol&gt;&lt;li&gt;&lt;p&gt;Boil the water with the salt mixed in.&lt;/p&gt;&lt;/li&gt;
      &lt;li&gt;&lt;p&gt;When boiled, let the water cool down to fridge
      temperature.&lt;/p&gt;&lt;/li&gt;
      &lt;li&gt;&lt;p&gt;Rub the inside of the jar with a clove of garlic.&lt;/p&gt;&lt;/li&gt;
      &lt;li&gt;&lt;p&gt;Peel and drop all the garlic into the jar.&lt;/p&gt;&lt;/li&gt;
      &lt;li&gt;&lt;p&gt;Put the pickles in so that they are snug.&lt;/p&gt;&lt;/li&gt;
      &lt;li&gt;&lt;p&gt;Put the dill in between the pickles.&lt;/p&gt;&lt;/li&gt;
      &lt;li&gt;&lt;p&gt;Pour in the water.&lt;/p&gt;&lt;p&gt;If there is too much water, spoon some
      out of the jar until you can get the last bit from the bottom of the pot.&lt;/p&gt;&lt;/li&gt;
      &lt;li&gt;&lt;p&gt;Close the jar. Set aside at room temperature for three
      days.&lt;/p&gt;&lt;/li&gt;
      &lt;li&gt;&lt;p&gt;Enjoy!&lt;/p&gt;&lt;/li&gt;
      &lt;/ol&gt;&lt;br /&gt;
      &lt;/div&gt;&lt;/div&gt;&lt;br /&gt;
      &lt;br /&gt;
</content>
    <link rel='replies' type='application/atom+xml'
      href='https://www.supertitle.org/feeds/1046035546302718100/comments/default'
      title='Post Comments' />
    <link rel='replies' type='text/html'
      href='https://www.blogger.com/comment.g?blogID=2993010&amp;postID=1046035546302718100&amp;isPopup=true'
      title='0 Comments' />
    <link rel='edit' type='application/atom+xml'
      href='https://www.blogger.com/feeds/2993010/posts/default/1046035546302718100' />
    <link rel='self' type='application/atom+xml'
      href='https://www.blogger.com/feeds/2993010/posts/default/1046035546302718100' />
    <link rel='alternate' type='text/html'
      href='https://www.supertitle.org/2018/11/making-pickles.html' title='Making Pickles' />
    <author>
      <name>martin</name>
      <uri>https://www.blogger.com/profile/09053983859177005529</uri>
      <email>noreply@blogger.com</email>
      <gd:image rel='http://schemas.google.com/g/2005#thumbnail' width='35' height='35'
        src='//www.blogger.com/img/blogger_logo_round_35.png' />
    </author>
    <media:thumbnail xmlns:media='http://search.yahoo.com/mrss/'
      url='https://4.bp.blogspot.com/-2tgq30NCbz8/W99C9TL0G1I/AAAAAAAA_0o/rbCOzKxGRqQukmddbxwXXGw1wI_dv-VYwCLcBGAs/s72-c/making-pickles.png'
      height='72' width='72' />
    <thr:total>0</thr:total>
  </entry>
  <entry>
    <id>tag:blogger.com,1999:blog-2993010.post-5908233977801586034</id>
    <published>2018-05-20T22:41:00.000+02:00</published>
    <updated>2018-05-22T07:50:38.777+02:00</updated>
    <category scheme='http://schemas.google.com/g/2005#kind'
      term='http://schemas.google.com/blogger/2008/kind#post' />
    <title type='text'>On rap lyrics</title>
    <content type='html'>&lt;div class="separator" style="clear: both; text-align: center;"&gt;&lt;a
      href="https://1.bp.blogspot.com/-N60aga__iOI/WwHbgHi1PDI/AAAAAAAA4eg/Hr9PR-yDdhElwixGzQ8SbiOUFaRFGW5ngCLcBGAs/s1600/on-rap-lyrics.png"
      imageanchor="1" style="margin-left: 1em; margin-right: 1em;"&gt;&lt;img border="0"
      src="https://1.bp.blogspot.com/-N60aga__iOI/WwHbgHi1PDI/AAAAAAAA4eg/Hr9PR-yDdhElwixGzQ8SbiOUFaRFGW5ngCLcBGAs/s320/on-rap-lyrics.png"
      width="260" height="320" data-original-width="1302" data-original-height="1600"
      /&gt;&lt;/a&gt;&lt;/div&gt;&lt;div dir="ltr" style="line-height: 1.38; text-align: justify;
      font-family: &amp;quot;Times New Roman&amp;quot;; font-size: large;"&gt;&lt;p&gt;Rap has this
      thing, where if it does it right it’s like a whale-hunting harpoon, with this grappling hook
      in it, shot into your brain, with this metal cable on it, and the cable wrenches back and
      tightens, the cable goes taut, and then this giant hand strums that cable.&lt;/p&gt;That
      grappling hook has four claws. A good rhyme in rap isn’t just a good rhyme; it does four
      things at once in a way that your brain can’t believe it.&lt;/p&gt;&lt;p&gt;The four things
      are: The rhyme, the theme, the synecdoche and the—I’m going to make up a word here—the
      topical. Hearing those four things simultaneously is a really good feeling for your brain.
      Good rap is a really good feeling for your brain. Here then, for the first time ever (you
      won’t find “four things in rap” on Google; this is not the four pillars of hip-hop), here are
      those four things.&lt;/p&gt;&lt;p&gt;The rhyme is the first thing. Rhyme feels good. The rap
      rhyme should be what’s known as a perfect rhyme. A lot of rappers use imperfect rhyme, but
      when they’re doing it well, it is absolutely clear why they are sacrificing perfection, so
      clear that you can hear the perfection implicit to the rhyme. Sacrificing perfection so you
      can hear the implied perfection is what I would call flaunting.&lt;/p&gt;&lt;p&gt;The rhyme
      scheme is AA on each pair of lines. In poetry, a pair of lines is called a couplet. In theory
      we could say that rappers rhyme in couplets, but that sounds dumb. It sounds like MCs are
      wearing stockings and doublets.&lt;/p&gt;&lt;div style="margin-left: 12pt; line-height:
      0.8;"&gt;&lt;p&gt;That’s what they’re doing while I’m rhyming Shakespearean
      couplets.&lt;/p&gt;&lt;p&gt;MCs are shivering outside wearing diamond-patterned stockings and
      doublets.&lt;/p&gt;&lt;p style="margin-left: 12pt; font-size: small;"&gt;[I just made that
      up]&lt;/p&gt;&lt;/div&gt;&lt;p&gt;Second is the theme. The rap lyric itself has a theme, same
      or different from the theme of the song. But more specific than the song; the theme of the
      lyric is to the theme of the song like a sentence is to a blog post. Both lines in the lyric
      follow the theme.&lt;/p&gt;Don’t flaunt this rule. Unless you’re a genius I haven’t heard of
      yet. If you change themes when going from line one to line two, you ... sound crap. Here is a
      line that I once read on a ecologically-themed poster made by an unknown schoolmate of mine,
      who was probably in grade six. I don’t know the person that made the poster, but I found the
      quality of the rhyme on the poster so poor that I have kept it to myself for upwards of 30
      years. I always felt that it was unfair to insult this anonymous person behind their back,
      given that the abominable poorness of the rhyme must have been painful enough to bear by its
      author.&lt;/p&gt;&lt;p&gt;I reveal it to you now.&lt;/p&gt;&lt;p&gt;The couplet complained
      about people not picking up garbage. It was not part of a rap, but a poem that accompanied a
      drawing on the poster. The drawing showed a gentleman’s shoulders and mohawked head sticking
      out the top of a garbage can.&lt;/p&gt;&lt;p&gt;The couplet went:&lt;/p&gt;&lt;div
      style="margin-left: 12pt; line-height: 0.8;"&gt;&lt;p&gt;On the ground is all the
      junk,&lt;/p&gt;&lt;p&gt;Not in the garbage can with a punk.&lt;/p&gt;&lt;p style="margin-left:
      12pt; font-size: small;"&gt;[Grade six poster circa 1988]&lt;/p&gt;&lt;/div&gt;&lt;p&gt;The
      couplet fairly steadily uses a classic trochaic tetrameter. It has a clear, perfect rhyme, and
      it totals 15 words. Up until the 12th word it maintains a single theme, before veering off
      into completely alien territory on the last three. Obviously, the author was so concerned with
      the perfect rhyme that he or she entirely sacrificed the theme.&lt;/p&gt;&lt;p&gt;Good rap
      doesn’t do this. To maintain the theme while keeping perfect rhyme the poem should have used a
      word that rhymes with “junk” but that also belongs to the domain of junk. This is far from
      impossible. “Gunk, funk and bunk” come to mind, but even “trunk” and “punk” could stay in the
      domain with the kind of clever wordplay that is entirely absent from the example
      above.&lt;/p&gt;&lt;p&gt;Good rap hits perfect rhyme while maintaining a single solid, unified
      theme.&lt;/p&gt;&lt;p&gt;Third: the synecdoche. I did say “synecdoche” before, and synecdoche
      means “the part for the whole.” But what I really mean is “simile.” A simile is just one word
      or phrase that sounds like another. It’s just that synecdoche sounds way cooler to say than
      simile. And since a synecdoche is a kind of simile, I just used synecdoche as a synecdoche for
      simile.&lt;/p&gt;&lt;p&gt;Whenever you manage to do things like this with words, like using
      synecdoches as synecdoches for similes, if you are a rapper, you can go ahead and work that
      into your lyrics.&lt;/p&gt;&lt;div style="margin-left: 12pt; line-height:
      0.8;"&gt;&lt;p&gt;Sucker MCs, I use synecdoche as a synecdoche for
      simile.&lt;/p&gt;&lt;p&gt;You’re still sucking on similac from baby bottles.&lt;/p&gt;&lt;p
      style="margin-left: 12pt; font-size: small;"&gt;[I just made that
      up]&lt;/p&gt;&lt;/div&gt;&lt;p&gt;Line one presents the theme directly. Line two repeats the
      theme with a simile. Or a synecdoche.&lt;/p&gt;&lt;p&gt;The point is, the second line says in
      a funny way what the first line says. In my example above, I have done that, because the theme
      is that the putative narrator has a high level of learning (knows what “synecdoche” means).
      Comparatively, the narrator’s competitors are of a low level of learning, in the same way that
      babies who drink from bottles are. The example maintains the theme of level of learning
      throughout the two lines of the couplet.&lt;/p&gt;&lt;p&gt;However, you may have noticed that
      although I maintained the theme (criterion&amp;nbsp;2) and used a simile
      (criterion&amp;nbsp;3), I sacrificed the rhyme (criterion&amp;nbsp;1). The reason that I did
      that is because I am not an awesome rapper. Rapping is hard.&lt;/p&gt;&lt;p&gt;This is one of
      the things I want to get across here: rapping is hard. We have only listed three of the four
      criteria that makes a rap lyric awesome, and already while trying to write rap lyrics I’m
      dropping over 33% of the requirements.&lt;/p&gt;&lt;p&gt;When I drop a requirement, your brain
      goes “Oh, that grappling hook didn’t stick into me that good.” It’s too bad, because I almost
      got something with simile—similac, but then I didn’t. The grappling hook slipped. If I had
      found a rhyme, your brain would have been getting into that state where it would be starting
      to bop its head and going “Ok, this is getting good. Gimmie more lyrics and let’s see if this
      is good.” &lt;p&gt;Your brain would really be doing that, and that’s what I’m trying to get to
      here. I’m trying to get to what rap does to your brain.&lt;/p&gt;&lt;p&gt;Fourth: I made up a
      word for this and I called it the topical.&lt;/p&gt;&lt;p&gt;We basically get to the moment
      where, every time in my life I have sat down to write these four things about what makes rap
      awesome, I don’t remember the fourth part.&lt;/p&gt;&lt;p&gt;Every time I hear a rap song, at
      least a good one where I go “Oh damn that’s a good line,” I go and analyze it in my head and I
      think of four awesome things that are all coming together in that one rhyme, and I always
      think oh man I need to write down the four things I just analyzed out of that rhyme before I
      forget them. And seriously it’s been like 20 years that I’ve been promising myself that I will
      do this.&lt;/p&gt;&lt;p&gt;And here I am now finally going and writing it down and I’m at the
      part where I forget the fourth thing. And ... my first time writing this post, I actually did
      forget the fourth thing. Sad face.&lt;/p&gt;&lt;p&gt;Initially I was going to give up and
      write this post as if my theory went that rap lyrics have three parts. I was really going to
      do that. Lame face. Because they don’t just do three things. They do four things. It would
      have been so lame to change my theory just because I couldn’t remember a piece of
      it.&lt;/p&gt;&lt;p&gt;But then I remembered it. Ha ha face!&lt;/p&gt;&lt;p&gt;Here’s a good
      verse that demonstrates the first three parts. I’m interested in lines three and
      four:&lt;/p&gt;&lt;div style="margin-left: 12pt; line-height: 0.8;"&gt;&lt;p&gt;[Ladies] Now
      we’re gonna break this thing down in just a few seconds.&lt;/p&gt;&lt;p&gt;Now don’t let me
      break this thing down for nothing.&lt;/p&gt;&lt;p&gt;I want to see y’all on your baddest
      behavior.&lt;/p&gt;&lt;p&gt;Lend me some sugar. I am your neighbor.&lt;/p&gt;&lt;p
      style="margin-left: 12pt; font-size: small;"&gt;[Andr&amp;eacute; 3000, &lt;i&gt;Hey
      Ya!&lt;/i&gt; by OutKast]&lt;/p&gt;&lt;/div&gt;&lt;p&gt;We’re at three claws
      here.&lt;/p&gt;&lt;p&gt;One: strong rhyme on neighbor with behavior. Ok, the final rhyme is
      not perfect but it extends to two syllables. It’s a strong rhyme, not
      obvious.&lt;/p&gt;&lt;p&gt;Two: the theme is a request to the ladies to dance in a bad, bad,
      provocative way. Get provocative, ladies. Let your ladyparts get provocative. Make it sweet.
      Put some sugar in it. So far, from “I want” to “sugar” we’re spanning line one and two with
      one message.&lt;/p&gt;&lt;p&gt;Then three: BOOM I am your neighbor. Your brain doesn’t “get”
      this immediately. The synapses for “dancing provocatively” and “neighbor” are not next to each
      other. They are in different parts of the brain. The synapse for dancing provocatively and the
      one for sugar: ok, there’s a link. But neighbor? ... ohhh shit check it out: neighbors lend
      each other sugar! That’s a different type of sugar from the sugar I get from a lady dancing
      for me, but they’re both sugar! Different synapses but with the same name. Ok brain accepts
      the connection and promises to draw wires between them. Your brain likes drawing wires, trust
      me.&lt;/p&gt;&lt;p&gt;We’re at THIRD BASE, Andr&amp;eacute;.&lt;/p&gt;&lt;p&gt;Here’s some
      more examples.&lt;/p&gt;&lt;div style="margin-left: 12pt; line-height: 0.8;"&gt;&lt;p&gt;Keith
      Murray, the holder of the boulder.&lt;/p&gt;&lt;p&gt;Lyrical analyst, mental roller coaster
      flow-er.&lt;/p&gt;&lt;p&gt;Money folder. Track blower. MC overthrower.&lt;/p&gt;&lt;p&gt;I
      flow with you two at a time, like Noah.&lt;/p&gt;&lt;p style="margin-left: 12pt; font-size:
      small;"&gt;[Keith Murray, &lt;i&gt;K.I.M&lt;/i&gt; by EPMD]&lt;/p&gt;&lt;/div&gt;&lt;p&gt;Look
      at the last two lines: Keith Murray with a triple. No seriously, “I flow two at a time, like
      Noah.” The theme is the oft-recurring and absolutely justified hip-hop theme of the quality of
      his flow. The rhyme is perfect, and repeats internally and externally like 80 times. And the
      simile is so good, while rhyming, that it’s ... a mind blower.&lt;/p&gt;&lt;div
      style="margin-left: 12pt; line-height: 0.8;"&gt;&lt;p&gt;... La di da di, who likes to
      party?&lt;/p&gt;&lt;p&gt;Like Slick Rick the ruler I’m cooler than an ice
      brick.&lt;/p&gt;&lt;p&gt;Got soul like those Afro picks. With the black
      fist.&lt;/p&gt;&lt;p&gt;And leave the crowd drippin like John the Baptist.&lt;/p&gt;&lt;p
      style="margin-left: 12pt; font-size: small;"&gt;[Black Thought, &lt;i&gt;Mellow My
      Man&lt;/i&gt; by The Roots]&lt;/p&gt;&lt;/div&gt;&lt;p&gt;"Leave the crowd drippin like John
      the Baptist." Christ, that's good.&lt;/p&gt;&lt;div style="margin-left: 12pt; line-height:
      0.8;"&gt;&lt;p&gt;I play my enemies like a game of chess&lt;/p&gt;&lt;p&gt;Where I rest, no
      stress, if you don't smoke sess&lt;/p&gt;&lt;p&gt;Lest I must confess, my destiny's
      manifest&lt;/p&gt;&lt;p&gt;In some Goretex and sweats&lt;/p&gt;&lt;p&gt;I make treks like I'm
      homeless&lt;/p&gt;&lt;p&gt;Rap orgies with Porgy and Bess&lt;/p&gt;&lt;p&gt;Capture your
      bounty, like Elliot Ness, yes&lt;/p&gt;&lt;p&gt;Bless you if you represent the
      Fu&lt;/p&gt;&lt;p&gt;But I'll hex you with some witch's brew if you're
      doo-doo&lt;/p&gt;&lt;p&gt;Voodoo; I can do what you do, easy&lt;/p&gt;&lt;p&gt;Believe me,
      fronting n----s give me the heebie-jeebies&lt;/p&gt;&lt;p&gt;So while you're imitating Al
      Capone&lt;/p&gt;&lt;p&gt;I'll be Nina Simone, and defecating on your microphone&lt;/p&gt;&lt;p
      style="margin-left: 12pt; font-size: small;"&gt;[Lauryn Hill, &lt;i&gt;Ready or Not&lt;/i&gt;
      by The Fugees]&lt;/p&gt;&lt;/div&gt;&lt;p&gt;So what is the topical? If you have made it all
      the way to third base, with the perfect rhyme, the theme still making sense and the
      brain-twist synecdoche, if you also rap a thing that people are talking about right now at the
      moment your rap meets their heads, then you have hit a homerun.&lt;/p&gt;&lt;p&gt;You do not
      understand how amazing it feels when a rapper gets all three conditions above AND also uses a
      thing that you just heard of for the first time two days ago. So your brain really has to
      think: “Oh, what’s that thing again? Oh yeah, it’s that thing that just happened.” And also it
      has to do that sugar—sugar rewiring where it also has to go “Wait, why is that thing like this
      thing? Oh, right because it’s a different way of saying that thing.” I mean, your brain is
      going “Oh yeah” a lot, just in a microsecond, and the rapper is already rhyming other
      lines.&lt;/p&gt;&lt;p&gt;If you’re a rapper, and it’s October 1st, 2017—I just picked that
      date randomly, and unfortunately it’s the day a gunman snipered a bunch of concert-goers in
      Las Vegas—if you’re a rapper, and it’s a few days after, you could rhyme his name with
      something. Not everybody knew the gunman’s name a few days after he did it. To be good, you
      should not be obvious, so that when you hear the rap, it takes your brain longer to “get” it
      than it takes to get to the next line.&lt;/p&gt;&lt;p&gt;And... I'm implying this, but I
      should be clear: if you're releasing a track on Spotify, then when you rap, you actually have
      to count how long it takes to get your thing recording, mixed and published in your
      calculation of if your lyrics are topical, so that it's topical &lt;i&gt;the moment it's
      out&lt;/i&gt;. You realize how amazing that is, right?&lt;/p&gt;&lt;p&gt;Note to self: the
      four facets above map to four of Northrop Frye’s principles from the Anatomy of Criticism, a
      theory that once clawed a grappling hook into my brain and refuses to let go. His theory
      outlines five levels that you can use to analyze a piece of literature, from “lowest” to
      highest: literal, descriptive, thematic, analogous and anagogic. Rhyme is a low-level literate
      device like punctuation and spelling. Theme is one level above: it’s what’s meant by the
      words; same as Frye’s theme. "Synecdoche" is like Frye’s analogy: there can be multiple
      meanings, where all the meanings are part of the fiction. And anagogy means linking the
      fiction to reality. The “topical” level of rap does that. So no wonder that rap sounds
      awesome: it compresses every fucking literary technique ever into two freestyled
      lines.&lt;/p&gt;&lt;p&gt;So now what we need is an example of those four things. How can I get
      you one?&lt;/p&gt;&lt;p&gt;I can’t.&lt;/p&gt;&lt;p&gt;Tried it for a bit but it’s been too
      long since I’ve listened to new rap and so whatever I found would miss the anagogic. You don’t
      want my twenty-yr-old examples!&lt;/p&gt;&lt;p&gt;But that’s ok, this is not a book. It’s the
      web! I have stated my proposition, outlined my hypothesis, and now I open it up for comments
      to find examples and counterexamples to the premise. Rap is the biggest repository of rhyme in
      history, and beyond the often minimal music of hip-hop, it headlines the most fundamental
      linguistic techniques out there, on the spot and without warning. So you can’t enjoy it in an
      elevator. You have to listen to it.&lt;/p&gt;&lt;p&gt;The “four things of rap” are not
      “hip-hop’s four elements” to be clear. Hip-hop is a culture of which music is one element. Rap
      is the main way to make the vocal part of hip-hop music. No one has ever analyzed the anatomy
      of a rap lyric in a fundamental way that sets it apart from all other rhyme styles, and from
      other poetry and text. That is why I’m doing this. To start that off. To set up a framework
      where you can listen to rap and go “Ok, that’s that thing and this is this thing.” And it
      feels awesome when you listen to it.&lt;/p&gt;&lt;p&gt;You have to listen to it! So go do
      that.&lt;/p&gt;&lt;/div&gt;&lt;br /&gt;
      &lt;br /&gt;
</content>
    <link rel='replies' type='application/atom+xml'
      href='https://www.supertitle.org/feeds/5908233977801586034/comments/default'
      title='Post Comments' />
    <link rel='replies' type='text/html'
      href='https://www.blogger.com/comment.g?blogID=2993010&amp;postID=5908233977801586034&amp;isPopup=true'
      title='0 Comments' />
    <link rel='edit' type='application/atom+xml'
      href='https://www.blogger.com/feeds/2993010/posts/default/5908233977801586034' />
    <link rel='self' type='application/atom+xml'
      href='https://www.blogger.com/feeds/2993010/posts/default/5908233977801586034' />
    <link rel='alternate' type='text/html'
      href='https://www.supertitle.org/2018/05/on-rap-lyrics.html' title='On rap lyrics' />
    <author>
      <name>martin</name>
      <uri>https://www.blogger.com/profile/09053983859177005529</uri>
      <email>noreply@blogger.com</email>
      <gd:image rel='http://schemas.google.com/g/2005#thumbnail' width='35' height='35'
        src='//www.blogger.com/img/blogger_logo_round_35.png' />
    </author>
    <media:thumbnail xmlns:media='http://search.yahoo.com/mrss/'
      url='https://1.bp.blogspot.com/-N60aga__iOI/WwHbgHi1PDI/AAAAAAAA4eg/Hr9PR-yDdhElwixGzQ8SbiOUFaRFGW5ngCLcBGAs/s72-c/on-rap-lyrics.png'
      height='72' width='72' />
    <thr:total>0</thr:total>
  </entry>
  <entry>
    <id>tag:blogger.com,1999:blog-2993010.post-1953925640112263405</id>
    <published>2018-03-02T17:22:00.004+01:00</published>
    <updated>2020-09-03T07:06:41.273+02:00</updated>
    <category scheme='http://schemas.google.com/g/2005#kind'
      term='http://schemas.google.com/blogger/2008/kind#post' />
    <title type='text'>Visual brain overlay</title>
    <content type='html'>&lt;div class="separator" style="clear: both; text-align: center;"&gt;&lt;a
      href="https://1.bp.blogspot.com/-4NmhO7TOtUk/Wpl6Hi_wXaI/AAAAAAAA1uk/lut3hoY_kZwrnUMG789HP5aAKwuVIH9rACLcBGAs/s1600/visual-brain-overly.png"
      imageanchor="1" style="margin-left: 1em; margin-right: 1em;"&gt;&lt;img border="0"
      data-original-height="1190" data-original-width="1536" height="247"
      src="https://1.bp.blogspot.com/-4NmhO7TOtUk/Wpl6Hi_wXaI/AAAAAAAA1uk/lut3hoY_kZwrnUMG789HP5aAKwuVIH9rACLcBGAs/s320/visual-brain-overly.png"
      width="320" /&gt;&lt;/a&gt;&lt;/div&gt;&lt;div dir="ltr" style="line-height: 1.38;
      margin-bottom: 10pt; margin-top: 0pt; text-align: justify;"&gt;&lt;span
      style="background-color: white; color: black; font-family: &amp;quot;calibri&amp;quot;;
      font-size: 12pt; font-style: normal; font-variant: normal; font-weight: 400; text-decoration:
      none; vertical-align: baseline;"&gt;&lt;br /&gt;
      &lt;/span&gt;&lt;/div&gt;&lt;div dir="ltr" style="line-height: 1.38; margin-bottom: 10pt;
      margin-top: 0pt; text-align: justify;"&gt;&lt;div style="text-align: left;"&gt;&lt;div
      style="text-align: justify;"&gt;&lt;span style="background-color: white; font-family:
      &amp;quot;calibri&amp;quot;; font-size: large;"&gt;In a &lt;/span&gt;&lt;a
      href="http://www.supertitle.org/2018/02/cheap-ai.html" style="font-family:
      &amp;quot;calibri&amp;quot;; font-size: x-large;"&gt;previous post&lt;/a&gt;&lt;span
      style="background-color: white; font-family: &amp;quot;calibri&amp;quot;; font-size:
      large;"&gt;, I talked about how we don’t understand the brain. We’ve built machines that mimic
      it, but these machines are opaque and don’t give us a view into how the brain works. Really
      understanding the brain is not building machines that can build the brain; it’s actually
      building the brain ourselves.&lt;/span&gt;&lt;/div&gt;&lt;/div&gt;&lt;/div&gt;&lt;div
      dir="ltr" style="line-height: 1.38; margin-bottom: 10pt; margin-top: 0pt; text-align:
      justify;"&gt;&lt;div style="text-align: justify;"&gt;&lt;span style="background-color: white;
      color: black; font-family: &amp;quot;calibri&amp;quot;; font-size: large; font-style: normal;
      font-variant: normal; font-weight: 400; text-decoration: none; vertical-align: baseline;
      white-space: pre-wrap;"&gt;The first step in building a brain is building a brain-augmenting
      interface. What’s that? It’s hypothetical. Remember Google Glass? (Uh, no?) Google Glass
      projected stuff onto a screen that you had outside your eyes, and your eyes would then see
      more stuff than they would see without Google Glass. That’s a type of augmenting. But the
      augmenting is happening outside of your eye. It’s happening on the light that hits your eye.
      In terms of brain-augmenting technology, that’s the same as a flashlight. So when the light
      from the world + Google Glass hits your eye, your eye sees the world + Google Glass cookie
      recipes, and it transmits that stuff to the brain. A brain-augmenting interface would let the
      light from the world hit your eye normally, then augment the signal AFTER your eye transmitted
      it to the brain. If you could build that, it would be a brain-augmenting
      interface.&lt;/span&gt;&lt;/div&gt;&lt;/div&gt;&lt;div dir="ltr" style="line-height: 1.38;
      margin-bottom: 10pt; margin-top: 0pt; text-align: justify;"&gt;&lt;div style="text-align:
      left;"&gt;&lt;span style="background-color: white; color: black; font-family:
      &amp;quot;calibri&amp;quot;; font-size: large; font-style: normal; font-variant: normal;
      font-weight: 400; text-decoration: none; vertical-align: baseline; white-space:
      pre-wrap;"&gt;Ok.&lt;/span&gt;&lt;/div&gt;&lt;/div&gt;&lt;div dir="ltr" style="line-height:
      1.38; margin-bottom: 10pt; margin-top: 0pt; text-align: justify;"&gt;&lt;div
      style="text-align: left;"&gt;&lt;span style="background-color: white; color: black;
      font-family: &amp;quot;calibri&amp;quot;; font-size: large; font-style: normal; font-variant:
      normal; font-weight: 400; text-decoration: none; vertical-align: baseline; white-space:
      pre-wrap;"&gt;Have you thought about what it means to build this interface with a brain? Like
      in Terminator. When you see those red wireframe overlays on motorbikes, clothes, boots and
      underwear as Schwarzenegger passes his eyes over them? Think about what it would take to get
      those red overlays.&lt;/span&gt;&lt;/div&gt;&lt;/div&gt;&lt;div dir="ltr" style="line-height:
      1.38; margin-bottom: 10pt; margin-top: 0pt; text-align: justify;"&gt;&lt;div
      style="text-align: left;"&gt;&lt;span style="background-color: white; color: black;
      font-family: &amp;quot;calibri&amp;quot;; font-size: large; font-style: normal; font-variant:
      normal; font-weight: 400; text-decoration: none; vertical-align: baseline; white-space:
      pre-wrap;"&gt;I started thinking about this, and despite the fact that I know nothing about
      even the terminology for the parts of the eye, even less about terminology for nerves, and
      very little about what you call parts of properties of light like photos or whatever, I
      realized that just by thinking logically, you can get really far into designing the system
      you’d need to have a visual brain-augmenting interface. A brain-augmenting interface behind
      the eye. Let’s think that through. Let’s design that system
      logically.&lt;/span&gt;&lt;/div&gt;&lt;/div&gt;&lt;div dir="ltr" style="line-height: 1.38;
      margin-bottom: 10pt; margin-top: 0pt; text-align: justify;"&gt;&lt;div style="text-align:
      justify;"&gt;&lt;span style="background-color: white; color: black; font-family:
      &amp;quot;calibri&amp;quot;; font-size: large; font-style: normal; font-variant: normal;
      font-weight: 400; text-decoration: none; vertical-align: baseline; white-space:
      pre-wrap;"&gt;We want you to look at something with your eyes: say you look at a cement truck.
      We want you to fully see that cement truck very clearly. Whether you need glasses or not it
      doesn’t matter: we want the image that you get in your brain to be clear, like it is today if
      you have good eyesight or good glasses. And… we want you to see a red wireframe overlay on the
      tank part of the truck, with statistics running down the side in a tiny font analyzing
      capacity, speed of rotation, probable weight, et cetera. Let’s assume we have a phone that
      already did all the statistics and figured out coordinates to draw the right shape of the
      truck. What would it take for you to see that red overlay on the
      truck?&lt;/span&gt;&lt;/div&gt;&lt;/div&gt;&lt;div dir="ltr" style="line-height: 1.38;
      margin-bottom: 10pt; margin-top: 0pt; text-align: justify;"&gt;&lt;div style="text-align:
      left;"&gt;&lt;span style="background-color: white; color: black; font-family:
      &amp;quot;calibri&amp;quot;; font-size: large; font-style: normal; font-variant: normal;
      font-weight: 400; text-decoration: none; vertical-align: baseline; white-space:
      pre-wrap;"&gt;Here’s what it would take. We would need to cut the cable between your brain and
      your eye. Now that cable has two dangling ends: the eye end and the brain end. We would need
      to attach the dangling eye end to the input of a chip, let’s assume a chip we could
      comfortably embed in your skull. And we would need to attach the brain end of that cable to
      the output of that chip. So let’s assume this is all small and nicely hidden in your head.
      Bone is thick right so there’s plenty of room to hide this in there, right? (I’ve actually
      read it’s not thick at all, but we’re not really thinking through aesthetics today.) So we’ve
      got a chip intermediating in the “eye cable.”&lt;/span&gt;&lt;/div&gt;&lt;/div&gt;&lt;div
      dir="ltr" style="line-height: 1.38; margin-bottom: 10pt; margin-top: 0pt; text-align:
      justify;"&gt;&lt;div style="text-align: justify;"&gt;&lt;span style="background-color: white;
      color: black; font-family: &amp;quot;calibri&amp;quot;; font-size: large; font-style: normal;
      font-variant: normal; font-weight: 400; text-decoration: none; vertical-align: baseline;
      white-space: pre-wrap;"&gt;What would that chip need to do? That chip would need to see what
      you see, add red wireframe overlays, and output exactly what you see plus the red wireframe
      overlays perfectly aligned over what you see.&lt;/span&gt;&lt;/div&gt;&lt;/div&gt;&lt;div
      dir="ltr" style="line-height: 1.38; margin-bottom: 10pt; margin-top: 0pt; text-align:
      justify;"&gt;&lt;div style="text-align: justify;"&gt;&lt;span style="background-color: white;
      color: black; font-family: &amp;quot;calibri&amp;quot;; font-size: large; font-style: normal;
      font-variant: normal; font-weight: 400; text-decoration: none; vertical-align: baseline;
      white-space: pre-wrap;"&gt;We’re not finished yet, but if we had that, we could “easily” let
      you flip on and off your red wireframe overlays anytime, and you could still see perfectly
      clearly but with augmented stuff whenever you wanted. And notice: nobody would be able to know
      what you were looking at unless you decided to somehow hook up to a projector and show it to
      them. What I’m saying is that this would be a pretty perfect augmented vision
      system.&lt;/span&gt;&lt;/div&gt;&lt;/div&gt;&lt;div dir="ltr" style="line-height: 1.38;
      margin-bottom: 10pt; margin-top: 0pt; text-align: justify;"&gt;&lt;div style="text-align:
      justify;"&gt;&lt;span style="background-color: white; color: black; font-family:
      &amp;quot;calibri&amp;quot;; font-size: large; font-style: normal; font-variant: normal;
      font-weight: 400; text-decoration: none; vertical-align: baseline; white-space:
      pre-wrap;"&gt;But to actually get that chip to do what it had to do, we would need two
      fundamental things: 1)&amp;nbsp;we would need to perfectly decode the signal that your eyes
      send down that cable to your brain. To JPEG. And 2)&amp;nbsp;we would need to perfectly encode
      the JPEG image that the chip produced (original image plus red wireframe overlay) in the same
      way that your eyes encoded images sent down to your brain. We need to decode to be able to
      modify the JPEG… and then we need to encode because by changing it, we’ve produced a new
      JPEG.&lt;/span&gt;&lt;/div&gt;&lt;/div&gt;&lt;div dir="ltr" style="line-height: 1.38;
      margin-bottom: 10pt; margin-top: 0pt; text-align: justify;"&gt;&lt;div style="text-align:
      justify;"&gt;&lt;span style="background-color: white; color: black; font-family:
      &amp;quot;calibri&amp;quot;; font-size: large; font-style: normal; font-variant: normal;
      font-weight: 400; text-decoration: none; vertical-align: baseline; white-space:
      pre-wrap;"&gt;A JPEG would probably be a bad choice, by the way. It’s a
      euphemism.&lt;/span&gt;&lt;/div&gt;&lt;/div&gt;&lt;h1 dir="ltr" style="line-height: 1.38;
      margin-bottom: 10pt; margin-top: 24pt; text-align: left;"&gt;&lt;span style="background-color:
      white; color: black; font-family: &amp;quot;calibri&amp;quot;; font-size: 18pt; font-style:
      normal; font-variant: normal; font-weight: 700; text-decoration: none; vertical-align:
      baseline; white-space: pre-wrap;"&gt;Your eye on a TV&lt;/span&gt;&lt;/h1&gt;&lt;div dir="ltr"
      style="line-height: 1.38; margin-bottom: 10pt; margin-top: 0pt; text-align:
      justify;"&gt;&lt;span style="background-color: white; color: black; font-family:
      &amp;quot;calibri&amp;quot;; font-size: large; font-style: normal; font-variant: normal;
      font-weight: 400; text-decoration: none; vertical-align: baseline; white-space:
      pre-wrap;"&gt;Fine. So we want to make a JPEG out of what your eye is pointing at. Before it
      hits your brain. What would we need to write a decoder for images coming from your eyes and
      going to the brain? Well, we would know that we had a decoder once we could attach a TV to
      that chip connected to your eye, and on that TV we could see a perfectly clear image of a
      cement truck.&lt;/span&gt;&lt;/div&gt;&lt;div dir="ltr" style="line-height: 1.38;
      margin-bottom: 10pt; margin-top: 0pt; text-align: justify;"&gt;&lt;span
      style="background-color: white; color: black; font-family: &amp;quot;calibri&amp;quot;;
      font-size: large; font-style: normal; font-variant: normal; font-weight: 400; text-decoration:
      none; vertical-align: baseline; white-space: pre-wrap;"&gt;The thing is that it couldn’t just
      be clear; it would have to be perfectly framed and aligned exactly the way you were seeing it.
      And: since we had disconnected the cable going from your eye to your brain: you wouldn’t be
      seeing it! We would have no reference point to compare the image we were decoding on the TV
      and the image you were seeing. Oops!&lt;/span&gt;&lt;/div&gt;&lt;div dir="ltr"
      style="line-height: 1.38; margin-bottom: 10pt; margin-top: 0pt; text-align:
      justify;"&gt;&lt;span style="background-color: white; color: black; font-family:
      &amp;quot;calibri&amp;quot;; font-size: large; font-style: normal; font-variant: normal;
      font-weight: 400; text-decoration: none; vertical-align: baseline; white-space:
      pre-wrap;"&gt;Just picture exactly the laboratory set-up here: There’s a girl sitting there
      with a bloody vein-tube pulled out of her head and attached to a metal box which is taped to
      some hospital IV drip rack so that it stays near her head, and there’s cables coming out of
      the other side of the metal box attached to a TV. The girl moves her eyes around, and when she
      does the image on the TV changes. But damn, it doesn’t look like a cement
      truck.&lt;/span&gt;&lt;/div&gt;&lt;div dir="ltr" style="line-height: 1.38; margin-bottom:
      10pt; margin-top: 0pt; text-align: justify;"&gt;&lt;span style="background-color: white;
      color: black; font-family: &amp;quot;calibri&amp;quot;; font-size: large; font-style: normal;
      font-variant: normal; font-weight: 400; text-decoration: none; vertical-align: baseline;
      white-space: pre-wrap;"&gt;There are a bunch of programmers sitting on cheap swivel chairs
      with laptops, uploading code to the metal box, and each time they upload a new patch the image
      on the TV also changes, but while some blobs seem to solidify and some colors become more
      grey, only the programmers’ moms say that it’s looking more like a cement
      truck.&lt;/span&gt;&lt;/div&gt;&lt;div dir="ltr" style="line-height: 1.38; margin-bottom:
      10pt; margin-top: 0pt; text-align: justify;"&gt;&lt;span style="background-color: white;
      color: black; font-family: &amp;quot;calibri&amp;quot;; font-size: large; font-style: normal;
      font-variant: normal; font-weight: 400; text-decoration: none; vertical-align: baseline;
      white-space: pre-wrap;"&gt;They keep trying. They keep trying because although it’s really
      really hard, the day that they actually do get an image of a cement truck on that TV screen,
      they will then hit the button with that 3¼" diskette icon on it and they will never have to do
      that work again. They will have themselves one smoking fresh algorithm for decoding the signal
      from that girl’s eye-cable. And maybe, just maybe, that algorithm, written in code that they
      can understand and debug and step through, might just have a chance of working on decoding
      other peoples’ eye-signals. If not, they rinse and repeat on a bunch of other people until
      they have something generic.&lt;/span&gt;&lt;/div&gt;&lt;h1 dir="ltr" style="line-height:
      1.38; margin-bottom: 10pt; margin-top: 24pt; text-align: justify;"&gt;&lt;span
      style="background-color: white; color: black; font-family: &amp;quot;calibri&amp;quot;;
      font-size: 18pt; font-style: normal; font-variant: normal; font-weight: 700; text-decoration:
      none; vertical-align: baseline; white-space: pre-wrap;"&gt;A picture for your
      brain&lt;/span&gt;&lt;/h1&gt;&lt;div dir="ltr" style="line-height: 1.38; margin-bottom: 10pt;
      margin-top: 0pt; text-align: justify;"&gt;&lt;span style="background-color: white; color:
      black; font-family: &amp;quot;calibri&amp;quot;; font-size: large; font-style: normal;
      font-variant: normal; font-weight: 400; text-decoration: none; vertical-align: baseline;
      white-space: pre-wrap;"&gt;Now getting this image back into your brain is the “encoding”
      part.&lt;/span&gt;&lt;/div&gt;&lt;div dir="ltr" style="line-height: 1.38; margin-bottom: 10pt;
      margin-top: 0pt; text-align: justify;"&gt;&lt;span style="background-color: white; color:
      black; font-family: &amp;quot;calibri&amp;quot;; font-size: large; font-style: normal;
      font-variant: normal; font-weight: 400; text-decoration: none; vertical-align: baseline;
      white-space: pre-wrap;"&gt;Encoding would be similar. Given the image of the cement truck, we
      would need to create a signal that made the brain think it was seeing a cement truck. In this
      case the programmers can see the cement truck clearly. But what they don’t know is what the
      brain is seeing once they feed it their signal.&lt;/span&gt;&lt;/div&gt;&lt;div dir="ltr"
      style="line-height: 1.38; margin-bottom: 10pt; margin-top: 0pt; text-align:
      justify;"&gt;&lt;span style="background-color: white; color: black; font-family:
      &amp;quot;calibri&amp;quot;; font-size: large; font-style: normal; font-variant: normal;
      font-weight: 400; text-decoration: none; vertical-align: baseline; white-space:
      pre-wrap;"&gt;You could cheat. You have the cable coming out of the eye. Well, if you splice
      it off before it gets to the metal box, and re-attach it to the brain, then you can be sure
      (providing you connected all the bloody veins and nerves and synapses) that the brain is
      seeing what the eye is sending it. But that doesn’t help because that wouldn’t let you add the
      red wireframe Terminator overlays. You need to pass the image through the chip to do
      that.&lt;/span&gt;&lt;/div&gt;&lt;div dir="ltr" style="line-height: 1.38; margin-bottom: 10pt;
      margin-top: 0pt; text-align: justify;"&gt;&lt;span style="background-color: white; color:
      black; font-family: &amp;quot;calibri&amp;quot;; font-size: large; font-style: normal;
      font-variant: normal; font-weight: 400; text-decoration: none; vertical-align: baseline;
      white-space: pre-wrap;"&gt;So you could do this: You could take a new person—one that does not
      currently have any cable sticking out of their head—and once more snip the cable that is
      connecting their eye to their brain. Now that vein in the guy’s head has two bloody ends
      again: the eye end and the brain end. You let him look at a cement truck, and you record what
      is coming out of the eye end. It’s probably just electricity, so recording the strength and
      frequency of whatever pulses you detect should be possible. The recording has to have perfect
      precision of course.&lt;/span&gt;&lt;/div&gt;&lt;div dir="ltr" style="line-height: 1.38;
      margin-bottom: 10pt; margin-top: 0pt; text-align: justify;"&gt;&lt;span
      style="background-color: white; color: black; font-family: &amp;quot;calibri&amp;quot;;
      font-size: large; font-style: normal; font-variant: normal; font-weight: 400; text-decoration:
      none; vertical-align: baseline; white-space: pre-wrap;"&gt;If you were to then remove the
      cement truck, but play the recorded signal back into the brain end, the person should say “I
      see a cement truck.” Their brain should see exactly the image that they were looking at before
      you made the recording.&lt;/span&gt;&lt;/div&gt;&lt;div dir="ltr" style="line-height: 1.38;
      margin-bottom: 10pt; margin-top: 0pt; text-align: justify;"&gt;&lt;span
      style="background-color: white; color: black; font-family: &amp;quot;calibri&amp;quot;;
      font-size: large; font-style: normal; font-variant: normal; font-weight: 400; text-decoration:
      none; vertical-align: baseline; white-space: pre-wrap;"&gt;The only thing is: the guy didn’t
      see the cement truck while you were recording, because you had cut his eye cable. So the first
      time he sees the cement truck is when you play the recording. And thus there’s a problem: what
      if the original cement truck was yellow, but when you play the recording the guy says the
      cement truck is blue? Something is wrong with your recording. But there’s no way to know
      what.&lt;/span&gt;&lt;/div&gt;&lt;div dir="ltr" style="line-height: 1.38; margin-bottom: 10pt;
      margin-top: 0pt; text-align: justify;"&gt;&lt;span style="background-color: white; color:
      black; font-family: &amp;quot;calibri&amp;quot;; font-size: large; font-style: normal;
      font-variant: normal; font-weight: 400; text-decoration: none; vertical-align: baseline;
      white-space: pre-wrap;"&gt;Sure, there’s a way. You try changing every bit in every single
      combination and permutation of signals until you make the guy really see a yellow cement
      truck. But how do you know that his yellow cement truck is really the same size and proportion
      and shading and brand as the original cement truck? You don’t know because you don’t see what
      his brain is seeing.&lt;/span&gt;&lt;/div&gt;&lt;div dir="ltr" style="line-height: 1.38;
      margin-bottom: 10pt; margin-top: 0pt; text-align: justify;"&gt;&lt;span
      style="background-color: white; color: black; font-family: &amp;quot;calibri&amp;quot;;
      font-size: large; font-style: normal; font-variant: normal; font-weight: 400; text-decoration:
      none; vertical-align: baseline; white-space: pre-wrap;"&gt;We could compare your left eye to
      the right eye: they should be generating similar signals I guess. But what if they’re not?
      What if a tiny miniscule difference in the signal from the right eye results in static when
      projected from the left eye? What if it has to be perfect? We don’t know if we have a margin
      of error or not. Even though we know the brain can adapt over time to crappy signals, there
      would still be no point in augmenting perfect vision if the end result was worse than what we
      had started with.&lt;/span&gt;&lt;/div&gt;&lt;div dir="ltr" style="line-height: 1.38;
      margin-bottom: 10pt; margin-top: 0pt; text-align: justify;"&gt;&lt;span
      style="background-color: white; color: black; font-family: &amp;quot;calibri&amp;quot;;
      font-size: large; font-style: normal; font-variant: normal; font-weight: 400; text-decoration:
      none; vertical-align: baseline; white-space: pre-wrap;"&gt;And the recording, although it’s
      probably just electricity, is probably not as simple as checking what comes out of one cable.
      There are probably a thousand little veins all co-operating to send signals between the eye
      and the brain and the pulses they send are probably more or less important. Some might send
      colour information and other might send brightness or contrast information. Or they might send
      even more complex things like transformation information: maybe eyes know when they’re sending
      things in the center or edges of vision and they send signals to indicate the radius of each
      pixel. Or even more complicated: some signals might sent state information saying things like
      “Ok, now we’re going to tone the green of the entire image down 60% for all following colour
      signals until further notice.” There could be information for movement versus static images,
      too. All this could easily be encoded in electric pulses, and that means that your recording
      would not only have to have the perfect signal at any one moment, but it would have to be a
      series of perhaps millions of perfect signals for just one second of viewing. Our eyes are a
      permanent movie, after all, aren’t they?&lt;/span&gt;&lt;/div&gt;&lt;div dir="ltr"
      style="line-height: 1.38; margin-bottom: 10pt; margin-top: 0pt; text-align:
      justify;"&gt;&lt;span style="background-color: white; color: black; font-family:
      &amp;quot;calibri&amp;quot;; font-size: large; font-style: normal; font-variant: normal;
      font-weight: 400; text-decoration: none; vertical-align: baseline; white-space:
      pre-wrap;"&gt;So that’s a problem. There is no reference image. The output of your chip is an
      image in brain-code. It’s just a … pulse. Or a series of pulses. Your chip can produce a brain
      code, but you don’t know what a cement truck looks like in brain code. You have nothing to
      compare it to.&lt;/span&gt;&lt;/div&gt;&lt;div dir="ltr" style="line-height: 1.38;
      margin-bottom: 10pt; margin-top: 0pt; text-align: justify;"&gt;&lt;span
      style="background-color: white; color: black; font-family: &amp;quot;calibri&amp;quot;;
      font-size: large; font-style: normal; font-variant: normal; font-weight: 400; text-decoration:
      none; vertical-align: baseline; white-space:
      pre-wrap;"&gt;Dammit!&lt;/span&gt;&lt;/div&gt;&lt;div dir="ltr" style="line-height: 1.38;
      margin-bottom: 10pt; margin-top: 0pt; text-align: justify;"&gt;&lt;span
      style="background-color: white; color: black; font-family: &amp;quot;calibri&amp;quot;;
      font-size: large; font-style: normal; font-variant: normal; font-weight: 400; text-decoration:
      none; vertical-align: baseline; white-space: pre-wrap;"&gt;Hmm. What if you did something
      funny, though? What if you had spent tons of time on your decoder and you nailed it and you
      really had a perfect decoder (the end initially connected to the eye)? Well… if you really
      trusted your decoder you could then snip the cable coming out of the chip and going into your
      brain, and instead of the brain you connect it to a second
      decoder.&lt;/span&gt;&lt;/div&gt;&lt;div dir="ltr" style="line-height: 1.38; margin-bottom:
      10pt; margin-top: 0pt; text-align: justify;"&gt;&lt;span style="background-color: white;
      color: black; font-family: &amp;quot;calibri&amp;quot;; font-size: large; font-style: normal;
      font-variant: normal; font-weight: 400; text-decoration: none; vertical-align: baseline;
      white-space: pre-wrap;"&gt;Right? Diagram.&lt;/span&gt;&lt;/div&gt;&lt;div dir="ltr"
      style="line-height: 1.38; margin-bottom: 10pt; margin-top: 0pt; text-align:
      justify;"&gt;&lt;span style="background-color: white; color: black; font-family:
      &amp;quot;calibri&amp;quot;; font-size: large; font-style: normal; font-variant: normal;
      font-weight: 400; text-decoration: none; vertical-align: baseline; white-space:
      pre-wrap;"&gt;The setup you want in the end is this:&lt;/span&gt;&lt;/div&gt;&lt;div dir="ltr"
      style="line-height: 1.38; margin-bottom: 10pt; margin-top: 0pt; text-align: justify;
      text-indent: 36pt;"&gt;&lt;span style="background-color: white; color: black; font-family:
      &amp;quot;calibri&amp;quot;; font-size: large; font-style: normal; font-variant: normal;
      font-weight: 400; text-decoration: none; vertical-align: baseline; white-space:
      pre-wrap;"&gt;eye –– vein –– decoder –– chip with red wireframe overlays –– encoder –– vein ––
      brain&lt;/span&gt;&lt;/div&gt;&lt;div dir="ltr" style="line-height: 1.38; margin-bottom: 10pt;
      margin-top: 0pt; text-align: justify;"&gt;&lt;span style="background-color: white; color:
      black; font-family: &amp;quot;calibri&amp;quot;; font-size: large; font-style: normal;
      font-variant: normal; font-weight: 400; text-decoration: none; vertical-align: baseline;
      white-space: pre-wrap;"&gt;But you could do this:&lt;/span&gt;&lt;/div&gt;&lt;div dir="ltr"
      style="line-height: 1.38; margin-bottom: 10pt; margin-top: 0pt; text-align:
      justify;"&gt;&lt;span style="font-size: large;"&gt;&lt;span style="background-color: white;
      color: black; font-family: &amp;quot;calibri&amp;quot;; font-style: normal; font-variant:
      normal; font-weight: 400; text-decoration: none; vertical-align: baseline; white-space:
      pre-wrap;"&gt;&lt;span class="Apple-tab-span" style="white-space: pre-wrap;"&gt;
      &lt;/span&gt;&lt;/span&gt;&lt;span style="background-color: white; color: black; font-family:
      &amp;quot;calibri&amp;quot;; font-style: normal; font-variant: normal; font-weight: 400;
      text-decoration: none; vertical-align: baseline; white-space: pre-wrap;"&gt;eye –– vein ––
      &lt;/span&gt;&lt;span style="background-color: white; font-family:
      &amp;quot;calibri&amp;quot;; vertical-align: baseline; white-space:
      pre-wrap;"&gt;1&lt;/span&gt;&lt;span style="background-color: white; font-family:
      &amp;quot;calibri&amp;quot;; vertical-align: super; white-space:
      pre-wrap;"&gt;st&lt;/span&gt;&lt;span style="background-color: white; font-family:
      &amp;quot;calibri&amp;quot;; vertical-align: baseline; white-space: pre-wrap;"&gt; decoder ––
      chip –– encoder –– 2&lt;/span&gt;&lt;span style="background-color: white; font-family:
      &amp;quot;calibri&amp;quot;; vertical-align: super; white-space:
      pre-wrap;"&gt;nd&lt;/span&gt;&lt;span style="background-color: white; font-family:
      &amp;quot;calibri&amp;quot;; vertical-align: baseline; white-space: pre-wrap;"&gt; decoder ––
      TV!&lt;/span&gt;&lt;/span&gt;&lt;/div&gt;&lt;div dir="ltr" style="line-height: 1.38;
      margin-bottom: 10pt; margin-top: 0pt; text-align: justify;"&gt;&lt;span style="font-size:
      large;"&gt;&lt;span style="background-color: white; color: black; font-family:
      &amp;quot;calibri&amp;quot;; font-style: normal; font-variant: normal; font-weight: 400;
      text-decoration: none; vertical-align: baseline; white-space: pre-wrap;"&gt;The
      &lt;/span&gt;&lt;span style="background-color: white; font-family:
      &amp;quot;calibri&amp;quot;; vertical-align: baseline; white-space:
      pre-wrap;"&gt;1&lt;/span&gt;&lt;span style="background-color: white; font-family:
      &amp;quot;calibri&amp;quot;; vertical-align: super; white-space:
      pre-wrap;"&gt;st&lt;/span&gt;&lt;span style="background-color: white; font-family:
      &amp;quot;calibri&amp;quot;; vertical-align: baseline; white-space: pre-wrap;"&gt; decoder and
      2&lt;/span&gt;&lt;span style="background-color: white; font-family:
      &amp;quot;calibri&amp;quot;; vertical-align: super; white-space:
      pre-wrap;"&gt;nd&lt;/span&gt;&lt;span style="background-color: white; font-family:
      &amp;quot;calibri&amp;quot;; vertical-align: baseline; white-space: pre-wrap;"&gt; decoder are
      running the same code.&lt;/span&gt;&lt;/span&gt;&lt;/div&gt;&lt;div dir="ltr"
      style="line-height: 1.38; margin-bottom: 10pt; margin-top: 0pt; text-align:
      justify;"&gt;&lt;span style="background-color: white; color: black; font-family:
      &amp;quot;calibri&amp;quot;; font-size: large; font-style: normal; font-variant: normal;
      font-weight: 400; text-decoration: none; vertical-align: baseline; white-space:
      pre-wrap;"&gt;In that setup, you could project the image that you were making with the chip
      onto the TV! You would be able to see your cement truck and the red wireframe overlays on
      it.&lt;/span&gt;&lt;/div&gt;&lt;div dir="ltr" style="line-height: 1.38; margin-bottom: 10pt;
      margin-top: 0pt; text-align: justify;"&gt;&lt;span style="background-color: white; color:
      black; font-family: &amp;quot;calibri&amp;quot;; font-size: large; font-style: normal;
      font-variant: normal; font-weight: 400; text-decoration: none; vertical-align: baseline;
      white-space: pre-wrap;"&gt;If you did not see the image you were expecting in this setup, and
      you trusted your decoder, you would fiddle with the encoder only. But you really have to have
      a perfect decoder first.&lt;/span&gt;&lt;/div&gt;&lt;h1 dir="ltr" style="line-height: 1.38;
      margin-bottom: 10pt; margin-top: 24pt; text-align: justify;"&gt;&lt;span
      style="background-color: white; color: black; font-family: &amp;quot;calibri&amp;quot;;
      font-size: 18pt; font-style: normal; font-variant: normal; font-weight: 700; text-decoration:
      none; vertical-align: baseline; white-space:
      pre-wrap;"&gt;Summary&lt;/span&gt;&lt;/h1&gt;&lt;div dir="ltr" style="line-height: 1.38;
      margin-bottom: 10pt; margin-top: 0pt; text-align: justify;"&gt;&lt;span
      style="background-color: white; color: black; font-family: &amp;quot;calibri&amp;quot;;
      font-size: large; font-style: normal; font-variant: normal; font-weight: 400; text-decoration:
      none; vertical-align: baseline; white-space: pre-wrap;"&gt;Without knowing terminology for:
      eyes, optics, brains, veins, electricity or even cables, this is a basic logical run-through
      of the kind of laboratory you would need to build augmented
      brain-vision.&lt;/span&gt;&lt;/div&gt;&lt;div dir="ltr" style="line-height: 1.38;
      margin-bottom: 10pt; margin-top: 0pt; text-align: justify;"&gt;&lt;span
      style="background-color: white; color: black; font-family: &amp;quot;calibri&amp;quot;;
      font-size: large; font-style: normal; font-variant: normal; font-weight: 400; text-decoration:
      none; vertical-align: baseline; white-space: pre-wrap;"&gt;It also shows the difference
      between letting a machine learn how to program vision and understanding yourself how to
      program vision. Because although this laboratory depends on a perfect decoder, getting that
      perfect decoder to work is a huge trial-and-error effort.&lt;/span&gt;&lt;/div&gt;&lt;div
      dir="ltr" style="line-height: 1.38; margin-bottom: 10pt; margin-top: 0pt; text-align:
      justify;"&gt;&lt;span style="background-color: white; color: black; font-family:
      &amp;quot;calibri&amp;quot;; font-size: large; font-style: normal; font-variant: normal;
      font-weight: 400; text-decoration: none; vertical-align: baseline; white-space:
      pre-wrap;"&gt;The advantage is that once you have done the trial-and-error, you have code that
      you can debug and change and understand. You can rewrite it as simpler modules and write
      comments in it and release it on github. With code made by machine learning, you can’t do
      that. If a machine learns wrong, you have to start the learning all over
      again.&lt;/span&gt;&lt;/div&gt;&lt;div dir="ltr" style="line-height: 1.38; margin-bottom:
      10pt; margin-top: 0pt; text-align: justify;"&gt;&lt;span style="background-color: white;
      color: black; font-family: &amp;quot;calibri&amp;quot;; font-size: large; font-style: normal;
      font-variant: normal; font-weight: 400; text-decoration: none; vertical-align: baseline;
      white-space: pre-wrap;"&gt;There’s still something nagging at me though: we have coded the
      decoder, but have we really understood our encoder? If we’ve set up our laboratory like this,
      then yes, we have, because we have manually programmed our encoder, also through
      trial-and-error, until we could—at will—send any image we wanted at all to the brain just by
      showing it on a computer. It’s just that programming this encoder, seeing as it depended on
      having programmed an absolutely perfect decoder, would be astronomically difficult. And yes,
      if we really did it, we would come out of it with an understanding of brain-code. At least the
      part for the eyes. We’d have to deal with the other senses
      later.&lt;/span&gt;&lt;/div&gt;&lt;div dir="ltr" style="line-height: 1.38; margin-bottom:
      10pt; margin-top: 0pt; text-align: justify;"&gt;&lt;span style="background-color: white;
      color: black; font-family: &amp;quot;calibri&amp;quot;; font-size: large; font-style: normal;
      font-variant: normal; font-weight: 400; text-decoration: none; vertical-align: baseline;
      white-space: pre-wrap;"&gt;So who's in?&lt;/span&gt;&lt;/div&gt;&lt;span
      id="docs-internal-guid-ee12ae4e-e76f-c185-7452-d71cd4b949ff"&gt;&lt;br /&gt;
      &lt;/span&gt;</content>
    <link rel='replies' type='application/atom+xml'
      href='https://www.supertitle.org/feeds/1953925640112263405/comments/default'
      title='Post Comments' />
    <link rel='replies' type='text/html'
      href='https://www.blogger.com/comment.g?blogID=2993010&amp;postID=1953925640112263405&amp;isPopup=true'
      title='0 Comments' />
    <link rel='edit' type='application/atom+xml'
      href='https://www.blogger.com/feeds/2993010/posts/default/1953925640112263405' />
    <link rel='self' type='application/atom+xml'
      href='https://www.blogger.com/feeds/2993010/posts/default/1953925640112263405' />
    <link rel='alternate' type='text/html'
      href='https://www.supertitle.org/2018/03/visual-brain-overlay.html'
      title='Visual brain overlay' />
    <author>
      <name>martin</name>
      <uri>https://www.blogger.com/profile/09053983859177005529</uri>
      <email>noreply@blogger.com</email>
      <gd:image rel='http://schemas.google.com/g/2005#thumbnail' width='35' height='35'
        src='//www.blogger.com/img/blogger_logo_round_35.png' />
    </author>
    <media:thumbnail xmlns:media='http://search.yahoo.com/mrss/'
      url='https://1.bp.blogspot.com/-4NmhO7TOtUk/Wpl6Hi_wXaI/AAAAAAAA1uk/lut3hoY_kZwrnUMG789HP5aAKwuVIH9rACLcBGAs/s72-c/visual-brain-overly.png'
      height='72' width='72' />
    <thr:total>0</thr:total>
  </entry>
  <entry>
    <id>tag:blogger.com,1999:blog-2993010.post-6578027618653038885</id>
    <published>2018-02-02T18:30:00.002+01:00</published>
    <updated>2022-11-29T07:25:55.890+01:00</updated>
    <category scheme='http://schemas.google.com/g/2005#kind'
      term='http://schemas.google.com/blogger/2008/kind#post' />
    <title type='text'>Cheap AI</title>
    <content type='html'>&lt;div dir="ltr" style="line-height: 1.38; margin-bottom: 10pt;
      margin-top: 0pt; text-align: justify;"&gt;
      &lt;div class="separator" style="clear: both; text-align: center;"&gt;
      &lt;a
      href="https://3.bp.blogspot.com/-tLkZYSIYupQ/WnSgKmEeZVI/AAAAAAAA0lw/y5cft0qRlcYscdpjUisLfsZibOOHI0ZxQCLcBGAs/s1600/cheap-ai.png"
      imageanchor="1" style="margin-left: 1em; margin-right: 1em;"&gt;&lt;img border="0"
      data-original-height="1559" data-original-width="1518" height="320"
      src="https://3.bp.blogspot.com/-tLkZYSIYupQ/WnSgKmEeZVI/AAAAAAAA0lw/y5cft0qRlcYscdpjUisLfsZibOOHI0ZxQCLcBGAs/s320/cheap-ai.png"
      width="311" /&gt;&lt;/a&gt;&lt;/div&gt;
      &lt;div class="separator" style="clear: both; text-align: center;"&gt;
      &lt;br /&gt;&lt;/div&gt;
      &lt;div dir="ltr" style="line-height: 1.38; margin-bottom: 10pt; margin-top: 0pt;"&gt;
      &lt;span style="font-family: &amp;quot;calibri&amp;quot;; font-size: large;"&gt;&lt;span
      style="background-color: white; white-space: pre-wrap;"&gt;&lt;br
      /&gt;&lt;/span&gt;&lt;/span&gt;&lt;/div&gt;
      &lt;div dir="ltr" style="line-height: 1.38; margin-bottom: 10pt; margin-top: 0pt;"&gt;
      &lt;span style="font-family: &amp;quot;calibri&amp;quot;; font-size: large;"&gt;&lt;span
      style="background-color: white; white-space: pre-wrap;"&gt;When I was a kid I always thought
      artificial intelligence would be different.&lt;/span&gt;&lt;/span&gt;&lt;/div&gt;
      &lt;div dir="ltr" style="line-height: 1.38; margin-bottom: 10pt; margin-top: 0pt;"&gt;
      &lt;span style="font-family: &amp;quot;calibri&amp;quot;; font-size: large;"&gt;&lt;span
      style="background-color: white; white-space: pre-wrap;"&gt;There was something impossible
      about it, something that stuck it firmly in the “fiction” part of “science fiction”, something
      that seemed like it should not ever exist, like time travel. Even time travel doesn’t have
      that sort of impossibility about it that artificial intelligence did. We might still stumble
      on time travel.&lt;/span&gt;&lt;/span&gt;&lt;/div&gt;
      &lt;div dir="ltr" style="line-height: 1.38; margin-bottom: 10pt; margin-top: 0pt;"&gt;
      &lt;span style="font-family: &amp;quot;calibri&amp;quot;; font-size: large;"&gt;&lt;span
      style="background-color: white; white-space: pre-wrap;"&gt;But here’s the thing: artificial
      intelligence wasn’t supposed to be about “stumbling.” It was just supposed to be really,
      really, really hard, like really impossibly hard.&lt;/span&gt;&lt;/span&gt;&lt;/div&gt;
      &lt;div dir="ltr" style="line-height: 1.38; margin-bottom: 10pt; margin-top: 0pt;"&gt;
      &lt;span style="font-family: &amp;quot;calibri&amp;quot;; font-size: large;"&gt;&lt;span
      style="background-color: white; white-space: pre-wrap;"&gt;And that’s totally not the way it
      turned out. The way it really has turned out is
      disappointing.&lt;/span&gt;&lt;/span&gt;&lt;/div&gt;
      &lt;div dir="ltr" style="line-height: 1.38; margin-bottom: 10pt; margin-top: 0pt;"&gt;
      &lt;span style="font-family: &amp;quot;calibri&amp;quot;; font-size: large;"&gt;&lt;span
      style="background-color: white; white-space: pre-wrap;"&gt;Don’t get me wrong: AI is exciting
      in its many applications and implications. But there’s a piece of it that’s disappointing. I’d
      like to talk about that.&lt;/span&gt;&lt;/span&gt;&lt;/div&gt;
      &lt;div dir="ltr" style="line-height: 1.38; margin-bottom: 10pt; margin-top: 0pt;"&gt;
      &lt;span style="font-family: &amp;quot;calibri&amp;quot;; font-size: large;"&gt;&lt;span
      style="background-color: white; white-space: pre-wrap;"&gt;So the first thing I want to talk
      about is something that I don’t really hear people saying. Let me just say this: “We figured
      out AI.”&lt;/span&gt;&lt;/span&gt;&lt;/div&gt;
      &lt;div dir="ltr" style="line-height: 1.38; margin-bottom: 10pt; margin-top: 0pt;"&gt;
      &lt;span style="background-color: white; font-family: &amp;quot;calibri&amp;quot;;
      white-space: pre-wrap;"&gt;&lt;span style="font-size: large;"&gt;I mean, we nailed it, in a
      way. Despite what I’m saying above about a part of it being disappointing, we have figured out
      artificial intelligence and that’s just crazy. And I don’t hear people saying
      that.&lt;/span&gt;&lt;/span&gt;&lt;/div&gt;
      &lt;div dir="ltr" style="line-height: 1.38; margin-bottom: 10pt; margin-top: 0pt;"&gt;
      &lt;span style="font-family: &amp;quot;calibri&amp;quot;; font-size: large;"&gt;&lt;span
      style="background-color: white; white-space: pre-wrap;"&gt;People say: “I’ll have the beef and
      mushroom pizza.” And people say “We can eliminate X percent of human fatalities on roads with
      AI cars.” And I hear people say: “We are no longer masters of the technology we have built and
      we’re all going to die.” But what I really don’t hear anybody saying is looking up in wonder
      and just going: “I can’t believe that after all this time we actually did this thing and we
      figured out AI.”&lt;/span&gt;&lt;/span&gt;&lt;/div&gt;
      &lt;div dir="ltr" style="line-height: 1.38; margin-bottom: 10pt; margin-top: 0pt;"&gt;
      &lt;span style="font-family: &amp;quot;calibri&amp;quot;; font-size: large;"&gt;&lt;span
      style="background-color: white; white-space: pre-wrap;"&gt;I am—make no mistake about it—awed
      in the face of what we have achieved and are achieving today with AI. And that’s part 1 (of
      two parts) of what I want to talk about today. Part 1 is that we figured out AI and it’s
      amazing, and part 2 is that the way we figured out AI is disappointing. I think that sounds
      kind of confusing, put that way. Part 1: I’m amazed we nailed it. Part 2: I’m disappointed in
      the way we nailed it. So let me explain that.&lt;/span&gt;&lt;/span&gt;&lt;/div&gt;
      &lt;h2 style="line-height: 1.38; margin-bottom: 10pt; margin-top: 0pt;"&gt;
      &lt;span style="font-family: &amp;quot;calibri&amp;quot;;"&gt;&lt;span
      style="background-color: white; white-space: pre-wrap;"&gt;Part
      1&lt;/span&gt;&lt;/span&gt;&lt;/h2&gt;
      &lt;div dir="ltr" style="line-height: 1.38; margin-bottom: 10pt; margin-top: 0pt;"&gt;
      &lt;span style="font-family: &amp;quot;calibri&amp;quot;; font-size: large;"&gt;&lt;span
      style="background-color: white; white-space: pre-wrap;"&gt;Ok, so really I already did part 1.
      Part 1 is that it’s amazing that we figured out AI. It’s amazing because when you watch a
      video of a Tesla driving by itself across a city and not hitting bikers, that’s amazing.
      That’s as good as we can do, with our “natural intelligence”
      (NI).&lt;/span&gt;&lt;/span&gt;&lt;/div&gt;
      &lt;div dir="ltr" style="line-height: 1.38; margin-bottom: 10pt; margin-top: 0pt;"&gt;
      &lt;span style="font-family: &amp;quot;calibri&amp;quot;; font-size: large;"&gt;&lt;span
      style="background-color: white; white-space: pre-wrap;"&gt;It’s amazing when Google Photos
      recognizes that a baby picture from 30 years ago is the same as the adult person in that other
      picture, and it shows you that. That’s maybe better than we could do with “natural
      intelligence.”&lt;/span&gt;&lt;/span&gt;&lt;/div&gt;
      &lt;div dir="ltr" style="line-height: 1.38; margin-bottom: 10pt; margin-top: 0pt;"&gt;
      &lt;span style="font-family: &amp;quot;calibri&amp;quot;; font-size: large;"&gt;&lt;span
      style="background-color: white; white-space: pre-wrap;"&gt;It’s amazing when you try one of
      those online machine learning courses and in just two hours of work and 100 lines of code the
      exercise has you train a “program” on your personal mid-range laptop that can do
      handwriting-recognition. If our little laptops can do that, well then obviously big parallel
      computers can do voice recognition and generate natural speech and write music and trade
      stocks et cetera et cetera faster and better than we can? Of course they can, and that’s
      amazing.&lt;/span&gt;&lt;/span&gt;&lt;/div&gt;
      &lt;div dir="ltr" style="line-height: 1.38; margin-bottom: 10pt; margin-top: 0pt;"&gt;
      &lt;span style="font-family: &amp;quot;calibri&amp;quot;; font-size: large;"&gt;&lt;span
      style="background-color: white; white-space: pre-wrap;"&gt;I don’t know… am I the only one who
      remembers when we couldn’t do all that stuff?&lt;/span&gt;&lt;/span&gt;&lt;/div&gt;
      &lt;div dir="ltr" style="line-height: 1.38; margin-bottom: 10pt; margin-top: 0pt;"&gt;
      &lt;span style="font-family: &amp;quot;calibri&amp;quot;; font-size: large;"&gt;&lt;span
      style="background-color: white; white-space: pre-wrap;"&gt;I don’t think I am. But I feel like
      there are people who just aren’t interested and they still think we can’t do all that stuff,
      and there are other people who are interested so they’re all hyped that we can do all that
      stuff. But I just don’t feel like I meet many “transition people:” those people who are
      looking at how we just got from A (where we couldn’t make robots do anything at all) to B
      (where we’ve got these superpower robots that basically can go ahead and start patrolling the
      streets and predicting crime before it happens like in that Tom Cruise
      movie).&lt;/span&gt;&lt;/span&gt;&lt;/div&gt;
      &lt;div dir="ltr" style="line-height: 1.38; margin-bottom: 10pt; margin-top: 0pt;"&gt;
      &lt;span style="font-family: &amp;quot;calibri&amp;quot;; font-size: large;"&gt;&lt;span
      style="background-color: white; white-space: pre-wrap;"&gt;Do you remember how in that Tom
      Cruise movie (I’ve obviously forgotten its name and it’s really obvious, something Limit
      Folder or something), do you remember how the actual brain behind the whole machinery doing
      all that predicting was three girls in bathtubs with brain
      pipes?&lt;/span&gt;&lt;/span&gt;&lt;/div&gt;
      &lt;div dir="ltr" style="line-height: 1.38; margin-bottom: 10pt; margin-top: 0pt;"&gt;
      &lt;span style="font-family: &amp;quot;calibri&amp;quot;; font-size: large;"&gt;&lt;span
      style="background-color: white; white-space: pre-wrap;"&gt;I.E., there was no actual robot
      built of metal there: at the time of that Tom Cruise movie (I actually want not to remember
      the title now) nobody who was imagining future science-fiction scenarios even believed that it
      would be possible to build a machine out of real metal that could do the kind of predictive
      calculations needed to catch criminals and arrest them before they did evil deeds. And that
      movie came out when in 2009? They thought that that kind of job would have to be done—there
      was no other way—by a human brain.&lt;/span&gt;&lt;/span&gt;&lt;/div&gt;
      &lt;h2 style="line-height: 1.38; margin-bottom: 10pt; margin-top: 0pt;"&gt;
      &lt;span style="font-family: &amp;quot;calibri&amp;quot;;"&gt;&lt;span
      style="background-color: white; white-space: pre-wrap;"&gt;Part
      2&lt;/span&gt;&lt;/span&gt;&lt;/h2&gt;
      &lt;div dir="ltr" style="line-height: 1.38; margin-bottom: 10pt; margin-top: 0pt;"&gt;
      &lt;span style="font-family: &amp;quot;calibri&amp;quot;; font-size: large;"&gt;&lt;span
      style="background-color: white; white-space: pre-wrap;"&gt;We’re in part 2. The segue to part
      2 was “a human brain.” In part 1, I wanted to talk about how it was amazing that we figured
      out AI. Part 2 was going to be about how there’s something disappointing in the way we figured
      out AI. And the link between part 1 and part 2 is the human
      brain.&lt;/span&gt;&lt;/span&gt;&lt;/div&gt;
      &lt;div dir="ltr" style="line-height: 1.38; margin-bottom: 10pt; margin-top: 0pt;"&gt;
      &lt;span style="font-family: &amp;quot;calibri&amp;quot;; font-size: large;"&gt;&lt;span
      style="background-color: white; white-space: pre-wrap;"&gt;The disappointing thing is: I
      always expected that when we figure out AI, we would have first figured out the human brain
      and THEN implemented what we’d figured out in computers. And it’s disappointing because we
      figured out the part that we were supposed to do second but we totally skipped the part we
      were supposed to do first!&lt;/span&gt;&lt;/span&gt;&lt;/div&gt;
      &lt;div dir="ltr" style="line-height: 1.38; margin-bottom: 10pt; margin-top: 0pt;"&gt;
      &lt;span style="font-family: &amp;quot;calibri&amp;quot;; font-size: large;"&gt;&lt;span
      style="background-color: white; white-space: pre-wrap;"&gt;No, seriously, this really is
      disappointing. Maybe I’m being idealistic: obviously figuring out the human brain is this
      monstrous thankless effort that would have taken us thousands of years at least, and I should
      be happy that we found a pragmatic way to leap over it and achieve our goals—deliver our
      goals, without splashing around in the intellectual kiddie pool of useless neurotheory. But
      it’s still disappointing that we skipped past the part where we figure out the human
      brain.&lt;/span&gt;&lt;/span&gt;&lt;/div&gt;
      &lt;div dir="ltr" style="line-height: 1.38; margin-bottom: 10pt; margin-top: 0pt;"&gt;
      &lt;span style="font-family: &amp;quot;calibri&amp;quot;; font-size: large;"&gt;&lt;span
      style="background-color: white; white-space: pre-wrap;"&gt;I’m a bit of an idealist so I’ll
      need to wrench myself through that porthole of victory, but I can do that. What I want to
      observe though, is that this division between what many of us (eg. Tom Cruise) thought that
      this revolution would look like includes a huge part that we ended up just skipping, and we’re
      really accelerating on all these new AI projects without paying heed to what we thought we
      were going to be working on.&lt;/span&gt;&lt;/span&gt;&lt;/div&gt;
      &lt;div dir="ltr" style="line-height: 1.38; margin-bottom: 10pt; margin-top: 0pt;"&gt;
      &lt;span style="font-family: &amp;quot;calibri&amp;quot;; font-size: large;"&gt;&lt;span
      style="background-color: white; white-space: pre-wrap;"&gt;Some people are paying some
      attention. Elon Musk’s comparatively obscure project Neuralink is an effort to link machines
      with brains, which means that we will need to understand at least how to interface with a
      brain.&lt;/span&gt;&lt;/span&gt;&lt;/div&gt;
      &lt;div dir="ltr" style="line-height: 1.38; margin-bottom: 10pt; margin-top: 0pt;"&gt;
      &lt;span style="font-family: &amp;quot;calibri&amp;quot;; font-size: large;"&gt;&lt;span
      style="background-color: white; white-space: pre-wrap;"&gt;Have you thought about what it
      means to interface with a brain? I started wondering how we could just augment human vision,
      for example. And it’s a lot of work. I’m writing a blog entry about it which I will &lt;a
      href="http://www.supertitle.org/2018/03/visual-brain-overlay.html"&gt;post soon&lt;/a&gt;. And
      the gist of it is that you really need to do a lot of complicated and unpredictable guesswork
      to figure out the part of the human brain that would let you interface with human
      vision.&lt;/span&gt;&lt;/span&gt;&lt;/div&gt;
      &lt;div dir="ltr" style="line-height: 1.38; margin-bottom: 10pt; margin-top: 0pt;"&gt;
      &lt;span style="font-family: &amp;quot;calibri&amp;quot;; font-size: large;"&gt;&lt;span
      style="background-color: white; white-space: pre-wrap;"&gt;To figure out human vision to the
      point that we can splice it off and generate it ourselves, we would need thousands and
      thousands of hours of laboratory work with people with cables sticking out of their heads and
      homemade chips and attempts to create reference images that we could then use to compare to
      what our chips were generating. And that’s just a tiny piece of how the brain works.
      Nevertheless, we have figured out how “vision” works (just not human vision). We have figured
      out “some vision.” And now we’re building tons of applications upon
      it.&lt;/span&gt;&lt;/span&gt;&lt;/div&gt;
      &lt;div dir="ltr" style="line-height: 1.38; margin-bottom: 10pt; margin-top: 0pt;"&gt;
      &lt;span style="font-family: &amp;quot;calibri&amp;quot;; font-size: large;"&gt;&lt;span
      style="background-color: white; white-space: pre-wrap;"&gt;This is a good thing. It’s
      pragmatic. It’s brilliant. The ideas that led us to this point are genius. But it’s not deep.
      It has potential way beyond most things that I can think of humanity having invented, but it’s
      not what I expected.&lt;/span&gt;&lt;/span&gt;&lt;/div&gt;
      &lt;div dir="ltr" style="line-height: 1.38; margin-bottom: 10pt; margin-top: 0pt;"&gt;
      &lt;span style="font-family: &amp;quot;calibri&amp;quot;; font-size: large;"&gt;&lt;span
      style="background-color: white; white-space: pre-wrap;"&gt;So some people do realize that we
      skipped over a phase and they’re not getting sucked into the hype (although it’s well-deserved
      hype) of 2018-era AI and they’re going back and studying harder
      problems.&lt;/span&gt;&lt;/span&gt;&lt;/div&gt;
      &lt;div dir="ltr" style="line-height: 1.38; margin-bottom: 10pt; margin-top: 0pt;"&gt;
      &lt;span style="font-family: &amp;quot;calibri&amp;quot;; font-size: large;"&gt;&lt;span
      style="background-color: white; white-space: pre-wrap;"&gt;And those people call those harder
      problems “Deep AI.” Or they call those problems “general artificial intelligence.” That’s the
      ability to understand the brain and only then model it in code, so that we can watch it work
      and pause it and fiddle with little pieces and fix it. That’s much different from the models
      that we have programmed machines to teach machines to build. Since we programmed machines to
      teach machines, we unfortunately have no way to know how the models that they built
      work.&lt;/span&gt;&lt;/span&gt;&lt;/div&gt;
      &lt;div dir="ltr" style="line-height: 1.38; margin-bottom: 10pt; margin-top: 0pt;"&gt;
      &lt;span style="font-family: &amp;quot;calibri&amp;quot;; font-size: large;"&gt;&lt;span
      style="background-color: white; white-space: pre-wrap;"&gt;What we have actually achieved,
      amazing and frankly captivating as it is, is “Cheap AI.”&lt;/span&gt;&lt;/span&gt;&lt;/div&gt;
      &lt;div dir="ltr" style="line-height: 1.38; margin-bottom: 10pt; margin-top: 0pt;"&gt;
      &lt;span style="font-family: &amp;quot;calibri&amp;quot;; font-size: large;"&gt;&lt;span
      style="background-color: white; white-space: pre-wrap;"&gt;I do recommend that we jump on this
      ship, because Cheap AI has to offer is really, really mindblowing. The way plastic is
      mindblowing to people who previously had to smith all their cauldrons. But we should bear in
      mind how cheap the thing we’re working with is.&lt;/span&gt;&lt;/span&gt;&lt;/div&gt;
      &lt;div&gt;
      &lt;br /&gt;&lt;/div&gt;
      &lt;/div&gt;
</content>
    <link rel='replies' type='application/atom+xml'
      href='https://www.supertitle.org/feeds/6578027618653038885/comments/default'
      title='Post Comments' />
    <link rel='replies' type='text/html'
      href='https://www.blogger.com/comment.g?blogID=2993010&amp;postID=6578027618653038885&amp;isPopup=true'
      title='0 Comments' />
    <link rel='edit' type='application/atom+xml'
      href='https://www.blogger.com/feeds/2993010/posts/default/6578027618653038885' />
    <link rel='self' type='application/atom+xml'
      href='https://www.blogger.com/feeds/2993010/posts/default/6578027618653038885' />
    <link rel='alternate' type='text/html' href='https://www.supertitle.org/2018/02/cheap-ai.html'
      title='Cheap AI' />
    <author>
      <name>martin</name>
      <uri>https://www.blogger.com/profile/09053983859177005529</uri>
      <email>noreply@blogger.com</email>
      <gd:image rel='http://schemas.google.com/g/2005#thumbnail' width='35' height='35'
        src='//www.blogger.com/img/blogger_logo_round_35.png' />
    </author>
    <media:thumbnail xmlns:media='http://search.yahoo.com/mrss/'
      url='https://3.bp.blogspot.com/-tLkZYSIYupQ/WnSgKmEeZVI/AAAAAAAA0lw/y5cft0qRlcYscdpjUisLfsZibOOHI0ZxQCLcBGAs/s72-c/cheap-ai.png'
      height='72' width='72' />
    <thr:total>0</thr:total>
  </entry>
  <entry>
    <id>tag:blogger.com,1999:blog-2993010.post-3789843121427240887</id>
    <published>2018-02-02T17:36:00.001+01:00</published>
    <updated>2018-02-02T17:48:25.593+01:00</updated>
    <category scheme='http://schemas.google.com/g/2005#kind'
      term='http://schemas.google.com/blogger/2008/kind#post' />
    <title type='text'>Blank</title>
    <content type='html'>&lt;div dir="ltr" style="text-align: left;" trbidi="on"&gt;This post
      intentionally left blank.&lt;br /&gt;
      &lt;/div&gt;</content>
    <link rel='replies' type='application/atom+xml'
      href='https://www.supertitle.org/feeds/3789843121427240887/comments/default'
      title='Post Comments' />
    <link rel='replies' type='text/html'
      href='https://www.blogger.com/comment.g?blogID=2993010&amp;postID=3789843121427240887&amp;isPopup=true'
      title='0 Comments' />
    <link rel='edit' type='application/atom+xml'
      href='https://www.blogger.com/feeds/2993010/posts/default/3789843121427240887' />
    <link rel='self' type='application/atom+xml'
      href='https://www.blogger.com/feeds/2993010/posts/default/3789843121427240887' />
    <link rel='alternate' type='text/html' href='https://www.supertitle.org/2018/02/blank.html'
      title='Blank' />
    <author>
      <name>martin</name>
      <uri>https://www.blogger.com/profile/09053983859177005529</uri>
      <email>noreply@blogger.com</email>
      <gd:image rel='http://schemas.google.com/g/2005#thumbnail' width='35' height='35'
        src='//www.blogger.com/img/blogger_logo_round_35.png' />
    </author>
    <thr:total>0</thr:total>
  </entry>
  <entry>
    <id>tag:blogger.com,1999:blog-2993010.post-2320981726576911848</id>
    <published>2012-01-25T11:22:00.000+01:00</published>
    <updated>2012-01-25T11:22:15.462+01:00</updated>
    <category scheme='http://schemas.google.com/g/2005#kind'
      term='http://schemas.google.com/blogger/2008/kind#post' />
    <title type='text'></title>
    <content type='html'>j'ecris un document en anglais. ou bien c'est f-- qui l'crit, ou r---, ou
      f-------. ensuite, on envoie ce document a la trad. bien sur, on écrit en dita. et ce dita là,
      quand il est envoyé a la trad, est segmenté. que veut dire "segmenté" ? vous savez, dans
      dita--ou plus precisement, dans notre implementation de dita--, le document à traduire est
      decoupé et transferré dans une base. comment c'est découpé ? souvent par phrases. et c'est
      donc les phrases qui sont transferrés dans la base. une base des phrases. la "phrase base" si
      vous voulez. bien sur, dans les document techniques, on peut découper sur des mots clèfs, ou
      des bouts de code. heureusement, le format dita est riche, et permet de faire ces types de
      découpage. le plus souvent, néanmoins, la segmentation est par phrases. quand les traducteurs
      recoivent cette phrase base, ils traduisent chaque phrase séparément. ils travaillent dans une
      pièce souterraine, mal éclairée, penchés sur leur bureaux de camping pliables. c'est souvent
      des handicappés mentales, en fait. des autistes, plutôt, dont le seul capacité est de traduire
      l'anglais en italien, en allemand... le mec se croit Silvio Berlusconi, ou Napoleon. et pour
      tout dire, il est très mal payé. la localization parle toujours des dollars trad, dollars
      trad, mais en réalité c'est des centimes. ces les économies, vous savez. donc ce mec, il voit
      phrase après phrase sur son écran, et il doit vite la traduire en italien, ou japonais, à
      partir d'où il recoit la phrase suivante, un torrent sans relache, produit par les doigts des
      developpeurs tapant dans les .properties ou des rédacteurs dans les .dita. au retour, toutes
      les trois semaines, on reçoit un travail bien fait : une nouvelle phrase base, mais cette fois
      en français. il faut maintenant reconstituer le document d'origine, mais avec les phrases
      anglaises replacées par des phrases françaises. comment fait-on ? en effet, le système est
      bien fait. il prend le document anglais, il en retire tout le texte (sauf les mots clès), et,
      en utilisant les phrases anglaises comme index, il cherche la phrase base française pour
      trouver les phrases françaises à mettre à la place. c'est ainsi qui est reconstitué le
      document francais. mais, un problème apparaît quand on met à jour le document anglais avec des
      phrases qui one été ajoutées depuis le départ de la phrase base dans des pièces sombres des
      traducteurs. en effet, ce croisement des données crée un document anglais qui, une fois vidé
      de son texte, contient plus de place que prévu par la base des phrases françaises qui revient
      de la trad. et le système donc, en essayant de reconstruire le document français, trouve des
      endroits où il lui manque une phrase pour combler un vide du document d'origine. quand le
      document est publié, on voit donc des vides... des phrases entières blanches, des points sans
      lignes, des titres vides. c'est ce qu'on appelle les "trous de traduction". et c'est pour cela
      qu'on essaie d'éviter de mettre à jour le document anglais une fois que la traduction à
      commencé.</content>
    <link rel='replies' type='application/atom+xml'
      href='https://www.supertitle.org/feeds/2320981726576911848/comments/default'
      title='Post Comments' />
    <link rel='replies' type='text/html'
      href='https://www.blogger.com/comment.g?blogID=2993010&amp;postID=2320981726576911848&amp;isPopup=true'
      title='0 Comments' />
    <link rel='edit' type='application/atom+xml'
      href='https://www.blogger.com/feeds/2993010/posts/default/2320981726576911848' />
    <link rel='self' type='application/atom+xml'
      href='https://www.blogger.com/feeds/2993010/posts/default/2320981726576911848' />
    <link rel='alternate' type='text/html'
      href='https://www.supertitle.org/2012/01/jecris-un-document-en-anglais.html' title='' />
    <author>
      <name>martin</name>
      <uri>https://www.blogger.com/profile/09053983859177005529</uri>
      <email>noreply@blogger.com</email>
      <gd:image rel='http://schemas.google.com/g/2005#thumbnail' width='35' height='35'
        src='//www.blogger.com/img/blogger_logo_round_35.png' />
    </author>
    <thr:total>0</thr:total>
  </entry>
  <entry>
    <id>tag:blogger.com,1999:blog-2993010.post-738698055865635079</id>
    <published>2010-08-18T11:44:00.005+02:00</published>
    <updated>2010-08-18T11:46:36.668+02:00</updated>
    <category scheme='http://schemas.google.com/g/2005#kind'
      term='http://schemas.google.com/blogger/2008/kind#post' />
    <title type='text'></title>
    <content type='html'>&lt;p&gt;was trying to remember name of that famous guy, in this
      order:&lt;/p&gt;
      &lt;ol&gt;
      &lt;li&gt;
      &lt;p&gt;Hippie Z&lt;/p&gt;
      &lt;/li&gt;
      &lt;li&gt;
      &lt;p&gt;Lou Breen&lt;/p&gt;
      &lt;/li&gt;
      &lt;li&gt;
      &lt;p&gt;Jimmie Morris&lt;/p&gt;
      &lt;/li&gt;
      &lt;li&gt;
      &lt;p&gt;Jimmie Carlsson&lt;/p&gt;
      &lt;/li&gt;
      &lt;li&gt;
      &lt;p&gt;Jimmy Hendrix&lt;/p&gt;
      &lt;/li&gt;
      &lt;/ol&gt;
      &lt;p&gt;That's him. Jimi Hendrix.&lt;/p&gt;</content>
    <link rel='replies' type='application/atom+xml'
      href='https://www.supertitle.org/feeds/738698055865635079/comments/default'
      title='Post Comments' />
    <link rel='replies' type='text/html'
      href='https://www.blogger.com/comment.g?blogID=2993010&amp;postID=738698055865635079&amp;isPopup=true'
      title='1 Comments' />
    <link rel='edit' type='application/atom+xml'
      href='https://www.blogger.com/feeds/2993010/posts/default/738698055865635079' />
    <link rel='self' type='application/atom+xml'
      href='https://www.blogger.com/feeds/2993010/posts/default/738698055865635079' />
    <link rel='alternate' type='text/html'
      href='https://www.supertitle.org/2010/08/was-trying-to-remember-name-of-that.html' title='' />
    <author>
      <name>martin</name>
      <uri>https://www.blogger.com/profile/09053983859177005529</uri>
      <email>noreply@blogger.com</email>
      <gd:image rel='http://schemas.google.com/g/2005#thumbnail' width='35' height='35'
        src='//www.blogger.com/img/blogger_logo_round_35.png' />
    </author>
    <thr:total>1</thr:total>
  </entry>
  <entry>
    <id>tag:blogger.com,1999:blog-2993010.post-7926320198846940581</id>
    <published>2010-03-03T10:18:00.002+01:00</published>
    <updated>2010-03-03T10:18:41.627+01:00</updated>
    <category scheme='http://schemas.google.com/g/2005#kind'
      term='http://schemas.google.com/blogger/2008/kind#post' />
    <title type='text'></title>
    <content type='html'>&lt;div class="separator" style="clear: both; text-align: center;"&gt;
      &lt;a
      href="http://1.bp.blogspot.com/__c5bkJS-sfE/S44pViMseaI/AAAAAAAABNc/IRACrffvVus/s1600-h/geste3.png"
      imageanchor="1" style="margin-left: 1em; margin-right: 1em;"&gt;&lt;img border="0"
      height="449"
      src="http://1.bp.blogspot.com/__c5bkJS-sfE/S44pViMseaI/AAAAAAAABNc/IRACrffvVus/s640/geste3.png"
      width="640" /&gt;&lt;/a&gt;&lt;/div&gt;
      &lt;br /&gt;</content>
    <link rel='replies' type='application/atom+xml'
      href='https://www.supertitle.org/feeds/7926320198846940581/comments/default'
      title='Post Comments' />
    <link rel='replies' type='text/html'
      href='https://www.blogger.com/comment.g?blogID=2993010&amp;postID=7926320198846940581&amp;isPopup=true'
      title='0 Comments' />
    <link rel='edit' type='application/atom+xml'
      href='https://www.blogger.com/feeds/2993010/posts/default/7926320198846940581' />
    <link rel='self' type='application/atom+xml'
      href='https://www.blogger.com/feeds/2993010/posts/default/7926320198846940581' />
    <link rel='alternate' type='text/html' href='https://www.supertitle.org/2010/03/blog-post.html'
      title='' />
    <author>
      <name>martin</name>
      <uri>https://www.blogger.com/profile/09053983859177005529</uri>
      <email>noreply@blogger.com</email>
      <gd:image rel='http://schemas.google.com/g/2005#thumbnail' width='35' height='35'
        src='//www.blogger.com/img/blogger_logo_round_35.png' />
    </author>
    <media:thumbnail xmlns:media='http://search.yahoo.com/mrss/'
      url='http://1.bp.blogspot.com/__c5bkJS-sfE/S44pViMseaI/AAAAAAAABNc/IRACrffvVus/s72-c/geste3.png'
      height='72' width='72' />
    <thr:total>0</thr:total>
  </entry>
  <entry>
    <id>tag:blogger.com,1999:blog-2993010.post-7983153940997718211</id>
    <published>2009-12-16T07:00:00.000+01:00</published>
    <updated>2009-12-16T07:00:19.157+01:00</updated>
    <category scheme='http://schemas.google.com/g/2005#kind'
      term='http://schemas.google.com/blogger/2008/kind#post' />
    <title type='text'></title>
    <content type='html'>Eglantine &amp; Eglington</content>
    <link rel='replies' type='application/atom+xml'
      href='https://www.supertitle.org/feeds/7983153940997718211/comments/default'
      title='Post Comments' />
    <link rel='replies' type='text/html'
      href='https://www.blogger.com/comment.g?blogID=2993010&amp;postID=7983153940997718211&amp;isPopup=true'
      title='0 Comments' />
    <link rel='edit' type='application/atom+xml'
      href='https://www.blogger.com/feeds/2993010/posts/default/7983153940997718211' />
    <link rel='self' type='application/atom+xml'
      href='https://www.blogger.com/feeds/2993010/posts/default/7983153940997718211' />
    <link rel='alternate' type='text/html'
      href='https://www.supertitle.org/2009/12/eglantine-eglington.html' title='' />
    <author>
      <name>martin</name>
      <uri>https://www.blogger.com/profile/09053983859177005529</uri>
      <email>noreply@blogger.com</email>
      <gd:image rel='http://schemas.google.com/g/2005#thumbnail' width='35' height='35'
        src='//www.blogger.com/img/blogger_logo_round_35.png' />
    </author>
    <thr:total>0</thr:total>
  </entry>
  <entry>
    <id>tag:blogger.com,1999:blog-2993010.post-5999014589113190394</id>
    <published>2009-10-15T15:39:00.005+02:00</published>
    <updated>2009-10-15T15:43:42.652+02:00</updated>
    <category scheme='http://schemas.google.com/g/2005#kind'
      term='http://schemas.google.com/blogger/2008/kind#post' />
    <title type='text'>La baisse du TVA est en constante augmentation</title>
    <content type='html'>&lt;div class="song"&gt;
      &lt;div&gt;
      &lt;p&gt;La baisse du TVA est en constante augmentation&lt;/p&gt;
      &lt;p&gt;malgré les efforts des forces de l'ordre à subvenir&lt;/p&gt;
      &lt;p&gt;aux besoins de la communauté internationale&lt;/p&gt;
      &lt;p&gt;à bouleverser des mentalités dans les années quatre-vingt&lt;/p&gt;
      &lt;p&gt;lors de la prise de contrôle du pouvoir public&lt;/p&gt;
      &lt;p&gt;par la conjoncture éco-sociale actuellement&lt;/p&gt;
      &lt;p&gt;transmissible de personne en personne ou de&lt;/p&gt;
      &lt;p&gt;personne en passe navigo en passe navigo en passe navigo&lt;/p&gt;
      &lt;/div&gt;
      &lt;/div&gt;</content>
    <link rel='replies' type='application/atom+xml'
      href='https://www.supertitle.org/feeds/5999014589113190394/comments/default'
      title='Post Comments' />
    <link rel='replies' type='text/html'
      href='https://www.blogger.com/comment.g?blogID=2993010&amp;postID=5999014589113190394&amp;isPopup=true'
      title='0 Comments' />
    <link rel='edit' type='application/atom+xml'
      href='https://www.blogger.com/feeds/2993010/posts/default/5999014589113190394' />
    <link rel='self' type='application/atom+xml'
      href='https://www.blogger.com/feeds/2993010/posts/default/5999014589113190394' />
    <link rel='alternate' type='text/html'
      href='https://www.supertitle.org/2009/10/la-baisse-du-tva-est-en-constante.html'
      title='La baisse du TVA est en constante augmentation' />
    <author>
      <name>martin</name>
      <uri>https://www.blogger.com/profile/09053983859177005529</uri>
      <email>noreply@blogger.com</email>
      <gd:image rel='http://schemas.google.com/g/2005#thumbnail' width='35' height='35'
        src='//www.blogger.com/img/blogger_logo_round_35.png' />
    </author>
    <thr:total>0</thr:total>
  </entry>
  <entry>
    <id>tag:blogger.com,1999:blog-2993010.post-1605203592511931186</id>
    <published>2009-09-18T11:01:00.000+02:00</published>
    <updated>2009-09-18T11:01:46.531+02:00</updated>
    <category scheme='http://schemas.google.com/g/2005#kind'
      term='http://schemas.google.com/blogger/2008/kind#post' />
    <title type='text'>Official Google Blog: Teaching computers to read: Google acquires reCAPTCHA</title>
    <content type='html'>&lt;p&gt;&lt;a
      href="http://googleblog.blogspot.com/2009/09/teaching-computers-to-read-google.html"&gt;Official
      Google Blog: Teaching computers to read: Google acquires
      reCAPTCHA&lt;/a&gt;&lt;/p&gt;&lt;div&gt;&lt;p&gt;At the post linked above, Google says it uses
      human answers to captchas, which are intentionally hard for computers to read, to make text in
      captchas easier for computers to read.&lt;/p&gt;&lt;/div&gt;&lt;div&gt;&lt;p&gt;It follows,
      then, that more computers will soon be able to crack captchas.&lt;/p&gt;&lt;/div&gt;</content>
    <link rel='related'
      href='http://googleblog.blogspot.com/2009/09/teaching-computers-to-read-google.html'
      title='Official Google Blog: Teaching computers to read: Google acquires reCAPTCHA' />
    <link rel='replies' type='application/atom+xml'
      href='https://www.supertitle.org/feeds/1605203592511931186/comments/default'
      title='Post Comments' />
    <link rel='replies' type='text/html'
      href='https://www.blogger.com/comment.g?blogID=2993010&amp;postID=1605203592511931186&amp;isPopup=true'
      title='0 Comments' />
    <link rel='edit' type='application/atom+xml'
      href='https://www.blogger.com/feeds/2993010/posts/default/1605203592511931186' />
    <link rel='self' type='application/atom+xml'
      href='https://www.blogger.com/feeds/2993010/posts/default/1605203592511931186' />
    <link rel='alternate' type='text/html'
      href='https://www.supertitle.org/2009/09/official-google-blog-teaching-computers.html'
      title='Official Google Blog: Teaching computers to read: Google acquires reCAPTCHA' />
    <author>
      <name>martin</name>
      <uri>https://www.blogger.com/profile/09053983859177005529</uri>
      <email>noreply@blogger.com</email>
      <gd:image rel='http://schemas.google.com/g/2005#thumbnail' width='35' height='35'
        src='//www.blogger.com/img/blogger_logo_round_35.png' />
    </author>
    <thr:total>0</thr:total>
  </entry>
  <entry>
    <id>tag:blogger.com,1999:blog-2993010.post-575758916887834392</id>
    <published>2009-09-11T09:47:00.001+02:00</published>
    <updated>2009-09-14T17:43:48.352+02:00</updated>
    <category scheme='http://schemas.google.com/g/2005#kind'
      term='http://schemas.google.com/blogger/2008/kind#post' />
    <title type='text'>How to read on the web</title>
    <content type='html'>Here's a tip for reading on the web: pick a sentence and read it. I've
      found that reading one sentence from start to finish, rather than bouncing from keyword to
      keyword in a paragraph, aids comprehension.&lt;br /&gt;
      &lt;br /&gt;</content>
    <link rel='replies' type='application/atom+xml'
      href='https://www.supertitle.org/feeds/575758916887834392/comments/default'
      title='Post Comments' />
    <link rel='replies' type='text/html'
      href='https://www.blogger.com/comment.g?blogID=2993010&amp;postID=575758916887834392&amp;isPopup=true'
      title='0 Comments' />
    <link rel='edit' type='application/atom+xml'
      href='https://www.blogger.com/feeds/2993010/posts/default/575758916887834392' />
    <link rel='self' type='application/atom+xml'
      href='https://www.blogger.com/feeds/2993010/posts/default/575758916887834392' />
    <link rel='alternate' type='text/html'
      href='https://www.supertitle.org/2009/09/how-to-read-on-web.html'
      title='How to read on the web' />
    <author>
      <name>martin</name>
      <uri>https://www.blogger.com/profile/09053983859177005529</uri>
      <email>noreply@blogger.com</email>
      <gd:image rel='http://schemas.google.com/g/2005#thumbnail' width='35' height='35'
        src='//www.blogger.com/img/blogger_logo_round_35.png' />
    </author>
    <thr:total>0</thr:total>
  </entry>
  <entry>
    <id>tag:blogger.com,1999:blog-2993010.post-6112035979341022341</id>
    <published>2009-08-06T11:35:00.001+02:00</published>
    <updated>2009-08-06T11:35:28.765+02:00</updated>
    <category scheme='http://schemas.google.com/g/2005#kind'
      term='http://schemas.google.com/blogger/2008/kind#post' />
    <title type='text'></title>
    <content type='html'>&lt;h1&gt;The blank's early&lt;/h1&gt;</content>
    <link rel='replies' type='application/atom+xml'
      href='https://www.supertitle.org/feeds/6112035979341022341/comments/default'
      title='Post Comments' />
    <link rel='replies' type='text/html'
      href='https://www.blogger.com/comment.g?blogID=2993010&amp;postID=6112035979341022341&amp;isPopup=true'
      title='0 Comments' />
    <link rel='edit' type='application/atom+xml'
      href='https://www.blogger.com/feeds/2993010/posts/default/6112035979341022341' />
    <link rel='self' type='application/atom+xml'
      href='https://www.blogger.com/feeds/2993010/posts/default/6112035979341022341' />
    <link rel='alternate' type='text/html'
      href='https://www.supertitle.org/2009/08/blanks-early.html' title='' />
    <author>
      <name>martin</name>
      <uri>https://www.blogger.com/profile/09053983859177005529</uri>
      <email>noreply@blogger.com</email>
      <gd:image rel='http://schemas.google.com/g/2005#thumbnail' width='35' height='35'
        src='//www.blogger.com/img/blogger_logo_round_35.png' />
    </author>
    <thr:total>0</thr:total>
  </entry>
  <entry>
    <id>tag:blogger.com,1999:blog-2993010.post-4340680053609456949</id>
    <published>2009-06-24T10:52:00.002+02:00</published>
    <updated>2009-06-24T10:52:59.618+02:00</updated>
    <category scheme='http://schemas.google.com/g/2005#kind'
      term='http://schemas.google.com/blogger/2008/kind#post' />
    <title type='text'>What becomes of the dead's gmail accounts</title>
    <content type='html'>&lt;p&gt;Following any legally dictated purge period, the account passes in
      encrypted form to the deceased's estate, or, in case of absence of descendants, to the federal
      or national government (depending on laws in effect for the country) of the deceased's most
      recent primary residence. There is no legal provision for the transfer of decryption
      credentials associated with this account, as these are not stored by the company and thus in
      the responsibility of the deceased to arrange for example in a last will and
      testament.&lt;/p&gt;</content>
    <link rel='replies' type='application/atom+xml'
      href='https://www.supertitle.org/feeds/4340680053609456949/comments/default'
      title='Post Comments' />
    <link rel='replies' type='text/html'
      href='https://www.blogger.com/comment.g?blogID=2993010&amp;postID=4340680053609456949&amp;isPopup=true'
      title='0 Comments' />
    <link rel='edit' type='application/atom+xml'
      href='https://www.blogger.com/feeds/2993010/posts/default/4340680053609456949' />
    <link rel='self' type='application/atom+xml'
      href='https://www.blogger.com/feeds/2993010/posts/default/4340680053609456949' />
    <link rel='alternate' type='text/html'
      href='https://www.supertitle.org/2009/06/what-becomes-of-deads-gmail-accounts.html'
      title='What becomes of the dead&apos;s gmail accounts' />
    <author>
      <name>martin</name>
      <uri>https://www.blogger.com/profile/09053983859177005529</uri>
      <email>noreply@blogger.com</email>
      <gd:image rel='http://schemas.google.com/g/2005#thumbnail' width='35' height='35'
        src='//www.blogger.com/img/blogger_logo_round_35.png' />
    </author>
    <thr:total>0</thr:total>
  </entry>
  <entry>
    <id>tag:blogger.com,1999:blog-2993010.post-6136069418484810036</id>
    <published>2008-08-07T08:43:00.001+02:00</published>
    <updated>2008-08-07T08:43:33.751+02:00</updated>
    <category scheme='http://schemas.google.com/g/2005#kind'
      term='http://schemas.google.com/blogger/2008/kind#post' />
    <title type='text'>Speaking Freely</title>
    <content type='html'>"What happened with the Great Savras(?) and for All That Are Rising was
      that I also thoroughly enjoy those books and they were then shown to be too simplistic to me
      in a later lecture. Morning with the Simple Captain with Emma and almost tempted to say that
      it is not a book that should be part of the English Canon. I think I am going to resist the
      tem(?)" &lt;br /&gt;&lt;p&gt;&lt;font face="helvetica" size="2"&gt;&lt;b&gt;&lt;i&gt;spoken
      through &lt;a href="http://www.spinvox.com" style="text-decoration:
      none;"&gt;SpinVox&lt;/a&gt;&lt;/i&gt;&lt;/b&gt;&lt;/font&gt;&lt;/p&gt;</content>
    <link rel='replies' type='application/atom+xml'
      href='https://www.supertitle.org/feeds/6136069418484810036/comments/default'
      title='Post Comments' />
    <link rel='replies' type='text/html'
      href='https://www.blogger.com/comment.g?blogID=2993010&amp;postID=6136069418484810036&amp;isPopup=true'
      title='0 Comments' />
    <link rel='edit' type='application/atom+xml'
      href='https://www.blogger.com/feeds/2993010/posts/default/6136069418484810036' />
    <link rel='self' type='application/atom+xml'
      href='https://www.blogger.com/feeds/2993010/posts/default/6136069418484810036' />
    <link rel='alternate' type='text/html'
      href='https://www.supertitle.org/2008/08/speaking-freely_9340.html' title='Speaking Freely' />
    <author>
      <name>martin</name>
      <uri>https://www.blogger.com/profile/09053983859177005529</uri>
      <email>noreply@blogger.com</email>
      <gd:image rel='http://schemas.google.com/g/2005#thumbnail' width='35' height='35'
        src='//www.blogger.com/img/blogger_logo_round_35.png' />
    </author>
    <thr:total>0</thr:total>
  </entry>
  <entry>
    <id>tag:blogger.com,1999:blog-2993010.post-7918382839558923597</id>
    <published>2008-08-07T08:42:00.001+02:00</published>
    <updated>2008-08-07T08:42:40.811+02:00</updated>
    <category scheme='http://schemas.google.com/g/2005#kind'
      term='http://schemas.google.com/blogger/2008/kind#post' />
    <title type='text'>Speaking Freely</title>
    <content type='html'>"I'm going to resist that temptation because I believe that my response to
      art is that I find art is somebody that does something and that's all it is. And the
      authorate(?) Emma is doing something in which you can see that she is exactly matching the
      promise of what she has set out to do" &lt;br /&gt;&lt;p&gt;&lt;font face="helvetica"
      size="2"&gt;&lt;b&gt;&lt;i&gt;spoken through &lt;a href="http://www.spinvox.com"
      style="text-decoration: none;"&gt;SpinVox&lt;/a&gt;&lt;/i&gt;&lt;/b&gt;&lt;/font&gt;&lt;/p&gt;</content>
    <link rel='replies' type='application/atom+xml'
      href='https://www.supertitle.org/feeds/7918382839558923597/comments/default'
      title='Post Comments' />
    <link rel='replies' type='text/html'
      href='https://www.blogger.com/comment.g?blogID=2993010&amp;postID=7918382839558923597&amp;isPopup=true'
      title='0 Comments' />
    <link rel='edit' type='application/atom+xml'
      href='https://www.blogger.com/feeds/2993010/posts/default/7918382839558923597' />
    <link rel='self' type='application/atom+xml'
      href='https://www.blogger.com/feeds/2993010/posts/default/7918382839558923597' />
    <link rel='alternate' type='text/html'
      href='https://www.supertitle.org/2008/08/speaking-freely_07.html' title='Speaking Freely' />
    <author>
      <name>martin</name>
      <uri>https://www.blogger.com/profile/09053983859177005529</uri>
      <email>noreply@blogger.com</email>
      <gd:image rel='http://schemas.google.com/g/2005#thumbnail' width='35' height='35'
        src='//www.blogger.com/img/blogger_logo_round_35.png' />
    </author>
    <thr:total>0</thr:total>
  </entry>
  <entry>
    <id>tag:blogger.com,1999:blog-2993010.post-2809695926352957785</id>
    <published>2008-08-07T08:39:00.001+02:00</published>
    <updated>2008-08-07T08:39:02.307+02:00</updated>
    <category scheme='http://schemas.google.com/g/2005#kind'
      term='http://schemas.google.com/blogger/2008/kind#post' />
    <title type='text'>Speaking Freely</title>
    <content type='html'>"I've been reading Emma and my response to it is that it is a wonderful
      book with a very simple structure which is ornamented in a sattle fashion and I'm thoroughly
      enjoying it. I but I'm wondering if the" &lt;br /&gt;&lt;p&gt;&lt;font face="helvetica"
      size="2"&gt;&lt;b&gt;&lt;i&gt;spoken through &lt;a href="http://www.spinvox.com"
      style="text-decoration: none;"&gt;SpinVox&lt;/a&gt;&lt;/i&gt;&lt;/b&gt;&lt;/font&gt;&lt;/p&gt;</content>
    <link rel='replies' type='application/atom+xml'
      href='https://www.supertitle.org/feeds/2809695926352957785/comments/default'
      title='Post Comments' />
    <link rel='replies' type='text/html'
      href='https://www.blogger.com/comment.g?blogID=2993010&amp;postID=2809695926352957785&amp;isPopup=true'
      title='0 Comments' />
    <link rel='edit' type='application/atom+xml'
      href='https://www.blogger.com/feeds/2993010/posts/default/2809695926352957785' />
    <link rel='self' type='application/atom+xml'
      href='https://www.blogger.com/feeds/2993010/posts/default/2809695926352957785' />
    <link rel='alternate' type='text/html'
      href='https://www.supertitle.org/2008/08/speaking-freely.html' title='Speaking Freely' />
    <author>
      <name>martin</name>
      <uri>https://www.blogger.com/profile/09053983859177005529</uri>
      <email>noreply@blogger.com</email>
      <gd:image rel='http://schemas.google.com/g/2005#thumbnail' width='35' height='35'
        src='//www.blogger.com/img/blogger_logo_round_35.png' />
    </author>
    <thr:total>0</thr:total>
  </entry>
  <entry>
    <id>tag:blogger.com,1999:blog-2993010.post-241310795746873015</id>
    <published>2008-08-04T18:14:00.000+02:00</published>
    <updated>2008-08-04T18:15:52.883+02:00</updated>
    <category scheme='http://schemas.google.com/g/2005#kind'
      term='http://schemas.google.com/blogger/2008/kind#post' />
    <title type='text'>Jigglebums!</title>
    <content type='html'>&lt;p&gt;Damn I don't need to go to clubs anymore. I just play Deezer at
      the office. I pump it on my speakers and start dancing!&lt;/p&gt;

      &lt;p&gt;Sure, I turned on supermode. And my body just started moving on its own will. My bum
      started jiggling in my chair, and my feet just started tapping to the beat one-two. And you
      know what? Everybody's bums started jiggling!&lt;/p&gt;

      &lt;p&gt;I just looked slyly around, and slowly cranked up the volume.... 4... 5... 6. Those
      bums just started jiggling all the more. Those feet just kept tapping, tapping, the keystrokes
      of the engineers and secretaries just timed more and more to the rhythm. crank it... 7...
      8.... and then we couldn't take it any longer. Everybody started dancing.&lt;/p&gt;

      &lt;p&gt;A little old lady walked into the office at that second, delivering danishes. She
      looked like she hadn't heard of any music faster than Brahms' Lullaby, but as soon as heard
      the beat, she grabbed me by the waist and started swinging me between the desks like she was
      an Olympic athlete!&lt;/p&gt;

      &lt;p&gt;I reached out to turn the dial to 9, but then, then boss walked in on us with a stern
      look on his face. All of us stopped. The last to notice that something funny had happened was
      a new clerk, just out of school, who was still on his notice period. When he finally turned
      and saw the boss, you should have seen the look on his face.&lt;/p&gt;

      &lt;p&gt;And then, something incredible happened. The boss strode right on over to my desk,
      grabbed me firmly by the wrist of my hand which was reaching for the volume dial, looked me in
      the eye and, while I was in a cold sweat, expecting the worst, said just two words.&lt;/p&gt;
      &lt;p&gt;"Crank it."&lt;/p&gt;

      &lt;p&gt;We all looked at each other in wonder. And then, then little old lady shouted out
      "What are you all waiting for?" She grabbed the boss by the lapels, swung him in the air and
      heaved him into motion, both of them grinding to the hard bass beat and insistent snare. The
      boss looked at us and shouted "You heard the lady! What are you waiting for?" He loosened his
      tie and threw his jacket from his shoulders.&lt;/p&gt;

      &lt;p&gt;That did it for me... 9 ...10. I cranked the volume dial higher than it had ever gone
      before. Everybody, frozen by the boss' appearance, got out of the trance and back into the
      dance. Our co-workers started arriving from other offices, and as soon as they entered their
      eyes lit up and they go into the groove, swinging their partners around the room.&lt;/p&gt;
      &lt;p&gt;We were bopping around like there was no tomorrow. The music was pumping out of my
      computer speakers, everybody was swinging. Everybody got into the act - secretaries, janitors,
      delivery boys, even the window washers started swiping their rubber wipers to the
      rhythm.&lt;/p&gt;

      &lt;p&gt;And the computer monitors started swivelling side to side. They must have been
      infected with some kind of dance music virus. Then, "No," the new guy laughed. "I just
      installed an emotion-sensibility program in them! They literally love the music!"&lt;/p&gt;
      &lt;p&gt;We partied for hours. The boss declared it "Dance Day - a day when everyone would
      forget about their daily worries and relieve their stress by dancing all day long". And that's
      what it became, and that's what it is until this day.&lt;/p&gt;</content>
    <link rel='replies' type='application/atom+xml'
      href='https://www.supertitle.org/feeds/241310795746873015/comments/default'
      title='Post Comments' />
    <link rel='replies' type='text/html'
      href='https://www.blogger.com/comment.g?blogID=2993010&amp;postID=241310795746873015&amp;isPopup=true'
      title='0 Comments' />
    <link rel='edit' type='application/atom+xml'
      href='https://www.blogger.com/feeds/2993010/posts/default/241310795746873015' />
    <link rel='self' type='application/atom+xml'
      href='https://www.blogger.com/feeds/2993010/posts/default/241310795746873015' />
    <link rel='alternate' type='text/html' href='https://www.supertitle.org/2008/08/jigglebums.html'
      title='Jigglebums!' />
    <author>
      <name>martin</name>
      <uri>https://www.blogger.com/profile/09053983859177005529</uri>
      <email>noreply@blogger.com</email>
      <gd:image rel='http://schemas.google.com/g/2005#thumbnail' width='35' height='35'
        src='//www.blogger.com/img/blogger_logo_round_35.png' />
    </author>
    <thr:total>0</thr:total>
  </entry>
  <entry>
    <id>tag:blogger.com,1999:blog-2993010.post-3801218400741314797</id>
    <published>2008-07-16T10:10:00.001+02:00</published>
    <updated>2008-07-16T10:10:28.935+02:00</updated>
    <category scheme='http://schemas.google.com/g/2005#kind'
      term='http://schemas.google.com/blogger/2008/kind#post' />
    <title type='text'>Speaking Freely</title>
    <content type='html'>"Can sound like a crop. You can pick you can cock you can sound like a hand
      on a door. Knock knock" &lt;br /&gt;&lt;p&gt;&lt;font face="helvetica"
      size="2"&gt;&lt;b&gt;&lt;i&gt;spoken through &lt;a href="http://www.spinvox.com"
      style="text-decoration: none;"&gt;SpinVox&lt;/a&gt;&lt;/i&gt;&lt;/b&gt;&lt;/font&gt;&lt;/p&gt;</content>
    <link rel='replies' type='application/atom+xml'
      href='https://www.supertitle.org/feeds/3801218400741314797/comments/default'
      title='Post Comments' />
    <link rel='replies' type='text/html'
      href='https://www.blogger.com/comment.g?blogID=2993010&amp;postID=3801218400741314797&amp;isPopup=true'
      title='0 Comments' />
    <link rel='edit' type='application/atom+xml'
      href='https://www.blogger.com/feeds/2993010/posts/default/3801218400741314797' />
    <link rel='self' type='application/atom+xml'
      href='https://www.blogger.com/feeds/2993010/posts/default/3801218400741314797' />
    <link rel='alternate' type='text/html'
      href='https://www.supertitle.org/2008/07/speaking-freely_16.html' title='Speaking Freely' />
    <author>
      <name>martin</name>
      <uri>https://www.blogger.com/profile/09053983859177005529</uri>
      <email>noreply@blogger.com</email>
      <gd:image rel='http://schemas.google.com/g/2005#thumbnail' width='35' height='35'
        src='//www.blogger.com/img/blogger_logo_round_35.png' />
    </author>
    <thr:total>0</thr:total>
  </entry>
  <entry>
    <id>tag:blogger.com,1999:blog-2993010.post-7972817295965430574</id>
    <published>2008-07-16T10:09:00.001+02:00</published>
    <updated>2008-07-16T10:09:51.555+02:00</updated>
    <category scheme='http://schemas.google.com/g/2005#kind'
      term='http://schemas.google.com/blogger/2008/kind#post' />
    <title type='text'>Speaking Freely</title>
    <content type='html'>"It can sound like a ___. It can take, he can talk, he can sound like the
      hand on a door, knock knock." &lt;br /&gt;&lt;p&gt;&lt;font face="helvetica"
      size="2"&gt;&lt;b&gt;&lt;i&gt;spoken through &lt;a href="http://www.spinvox.com"
      style="text-decoration: none;"&gt;SpinVox&lt;/a&gt;&lt;/i&gt;&lt;/b&gt;&lt;/font&gt;&lt;/p&gt;</content>
    <link rel='replies' type='application/atom+xml'
      href='https://www.supertitle.org/feeds/7972817295965430574/comments/default'
      title='Post Comments' />
    <link rel='replies' type='text/html'
      href='https://www.blogger.com/comment.g?blogID=2993010&amp;postID=7972817295965430574&amp;isPopup=true'
      title='0 Comments' />
    <link rel='edit' type='application/atom+xml'
      href='https://www.blogger.com/feeds/2993010/posts/default/7972817295965430574' />
    <link rel='self' type='application/atom+xml'
      href='https://www.blogger.com/feeds/2993010/posts/default/7972817295965430574' />
    <link rel='alternate' type='text/html'
      href='https://www.supertitle.org/2008/07/speaking-freely.html' title='Speaking Freely' />
    <author>
      <name>martin</name>
      <uri>https://www.blogger.com/profile/09053983859177005529</uri>
      <email>noreply@blogger.com</email>
      <gd:image rel='http://schemas.google.com/g/2005#thumbnail' width='35' height='35'
        src='//www.blogger.com/img/blogger_logo_round_35.png' />
    </author>
    <thr:total>0</thr:total>
  </entry>
  <entry>
    <id>tag:blogger.com,1999:blog-2993010.post-4500983894573680081</id>
    <published>2008-07-16T09:54:00.001+02:00</published>
    <updated>2008-07-16T09:54:22.017+02:00</updated>
    <category scheme='http://schemas.google.com/g/2005#kind'
      term='http://schemas.google.com/blogger/2008/kind#post' />
    <title type='text'>Gog</title>
    <content type='html'>&lt;div style="font-family:times new roman, new york, times,
      serif;font-size:12pt"&gt;&lt;div&gt;Undu. Late, for work, got fired.&lt;br&gt;"You're fired,
      Undu!" shrieked his boss, Wo.&lt;br&gt;Man, she was psycho. But hot.&lt;br&gt;Then, Gog got
      hired.&lt;br&gt;&lt;/div&gt;&lt;/div&gt;&lt;br&gt; </content>
    <link rel='replies' type='application/atom+xml'
      href='https://www.supertitle.org/feeds/4500983894573680081/comments/default'
      title='Post Comments' />
    <link rel='replies' type='text/html'
      href='https://www.blogger.com/comment.g?blogID=2993010&amp;postID=4500983894573680081&amp;isPopup=true'
      title='0 Comments' />
    <link rel='edit' type='application/atom+xml'
      href='https://www.blogger.com/feeds/2993010/posts/default/4500983894573680081' />
    <link rel='self' type='application/atom+xml'
      href='https://www.blogger.com/feeds/2993010/posts/default/4500983894573680081' />
    <link rel='alternate' type='text/html' href='https://www.supertitle.org/2008/07/gog.html'
      title='Gog' />
    <author>
      <name>martin</name>
      <uri>https://www.blogger.com/profile/09053983859177005529</uri>
      <email>noreply@blogger.com</email>
      <gd:image rel='http://schemas.google.com/g/2005#thumbnail' width='35' height='35'
        src='//www.blogger.com/img/blogger_logo_round_35.png' />
    </author>
    <thr:total>0</thr:total>
  </entry>
  <entry>
    <id>tag:blogger.com,1999:blog-2993010.post-184545601451839040</id>
    <published>2008-05-19T15:56:00.007+02:00</published>
    <updated>2008-05-19T16:26:58.617+02:00</updated>
    <category scheme='http://schemas.google.com/g/2005#kind'
      term='http://schemas.google.com/blogger/2008/kind#post' />
    <title type='text'>Alone</title>
    <content type='html'>&lt;p&gt;I can't believe I may one day die without the ability to transmit
      to all humanity the utility of this:&lt;/p&gt;
      &lt;pre&gt;
      cat a | grep -o "[0-9][0-9][0-9][0-9]:" | cut -d : -f 1 &gt; x ;
      sort x &gt; xs ; cut -d , -f 1 b &gt; y ; sort y &gt; ys ;
      diff xs ys &gt; xydiff ;
      &lt;/pre&gt;
      &lt;p&gt;(Let alone myself.)&lt;/p&gt;</content>
    <link rel='replies' type='application/atom+xml'
      href='https://www.supertitle.org/feeds/184545601451839040/comments/default'
      title='Post Comments' />
    <link rel='replies' type='text/html'
      href='https://www.blogger.com/comment.g?blogID=2993010&amp;postID=184545601451839040&amp;isPopup=true'
      title='0 Comments' />
    <link rel='edit' type='application/atom+xml'
      href='https://www.blogger.com/feeds/2993010/posts/default/184545601451839040' />
    <link rel='self' type='application/atom+xml'
      href='https://www.blogger.com/feeds/2993010/posts/default/184545601451839040' />
    <link rel='alternate' type='text/html'
      href='https://www.supertitle.org/2008/05/i-cant-believe-i-may-one-day-die.html' title='Alone' />
    <author>
      <name>martin</name>
      <uri>https://www.blogger.com/profile/09053983859177005529</uri>
      <email>noreply@blogger.com</email>
      <gd:image rel='http://schemas.google.com/g/2005#thumbnail' width='35' height='35'
        src='//www.blogger.com/img/blogger_logo_round_35.png' />
    </author>
    <thr:total>0</thr:total>
  </entry>
  <entry>
    <id>tag:blogger.com,1999:blog-2993010.post-5322460763615084959</id>
    <published>2008-05-15T09:35:00.002+02:00</published>
    <updated>2008-05-26T17:25:28.144+02:00</updated>
    <category scheme='http://schemas.google.com/g/2005#kind'
      term='http://schemas.google.com/blogger/2008/kind#post' />
    <title type='text'>Random poemia</title>
    <content type='html'>&lt;p&gt;Here are phrases which could fit in poems.&lt;/p&gt;
      &lt;p&gt;From the Greek word &lt;q&gt;atomos&lt;/q&gt;.&lt;/p&gt;
      &lt;p&gt;The mythical bird reborn from its own ashes.&lt;/p&gt;
      &lt;p&gt;That is all.&lt;/p&gt;</content>
    <link rel='replies' type='application/atom+xml'
      href='https://www.supertitle.org/feeds/5322460763615084959/comments/default'
      title='Post Comments' />
    <link rel='replies' type='text/html'
      href='https://www.blogger.com/comment.g?blogID=2993010&amp;postID=5322460763615084959&amp;isPopup=true'
      title='0 Comments' />
    <link rel='edit' type='application/atom+xml'
      href='https://www.blogger.com/feeds/2993010/posts/default/5322460763615084959' />
    <link rel='self' type='application/atom+xml'
      href='https://www.blogger.com/feeds/2993010/posts/default/5322460763615084959' />
    <link rel='alternate' type='text/html'
      href='https://www.supertitle.org/2008/05/random-poemia.html' title='Random poemia' />
    <author>
      <name>martin</name>
      <uri>https://www.blogger.com/profile/09053983859177005529</uri>
      <email>noreply@blogger.com</email>
      <gd:image rel='http://schemas.google.com/g/2005#thumbnail' width='35' height='35'
        src='//www.blogger.com/img/blogger_logo_round_35.png' />
    </author>
    <thr:total>0</thr:total>
  </entry>
  <entry>
    <id>tag:blogger.com,1999:blog-2993010.post-2841907161748336199</id>
    <published>2008-03-01T15:11:00.002+01:00</published>
    <updated>2008-03-01T15:14:27.763+01:00</updated>
    <category scheme='http://schemas.google.com/g/2005#kind'
      term='http://schemas.google.com/blogger/2008/kind#post' />
    <title type='text'>Thing I can never find on the internet</title>
    <content type='html'>&lt;p&gt;the date of Grandmother Day&lt;/p&gt;
      &lt;p&gt;More precisely, I can't find the fête des grandmères in France, when I search on the
      internet. Some sites talk about it, but it is not clear if they are talking about the current
      year.&lt;/p&gt;
      &lt;p&gt;Despite this difficulty, nobody seems to have any trouble agreeing which day
      Grandmother Day occurs. If it's not on the internet, how do they know?&lt;/p&gt;</content>
    <link rel='replies' type='application/atom+xml'
      href='https://www.supertitle.org/feeds/2841907161748336199/comments/default'
      title='Post Comments' />
    <link rel='replies' type='text/html'
      href='https://www.blogger.com/comment.g?blogID=2993010&amp;postID=2841907161748336199&amp;isPopup=true'
      title='0 Comments' />
    <link rel='edit' type='application/atom+xml'
      href='https://www.blogger.com/feeds/2993010/posts/default/2841907161748336199' />
    <link rel='self' type='application/atom+xml'
      href='https://www.blogger.com/feeds/2993010/posts/default/2841907161748336199' />
    <link rel='alternate' type='text/html'
      href='https://www.supertitle.org/2008/03/thing-i-can-never-find-on-internet.html'
      title='Thing I can never find on the internet' />
    <author>
      <name>martin</name>
      <uri>https://www.blogger.com/profile/09053983859177005529</uri>
      <email>noreply@blogger.com</email>
      <gd:image rel='http://schemas.google.com/g/2005#thumbnail' width='35' height='35'
        src='//www.blogger.com/img/blogger_logo_round_35.png' />
    </author>
    <thr:total>0</thr:total>
  </entry>
  <entry>
    <id>tag:blogger.com,1999:blog-2993010.post-2647974062964231422</id>
    <published>2008-01-14T15:34:00.000+01:00</published>
    <updated>2008-01-14T15:38:18.053+01:00</updated>
    <category scheme='http://schemas.google.com/g/2005#kind'
      term='http://schemas.google.com/blogger/2008/kind#post' />
    <title type='text'>Lyrics to miscomprehend</title>
    <content type='html'>&lt;p&gt;Here is a line it would be good to mumble on a record, as it rolls
      nicely off the tongue, but its interpretation could vary widely among bewildered
      listeners.&lt;/p&gt;
      &lt;blockquote&gt;
      &lt;p&gt;Baby come truck like a wine store record record.&lt;/p&gt;
      &lt;p&gt;Baby come truck like a wine store record record.&lt;/p&gt;
      &lt;/blockquote</content>
    <link rel='replies' type='application/atom+xml'
      href='https://www.supertitle.org/feeds/2647974062964231422/comments/default'
      title='Post Comments' />
    <link rel='replies' type='text/html'
      href='https://www.blogger.com/comment.g?blogID=2993010&amp;postID=2647974062964231422&amp;isPopup=true'
      title='0 Comments' />
    <link rel='edit' type='application/atom+xml'
      href='https://www.blogger.com/feeds/2993010/posts/default/2647974062964231422' />
    <link rel='self' type='application/atom+xml'
      href='https://www.blogger.com/feeds/2993010/posts/default/2647974062964231422' />
    <link rel='alternate' type='text/html'
      href='https://www.supertitle.org/2008/01/lyrics-to-miscomprehend.html'
      title='Lyrics to miscomprehend' />
    <author>
      <name>martin</name>
      <uri>https://www.blogger.com/profile/09053983859177005529</uri>
      <email>noreply@blogger.com</email>
      <gd:image rel='http://schemas.google.com/g/2005#thumbnail' width='35' height='35'
        src='//www.blogger.com/img/blogger_logo_round_35.png' />
    </author>
    <thr:total>0</thr:total>
  </entry>
  <entry>
    <id>tag:blogger.com,1999:blog-2993010.post-8420874518768291385</id>
    <published>2008-01-11T13:41:00.001+01:00</published>
    <updated>2008-06-09T15:53:37.337+02:00</updated>
    <category scheme='http://schemas.google.com/g/2005#kind'
      term='http://schemas.google.com/blogger/2008/kind#post' />
    <title type='text'>Features of Opera that cannot be implemented in Firefox plugins</title>
    <content type='html'>&lt;p&gt;Many people fight about browsers. When Opera lovers list features
      that Firefox doesn't have, Firefox defenders usually say that the features can be implemented
      as plugins.&lt;/p&gt;

      &lt;p&gt;I'm just guessing, but I believe that the following features cannot be plugins. This
      list is therefore ultimate proof that Opera is a splendid internet navigator, and Firefox just
      a poor, sloppy follower.&lt;/p&gt;

      &lt;ul&gt;
      &lt;li&gt;
      &lt;p&gt;a "paste-and-go" command&lt;/p&gt;
      &lt;/li&gt;
      &lt;li&gt;
      &lt;p&gt;MDI: aka an interface with multiple windows, each of which can be resized and
      positioned within the browser window; you can place two windows side-by-side, using the first
      to track the downloads you've made in the second&lt;/p&gt;
      &lt;/li&gt;
      &lt;li&gt;
      &lt;p&gt;a feature that starts downloading a clicked file while asking you what to do with the
      file, thus usually finishing downloads before you've even chosen where to put them&lt;/p&gt;
      &lt;/li&gt;
      &lt;li&gt;
      &lt;p&gt;a feature that starts logging into a page before asking you if you want to save the
      password, thus allowing you to avert storing mis-typed user account names or passwords in the
      password cache&lt;/p&gt;
      &lt;/li&gt;
      &lt;li&gt;
      &lt;p&gt;single-key shortcuts, activating features without having to hold Shift or
      CTRL&lt;/p&gt;
      &lt;/li&gt;
      &lt;/ul&gt;</content>
    <link rel='replies' type='application/atom+xml'
      href='https://www.supertitle.org/feeds/8420874518768291385/comments/default'
      title='Post Comments' />
    <link rel='replies' type='text/html'
      href='https://www.blogger.com/comment.g?blogID=2993010&amp;postID=8420874518768291385&amp;isPopup=true'
      title='0 Comments' />
    <link rel='edit' type='application/atom+xml'
      href='https://www.blogger.com/feeds/2993010/posts/default/8420874518768291385' />
    <link rel='self' type='application/atom+xml'
      href='https://www.blogger.com/feeds/2993010/posts/default/8420874518768291385' />
    <link rel='alternate' type='text/html'
      href='https://www.supertitle.org/2008/01/features-of-opera-that-cannot-be.html'
      title='Features of Opera that cannot be implemented in Firefox plugins' />
    <author>
      <name>martin</name>
      <uri>https://www.blogger.com/profile/09053983859177005529</uri>
      <email>noreply@blogger.com</email>
      <gd:image rel='http://schemas.google.com/g/2005#thumbnail' width='35' height='35'
        src='//www.blogger.com/img/blogger_logo_round_35.png' />
    </author>
    <thr:total>0</thr:total>
  </entry>
  <entry>
    <id>tag:blogger.com,1999:blog-2993010.post-4606649858979100538</id>
    <published>2007-12-10T10:51:00.001+01:00</published>
    <updated>2007-12-10T10:51:49.392+01:00</updated>
    <category scheme='http://schemas.google.com/g/2005#kind'
      term='http://schemas.google.com/blogger/2008/kind#post' />
    <title type='text'></title>
    <content type='html'>&lt;p&gt;I'm recently hearing the term &lt;cite&gt;pushback&lt;/cite&gt;
      often. This is a new word. The previous one was &lt;cite&gt;resistance&lt;/cite&gt;.&lt;/p&gt;
      &lt;p&gt;Vikings gain ground on Romans.&lt;/p&gt;</content>
    <link rel='replies' type='application/atom+xml'
      href='https://www.supertitle.org/feeds/4606649858979100538/comments/default'
      title='Post Comments' />
    <link rel='replies' type='text/html'
      href='https://www.blogger.com/comment.g?blogID=2993010&amp;postID=4606649858979100538&amp;isPopup=true'
      title='0 Comments' />
    <link rel='edit' type='application/atom+xml'
      href='https://www.blogger.com/feeds/2993010/posts/default/4606649858979100538' />
    <link rel='self' type='application/atom+xml'
      href='https://www.blogger.com/feeds/2993010/posts/default/4606649858979100538' />
    <link rel='alternate' type='text/html'
      href='https://www.supertitle.org/2007/12/im-recently-hearing-term-pushback-often.html'
      title='' />
    <author>
      <name>martin</name>
      <uri>https://www.blogger.com/profile/09053983859177005529</uri>
      <email>noreply@blogger.com</email>
      <gd:image rel='http://schemas.google.com/g/2005#thumbnail' width='35' height='35'
        src='//www.blogger.com/img/blogger_logo_round_35.png' />
    </author>
    <thr:total>0</thr:total>
  </entry>
  <entry>
    <id>tag:blogger.com,1999:blog-2993010.post-3772196699002012116</id>
    <published>2007-12-10T08:21:00.000+01:00</published>
    <updated>2008-01-11T18:07:21.916+01:00</updated>
    <category scheme='http://schemas.google.com/g/2005#kind'
      term='http://schemas.google.com/blogger/2008/kind#post' />
    <title type='text'>The Earth be damned</title>
    <content type='html'>&lt;p&gt;Environmentalists could possibly become the new
      industrialists.&lt;/p&gt;
      &lt;p&gt;Environmentalists say, convincingly "Banish this toxic packaging from household
      products and comsumables!" They say "Hecatons of carbon, and teragacres of lost forest result
      from unnecessary paint and plastic on breakfast cereals packages, juice bottles and detergent
      cartons."&lt;/p&gt;
      &lt;p&gt;The greens appear logical. But if we do replace all unnecessary packaging by uniform,
      grey recycled cardboard and dull bulk bins, we will all fall into soviet-style depression
      everytime we visit the supermarket. The suicide rate will climb, and, no longer inspired to
      choose a product over its competitor, the consumer will cause the economy to plunge.&lt;/p&gt;
      &lt;p&gt;No! We need colour! We need unusual profiles and complementary fridge magnets! Keep
      painting those Corn Flakes boxes in bright colours! for the sake of humanity, and the Earth be
      damned.&lt;/p&gt;</content>
    <link rel='replies' type='application/atom+xml'
      href='https://www.supertitle.org/feeds/3772196699002012116/comments/default'
      title='Post Comments' />
    <link rel='replies' type='text/html'
      href='https://www.blogger.com/comment.g?blogID=2993010&amp;postID=3772196699002012116&amp;isPopup=true'
      title='0 Comments' />
    <link rel='edit' type='application/atom+xml'
      href='https://www.blogger.com/feeds/2993010/posts/default/3772196699002012116' />
    <link rel='self' type='application/atom+xml'
      href='https://www.blogger.com/feeds/2993010/posts/default/3772196699002012116' />
    <link rel='alternate' type='text/html'
      href='https://www.supertitle.org/2007/12/earth-be-damned.html' title='The Earth be damned' />
    <author>
      <name>martin</name>
      <uri>https://www.blogger.com/profile/09053983859177005529</uri>
      <email>noreply@blogger.com</email>
      <gd:image rel='http://schemas.google.com/g/2005#thumbnail' width='35' height='35'
        src='//www.blogger.com/img/blogger_logo_round_35.png' />
    </author>
    <thr:total>0</thr:total>
  </entry>
  <entry>
    <id>tag:blogger.com,1999:blog-2993010.post-4532921774860786619</id>
    <published>2007-12-10T07:58:00.000+01:00</published>
    <updated>2007-12-10T08:02:26.429+01:00</updated>
    <category scheme='http://schemas.google.com/g/2005#kind'
      term='http://schemas.google.com/blogger/2008/kind#post' />
    <title type='text'></title>
    <content type='html'>&lt;p&gt;This is a march (bum pum pum)&lt;/p&gt;
      &lt;p&gt;bum pum pum pum&lt;/p&gt;
      &lt;p&gt;(On) Monday, I shower before I shit.&lt;/p&gt;
      &lt;p&gt;(On) Sunday, I shit before I shower.&lt;/p&gt;
      &lt;p&gt;(On) Monday, I shower before I shit.&lt;/p&gt;
      &lt;p&gt;(On) Sunday, I shit before I shower.&lt;/p&gt;
      &lt;p&gt;verse&lt;/p&gt;
      &lt;p&gt;(On) Monday, I'm done in one minute.&lt;/p&gt;
      &lt;p&gt;(On) Sunday, I shit for a whole hour.&lt;/p&gt;
      &lt;p&gt;x8&lt;/p&gt;</content>
    <link rel='replies' type='application/atom+xml'
      href='https://www.supertitle.org/feeds/4532921774860786619/comments/default'
      title='Post Comments' />
    <link rel='replies' type='text/html'
      href='https://www.blogger.com/comment.g?blogID=2993010&amp;postID=4532921774860786619&amp;isPopup=true'
      title='0 Comments' />
    <link rel='edit' type='application/atom+xml'
      href='https://www.blogger.com/feeds/2993010/posts/default/4532921774860786619' />
    <link rel='self' type='application/atom+xml'
      href='https://www.blogger.com/feeds/2993010/posts/default/4532921774860786619' />
    <link rel='alternate' type='text/html'
      href='https://www.supertitle.org/2007/12/this-is-march-bum-pum-pum-bum-pum-pum.html' title='' />
    <author>
      <name>martin</name>
      <uri>https://www.blogger.com/profile/09053983859177005529</uri>
      <email>noreply@blogger.com</email>
      <gd:image rel='http://schemas.google.com/g/2005#thumbnail' width='35' height='35'
        src='//www.blogger.com/img/blogger_logo_round_35.png' />
    </author>
    <thr:total>0</thr:total>
  </entry>
  <entry>
    <id>tag:blogger.com,1999:blog-2993010.post-4752432717686793802</id>
    <published>2007-09-27T07:45:00.000+02:00</published>
    <updated>2007-09-27T07:46:06.839+02:00</updated>
    <category scheme='http://schemas.google.com/g/2005#kind'
      term='http://schemas.google.com/blogger/2008/kind#post' />
    <title type='text'></title>
    <content type='html'>&lt;p&gt;Step left around together with the right.&lt;/p&gt;</content>
    <link rel='replies' type='application/atom+xml'
      href='https://www.supertitle.org/feeds/4752432717686793802/comments/default'
      title='Post Comments' />
    <link rel='replies' type='text/html'
      href='https://www.blogger.com/comment.g?blogID=2993010&amp;postID=4752432717686793802&amp;isPopup=true'
      title='0 Comments' />
    <link rel='edit' type='application/atom+xml'
      href='https://www.blogger.com/feeds/2993010/posts/default/4752432717686793802' />
    <link rel='self' type='application/atom+xml'
      href='https://www.blogger.com/feeds/2993010/posts/default/4752432717686793802' />
    <link rel='alternate' type='text/html'
      href='https://www.supertitle.org/2007/09/step-left-around-together-with-right.html' title='' />
    <author>
      <name>martin</name>
      <uri>https://www.blogger.com/profile/09053983859177005529</uri>
      <email>noreply@blogger.com</email>
      <gd:image rel='http://schemas.google.com/g/2005#thumbnail' width='35' height='35'
        src='//www.blogger.com/img/blogger_logo_round_35.png' />
    </author>
    <thr:total>0</thr:total>
  </entry>
  <entry>
    <id>tag:blogger.com,1999:blog-2993010.post-4145924594741103967</id>
    <published>2007-09-26T09:05:00.000+02:00</published>
    <updated>2007-09-26T09:06:26.460+02:00</updated>
    <category scheme='http://schemas.google.com/g/2005#kind'
      term='http://schemas.google.com/blogger/2008/kind#post' />
    <title type='text'></title>
    <content type='html'>&lt;p&gt;Between the stretched-tight sheets, there's a squashed bug or
      smeared shit.&lt;/p&gt;</content>
    <link rel='replies' type='application/atom+xml'
      href='https://www.supertitle.org/feeds/4145924594741103967/comments/default'
      title='Post Comments' />
    <link rel='replies' type='text/html'
      href='https://www.blogger.com/comment.g?blogID=2993010&amp;postID=4145924594741103967&amp;isPopup=true'
      title='0 Comments' />
    <link rel='edit' type='application/atom+xml'
      href='https://www.blogger.com/feeds/2993010/posts/default/4145924594741103967' />
    <link rel='self' type='application/atom+xml'
      href='https://www.blogger.com/feeds/2993010/posts/default/4145924594741103967' />
    <link rel='alternate' type='text/html'
      href='https://www.supertitle.org/2007/09/between-stretched-tight-sheets-theres.html' title='' />
    <author>
      <name>martin</name>
      <uri>https://www.blogger.com/profile/09053983859177005529</uri>
      <email>noreply@blogger.com</email>
      <gd:image rel='http://schemas.google.com/g/2005#thumbnail' width='35' height='35'
        src='//www.blogger.com/img/blogger_logo_round_35.png' />
    </author>
    <thr:total>0</thr:total>
  </entry>
  <entry>
    <id>tag:blogger.com,1999:blog-2993010.post-1484454572907842301</id>
    <published>2007-07-01T15:59:00.000+02:00</published>
    <updated>2007-07-01T16:00:41.226+02:00</updated>
    <category scheme='http://schemas.google.com/g/2005#kind'
      term='http://schemas.google.com/blogger/2008/kind#post' />
    <title type='text'>Flawed software</title>
    <content type='html'>&lt;p&gt;If somebody wrote a bad, but useful, piece of software, and that
      software got really popular, then an industry would spring up to compensate for the flaws in
      that software.&lt;/p&gt;
      &lt;p&gt;Lots of people would get paid to help others use the software optimally.&lt;/p&gt;
      &lt;p&gt;Organisations would sell training for using the software in a way that would
      circumvent its flaws.&lt;/p&gt;
      &lt;p&gt;Companies would make money selling software that eased the discomforting aspects of
      the bad software.&lt;/p&gt;
      &lt;p&gt;Economies would grow because of the demand for products and services that made the
      bad software good.&lt;/p&gt;
      &lt;p&gt;Unemployment would fall.&lt;/p&gt;
      &lt;p&gt;Productivity would rise.&lt;/p&gt;
      &lt;p&gt;Would it not be disastrous, then, if somebody else wrote a piece of software that was
      equally useful, but had no flaws?&lt;/p&gt;</content>
    <link rel='replies' type='application/atom+xml'
      href='https://www.supertitle.org/feeds/1484454572907842301/comments/default'
      title='Post Comments' />
    <link rel='replies' type='text/html'
      href='https://www.blogger.com/comment.g?blogID=2993010&amp;postID=1484454572907842301&amp;isPopup=true'
      title='0 Comments' />
    <link rel='edit' type='application/atom+xml'
      href='https://www.blogger.com/feeds/2993010/posts/default/1484454572907842301' />
    <link rel='self' type='application/atom+xml'
      href='https://www.blogger.com/feeds/2993010/posts/default/1484454572907842301' />
    <link rel='alternate' type='text/html'
      href='https://www.supertitle.org/2007/07/flawed-software.html' title='Flawed software' />
    <author>
      <name>martin</name>
      <uri>https://www.blogger.com/profile/09053983859177005529</uri>
      <email>noreply@blogger.com</email>
      <gd:image rel='http://schemas.google.com/g/2005#thumbnail' width='35' height='35'
        src='//www.blogger.com/img/blogger_logo_round_35.png' />
    </author>
    <thr:total>0</thr:total>
  </entry>
  <entry>
    <id>tag:blogger.com,1999:blog-2993010.post-8969768873972249789</id>
    <published>2007-06-19T09:42:00.001+02:00</published>
    <updated>2007-06-19T09:42:53.271+02:00</updated>
    <category scheme='http://schemas.google.com/g/2005#kind'
      term='http://schemas.google.com/blogger/2008/kind#post' />
    <title type='text'>The contour</title>
    <content type='html'>&lt;p&gt;I follow the contour of your face my darling, with my mouse
      pointer.&lt;/p&gt;</content>
    <link rel='replies' type='application/atom+xml'
      href='https://www.supertitle.org/feeds/8969768873972249789/comments/default'
      title='Post Comments' />
    <link rel='replies' type='text/html'
      href='https://www.blogger.com/comment.g?blogID=2993010&amp;postID=8969768873972249789&amp;isPopup=true'
      title='0 Comments' />
    <link rel='edit' type='application/atom+xml'
      href='https://www.blogger.com/feeds/2993010/posts/default/8969768873972249789' />
    <link rel='self' type='application/atom+xml'
      href='https://www.blogger.com/feeds/2993010/posts/default/8969768873972249789' />
    <link rel='alternate' type='text/html' href='https://www.supertitle.org/2007/06/contour.html'
      title='The contour' />
    <author>
      <name>martin</name>
      <uri>https://www.blogger.com/profile/09053983859177005529</uri>
      <email>noreply@blogger.com</email>
      <gd:image rel='http://schemas.google.com/g/2005#thumbnail' width='35' height='35'
        src='//www.blogger.com/img/blogger_logo_round_35.png' />
    </author>
    <thr:total>0</thr:total>
  </entry>
  <entry>
    <id>tag:blogger.com,1999:blog-2993010.post-6053557331986630876</id>
    <published>2007-06-08T08:04:00.000+02:00</published>
    <updated>2008-01-11T17:58:51.449+01:00</updated>
    <category scheme='http://schemas.google.com/g/2005#kind'
      term='http://schemas.google.com/blogger/2008/kind#post' />
    <title type='text'>Refactoring Fridays</title>
    <content type='html'>&lt;p&gt;Here at Supertitle Electronic Language Logic
      (NYSE:SLX,NASDAQ:SELL), partners are always impressed at how ready our developers are to
      integrate completely new features into their code. In fact, they are impressed at how much we
      just talk about code.&lt;/p&gt;

      &lt;p&gt;It all comes from our agility in the way we treat the mountains of code that we
      produce. One big factor is discipline in its internal documentation. Another, is our
      willingness to refactor.&lt;/p&gt;

      &lt;p&gt;At the management level, we have a culture of refactoring. Developers are always
      itching to refactor their code, but they need management support in order to assign a high
      priority to their refactoring tasks in favour of other sometimes immediate-looking sales
      requests.&lt;/p&gt;

      &lt;p&gt;To that end, we have something I've called Refactoring Fridays. This is the day that
      all developers can dedicate all day to refactoring their code. We all contribute to the
      "kitty" throughout the week, and on this day we use it to buy pizzas, so nobody has to
      interrupt the furious refactoring ideas that have been building inside them all
      week.&lt;/p&gt;

      &lt;p&gt;The result is great code that's easy to extend, and robust, so it can take all the
      new features coming at it. Partners can't believe how quickly we can code, and of course
      clients love it. And that's what keeps you ahead in this business.&lt;/p&gt;</content>
    <link rel='replies' type='application/atom+xml'
      href='https://www.supertitle.org/feeds/6053557331986630876/comments/default'
      title='Post Comments' />
    <link rel='replies' type='text/html'
      href='https://www.blogger.com/comment.g?blogID=2993010&amp;postID=6053557331986630876&amp;isPopup=true'
      title='0 Comments' />
    <link rel='edit' type='application/atom+xml'
      href='https://www.blogger.com/feeds/2993010/posts/default/6053557331986630876' />
    <link rel='self' type='application/atom+xml'
      href='https://www.blogger.com/feeds/2993010/posts/default/6053557331986630876' />
    <link rel='alternate' type='text/html'
      href='https://www.supertitle.org/2007/06/refactoring-fridays.html' title='Refactoring Fridays' />
    <author>
      <name>martin</name>
      <uri>https://www.blogger.com/profile/09053983859177005529</uri>
      <email>noreply@blogger.com</email>
      <gd:image rel='http://schemas.google.com/g/2005#thumbnail' width='35' height='35'
        src='//www.blogger.com/img/blogger_logo_round_35.png' />
    </author>
    <thr:total>0</thr:total>
  </entry>
  <entry>
    <id>tag:blogger.com,1999:blog-2993010.post-557934286881480156</id>
    <published>2007-05-04T11:46:00.001+02:00</published>
    <updated>2007-05-04T11:46:57.086+02:00</updated>
    <category scheme='http://schemas.google.com/g/2005#kind'
      term='http://schemas.google.com/blogger/2008/kind#post' />
    <title type='text'></title>
    <content type='html'>&lt;img
      src="http://www.supertitle.org/images/typography-layout-problem-width-of-cross-reference-number-jumps-page.png"
      /&gt;</content>
    <link rel='replies' type='application/atom+xml'
      href='https://www.supertitle.org/feeds/557934286881480156/comments/default'
      title='Post Comments' />
    <link rel='replies' type='text/html'
      href='https://www.blogger.com/comment.g?blogID=2993010&amp;postID=557934286881480156&amp;isPopup=true'
      title='0 Comments' />
    <link rel='edit' type='application/atom+xml'
      href='https://www.blogger.com/feeds/2993010/posts/default/557934286881480156' />
    <link rel='self' type='application/atom+xml'
      href='https://www.blogger.com/feeds/2993010/posts/default/557934286881480156' />
    <link rel='alternate' type='text/html' href='https://www.supertitle.org/2007/05/blog-post.html'
      title='' />
    <author>
      <name>martin</name>
      <uri>https://www.blogger.com/profile/09053983859177005529</uri>
      <email>noreply@blogger.com</email>
      <gd:image rel='http://schemas.google.com/g/2005#thumbnail' width='35' height='35'
        src='//www.blogger.com/img/blogger_logo_round_35.png' />
    </author>
    <thr:total>0</thr:total>
  </entry>
  <entry>
    <id>tag:blogger.com,1999:blog-2993010.post-5417346132262485334</id>
    <published>2007-03-12T15:26:00.000+01:00</published>
    <updated>2007-03-13T11:36:10.612+01:00</updated>
    <category scheme='http://schemas.google.com/g/2005#kind'
      term='http://schemas.google.com/blogger/2008/kind#post' />
    <title type='text'>Major security flaw in Windows</title>
    <content type='html'>&lt;p&gt;I just found a major security flaw in Windows.&lt;/p&gt;
      &lt;p&gt;If you type your password somewhere, even though it is shown as a row of dots, when
      you press &lt;code&gt;CTRL&lt;/code&gt;+arrow keys, the cursor stops at all the special
      characters in your password.&lt;/p&gt;

      &lt;p&gt;Here's the explanation in pictures.&lt;/p&gt;

      &lt;ol&gt;
      &lt;li&gt;
      &lt;p&gt;I use Internet Explorer, and I go to the del.icio.us login page, typing my password
      &lt;code&gt;strong.password&lt;/code&gt;.&lt;/p&gt;
      &lt;p&gt;My password, &lt;code&gt;strong.password&lt;/code&gt;, displays as a row of
      dots.&lt;/p&gt;

      &lt;img
      src="http://www.supertitle.org/images/security-ie-stored-password-cursor-recognises-punctuation-delicious-login.png"
      /&gt;
      &lt;/li&gt;

      &lt;li&gt;
      &lt;p&gt;I put my cursor at the end of the password box.&lt;/p&gt;
      &lt;img
      src="http://www.supertitle.org/images/security-ie-stored-password-cursor-recognises-punctuation-position-end.png"
      /&gt;
      &lt;/li&gt;

      &lt;li&gt;
      &lt;p&gt;I press &lt;code&gt;CTRL&lt;/code&gt;+&lt;code&gt;left arrow&lt;/code&gt;.&lt;/p&gt;
      &lt;p&gt;The cursor stops in the middle. This is the position just after the
      character&amp;nbsp;&lt;code&gt;.&lt;/code&gt; (period) in my password.&lt;/p&gt;
      &lt;img
      src="http://www.supertitle.org/images/security-ie-stored-password-cursor-recognises-punctuation-after-period.png"
      /&gt;
      &lt;/li&gt;

      &lt;li&gt;
      &lt;p&gt;I press &lt;code&gt;CTRL&lt;/code&gt;+&lt;code&gt;left arrow&lt;/code&gt;
      again.&lt;/p&gt;
      &lt;p&gt;The cursor stops one position over. This is the position just before the
      character&amp;nbsp;&lt;code&gt;.&lt;/code&gt; (period) in my password.&lt;/p&gt;
      &lt;img
      src="http://www.supertitle.org/images/security-ie-stored-password-cursor-recognises-punctuation-before-period.png"
      /&gt;
      &lt;/li&gt;
      &lt;li&gt;
      &lt;p&gt;I press &lt;code&gt;CTRL&lt;/code&gt;+&lt;code&gt;left arrow&lt;/code&gt; one more
      time.&lt;/p&gt;
      &lt;p&gt;The cursor stops at the first position of the password box.&lt;/p&gt;
      &lt;img
      src="http://www.supertitle.org/images/security-ie-stored-password-cursor-recognises-punctuation-position-1.png"
      /&gt;
      &lt;/li&gt;
      &lt;/ol&gt;

      &lt;p&gt;Incredibly, I have discovered that my password contains a single special character,
      and that that character is at position six. This allows me to, with full confidence, declare
      that the words from positions zero to five, and seven to 14 are weak passwords.&lt;/p&gt;
      &lt;img
      src="http://www.supertitle.org/images/security-ie-stored-password-cursor-recognises-punctuation-strong-password-character-positions.png"
      /&gt;
      &lt;p&gt;This is an awful problem, and hundreds of secure bank account are sure to be wiped
      clean within minutes. Unless they are running on Vista. So please, don't ever type in your
      password anywhere if you use Windows, and if you have to, then upgrade to Vista
      first.&lt;/p&gt;</content>
    <link rel='replies' type='application/atom+xml'
      href='https://www.supertitle.org/feeds/5417346132262485334/comments/default'
      title='Post Comments' />
    <link rel='replies' type='text/html'
      href='https://www.blogger.com/comment.g?blogID=2993010&amp;postID=5417346132262485334&amp;isPopup=true'
      title='0 Comments' />
    <link rel='edit' type='application/atom+xml'
      href='https://www.blogger.com/feeds/2993010/posts/default/5417346132262485334' />
    <link rel='self' type='application/atom+xml'
      href='https://www.blogger.com/feeds/2993010/posts/default/5417346132262485334' />
    <link rel='alternate' type='text/html'
      href='https://www.supertitle.org/2007/03/major-security-flaw-in-windows.html'
      title='Major security flaw in Windows' />
    <author>
      <name>martin</name>
      <uri>https://www.blogger.com/profile/09053983859177005529</uri>
      <email>noreply@blogger.com</email>
      <gd:image rel='http://schemas.google.com/g/2005#thumbnail' width='35' height='35'
        src='//www.blogger.com/img/blogger_logo_round_35.png' />
    </author>
    <thr:total>0</thr:total>
  </entry>
  <entry>
    <id>tag:blogger.com,1999:blog-2993010.post-6282886541802611078</id>
    <published>2007-02-27T09:21:00.000+01:00</published>
    <updated>2007-03-16T08:29:04.287+01:00</updated>
    <category scheme='http://schemas.google.com/g/2005#kind'
      term='http://schemas.google.com/blogger/2008/kind#post' />
    <title type='text'>Attempt at 90's nostalgia</title>
    <content type='html'>&lt;ul&gt;
      &lt;li&gt;
      &lt;p&gt;Tori Amos&lt;/p&gt;
      &lt;/li&gt;
      &lt;li&gt;
      &lt;p&gt;Sarah McLachlan&lt;/p&gt;
      &lt;/li&gt;
      &lt;li&gt;
      &lt;p&gt;Ace of Base&lt;/p&gt;
      &lt;/li&gt;
      &lt;li&gt;
      &lt;p&gt;that song about following a girl home, or something, that they always played as the
      last song of the night in bars because it was somehow embarassingly appropriate to leaving a
      bar&lt;/p&gt;
      &lt;/li&gt;
      &lt;li&gt;
      &lt;p&gt;&lt;i&gt;Short Dick Man&lt;/i&gt;&lt;/p&gt;
      &lt;/li&gt;
      &lt;/ul&gt;</content>
    <link rel='replies' type='application/atom+xml'
      href='https://www.supertitle.org/feeds/6282886541802611078/comments/default'
      title='Post Comments' />
    <link rel='replies' type='text/html'
      href='https://www.blogger.com/comment.g?blogID=2993010&amp;postID=6282886541802611078&amp;isPopup=true'
      title='0 Comments' />
    <link rel='edit' type='application/atom+xml'
      href='https://www.blogger.com/feeds/2993010/posts/default/6282886541802611078' />
    <link rel='self' type='application/atom+xml'
      href='https://www.blogger.com/feeds/2993010/posts/default/6282886541802611078' />
    <link rel='alternate' type='text/html'
      href='https://www.supertitle.org/2007/02/attempt-at-90s-nostalgia.html'
      title='Attempt at 90&apos;s nostalgia' />
    <author>
      <name>martin</name>
      <uri>https://www.blogger.com/profile/09053983859177005529</uri>
      <email>noreply@blogger.com</email>
      <gd:image rel='http://schemas.google.com/g/2005#thumbnail' width='35' height='35'
        src='//www.blogger.com/img/blogger_logo_round_35.png' />
    </author>
    <thr:total>0</thr:total>
  </entry>
  <entry>
    <id>tag:blogger.com,1999:blog-2993010.post-2720859708506919088</id>
    <published>2007-02-01T13:02:00.000+01:00</published>
    <updated>2007-02-01T13:03:05.797+01:00</updated>
    <category scheme='http://schemas.google.com/g/2005#kind'
      term='http://schemas.google.com/blogger/2008/kind#post' />
    <title type='text'></title>
    <content type='html'>&lt;p&gt;I just thought of a game.&lt;/p&gt;

      &lt;p&gt;You need an apple, a field, and a paper target.&lt;/p&gt;

      &lt;p&gt;You stand on the target and throw the apple in the air, then you run.&lt;/p&gt;
      &lt;p&gt;When the apple hits the ground, you stop running, and you measure how far you got
      from the target: that's your score.&lt;/p&gt;

      &lt;p&gt;But, you also measure how far the apple hit the ground from the target. You multiply
      that distance by a number (say ten), and subtract it from your score. And that's your
      score.&lt;/p&gt;

      &lt;p&gt;That is all.&lt;/p&gt;</content>
    <link rel='replies' type='application/atom+xml'
      href='https://www.supertitle.org/feeds/2720859708506919088/comments/default'
      title='Post Comments' />
    <link rel='replies' type='text/html'
      href='https://www.blogger.com/comment.g?blogID=2993010&amp;postID=2720859708506919088&amp;isPopup=true'
      title='1 Comments' />
    <link rel='edit' type='application/atom+xml'
      href='https://www.blogger.com/feeds/2993010/posts/default/2720859708506919088' />
    <link rel='self' type='application/atom+xml'
      href='https://www.blogger.com/feeds/2993010/posts/default/2720859708506919088' />
    <link rel='alternate' type='text/html'
      href='https://www.supertitle.org/2007/02/i-just-thought-of-game.html' title='' />
    <author>
      <name>martin</name>
      <uri>https://www.blogger.com/profile/09053983859177005529</uri>
      <email>noreply@blogger.com</email>
      <gd:image rel='http://schemas.google.com/g/2005#thumbnail' width='35' height='35'
        src='//www.blogger.com/img/blogger_logo_round_35.png' />
    </author>
    <thr:total>1</thr:total>
  </entry>
  <entry>
    <id>tag:blogger.com,1999:blog-2993010.post-6131735054082654343</id>
    <published>2007-01-05T23:15:00.000+01:00</published>
    <updated>2007-01-05T23:17:08.106+01:00</updated>
    <category scheme='http://schemas.google.com/g/2005#kind'
      term='http://schemas.google.com/blogger/2008/kind#post' />
    <title type='text'>Video that makes my world turn upside-down</title>
    <content type='html'>&lt;p&gt;This &lt;a
      href="http://www.youtube.com/watch?v=UXefSGM6Bn4"&gt;video&lt;/a&gt; makes my world turn
      upside-down.&lt;/p&gt;</content>
    <link rel='replies' type='application/atom+xml'
      href='https://www.supertitle.org/feeds/6131735054082654343/comments/default'
      title='Post Comments' />
    <link rel='replies' type='text/html'
      href='https://www.blogger.com/comment.g?blogID=2993010&amp;postID=6131735054082654343&amp;isPopup=true'
      title='0 Comments' />
    <link rel='edit' type='application/atom+xml'
      href='https://www.blogger.com/feeds/2993010/posts/default/6131735054082654343' />
    <link rel='self' type='application/atom+xml'
      href='https://www.blogger.com/feeds/2993010/posts/default/6131735054082654343' />
    <link rel='alternate' type='text/html'
      href='https://www.supertitle.org/2007/01/video-that-makes-my-world-turn-upside.html'
      title='Video that makes my world turn upside-down' />
    <author>
      <name>martin</name>
      <uri>https://www.blogger.com/profile/09053983859177005529</uri>
      <email>noreply@blogger.com</email>
      <gd:image rel='http://schemas.google.com/g/2005#thumbnail' width='35' height='35'
        src='//www.blogger.com/img/blogger_logo_round_35.png' />
    </author>
    <thr:total>0</thr:total>
  </entry>
  <entry>
    <id>tag:blogger.com,1999:blog-2993010.post-3794502211524679826</id>
    <published>2006-12-21T12:24:00.000+01:00</published>
    <updated>2006-12-21T12:28:28.665+01:00</updated>
    <category scheme='http://schemas.google.com/g/2005#kind'
      term='http://schemas.google.com/blogger/2008/kind#post' />
    <title type='text'>Consultation compte bancaire en ligne gratuite</title>
    <content type='html'>&lt;p&gt;Ca n'existe pas en France, en fait.&lt;/p&gt;
      &lt;p&gt;Quoi que, apparement, &lt;a
      href="http://www.debitcredit.fr/blog/index.php/21-banque-en-ligne-"&gt;si&lt;/a&gt;. Mais pas
      chez ma banque.&lt;/p&gt;</content>
    <link rel='replies' type='application/atom+xml'
      href='https://www.supertitle.org/feeds/3794502211524679826/comments/default'
      title='Post Comments' />
    <link rel='replies' type='text/html'
      href='https://www.blogger.com/comment.g?blogID=2993010&amp;postID=3794502211524679826&amp;isPopup=true'
      title='0 Comments' />
    <link rel='edit' type='application/atom+xml'
      href='https://www.blogger.com/feeds/2993010/posts/default/3794502211524679826' />
    <link rel='self' type='application/atom+xml'
      href='https://www.blogger.com/feeds/2993010/posts/default/3794502211524679826' />
    <link rel='alternate' type='text/html'
      href='https://www.supertitle.org/2006/12/consultation-compte-bancaire-en-ligne.html'
      title='Consultation compte bancaire en ligne gratuite' />
    <author>
      <name>martin</name>
      <uri>https://www.blogger.com/profile/09053983859177005529</uri>
      <email>noreply@blogger.com</email>
      <gd:image rel='http://schemas.google.com/g/2005#thumbnail' width='35' height='35'
        src='//www.blogger.com/img/blogger_logo_round_35.png' />
    </author>
    <thr:total>0</thr:total>
  </entry>
  <entry>
    <id>tag:blogger.com,1999:blog-2993010.post-116231103830048867</id>
    <published>2006-10-31T16:54:00.000+01:00</published>
    <updated>2006-11-02T09:42:13.750+01:00</updated>
    <category scheme='http://schemas.google.com/g/2005#kind'
      term='http://schemas.google.com/blogger/2008/kind#post' />
    <title type='text'>Here's a song for kids!</title>
    <content type='html'>&lt;div class="song"&gt;
      &lt;div&gt;
      &lt;p&gt;chorus:&lt;/p&gt;
      &lt;p&gt;Rubber rubber rubber&lt;/p&gt;
      &lt;p&gt;From a rubber tree.&lt;/p&gt;
      &lt;p&gt;I like eating rubber&lt;/p&gt;
      &lt;p&gt;'Cause rubber tastes funn-y.&lt;/p&gt;

      &lt;p&gt;Rubber rubber rubber&lt;/p&gt;
      &lt;p&gt;From a rubber tree.&lt;/p&gt;
      &lt;p&gt;I like eating rubber.&lt;/p&gt;
      &lt;p&gt;'Cause rubber tastes funn-y.&lt;/p&gt;
      &lt;/div&gt;

      &lt;div&gt;
      &lt;p&gt;I like blowing bubbles&lt;/p&gt;
      &lt;p&gt;Under a rubber tree.&lt;/p&gt;
      &lt;p&gt;In Sovi-et Russia&lt;/p&gt;
      &lt;p&gt;Bubbles like blowing me.&lt;/p&gt;
      &lt;/div&gt;

      &lt;div&gt;
      &lt;p&gt;chorus.&lt;/p&gt;
      &lt;/div&gt;

      &lt;div&gt;
      &lt;p&gt;I like chewing Hubba Bubba&lt;/p&gt;
      &lt;p&gt;In a rubber tree.&lt;/p&gt;
      &lt;p&gt;In Sovi-et Russia Hubba Bub-&lt;/p&gt;
      &lt;p&gt;Ba likes chewing me.&lt;/p&gt;
      &lt;/div&gt;

      &lt;div&gt;
      &lt;p&gt;chorus.&lt;/p&gt;
      &lt;/div&gt;

      &lt;div&gt;
      &lt;p&gt;I like listening to Abba&lt;/p&gt;
      &lt;p&gt;In a rubber tree.&lt;/p&gt;
      &lt;p&gt;In Sovi-et Russia, Abba&lt;/p&gt;
      &lt;p&gt;Likes listening to me.&lt;/p&gt;
      &lt;/div&gt;

      &lt;div&gt;
      &lt;p&gt;chorus.&lt;/p&gt;
      &lt;/div&gt;

      &lt;div&gt;
      &lt;p&gt;I like shopping at Rabba&lt;/p&gt;
      &lt;p&gt;In a rubber tree.&lt;/p&gt;
      &lt;p&gt;In Sovi-et Russia Rabba&lt;/p&gt;
      &lt;p&gt;likes shopping at me.&lt;/p&gt;
      &lt;/div&gt;

      &lt;div&gt;
      &lt;p&gt;chorus.&lt;/p&gt;
      &lt;/div&gt;

      &lt;div&gt;
      &lt;p&gt;I like making oil from blubber&lt;/p&gt;
      &lt;p&gt;In a rubber tree.&lt;/p&gt;
      &lt;p&gt;In Sovi-et Rush', blubber likes&lt;/p&gt;
      &lt;p&gt;Making oil from me.&lt;/p&gt;
      &lt;/div&gt;

      &lt;div&gt;
      &lt;p&gt;chorus.&lt;/p&gt;
      &lt;/div&gt;

      &lt;div&gt;
      &lt;p&gt;I like drinking at the pub-a&lt;/p&gt;
      &lt;p&gt;By the rubber tree.&lt;/p&gt;
      &lt;p&gt;In Sovi-et Russia, the pub&lt;/p&gt;
      &lt;p&gt;Likes drinking at me.&lt;/p&gt;
      &lt;/div&gt;

      &lt;div&gt;
      &lt;p&gt;chorus.&lt;/p&gt;
      &lt;/div&gt;

      &lt;div&gt;
      &lt;p&gt;I like dancing at the club-a&lt;/p&gt;
      &lt;p&gt;Under the rubber tree.&lt;/p&gt;
      &lt;p&gt;In Sovi-et Russia the club&lt;/p&gt;
      &lt;p&gt;Like dancing at me.&lt;/p&gt;
      &lt;/div&gt;

      &lt;div&gt;
      &lt;p&gt;chorus.&lt;/p&gt;
      &lt;/div&gt;

      &lt;div&gt;
      &lt;p&gt;I like growing stubble&lt;/p&gt;
      &lt;p&gt;In a rubber tree.&lt;/p&gt;
      &lt;p&gt;In Sovi-et Russia&lt;/p&gt;
      &lt;p&gt;Stubble likes growing me.&lt;/p&gt;
      &lt;/div&gt;

      &lt;div&gt;
      &lt;p&gt;chorus.&lt;/p&gt;
      &lt;/div&gt;

      &lt;div&gt;
      &lt;p&gt;I like Barney Rubble&lt;/p&gt;
      &lt;p&gt;In a rubber tree.&lt;/p&gt;
      &lt;p&gt;In Sovi-et Russia&lt;/p&gt;
      &lt;p&gt;Bar-ney Rubble likes me.&lt;/p&gt;
      &lt;/div&gt;

      &lt;div&gt;
      &lt;p&gt;chorus.&lt;/p&gt;
      &lt;/div&gt;

      &lt;div&gt;
      &lt;p&gt;I like to wibble-wobble&lt;/p&gt;
      &lt;p&gt;On top a rubber tree.&lt;/p&gt;
      &lt;p&gt;In Sovi-et Russia&lt;/p&gt;
      &lt;p&gt;Wibble-wobble likes to me.&lt;/p&gt;
      &lt;/div&gt;

      &lt;div&gt;
      &lt;p&gt;chorus.&lt;/p&gt;
      &lt;/div&gt;

      &lt;div&gt;
      &lt;p&gt;Ad infinitum.&lt;/p&gt;
      &lt;/div&gt;
      &lt;/div&gt;</content>
    <link rel='replies' type='application/atom+xml'
      href='https://www.supertitle.org/feeds/116231103830048867/comments/default'
      title='Post Comments' />
    <link rel='replies' type='text/html'
      href='https://www.blogger.com/comment.g?blogID=2993010&amp;postID=116231103830048867&amp;isPopup=true'
      title='0 Comments' />
    <link rel='edit' type='application/atom+xml'
      href='https://www.blogger.com/feeds/2993010/posts/default/116231103830048867' />
    <link rel='self' type='application/atom+xml'
      href='https://www.blogger.com/feeds/2993010/posts/default/116231103830048867' />
    <link rel='alternate' type='text/html'
      href='https://www.supertitle.org/2006/10/heres-song-for-kids.html'
      title='Here&apos;s a song for kids!' />
    <author>
      <name>martin</name>
      <uri>https://www.blogger.com/profile/09053983859177005529</uri>
      <email>noreply@blogger.com</email>
      <gd:image rel='http://schemas.google.com/g/2005#thumbnail' width='35' height='35'
        src='//www.blogger.com/img/blogger_logo_round_35.png' />
    </author>
    <thr:total>0</thr:total>
  </entry>
  <entry>
    <id>tag:blogger.com,1999:blog-2993010.post-115694319627733062</id>
    <published>2006-08-30T15:06:00.000+02:00</published>
    <updated>2006-08-30T15:06:36.286+02:00</updated>
    <category scheme='http://schemas.google.com/g/2005#kind'
      term='http://schemas.google.com/blogger/2008/kind#post' />
    <title type='text'></title>
    <content type='html'>&lt;img src="http://www.supertitle.org/images/chandrasekhar.png" /&gt;</content>
    <link rel='replies' type='application/atom+xml'
      href='https://www.supertitle.org/feeds/115694319627733062/comments/default'
      title='Post Comments' />
    <link rel='replies' type='text/html'
      href='https://www.blogger.com/comment.g?blogID=2993010&amp;postID=115694319627733062&amp;isPopup=true'
      title='0 Comments' />
    <link rel='edit' type='application/atom+xml'
      href='https://www.blogger.com/feeds/2993010/posts/default/115694319627733062' />
    <link rel='self' type='application/atom+xml'
      href='https://www.blogger.com/feeds/2993010/posts/default/115694319627733062' />
    <link rel='alternate' type='text/html' href='https://www.supertitle.org/2006/08/blog-post.html'
      title='' />
    <author>
      <name>martin</name>
      <uri>https://www.blogger.com/profile/09053983859177005529</uri>
      <email>noreply@blogger.com</email>
      <gd:image rel='http://schemas.google.com/g/2005#thumbnail' width='35' height='35'
        src='//www.blogger.com/img/blogger_logo_round_35.png' />
    </author>
    <thr:total>0</thr:total>
  </entry>
  <entry>
    <id>tag:blogger.com,1999:blog-2993010.post-115616107848149624</id>
    <published>2006-08-21T13:51:00.000+02:00</published>
    <updated>2006-09-08T11:05:52.846+02:00</updated>
    <category scheme='http://schemas.google.com/g/2005#kind'
      term='http://schemas.google.com/blogger/2008/kind#post' />
    <title type='text'></title>
    <content type='html'>I like to dance.&lt;BR/&gt;She likes to dance.&lt;BR/&gt;Likening us to
      dances is like dykes to a lance.&lt;BR/&gt;</content>
    <link rel='replies' type='application/atom+xml'
      href='https://www.supertitle.org/feeds/115616107848149624/comments/default'
      title='Post Comments' />
    <link rel='replies' type='text/html'
      href='https://www.blogger.com/comment.g?blogID=2993010&amp;postID=115616107848149624&amp;isPopup=true'
      title='0 Comments' />
    <link rel='edit' type='application/atom+xml'
      href='https://www.blogger.com/feeds/2993010/posts/default/115616107848149624' />
    <link rel='self' type='application/atom+xml'
      href='https://www.blogger.com/feeds/2993010/posts/default/115616107848149624' />
    <link rel='alternate' type='text/html'
      href='https://www.supertitle.org/2006/08/i-like-to-dance.html' title='' />
    <author>
      <name>martin</name>
      <uri>https://www.blogger.com/profile/09053983859177005529</uri>
      <email>noreply@blogger.com</email>
      <gd:image rel='http://schemas.google.com/g/2005#thumbnail' width='35' height='35'
        src='//www.blogger.com/img/blogger_logo_round_35.png' />
    </author>
    <thr:total>0</thr:total>
  </entry>
  <entry>
    <id>tag:blogger.com,1999:blog-2993010.post-115588676100448234</id>
    <published>2006-08-18T09:31:00.001+02:00</published>
    <updated>2009-11-27T18:01:55.890+01:00</updated>
    <category scheme='http://schemas.google.com/g/2005#kind'
      term='http://schemas.google.com/blogger/2008/kind#post' />
    <title type='text'>Fugue #1</title>
    <content type='html'>&lt;blockquote&gt;
      &lt;p&gt;With no Vaseline: / Just a match and a little bit of gasoline.&lt;/p&gt;
      &lt;/blockquote&gt;

      &lt;blockquote&gt;
      &lt;p&gt;Right off the docks, got the custom-made yachts / Burial plots, for my niggaz took
      fatal shots.&lt;/p&gt;
      &lt;/blockquote&gt;

      &lt;blockquote&gt;
      &lt;p&gt;Slipped out my underoo / Sat on the toilet bowl / And let the hand I hold the mic
      with / Take Control.&lt;/p&gt;
      &lt;/blockquote&gt;

      &lt;p&gt;... or, as &lt;a
      href="http://www.supertitle.org/2005/11/why-i-like-hip-hop.html"&gt;previously
      mentioned&lt;/a&gt;&lt;/p&gt;</content>
    <link rel='replies' type='application/atom+xml'
      href='https://www.supertitle.org/feeds/115588676100448234/comments/default'
      title='Post Comments' />
    <link rel='replies' type='text/html'
      href='https://www.blogger.com/comment.g?blogID=2993010&amp;postID=115588676100448234&amp;isPopup=true'
      title='0 Comments' />
    <link rel='edit' type='application/atom+xml'
      href='https://www.blogger.com/feeds/2993010/posts/default/115588676100448234' />
    <link rel='self' type='application/atom+xml'
      href='https://www.blogger.com/feeds/2993010/posts/default/115588676100448234' />
    <link rel='alternate' type='text/html' href='https://www.supertitle.org/2006/08/fugue-1.html'
      title='Fugue #1' />
    <author>
      <name>martin</name>
      <uri>https://www.blogger.com/profile/09053983859177005529</uri>
      <email>noreply@blogger.com</email>
      <gd:image rel='http://schemas.google.com/g/2005#thumbnail' width='35' height='35'
        src='//www.blogger.com/img/blogger_logo_round_35.png' />
    </author>
    <thr:total>0</thr:total>
  </entry>
  <entry>
    <id>tag:blogger.com,1999:blog-2993010.post-115573952260890619</id>
    <published>2006-08-16T16:45:00.000+02:00</published>
    <updated>2006-08-16T16:45:22.743+02:00</updated>
    <category scheme='http://schemas.google.com/g/2005#kind'
      term='http://schemas.google.com/blogger/2008/kind#post' />
    <title type='text'>Gugel mek wify fri en vili</title>
    <content type='html'>&lt;a
      href="http://googleblog.blogspot.com/2006/08/free-citywide-wifi-in-mountain-view.html"&gt;Official
      Google Blog: Free citywide WiFi in Mountain View&lt;/a&gt;</content>
    <link rel='related'
      href='http://googleblog.blogspot.com/2006/08/free-citywide-wifi-in-mountain-view.html'
      title='Gugel mek wify fri en vili' />
    <link rel='replies' type='application/atom+xml'
      href='https://www.supertitle.org/feeds/115573952260890619/comments/default'
      title='Post Comments' />
    <link rel='replies' type='text/html'
      href='https://www.blogger.com/comment.g?blogID=2993010&amp;postID=115573952260890619&amp;isPopup=true'
      title='2 Comments' />
    <link rel='edit' type='application/atom+xml'
      href='https://www.blogger.com/feeds/2993010/posts/default/115573952260890619' />
    <link rel='self' type='application/atom+xml'
      href='https://www.blogger.com/feeds/2993010/posts/default/115573952260890619' />
    <link rel='alternate' type='text/html'
      href='https://www.supertitle.org/2006/08/gugel-mek-wify-fri-en-vili.html'
      title='Gugel mek wify fri en vili' />
    <author>
      <name>martin</name>
      <uri>https://www.blogger.com/profile/09053983859177005529</uri>
      <email>noreply@blogger.com</email>
      <gd:image rel='http://schemas.google.com/g/2005#thumbnail' width='35' height='35'
        src='//www.blogger.com/img/blogger_logo_round_35.png' />
    </author>
    <thr:total>2</thr:total>
  </entry>
  <entry>
    <id>tag:blogger.com,1999:blog-2993010.post-115557234838468006</id>
    <published>2006-08-14T18:18:00.000+02:00</published>
    <updated>2006-08-16T12:08:01.596+02:00</updated>
    <category scheme='http://schemas.google.com/g/2005#kind'
      term='http://schemas.google.com/blogger/2008/kind#post' />
    <title type='text'>"Torpor:" Toronto to Paris 6002006</title>
    <content type='html'>&lt;div class="schema-list"&gt;
      &lt;div class="schema-list-item-transition"&gt;
      &lt;p&gt;&amp;lt;bring&amp;gt; , elec. whirring (drill?) (&amp;agrave;la dj spooky), film
      reel&lt;/p&gt;
      &lt;/div&gt;
      &lt;div class="schema-list-item"&gt;
      &lt;p&gt;let's start with some acid (bzzn bzt)&lt;/p&gt;
      &lt;/div&gt;
      &lt;div class="schema-list-item-transition"&gt;
      &lt;p&gt;let's start with some ass (pfklch-pfklch)&lt;/p&gt;
      &lt;/div&gt;
      &lt;div class="schema-list-item-transition"&gt;
      &lt;p&gt;fire siren&lt;/p&gt;
      &lt;/div&gt;
      &lt;div class="schema-list-item"&gt;
      &lt;p&gt;jungle massive (btktk tktka)&lt;/p&gt;
      &lt;div class="schema-list-item-transition"&gt;
      &lt;p&gt;django massive&lt;/p&gt;
      &lt;/div&gt;
      &lt;div class="schema-list-item"&gt;
      &lt;p&gt;jeepers da na-na na na-na naaana&lt;/p&gt;
      &lt;/div&gt;
      &lt;div class="schema-list-item-transition"&gt;
      &lt;p&gt;i have invented / a new&lt;/p&gt;
      &lt;/div&gt;
      &lt;/div&gt;
      &lt;div class="schema-list-item-transition"&gt;
      &lt;p&gt;&amp;laquo; bien &amp;agrave; plat , &amp;lt;bring&amp;gt; &amp;raquo;&lt;/p&gt;
      &lt;/div&gt;
      &lt;div class="schema-list-item"&gt;
      &lt;p&gt;ok, blue jays (garder les pieds)&lt;/p&gt;
      &lt;/div&gt;
      &lt;div class="schema-list-item-transition"&gt;
      &lt;p&gt;"press 'Go' / to do some more" (from speak 'n' spell)&lt;/p&gt;
      &lt;/div&gt;
      &lt;div class="schema-list-item-transition-additional"&gt;
      &lt;p&gt;engine start&lt;/p&gt;
      &lt;/div&gt;
      &lt;div class="schema-list-item-transition"&gt;
      &lt;p&gt;film reel&lt;/p&gt;
      &lt;/div&gt;
      &lt;div class="schema-list-item"&gt;
      &lt;p&gt;physically fit (ahead you got to wind up your head) (physically fit / baby
      sitta?)&lt;/p&gt;
      &lt;/div&gt;
      &lt;div class="schema-list-item-component"&gt;
      &lt;p&gt;&amp;ccedil;a fait chaud ds la t&amp;ecirc;te&lt;/p&gt;
      &lt;/div&gt;
      &lt;div class="schema-list-item"&gt;
      &lt;p&gt;rotor (whum whum&lt;/p&gt;
      &lt;p&gt;whum)&lt;/p&gt;
      &lt;/div&gt;
      &lt;div class="schema-list-item-component"&gt;
      &lt;p&gt;"and you thought the beat slowed down"&lt;/p&gt;
      &lt;/div&gt;
      &lt;div class="schema-list-item-component"&gt;
      &lt;p&gt;interview: "how do you weurk?"&lt;/p&gt;
      &lt;/div&gt;
      &lt;/div&gt;</content>
    <link rel='replies' type='application/atom+xml'
      href='https://www.supertitle.org/feeds/115557234838468006/comments/default'
      title='Post Comments' />
    <link rel='replies' type='text/html'
      href='https://www.blogger.com/comment.g?blogID=2993010&amp;postID=115557234838468006&amp;isPopup=true'
      title='0 Comments' />
    <link rel='edit' type='application/atom+xml'
      href='https://www.blogger.com/feeds/2993010/posts/default/115557234838468006' />
    <link rel='self' type='application/atom+xml'
      href='https://www.blogger.com/feeds/2993010/posts/default/115557234838468006' />
    <link rel='alternate' type='text/html'
      href='https://www.supertitle.org/2006/08/torpor-toronto-to-paris-6002006.html'
      title='&quot;Torpor:&quot; Toronto to Paris 6002006' />
    <author>
      <name>martin</name>
      <uri>https://www.blogger.com/profile/09053983859177005529</uri>
      <email>noreply@blogger.com</email>
      <gd:image rel='http://schemas.google.com/g/2005#thumbnail' width='35' height='35'
        src='//www.blogger.com/img/blogger_logo_round_35.png' />
    </author>
    <thr:total>0</thr:total>
  </entry>
  <entry>
    <id>tag:blogger.com,1999:blog-2993010.post-115557094913281937</id>
    <published>2006-08-14T17:53:00.000+02:00</published>
    <updated>2006-08-14T17:55:49.146+02:00</updated>
    <category scheme='http://schemas.google.com/g/2005#kind'
      term='http://schemas.google.com/blogger/2008/kind#post' />
    <title type='text'>Exciting new music</title>
    <content type='html'>&lt;ul&gt;
      &lt;li&gt;
      &lt;p&gt;&lt;a class="mp3"
      href="http://www.supertitle.org/spotlight.mp3"&gt;Spotlight&lt;/a&gt;&lt;/p&gt;
      &lt;/li&gt;
      &lt;li&gt;
      &lt;p&gt;&lt;a class="mp3" href="http://www.supertitle.org/funkytownhat.mp3"&gt;Funkytown
      Hat&lt;/a&gt;&lt;/p&gt;
      &lt;/li&gt;
      &lt;/ul&gt;</content>
    <link rel='replies' type='application/atom+xml'
      href='https://www.supertitle.org/feeds/115557094913281937/comments/default'
      title='Post Comments' />
    <link rel='replies' type='text/html'
      href='https://www.blogger.com/comment.g?blogID=2993010&amp;postID=115557094913281937&amp;isPopup=true'
      title='0 Comments' />
    <link rel='edit' type='application/atom+xml'
      href='https://www.blogger.com/feeds/2993010/posts/default/115557094913281937' />
    <link rel='self' type='application/atom+xml'
      href='https://www.blogger.com/feeds/2993010/posts/default/115557094913281937' />
    <link rel='alternate' type='text/html'
      href='https://www.supertitle.org/2006/08/exciting-new-music.html' title='Exciting new music' />
    <author>
      <name>martin</name>
      <uri>https://www.blogger.com/profile/09053983859177005529</uri>
      <email>noreply@blogger.com</email>
      <gd:image rel='http://schemas.google.com/g/2005#thumbnail' width='35' height='35'
        src='//www.blogger.com/img/blogger_logo_round_35.png' />
    </author>
    <thr:total>0</thr:total>
  </entry>
  <entry>
    <id>tag:blogger.com,1999:blog-2993010.post-115391898420456013</id>
    <published>2006-07-26T14:27:00.000+02:00</published>
    <updated>2006-07-26T15:03:04.276+02:00</updated>
    <category scheme='http://schemas.google.com/g/2005#kind'
      term='http://schemas.google.com/blogger/2008/kind#post' />
    <title type='text'></title>
    <content type='html'>&lt;p&gt;Oh, my God! If you read "Lorem Ipsum" backwards, it says you're
      professing allegiance to Satan!&lt;/p&gt;</content>
    <link rel='replies' type='application/atom+xml'
      href='https://www.supertitle.org/feeds/115391898420456013/comments/default'
      title='Post Comments' />
    <link rel='replies' type='text/html'
      href='https://www.blogger.com/comment.g?blogID=2993010&amp;postID=115391898420456013&amp;isPopup=true'
      title='0 Comments' />
    <link rel='edit' type='application/atom+xml'
      href='https://www.blogger.com/feeds/2993010/posts/default/115391898420456013' />
    <link rel='self' type='application/atom+xml'
      href='https://www.blogger.com/feeds/2993010/posts/default/115391898420456013' />
    <link rel='alternate' type='text/html'
      href='https://www.supertitle.org/2006/07/oh-my-god-if-you-read-lorem-ipsum.html' title='' />
    <author>
      <name>martin</name>
      <uri>https://www.blogger.com/profile/09053983859177005529</uri>
      <email>noreply@blogger.com</email>
      <gd:image rel='http://schemas.google.com/g/2005#thumbnail' width='35' height='35'
        src='//www.blogger.com/img/blogger_logo_round_35.png' />
    </author>
    <thr:total>0</thr:total>
  </entry>
  <entry>
    <id>tag:blogger.com,1999:blog-2993010.post-115383644915601967</id>
    <published>2006-07-25T16:06:00.000+02:00</published>
    <updated>2006-07-25T17:48:50.613+02:00</updated>
    <category scheme='http://schemas.google.com/g/2005#kind'
      term='http://schemas.google.com/blogger/2008/kind#post' />
    <title type='text'></title>
    <content type='html'>&lt;p&gt;Keep your wallet in your pocket.&lt;/p&gt;</content>
    <link rel='replies' type='application/atom+xml'
      href='https://www.supertitle.org/feeds/115383644915601967/comments/default'
      title='Post Comments' />
    <link rel='replies' type='text/html'
      href='https://www.blogger.com/comment.g?blogID=2993010&amp;postID=115383644915601967&amp;isPopup=true'
      title='0 Comments' />
    <link rel='edit' type='application/atom+xml'
      href='https://www.blogger.com/feeds/2993010/posts/default/115383644915601967' />
    <link rel='self' type='application/atom+xml'
      href='https://www.blogger.com/feeds/2993010/posts/default/115383644915601967' />
    <link rel='alternate' type='text/html'
      href='https://www.supertitle.org/2006/07/keep-your-wallet-in-your-pocket.html' title='' />
    <author>
      <name>martin</name>
      <uri>https://www.blogger.com/profile/09053983859177005529</uri>
      <email>noreply@blogger.com</email>
      <gd:image rel='http://schemas.google.com/g/2005#thumbnail' width='35' height='35'
        src='//www.blogger.com/img/blogger_logo_round_35.png' />
    </author>
    <thr:total>0</thr:total>
  </entry>
  <entry>
    <id>tag:blogger.com,1999:blog-2993010.post-115271001824713855</id>
    <published>2006-07-12T15:12:00.000+02:00</published>
    <updated>2006-07-12T15:13:38.246+02:00</updated>
    <category scheme='http://schemas.google.com/g/2005#kind'
      term='http://schemas.google.com/blogger/2008/kind#post' />
    <title type='text'></title>
    <content type='html'>&lt;p&gt;a post modern&lt;/p&gt;</content>
    <link rel='replies' type='application/atom+xml'
      href='https://www.supertitle.org/feeds/115271001824713855/comments/default'
      title='Post Comments' />
    <link rel='replies' type='text/html'
      href='https://www.blogger.com/comment.g?blogID=2993010&amp;postID=115271001824713855&amp;isPopup=true'
      title='0 Comments' />
    <link rel='edit' type='application/atom+xml'
      href='https://www.blogger.com/feeds/2993010/posts/default/115271001824713855' />
    <link rel='self' type='application/atom+xml'
      href='https://www.blogger.com/feeds/2993010/posts/default/115271001824713855' />
    <link rel='alternate' type='text/html'
      href='https://www.supertitle.org/2006/07/post-modern.html' title='' />
    <author>
      <name>martin</name>
      <uri>https://www.blogger.com/profile/09053983859177005529</uri>
      <email>noreply@blogger.com</email>
      <gd:image rel='http://schemas.google.com/g/2005#thumbnail' width='35' height='35'
        src='//www.blogger.com/img/blogger_logo_round_35.png' />
    </author>
    <thr:total>0</thr:total>
  </entry>
  <entry>
    <id>tag:blogger.com,1999:blog-2993010.post-115270995240454290</id>
    <published>2006-07-12T15:10:00.000+02:00</published>
    <updated>2006-07-12T15:12:32.416+02:00</updated>
    <category scheme='http://schemas.google.com/g/2005#kind'
      term='http://schemas.google.com/blogger/2008/kind#post' />
    <title type='text'></title>
    <content type='html'>&lt;p&gt;electronic text&lt;/p&gt;</content>
    <link rel='replies' type='application/atom+xml'
      href='https://www.supertitle.org/feeds/115270995240454290/comments/default'
      title='Post Comments' />
    <link rel='replies' type='text/html'
      href='https://www.blogger.com/comment.g?blogID=2993010&amp;postID=115270995240454290&amp;isPopup=true'
      title='0 Comments' />
    <link rel='edit' type='application/atom+xml'
      href='https://www.blogger.com/feeds/2993010/posts/default/115270995240454290' />
    <link rel='self' type='application/atom+xml'
      href='https://www.blogger.com/feeds/2993010/posts/default/115270995240454290' />
    <link rel='alternate' type='text/html'
      href='https://www.supertitle.org/2006/07/electronic-text.html' title='' />
    <author>
      <name>martin</name>
      <uri>https://www.blogger.com/profile/09053983859177005529</uri>
      <email>noreply@blogger.com</email>
      <gd:image rel='http://schemas.google.com/g/2005#thumbnail' width='35' height='35'
        src='//www.blogger.com/img/blogger_logo_round_35.png' />
    </author>
    <thr:total>0</thr:total>
  </entry>
  <entry>
    <id>tag:blogger.com,1999:blog-2993010.post-114951202554777354</id>
    <published>2006-06-05T14:52:00.000+02:00</published>
    <updated>2006-06-05T14:56:40.646+02:00</updated>
    <category scheme='http://schemas.google.com/g/2005#kind'
      term='http://schemas.google.com/blogger/2008/kind#post' />
    <title type='text'>The dimension of Wutang</title>
    <content type='html'>&lt;p&gt;I just found some awesome stuff on the Wikipedia after reading
      about the Wu Tang Clan:&lt;/p&gt;

      &lt;ul&gt;
      &lt;li&gt;
      &lt;p&gt;I have to use this in a story!&lt;/p&gt;
      &lt;p&gt;&lt;a
      href="http://en.wikipedia.org/wiki/Supreme_Mathematics"&gt;Supreme_Mathematics&lt;/a&gt;&lt;/p&gt;
      &lt;p&gt;&lt;a
      href="http://en.wikipedia.org/wiki/Supreme_Alphabet"&gt;Supreme_Alphabet&lt;/a&gt;&lt;/p&gt;
      &lt;/li&gt;

      &lt;li&gt;
      &lt;p&gt;I have to remember the difference between Islam and the Nation of Islam!&lt;/p&gt;
      &lt;p&gt;&lt;a
      href="http://en.wikipedia.org/wiki/The_Nation_of_Gods_and_Earths"&gt;The_Nation_of_Gods_and_Earths&lt;/a&gt;&lt;/p&gt;
      &lt;/li&gt;

      &lt;li&gt;
      &lt;p&gt;I have to listen to this guy's more-RZA-than-RZA beats!&lt;/p&gt;
      &lt;p&gt;&lt;a
      href="http://en.wikipedia.org/wiki/Mathematics_(producer)"&gt;Mathematics_(producer)&lt;/a&gt;&lt;/p&gt;
      &lt;/li&gt;

      &lt;li&gt;
      &lt;p&gt;I have to get this album. It's chess-themed!!&lt;/p&gt;
      &lt;p&gt;&lt;a
      href="http://en.wikipedia.org/wiki/GrandMasters"&gt;GrandMasters&lt;/a&gt;&lt;/p&gt;
      &lt;/li&gt;
      &lt;/ul&gt;</content>
    <link rel='replies' type='application/atom+xml'
      href='https://www.supertitle.org/feeds/114951202554777354/comments/default'
      title='Post Comments' />
    <link rel='replies' type='text/html'
      href='https://www.blogger.com/comment.g?blogID=2993010&amp;postID=114951202554777354&amp;isPopup=true'
      title='0 Comments' />
    <link rel='edit' type='application/atom+xml'
      href='https://www.blogger.com/feeds/2993010/posts/default/114951202554777354' />
    <link rel='self' type='application/atom+xml'
      href='https://www.blogger.com/feeds/2993010/posts/default/114951202554777354' />
    <link rel='alternate' type='text/html'
      href='https://www.supertitle.org/2006/06/dimension-of-wutang.html'
      title='The dimension of Wutang' />
    <author>
      <name>martin</name>
      <uri>https://www.blogger.com/profile/09053983859177005529</uri>
      <email>noreply@blogger.com</email>
      <gd:image rel='http://schemas.google.com/g/2005#thumbnail' width='35' height='35'
        src='//www.blogger.com/img/blogger_logo_round_35.png' />
    </author>
    <thr:total>0</thr:total>
  </entry>
  <entry>
    <id>tag:blogger.com,1999:blog-2993010.post-114681750687894986</id>
    <published>2006-05-05T10:25:00.000+02:00</published>
    <updated>2006-05-05T10:32:34.320+02:00</updated>
    <category scheme='http://schemas.google.com/g/2005#kind'
      term='http://schemas.google.com/blogger/2008/kind#post' />
    <title type='text'>Are there any Christian Satanists?</title>
    <content type='html'>&lt;p&gt;Are there any Christian Satanists? Cause, to worship Satan, you
      have to be Christian, Jewish or Muslim, right?&lt;/p&gt;
      &lt;p&gt;The way I see it, you could be Satanist in two basic ways. The first way is to just
      worship Satan without believing in "God". But in that case, what makes Satan any different
      from a universal deity like "God" or "Allah"? Not much. Satan still has to take full
      responsibility for creation, for morals, good people as well as bad people, etc. Doesn't make
      him much different than any other god.&lt;/p&gt;
      &lt;p&gt;The second way is if you worship Satan to actively reject another god. So you believe
      in the rule of death and pain and infinite night. You believe that Satan is gathering his
      powers and will conquer "God" one day. You believe that he was right to challenge "God" and
      that, though he lost the battle, he will win the war. Oh yeah, that's exciting! But that means
      that you believe in the current supremacy of another god.&lt;/p&gt;
      &lt;p&gt;So, in the first case, you don't really believe in anything remarkable, and you don't
      need to wear black nor drink blood, because Satan also created flowers and
      marshmallows.&lt;/p&gt;
      &lt;p&gt;But in the second case, you're accepting Abrahamic theology, which says that "God" is
      currently supreme. You're not accepting that this god will be supreme forever, but you are
      accepting this god currently.&lt;/p&gt;
      &lt;p&gt;Which makes you either a Muslim, a Jewish, or a Christian Satanist.&lt;/p&gt;
</content>
    <link rel='replies' type='application/atom+xml'
      href='https://www.supertitle.org/feeds/114681750687894986/comments/default'
      title='Post Comments' />
    <link rel='replies' type='text/html'
      href='https://www.blogger.com/comment.g?blogID=2993010&amp;postID=114681750687894986&amp;isPopup=true'
      title='0 Comments' />
    <link rel='edit' type='application/atom+xml'
      href='https://www.blogger.com/feeds/2993010/posts/default/114681750687894986' />
    <link rel='self' type='application/atom+xml'
      href='https://www.blogger.com/feeds/2993010/posts/default/114681750687894986' />
    <link rel='alternate' type='text/html'
      href='https://www.supertitle.org/2006/05/are-there-any-christian-satanists.html'
      title='Are there any Christian Satanists?' />
    <author>
      <name>martin</name>
      <uri>https://www.blogger.com/profile/09053983859177005529</uri>
      <email>noreply@blogger.com</email>
      <gd:image rel='http://schemas.google.com/g/2005#thumbnail' width='35' height='35'
        src='//www.blogger.com/img/blogger_logo_round_35.png' />
    </author>
    <thr:total>0</thr:total>
  </entry>
  <entry>
    <id>tag:blogger.com,1999:blog-2993010.post-114440051646996467</id>
    <published>2006-04-07T11:01:00.000+02:00</published>
    <updated>2006-04-07T11:01:56.483+02:00</updated>
    <category scheme='http://schemas.google.com/g/2005#kind'
      term='http://schemas.google.com/blogger/2008/kind#post' />
    <title type='text'>supertitle is five</title>
    <content type='html'>supertitle is five years old. Happy birthday, supertitle!</content>
    <link rel='replies' type='application/atom+xml'
      href='https://www.supertitle.org/feeds/114440051646996467/comments/default'
      title='Post Comments' />
    <link rel='replies' type='text/html'
      href='https://www.blogger.com/comment.g?blogID=2993010&amp;postID=114440051646996467&amp;isPopup=true'
      title='0 Comments' />
    <link rel='edit' type='application/atom+xml'
      href='https://www.blogger.com/feeds/2993010/posts/default/114440051646996467' />
    <link rel='self' type='application/atom+xml'
      href='https://www.blogger.com/feeds/2993010/posts/default/114440051646996467' />
    <link rel='alternate' type='text/html'
      href='https://www.supertitle.org/2006/04/supertitle-is-five.html' title='supertitle is five' />
    <author>
      <name>martin</name>
      <uri>https://www.blogger.com/profile/09053983859177005529</uri>
      <email>noreply@blogger.com</email>
      <gd:image rel='http://schemas.google.com/g/2005#thumbnail' width='35' height='35'
        src='//www.blogger.com/img/blogger_logo_round_35.png' />
    </author>
    <thr:total>0</thr:total>
  </entry>
  <entry>
    <id>tag:blogger.com,1999:blog-2993010.post-114381185765093845</id>
    <published>2006-03-31T15:30:00.000+02:00</published>
    <updated>2006-03-31T15:32:34.926+02:00</updated>
    <category scheme='http://schemas.google.com/g/2005#kind'
      term='http://schemas.google.com/blogger/2008/kind#post' />
    <title type='text'></title>
    <content type='html'>&lt;p&gt;Yes. I managed to add another article.&lt;/p&gt;
      &lt;ul&gt;
      &lt;li&gt;the article: &lt;a
      href="http://en.wikipedia.org/wiki/Papet"&gt;papet&lt;/a&gt;&lt;/li&gt;
      &lt;/ul&gt;</content>
    <link rel='replies' type='application/atom+xml'
      href='https://www.supertitle.org/feeds/114381185765093845/comments/default'
      title='Post Comments' />
    <link rel='replies' type='text/html'
      href='https://www.blogger.com/comment.g?blogID=2993010&amp;postID=114381185765093845&amp;isPopup=true'
      title='0 Comments' />
    <link rel='edit' type='application/atom+xml'
      href='https://www.blogger.com/feeds/2993010/posts/default/114381185765093845' />
    <link rel='self' type='application/atom+xml'
      href='https://www.blogger.com/feeds/2993010/posts/default/114381185765093845' />
    <link rel='alternate' type='text/html' href='https://www.supertitle.org/2006/03/yes.html'
      title='' />
    <author>
      <name>martin</name>
      <uri>https://www.blogger.com/profile/09053983859177005529</uri>
      <email>noreply@blogger.com</email>
      <gd:image rel='http://schemas.google.com/g/2005#thumbnail' width='35' height='35'
        src='//www.blogger.com/img/blogger_logo_round_35.png' />
    </author>
    <thr:total>0</thr:total>
  </entry>
  <entry>
    <id>tag:blogger.com,1999:blog-2993010.post-114319272285147741</id>
    <published>2006-03-24T10:32:00.000+01:00</published>
    <updated>2006-03-24T10:34:02.803+01:00</updated>
    <category scheme='http://schemas.google.com/g/2005#kind'
      term='http://schemas.google.com/blogger/2008/kind#post' />
    <title type='text'>This is not a log but a pile; a bpile if you will</title>
    <content type='html'>&lt;p&gt;Martin, you should compile the following.&lt;/p&gt;
      &lt;ul&gt;
      &lt;li&gt;supertitle @ Solsoft&lt;/li&gt;
      &lt;li&gt;supertitle @ Certicom (then known as subtitle)&lt;/li&gt;
      &lt;li&gt;supertitle @ UWaterloo&lt;/li&gt;
      &lt;li&gt;supertitle @ BO&lt;/li&gt;
      &lt;/ul&gt;

      &lt;p&gt;Then, release these as leatherbound gilt volumes I&amp;mdash;IIII.&lt;/p&gt;</content>
    <link rel='replies' type='application/atom+xml'
      href='https://www.supertitle.org/feeds/114319272285147741/comments/default'
      title='Post Comments' />
    <link rel='replies' type='text/html'
      href='https://www.blogger.com/comment.g?blogID=2993010&amp;postID=114319272285147741&amp;isPopup=true'
      title='0 Comments' />
    <link rel='edit' type='application/atom+xml'
      href='https://www.blogger.com/feeds/2993010/posts/default/114319272285147741' />
    <link rel='self' type='application/atom+xml'
      href='https://www.blogger.com/feeds/2993010/posts/default/114319272285147741' />
    <link rel='alternate' type='text/html'
      href='https://www.supertitle.org/2006/03/this-is-not-log-but-pile-bpile-if-you.html'
      title='This is not a log but a pile; a bpile if you will' />
    <author>
      <name>martin</name>
      <uri>https://www.blogger.com/profile/09053983859177005529</uri>
      <email>noreply@blogger.com</email>
      <gd:image rel='http://schemas.google.com/g/2005#thumbnail' width='35' height='35'
        src='//www.blogger.com/img/blogger_logo_round_35.png' />
    </author>
    <thr:total>0</thr:total>
  </entry>
  <entry>
    <id>tag:blogger.com,1999:blog-2993010.post-4706069924805380725</id>
    <published>2011-02-16T20:49:57.181+01:00</published>
    <updated>2011-02-17T17:00:49.157+01:00</updated>
    <category scheme='http://schemas.google.com/g/2005#kind'
      term='http://schemas.google.com/blogger/2008/kind#comment' />
    <title type='text'>tres interessant, merci</title>
    <content type='html'>tres interessant, merci</content>
    <link rel='edit' type='application/atom+xml'
      href='https://www.blogger.com/feeds/2993010/738698055865635079/comments/default/4706069924805380725' />
    <link rel='self' type='application/atom+xml'
      href='https://www.blogger.com/feeds/2993010/738698055865635079/comments/default/4706069924805380725' />
    <link rel='alternate' type='text/html'
      href='http://www.supertitle.org/2010/08/was-trying-to-remember-name-of-that.html?showComment=1297885797181#c4706069924805380725'
      title='' />
    <author>
      <name>Anonymous</name>
      <email>noreply@blogger.com</email>
      <gd:image rel='http://schemas.google.com/g/2005#thumbnail' width='35' height='35'
        src='//resources.blogblog.com/img/blank.gif' />
    </author>
    <thr:in-reply-to
      href='https://www.supertitle.org/2010/08/was-trying-to-remember-name-of-that.html'
      ref='tag:blogger.com,1999:blog-2993010.post-738698055865635079'
      source='https://www.blogger.com/feeds/2993010/posts/default/738698055865635079'
      type='text/html' />
    <gd:extendedProperty name='blogger.itemClass' value='pid-2103136583' />
    <gd:extendedProperty name='blogger.displayTime' value='February 16, 2011 8:49 pm' />
  </entry>
  <entry>
    <id>tag:blogger.com,1999:blog-2993010.post-4232819774562063086</id>
    <published>2011-04-29T06:44:41.713+02:00</published>
    <updated>2011-04-29T16:50:40.831+02:00</updated>
    <category scheme='http://schemas.google.com/g/2005#kind'
      term='http://schemas.google.com/blogger/2008/kind#comment' />
    <title type='text'>Tell me what you eat, and I will tell you what you...</title>
    <content type='html'>Tell me what you eat, and I will tell you what you are.</content>
    <link rel='edit' type='application/atom+xml'
      href='https://www.blogger.com/feeds/2993010/108478308125665567/comments/default/4232819774562063086' />
    <link rel='self' type='application/atom+xml'
      href='https://www.blogger.com/feeds/2993010/108478308125665567/comments/default/4232819774562063086' />
    <link rel='alternate' type='text/html'
      href='http://www.supertitle.org/2004/05/post-this-list-of-blenders-50-worst.html?showComment=1304052281713#c4232819774562063086'
      title='' />
    <author>
      <name>Anonymous</name>
      <email>noreply@blogger.com</email>
      <gd:image rel='http://schemas.google.com/g/2005#thumbnail' width='35' height='35'
        src='//resources.blogblog.com/img/blank.gif' />
    </author>
    <thr:in-reply-to
      href='https://www.supertitle.org/2004/05/post-this-list-of-blenders-50-worst.html'
      ref='tag:blogger.com,1999:blog-2993010.post-108478308125665567'
      source='https://www.blogger.com/feeds/2993010/posts/default/108478308125665567'
      type='text/html' />
    <gd:extendedProperty name='blogger.itemClass' value='pid-2103136583' />
    <gd:extendedProperty name='blogger.displayTime' value='April 29, 2011 6:44 am' />
  </entry>
  <entry>
    <id>tag:blogger.com,1999:blog-2993010.post-4812351388113918461</id>
    <published>2011-05-17T07:30:58.893+02:00</published>
    <updated>2011-05-18T15:10:57.808+02:00</updated>
    <category scheme='http://schemas.google.com/g/2005#kind'
      term='http://schemas.google.com/blogger/2008/kind#comment' />
    <title type='text'>What a great web log. I spend hours on the net rea...</title>
    <content type='html'>What a great web log. I spend hours on the net reading blogs, about tons of
      various subjects. I have to first of all give praise to whoever created your theme and second
      of all to you for writing what i can only describe as an fabulous article. I honestly believe
      there is a skill to writing articles that only very few posses and honestly you got it. The
      combining of demonstrative and upper-class content is by all odds super rare with the
      astronomic amount of blogs on the cyberspace.</content>
    <link rel='edit' type='application/atom+xml'
      href='https://www.blogger.com/feeds/2993010/111338150193239134/comments/default/4812351388113918461' />
    <link rel='self' type='application/atom+xml'
      href='https://www.blogger.com/feeds/2993010/111338150193239134/comments/default/4812351388113918461' />
    <link rel='alternate' type='text/html'
      href='http://www.supertitle.org/2005/04/why-are-harry-potters-spells-in-latin.html?showComment=1305610258893#c4812351388113918461'
      title='' />
    <author>
      <name>Anonymous</name>
      <email>noreply@blogger.com</email>
      <gd:image rel='http://schemas.google.com/g/2005#thumbnail' width='35' height='35'
        src='//resources.blogblog.com/img/blank.gif' />
    </author>
    <thr:in-reply-to
      href='https://www.supertitle.org/2005/04/why-are-harry-potters-spells-in-latin.html'
      ref='tag:blogger.com,1999:blog-2993010.post-111338150193239134'
      source='https://www.blogger.com/feeds/2993010/posts/default/111338150193239134'
      type='text/html' />
    <gd:extendedProperty name='blogger.itemClass' value='pid-2103136583' />
    <gd:extendedProperty name='blogger.displayTime' value='May 17, 2011 7:30 am' />
  </entry>
  <entry>
    <id>tag:blogger.com,1999:blog-2993010.post-3133012720680426189</id>
    <published>2011-05-18T15:16:29.101+02:00</published>
    <updated>2011-05-18T15:16:29.101+02:00</updated>
    <category scheme='http://schemas.google.com/g/2005#kind'
      term='http://schemas.google.com/blogger/2008/kind#comment' />
    <title type='text'>I sincerely thank you for your commendations and e...</title>
    <content type='html'>I sincerely thank you for your commendations and exceptional cheer.</content>
    <link rel='edit' type='application/atom+xml'
      href='https://www.blogger.com/feeds/2993010/111338150193239134/comments/default/3133012720680426189' />
    <link rel='self' type='application/atom+xml'
      href='https://www.blogger.com/feeds/2993010/111338150193239134/comments/default/3133012720680426189' />
    <link rel='alternate' type='text/html'
      href='http://www.supertitle.org/2005/04/why-are-harry-potters-spells-in-latin.html?showComment=1305724589101#c3133012720680426189'
      title='' />
    <author>
      <name>martin</name>
      <uri>https://www.blogger.com/profile/09053983859177005529</uri>
      <email>noreply@blogger.com</email>
      <gd:image rel='http://schemas.google.com/g/2005#thumbnail' width='35' height='35'
        src='//www.blogger.com/img/blogger_logo_round_35.png' />
    </author>
    <thr:in-reply-to
      href='https://www.supertitle.org/2005/04/why-are-harry-potters-spells-in-latin.html'
      ref='tag:blogger.com,1999:blog-2993010.post-111338150193239134'
      source='https://www.blogger.com/feeds/2993010/posts/default/111338150193239134'
      type='text/html' />
    <gd:extendedProperty name='blogger.itemClass' value='pid-1502582044' />
    <gd:extendedProperty name='blogger.displayTime' value='May 18, 2011 3:16 pm' />
  </entry>
</feed>